[     644ms] [LOG] i18next: languageChanged pt @ https://spa-canary.poli.digital/assets/index-BkthNTet.js:101
[     645ms] [LOG] i18next: initialized {debug: true, initAsync: true, ns: Array(1), defaultNS: Array(1), fallbackLng: Array(1)} @ https://spa-canary.poli.digital/assets/index-BkthNTet.js:101
[     702ms] [WARNING] Replay is disabled because neither `replaysSessionSampleRate` nor `replaysOnErrorSampleRate` are set. @ https://spa-canary.poli.digital/assets/index-BkthNTet.js:76
[    1363ms] [ERROR] `DialogContent` requires a `DialogTitle` for the component to be accessible for screen reader users.

If you want to hide the `DialogTitle`, you can wrap it with our VisuallyHidden component.

For more information, see https://radix-ui.com/primitives/docs/components/dialog @ https://spa-canary.poli.digital/assets/index-BkthNTet.js:69
[    1363ms] [WARNING] Warning: Missing `Description` or `aria-describedby={undefined}` for {DialogContent}. @ https://spa-canary.poli.digital/assets/index-BkthNTet.js:69
[    1492ms] [ERROR] Failed to load resource: the server responded with a status of 403 () @ https://pps.whatsapp.net/v/t61.24694-24/437184832_898610138517247_1283479863683724595_n.jpg?ccb=11-4&oh=01_Q5Aa4gGX2ma97syCUx2rsuB7d4avSxodCswO68toDPKKOhnlOQ&oe=6A0F4E99&_nc_sid=5e03e0&_nc_cat=107:0
[    1514ms] [INFO] WebSocket: Conexão estabelecida @ https://spa-canary.poli.digital/assets/index-BkthNTet.js:69
[    1616ms] TypeError: Cannot read properties of undefined (reading 'plugin')
    at <anonymous>:1:101
    at <anonymous>:1:126
    at https://www.googletagmanager.com/gtm.js?id=GTM-M2LRLQN:888:429
    at dS (https://www.googletagmanager.com/gtm.js?id=GTM-M2LRLQN:890:31)
    at Nd.cS (https://www.googletagmanager.com/gtm.js?id=GTM-M2LRLQN:887:92)
    at Nd.<anonymous> (https://www.googletagmanager.com/gtm.js?id=GTM-M2LRLQN:304:187)
    at k.apply (https://www.googletagmanager.com/gtm.js?id=GTM-M2LRLQN:230:466)
    at hb (https://www.googletagmanager.com/gtm.js?id=GTM-M2LRLQN:193:719)
    at gb (https://www.googletagmanager.com/gtm.js?id=GTM-M2LRLQN:193:470)
    at Nd.<anonymous> (https://www.googletagmanager.com/gtm.js?id=GTM-M2LRLQN:254:473)
    at k.apply (https://www.googletagmanager.com/gtm.js?id=GTM-M2LRLQN:230:466)
    at hb (https://www.googletagmanager.com/gtm.js?id=GTM-M2LRLQN:193:719)
    at k.zq (https://www.googletagmanager.com/gtm.js?id=GTM-M2LRLQN:193:1286)
    at tf (https://www.googletagmanager.com/gtm.js?id=GTM-M2LRLQN:265:960)
    at https://www.googletagmanager.com/gtm.js?id=GTM-M2LRLQN:714:315
    at Gz (https://www.googletagmanager.com/gtm.js?id=GTM-M2LRLQN:619:1)
    at Lz.evaluate (https://www.googletagmanager.com/gtm.js?id=GTM-M2LRLQN:623:722)
    at e (https://www.googletagmanager.com/gtm.js?id=GTM-M2LRLQN:643:170)
    at https://www.googletagmanager.com/gtm.js?id=GTM-M2LRLQN:198:125
    at Array.<anonymous> (https://www.googletagmanager.com/gtm.js?id=GTM-M2LRLQN:644:360)
    at Object.execute (https://www.googletagmanager.com/gtm.js?id=GTM-M2LRLQN:644:100)
    at iB (https://www.googletagmanager.com/gtm.js?id=GTM-M2LRLQN:644:742)
    at lB (https://www.googletagmanager.com/gtm.js?id=GTM-M2LRLQN:648:183)
    at vD (https://www.googletagmanager.com/gtm.js?id=GTM-M2LRLQN:691:252)
    at c.push (https://www.googletagmanager.com/gtm.js?id=GTM-M2LRLQN:695:209)
    at c.push (https://www.googletagmanager.com/gtag/js?id=G-EPZWL6H9X8&cx=c&gtm=4e65r2:681:69)
    at c.push (https://www.googletagmanager.com/gtag/js?id=AW-806600684:857:69)
    at c.push (https://www.googletagmanager.com/gtag/js?id=UA-118273772-1&cx=c&gtm=4e65r2:546:69)
    at https://www.googletagmanager.com/gtm.js?id=GTM-M2LRLQN:695:495
    at r (https://spa-canary.poli.digital/assets/index-BkthNTet.js:70:9812)
[    1915ms] [ERROR] Access to fetch at 'https://sentry.poli.digital/api/20/envelope/?sentry_version=7&sentry_key=45d27e79e794b3e254ec8212c0ad0250&sentry_client=sentry.javascript.react%2F9.47.1' from origin 'https://spa-canary.poli.digital' has been blocked by CORS policy: No 'Access-Control-Allow-Origin' header is present on the requested resource. @ https://spa-canary.poli.digital/chat/9bb49c4f-2c88-4a7f-84bb-38074c239b4b?panel=details:0
[    1915ms] [ERROR] Failed to load resource: net::ERR_FAILED @ https://sentry.poli.digital/api/20/envelope/?sentry_version=7&sentry_key=45d27e79e794b3e254ec8212c0ad0250&sentry_client=sentry.javascript.react%2F9.47.1:0
[    2228ms] [ERROR] Failed to load resource: the server responded with a status of 422 () @ https://foundation-api-canary.poli.digital/v3/accounts/9b8af98e-0407-49a2-bce9-3620f29c513a/templates?include=key,version,status,message,variables,team,metadata&page=1&per_page=9999&order=tag&keyboard_shortcut=NOT_EMPTY:0
[    2278ms] [ERROR] Failed to load resource: the server responded with a status of 403 () @ https://pps.whatsapp.net/v/t61.24694-24/437184832_898610138517247_1283479863683724595_n.jpg?ccb=11-4&oh=01_Q5Aa4gGX2ma97syCUx2rsuB7d4avSxodCswO68toDPKKOhnlOQ&oe=6A0F4E99&_nc_sid=5e03e0&_nc_cat=107:0
[    2798ms] Identifier 'TCRMEmbed' has already been declared
[    2860ms] Identifier 'TCRMEmbed' has already been declared
[    3460ms] [ERROR] Failed to load resource: the server responded with a status of 422 () @ https://foundation-api-canary.poli.digital/v3/accounts/9b8af98e-0407-49a2-bce9-3620f29c513a/templates?include=key,version,status,message,variables,team,metadata&page=1&per_page=9999&order=tag&keyboard_shortcut=NOT_EMPTY:0
[    4954ms] [ERROR] Access to fetch at 'https://sentry.poli.digital/api/20/envelope/?sentry_version=7&sentry_key=45d27e79e794b3e254ec8212c0ad0250&sentry_client=sentry.javascript.react%2F9.47.1' from origin 'https://spa-canary.poli.digital' has been blocked by CORS policy: No 'Access-Control-Allow-Origin' header is present on the requested resource. @ https://spa-canary.poli.digital/chat/9bb49c4f-2c88-4a7f-84bb-38074c239b4b?panel=details:0
[    4955ms] [ERROR] Failed to load resource: net::ERR_FAILED @ https://sentry.poli.digital/api/20/envelope/?sentry_version=7&sentry_key=45d27e79e794b3e254ec8212c0ad0250&sentry_client=sentry.javascript.react%2F9.47.1:0
[    5700ms] [ERROR] Failed to load resource: the server responded with a status of 422 () @ https://foundation-api-canary.poli.digital/v3/accounts/9b8af98e-0407-49a2-bce9-3620f29c513a/templates?include=key,version,status,message,variables,team,metadata&page=1&per_page=9999&order=tag&keyboard_shortcut=NOT_EMPTY:0
[    9931ms] [ERROR] Failed to load resource: the server responded with a status of 422 () @ https://foundation-api-canary.poli.digital/v3/accounts/9b8af98e-0407-49a2-bce9-3620f29c513a/templates?include=key,version,status,message,variables,team,metadata&page=1&per_page=9999&order=tag&keyboard_shortcut=NOT_EMPTY:0
[   42163ms] [ERROR] Failed to load resource: the server responded with a status of 403 () @ https://pps.whatsapp.net/v/t61.24694-24/424778924_8215652561795964_3314007024435979409_n.jpg?ccb=11-4&oh=01_Q5Aa2gENDyCtBnxtDHO0X8Xap4ne3tkI6y-M2aLH3XL-d1_sWg&oe=68E27A25&_nc_sid=5e03e0&_nc_cat=102:0
[   48724ms] [ERROR] Failed to load resource: the server responded with a status of 403 () @ https://pps.whatsapp.net/v/t61.24694-24/468855983_1272522174019015_182033633258191093_n.jpg?ccb=11-4&oh=01_Q5Aa3AG13ijzntjVN59eEHYbNNttCEe2zpYUT-AFXaTR-k73GQ&oe=69402BED&_nc_sid=5e03e0&_nc_cat=101:0
[   61388ms] [ERROR] Access to fetch at 'https://sentry.poli.digital/api/20/envelope/?sentry_version=7&sentry_key=45d27e79e794b3e254ec8212c0ad0250&sentry_client=sentry.javascript.react%2F9.47.1' from origin 'https://spa-canary.poli.digital' has been blocked by CORS policy: No 'Access-Control-Allow-Origin' header is present on the requested resource. @ https://spa-canary.poli.digital/chat/9bb49c4f-2c88-4a7f-84bb-38074c239b4b?panel=details:0
[   61389ms] [ERROR] Failed to load resource: net::ERR_FAILED @ https://sentry.poli.digital/api/20/envelope/?sentry_version=7&sentry_key=45d27e79e794b3e254ec8212c0ad0250&sentry_client=sentry.javascript.react%2F9.47.1:0
[  119719ms] [ERROR] Failed to load resource: the server responded with a status of 403 () @ https://pps.whatsapp.net/v/t61.24694-24/588862823_1397035361731443_5741298219543391191_n.jpg?ccb=11-4&oh=01_Q5Aa4AFLk8gRDri3aS0zT8PnI5fcE9N82f0aLqWSuBMl1fg1gA&oe=69CFA01D&_nc_sid=5e03e0&_nc_cat=102:0
[  124831ms] [ERROR] Failed to load resource: the server responded with a status of 403 () @ https://pps.whatsapp.net/v/t61.24694-24/588862823_1397035361731443_5741298219543391191_n.jpg?ccb=11-4&oh=01_Q5Aa4AFLk8gRDri3aS0zT8PnI5fcE9N82f0aLqWSuBMl1fg1gA&oe=69CFA01D&_nc_sid=5e03e0&_nc_cat=102:0
[  131258ms] [ERROR] Failed to load resource: the server responded with a status of 403 () @ https://pps.whatsapp.net/v/t61.24694-24/588862823_1397035361731443_5741298219543391191_n.jpg?ccb=11-4&oh=01_Q5Aa4AFLk8gRDri3aS0zT8PnI5fcE9N82f0aLqWSuBMl1fg1gA&oe=69CFA01D&_nc_sid=5e03e0&_nc_cat=102:0
[  151256ms] [ERROR] Failed to load resource: the server responded with a status of 403 () @ https://pps.whatsapp.net/v/t61.24694-24/468855983_1272522174019015_182033633258191093_n.jpg?ccb=11-4&oh=01_Q5Aa3AG13ijzntjVN59eEHYbNNttCEe2zpYUT-AFXaTR-k73GQ&oe=69402BED&_nc_sid=5e03e0&_nc_cat=101:0
[  155266ms] [ERROR] Failed to load resource: the server responded with a status of 403 () @ https://pps.whatsapp.net/v/t61.24694-24/468855983_1272522174019015_182033633258191093_n.jpg?ccb=11-4&oh=01_Q5Aa3AG13ijzntjVN59eEHYbNNttCEe2zpYUT-AFXaTR-k73GQ&oe=69402BED&_nc_sid=5e03e0&_nc_cat=101:0
[  235994ms] [ERROR] Failed to load resource: the server responded with a status of 403 () @ https://pps.whatsapp.net/v/t61.24694-24/516299784_765127936149524_5928964262199968569_n.jpg?ccb=11-4&oh=01_Q5Aa3AF4no6RdRY23ypyTfYBHds24ZPIQipiE7s8OUUZapJnQQ&oe=69358870&_nc_sid=5e03e0&_nc_cat=103:0
[  385394ms] [ERROR] Failed to load resource: the server responded with a status of 403 () @ https://pps.whatsapp.net/v/t61.24694-24/468855983_1272522174019015_182033633258191093_n.jpg?ccb=11-4&oh=01_Q5Aa3AG13ijzntjVN59eEHYbNNttCEe2zpYUT-AFXaTR-k73GQ&oe=69402BED&_nc_sid=5e03e0&_nc_cat=101:0
[  569297ms] [ERROR] Failed to load resource: the server responded with a status of 403 () @ https://pps.whatsapp.net/v/t61.24694-24/424778924_8215652561795964_3314007024435979409_n.jpg?ccb=11-4&oh=01_Q5Aa2gENDyCtBnxtDHO0X8Xap4ne3tkI6y-M2aLH3XL-d1_sWg&oe=68E27A25&_nc_sid=5e03e0&_nc_cat=102:0
[  614911ms] [ERROR] Access to fetch at 'https://sentry.poli.digital/api/20/envelope/?sentry_version=7&sentry_key=45d27e79e794b3e254ec8212c0ad0250&sentry_client=sentry.javascript.react%2F9.47.1' from origin 'https://spa-canary.poli.digital' has been blocked by CORS policy: No 'Access-Control-Allow-Origin' header is present on the requested resource. @ https://spa-canary.poli.digital/chat/9bb49c4f-2c88-4a7f-84bb-38074c239b4b:0
[  614912ms] [ERROR] Failed to load resource: net::ERR_FAILED @ https://sentry.poli.digital/api/20/envelope/?sentry_version=7&sentry_key=45d27e79e794b3e254ec8212c0ad0250&sentry_client=sentry.javascript.react%2F9.47.1:0
[  623687ms] [ERROR] Failed to load resource: the server responded with a status of 403 () @ https://pps.whatsapp.net/v/t61.24694-24/437184832_898610138517247_1283479863683724595_n.jpg?ccb=11-4&oh=01_Q5Aa4gGX2ma97syCUx2rsuB7d4avSxodCswO68toDPKKOhnlOQ&oe=6A0F4E99&_nc_sid=5e03e0&_nc_cat=107:0
[  828471ms] [ERROR] Failed to load resource: the server responded with a status of 403 () @ https://pps.whatsapp.net/v/t61.24694-24/537113859_795949420003454_872250223868236541_n.jpg?ccb=11-4&oh=01_Q5Aa3AFshUaSO8zGEbZbnSsWc1q6GNa_otdk_h4NeF5fZH80Kw&oe=6936D6BB&_nc_sid=5e03e0&_nc_cat=107:0
[  841477ms] [ERROR] Failed to load resource: the server responded with a status of 403 () @ https://pps.whatsapp.net/v/t61.24694-24/537113859_795949420003454_872250223868236541_n.jpg?ccb=11-4&oh=01_Q5Aa3AFshUaSO8zGEbZbnSsWc1q6GNa_otdk_h4NeF5fZH80Kw&oe=6936D6BB&_nc_sid=5e03e0&_nc_cat=107:0
[  845846ms] [ERROR] Failed to load resource: the server responded with a status of 403 () @ https://pps.whatsapp.net/v/t61.24694-24/537113859_795949420003454_872250223868236541_n.jpg?ccb=11-4&oh=01_Q5Aa3AFshUaSO8zGEbZbnSsWc1q6GNa_otdk_h4NeF5fZH80Kw&oe=6936D6BB&_nc_sid=5e03e0&_nc_cat=107:0
[  910561ms] [ERROR] Failed to load resource: the server responded with a status of 403 () @ https://pps.whatsapp.net/v/t61.24694-24/537113859_795949420003454_872250223868236541_n.jpg?ccb=11-4&oh=01_Q5Aa3AFshUaSO8zGEbZbnSsWc1q6GNa_otdk_h4NeF5fZH80Kw&oe=6936D6BB&_nc_sid=5e03e0&_nc_cat=107:0
[ 1118420ms] [ERROR] Failed to load resource: the server responded with a status of 403 () @ https://pps.whatsapp.net/v/t61.24694-24/564916186_527574163784138_201180157676256640_n.jpg?ccb=11-4&oh=01_Q5Aa4AHnDMlxshSOh3Pg4_ClNCVgyuaR-6YGo3z-qQbD2UtXsg&oe=69BFEBD9&_nc_sid=5e03e0&_nc_cat=100:0
[ 1175171ms] [ERROR] Failed to load resource: the server responded with a status of 403 () @ https://pps.whatsapp.net/v/t61.24694-24/516273162_1845383653051775_4740062992718730640_n.jpg?ccb=11-4&oh=01_Q5Aa4QGj8078Rk0vPWIYUeo6c_2JV6iLeCCLFrgW9KY0QMA45g&oe=69E7670B&_nc_sid=5e03e0&_nc_cat=100:0
[ 1176779ms] [ERROR] Failed to load resource: the server responded with a status of 403 () @ https://pps.whatsapp.net/v/t61.24694-24/516273162_1845383653051775_4740062992718730640_n.jpg?ccb=11-4&oh=01_Q5Aa4QGj8078Rk0vPWIYUeo6c_2JV6iLeCCLFrgW9KY0QMA45g&oe=69E7670B&_nc_sid=5e03e0&_nc_cat=100:0
[ 1180909ms] [ERROR] Failed to load resource: the server responded with a status of 403 () @ https://pps.whatsapp.net/v/t61.24694-24/516273162_1845383653051775_4740062992718730640_n.jpg?ccb=11-4&oh=01_Q5Aa4QGj8078Rk0vPWIYUeo6c_2JV6iLeCCLFrgW9KY0QMA45g&oe=69E7670B&_nc_sid=5e03e0&_nc_cat=100:0
[ 1186076ms] [ERROR] Failed to load resource: the server responded with a status of 403 () @ https://pps.whatsapp.net/v/t61.24694-24/537113859_795949420003454_872250223868236541_n.jpg?ccb=11-4&oh=01_Q5Aa3AFshUaSO8zGEbZbnSsWc1q6GNa_otdk_h4NeF5fZH80Kw&oe=6936D6BB&_nc_sid=5e03e0&_nc_cat=107:0
[ 1196915ms] [ERROR] Failed to load resource: the server responded with a status of 403 () @ https://pps.whatsapp.net/v/t61.24694-24/516273162_1845383653051775_4740062992718730640_n.jpg?ccb=11-4&oh=01_Q5Aa4QGj8078Rk0vPWIYUeo6c_2JV6iLeCCLFrgW9KY0QMA45g&oe=69E7670B&_nc_sid=5e03e0&_nc_cat=100:0
[ 1215740ms] [ERROR] Failed to load resource: the server responded with a status of 403 () @ https://pps.whatsapp.net/v/t61.24694-24/516273162_1845383653051775_4740062992718730640_n.jpg?ccb=11-4&oh=01_Q5Aa4QGj8078Rk0vPWIYUeo6c_2JV6iLeCCLFrgW9KY0QMA45g&oe=69E7670B&_nc_sid=5e03e0&_nc_cat=100:0
[ 1218962ms] [ERROR] Failed to load resource: the server responded with a status of 403 () @ https://pps.whatsapp.net/v/t61.24694-24/516273162_1845383653051775_4740062992718730640_n.jpg?ccb=11-4&oh=01_Q5Aa4QGj8078Rk0vPWIYUeo6c_2JV6iLeCCLFrgW9KY0QMA45g&oe=69E7670B&_nc_sid=5e03e0&_nc_cat=100:0
[ 1225647ms] [ERROR] Failed to load resource: the server responded with a status of 403 () @ https://pps.whatsapp.net/v/t61.24694-24/516273162_1845383653051775_4740062992718730640_n.jpg?ccb=11-4&oh=01_Q5Aa4QGj8078Rk0vPWIYUeo6c_2JV6iLeCCLFrgW9KY0QMA45g&oe=69E7670B&_nc_sid=5e03e0&_nc_cat=100:0
[ 1415754ms] [ERROR] Failed to load resource: the server responded with a status of 403 () @ https://pps.whatsapp.net/v/t61.24694-24/537113859_795949420003454_872250223868236541_n.jpg?ccb=11-4&oh=01_Q5Aa3AFshUaSO8zGEbZbnSsWc1q6GNa_otdk_h4NeF5fZH80Kw&oe=6936D6BB&_nc_sid=5e03e0&_nc_cat=107:0
[ 1448985ms] [ERROR] Failed to load resource: the server responded with a status of 403 () @ https://pps.whatsapp.net/v/t61.24694-24/537113859_795949420003454_872250223868236541_n.jpg?ccb=11-4&oh=01_Q5Aa3AFshUaSO8zGEbZbnSsWc1q6GNa_otdk_h4NeF5fZH80Kw&oe=6936D6BB&_nc_sid=5e03e0&_nc_cat=107:0
[ 1516702ms] [ERROR] Failed to load resource: the server responded with a status of 403 () @ https://pps.whatsapp.net/v/t61.24694-24/537113859_795949420003454_872250223868236541_n.jpg?ccb=11-4&oh=01_Q5Aa3AFshUaSO8zGEbZbnSsWc1q6GNa_otdk_h4NeF5fZH80Kw&oe=6936D6BB&_nc_sid=5e03e0&_nc_cat=107:0
[ 1627309ms] [ERROR] Failed to load resource: the server responded with a status of 403 () @ https://pps.whatsapp.net/v/t61.24694-24/537113859_795949420003454_872250223868236541_n.jpg?ccb=11-4&oh=01_Q5Aa3AFshUaSO8zGEbZbnSsWc1q6GNa_otdk_h4NeF5fZH80Kw&oe=6936D6BB&_nc_sid=5e03e0&_nc_cat=107:0
[ 1821368ms] [ERROR] Failed to load resource: the server responded with a status of 403 () @ https://pps.whatsapp.net/v/t61.24694-24/564916186_527574163784138_201180157676256640_n.jpg?ccb=11-4&oh=01_Q5Aa4AHnDMlxshSOh3Pg4_ClNCVgyuaR-6YGo3z-qQbD2UtXsg&oe=69BFEBD9&_nc_sid=5e03e0&_nc_cat=100:0
[ 1844005ms] [ERROR] Failed to load resource: the server responded with a status of 403 () @ https://pps.whatsapp.net/v/t61.24694-24/564916186_527574163784138_201180157676256640_n.jpg?ccb=11-4&oh=01_Q5Aa4AHnDMlxshSOh3Pg4_ClNCVgyuaR-6YGo3z-qQbD2UtXsg&oe=69BFEBD9&_nc_sid=5e03e0&_nc_cat=100:0
[ 1865200ms] [ERROR] Failed to load resource: the server responded with a status of 403 () @ https://pps.whatsapp.net/v/t61.24694-24/537113859_795949420003454_872250223868236541_n.jpg?ccb=11-4&oh=01_Q5Aa3AFshUaSO8zGEbZbnSsWc1q6GNa_otdk_h4NeF5fZH80Kw&oe=6936D6BB&_nc_sid=5e03e0&_nc_cat=107:0
[ 2075742ms] [ERROR] Failed to load resource: the server responded with a status of 403 () @ https://pps.whatsapp.net/v/t61.24694-24/537113859_795949420003454_872250223868236541_n.jpg?ccb=11-4&oh=01_Q5Aa3AFshUaSO8zGEbZbnSsWc1q6GNa_otdk_h4NeF5fZH80Kw&oe=6936D6BB&_nc_sid=5e03e0&_nc_cat=107:0
[ 2080979ms] [ERROR] Failed to load resource: the server responded with a status of 403 () @ https://pps.whatsapp.net/v/t61.24694-24/588862823_1397035361731443_5741298219543391191_n.jpg?ccb=11-4&oh=01_Q5Aa4AFLk8gRDri3aS0zT8PnI5fcE9N82f0aLqWSuBMl1fg1gA&oe=69CFA01D&_nc_sid=5e03e0&_nc_cat=102:0
[ 2094470ms] [ERROR] Failed to load resource: the server responded with a status of 401 () @ https://foundation-api-canary.poli.digital/v3/contacts/618faa74-5b66-11f1-9d75-06799772b1cd/read:0
[ 2095117ms] [ERROR] Failed to load resource: the server responded with a status of 401 () @ https://foundation-api-canary.poli.digital/v3/contacts/618faa74-5b66-11f1-9d75-06799772b1cd?include=type,chat_status,read_status,attributes,attendant,addresses,contact_channels,tags,metadata,account_channel,team,last_message,unread_messages:0
[ 2095481ms] [ERROR] Failed to load resource: the server responded with a status of 401 () @ https://foundation-api-canary.poli.digital/v3/contacts/618faa74-5b66-11f1-9d75-06799772b1cd/read:0
[ 2407364ms] [ERROR] Failed to load resource: the server responded with a status of 403 () @ https://pps.whatsapp.net/v/t61.24694-24/537113859_795949420003454_872250223868236541_n.jpg?ccb=11-4&oh=01_Q5Aa3AFshUaSO8zGEbZbnSsWc1q6GNa_otdk_h4NeF5fZH80Kw&oe=6936D6BB&_nc_sid=5e03e0&_nc_cat=107:0
