[   20813ms] [LOG] i18next: languageChanged pt @ https://spa-canary.poli.digital/assets/index-CJPVd7Bv.js:101
[   20815ms] [LOG] i18next: initialized {debug: true, initAsync: true, ns: Array(1), defaultNS: Array(1), fallbackLng: Array(1)} @ https://spa-canary.poli.digital/assets/index-CJPVd7Bv.js:101
[   20985ms] [WARNING] Replay is disabled because neither `replaysSessionSampleRate` nor `replaysOnErrorSampleRate` are set. @ https://spa-canary.poli.digital/assets/index-CJPVd7Bv.js:76
[   21534ms] [INFO] WebSocket: Conexão estabelecida @ https://spa-canary.poli.digital/assets/index-CJPVd7Bv.js:69
[   22096ms] [ERROR] Failed to load resource: the server responded with a status of 401 () @ https://foundation-api-canary.poli.digital/v3/broadcasting/auth:0
[   22109ms] [ERROR] Failed to load resource: the server responded with a status of 401 () @ https://foundation-api-canary.poli.digital/v3/accounts/balance/9b8af98e-73f4-4fe9-b33b-7aa47b0369bf:0
[   22110ms] [ERROR] Failed to load resource: the server responded with a status of 401 () @ https://foundation-api-canary.poli.digital/v3/users/settings/summary:0
[   22112ms] [ERROR] Failed to load resource: the server responded with a status of 401 () @ https://foundation-api-canary.poli.digital/v3/accounts/non-payment/9b8af98e-73f4-4fe9-b33b-7aa47b0369bf:0
[   22113ms] [ERROR] Failed to load resource: the server responded with a status of 401 () @ https://foundation-api-canary.poli.digital/v3/crm/index:0
[   22114ms] [ERROR] Failed to load resource: the server responded with a status of 401 () @ https://foundation-api-canary.poli.digital/v3/accounts/9b8af98e-73f4-4fe9-b33b-7aa47b0369bf/chats/pinned:0
[   22115ms] [ERROR] Failed to load resource: the server responded with a status of 401 () @ https://foundation-api-canary.poli.digital/v3/accounts/9b8af98e-73f4-4fe9-b33b-7aa47b0369bf/account-channels?include=uuid,uid,name,status,provider,integrator,metadata&page=1:0
[   22116ms] [ERROR] Failed to load resource: the server responded with a status of 401 () @ https://foundation-api-canary.poli.digital/v3/accounts/payment-due-alert:0
[   22264ms] [ERROR] Failed to load resource: the server responded with a status of 401 () @ https://foundation-api-canary.poli.digital/v3/settings:0
[   22265ms] [ERROR] Failed to load resource: the server responded with a status of 401 () @ https://foundation-api-canary.poli.digital/v3/accounts/9b8af98e-73f4-4fe9-b33b-7aa47b0369bf/chats?include=type,chat_status,read_status,attributes,attendant,team,last_message,tags,unread_messages&status=OPEN&assigned_status=ASSIGNED&order=-date_last_message&contact_type=WITHOUT_CAMPAIGN:0
[   22721ms] [ERROR] Failed to load resource: the server responded with a status of 403 () @ https://foundation-api-canary.poli.digital/v3/accounts/payment-due-alert:0
[   23934ms] [ERROR] Failed to load resource: the server responded with a status of 403 () @ https://foundation-api-canary.poli.digital/v3/accounts/payment-due-alert:0
[   25739ms] Identifier 'TCRMEmbed' has already been declared
[   26143ms] [ERROR] Failed to load resource: the server responded with a status of 403 () @ https://foundation-api-canary.poli.digital/v3/accounts/payment-due-alert:0
[   30332ms] [ERROR] Failed to load resource: the server responded with a status of 401 () @ https://foundation-api-canary.poli.digital/v3/accounts/payment-due-alert:0
[   30843ms] [LOG] i18next: languageChanged pt @ https://spa-canary.poli.digital/assets/index-CJPVd7Bv.js:101
[   30843ms] [LOG] i18next: initialized {debug: true, initAsync: true, ns: Array(1), defaultNS: Array(1), fallbackLng: Array(1)} @ https://spa-canary.poli.digital/assets/index-CJPVd7Bv.js:101
[   30889ms] [WARNING] Replay is disabled because neither `replaysSessionSampleRate` nor `replaysOnErrorSampleRate` are set. @ https://spa-canary.poli.digital/assets/index-CJPVd7Bv.js:76
[   30929ms] [LOG] i18next: languageChanged pt @ https://spa-canary.poli.digital/assets/index-CJPVd7Bv.js:69
[   31396ms] [INFO] WebSocket: Conexão estabelecida @ https://spa-canary.poli.digital/assets/index-CJPVd7Bv.js:69
[   85007ms] [LOG] i18next: languageChanged pt @ https://spa-canary.poli.digital/assets/index-CJPVd7Bv.js:69
[   86089ms] [ERROR] Failed to load resource: the server responded with a status of 403 () @ https://foundation-api-canary.poli.digital/v3/accounts/payment-due-alert:0
[   87290ms] [ERROR] Failed to load resource: the server responded with a status of 403 () @ https://foundation-api-canary.poli.digital/v3/accounts/payment-due-alert:0
[   89508ms] [ERROR] Failed to load resource: the server responded with a status of 403 () @ https://foundation-api-canary.poli.digital/v3/accounts/payment-due-alert:0
[   93717ms] [ERROR] Failed to load resource: the server responded with a status of 403 () @ https://foundation-api-canary.poli.digital/v3/accounts/payment-due-alert:0
[  220882ms] [LOG] i18next: languageChanged pt @ https://spa-canary.poli.digital/assets/index-CJPVd7Bv.js:69
[  506607ms] [ERROR] Failed to load resource: the server responded with a status of 403 () @ https://pps.whatsapp.net/v/t61.24694-24/435712954_440761368588185_1493699842897585074_n.jpg?ccb=11-4&oh=01_Q5Aa3wED55AsIjmNY9pPzBsRQMDUMu7JCYW4AZ0ELzY3CGpYbw&oe=69B2E55B&_nc_sid=5e03e0&_nc_cat=107:0
[  506629ms] [ERROR] Failed to load resource: the server responded with a status of 403 () @ https://pps.whatsapp.net/v/t61.24694-24/487819011_1122001249681380_2285523550704014782_n.jpg?ccb=11-4&oh=01_Q5Aa3wFD5nULwxdj04TYsTsvFYrjZuTYlaY98Jkkr6fTO556jA&oe=69ADB528&_nc_sid=5e03e0&_nc_cat=102:0
[ 1263601ms] [ERROR] Failed to load resource: the server responded with a status of 403 () @ https://pps.whatsapp.net/v/t61.24694-24/435712954_440761368588185_1493699842897585074_n.jpg?ccb=11-4&oh=01_Q5Aa3wED55AsIjmNY9pPzBsRQMDUMu7JCYW4AZ0ELzY3CGpYbw&oe=69B2E55B&_nc_sid=5e03e0&_nc_cat=107:0
[ 1263604ms] [ERROR] Failed to load resource: the server responded with a status of 403 () @ https://pps.whatsapp.net/v/t61.24694-24/487819011_1122001249681380_2285523550704014782_n.jpg?ccb=11-4&oh=01_Q5Aa3wFD5nULwxdj04TYsTsvFYrjZuTYlaY98Jkkr6fTO556jA&oe=69ADB528&_nc_sid=5e03e0&_nc_cat=102:0
