[     524ms] [LOG] i18next: languageChanged pt @ https://spa.qa.poli.digital/assets/index-C9cvgU4J.js:101
[     524ms] [LOG] i18next: initialized {debug: true, initAsync: true, ns: Array(1), defaultNS: Array(1), fallbackLng: Array(1)} @ https://spa.qa.poli.digital/assets/index-C9cvgU4J.js:101
[     618ms] [WARNING] Replay is disabled because neither `replaysSessionSampleRate` nor `replaysOnErrorSampleRate` are set. @ https://spa.qa.poli.digital/assets/index-C9cvgU4J.js:76
[    1103ms] [INFO] WebSocket: Conexão estabelecida @ https://spa.qa.poli.digital/assets/index-C9cvgU4J.js:69
[    1875ms] [ERROR] Failed to load resource: the server responded with a status of 401 () @ https://foundation-api.qa.poli.digital/v3/accounts/undefined/chats?include=type,chat_status,read_status,attributes,attendant,team,last_message,tags,unread_messages&status=OPEN&assigned_status=ASSIGNED&order=-date_last_message&contact_type=WITHOUT_CAMPAIGN:0
[    1880ms] [ERROR] error ao buscar chats TypeError: Cannot read properties of undefined (reading 'data')
    at XRt (https://spa.qa.poli.digital/assets/index-C9cvgU4J.js:1147:26257)
    at async w (https://spa.qa.poli.digital/assets/index-C9cvgU4J.js:54:37980)
    at async Object.u [as fn] (https://spa.qa.poli.digital/assets/index-C9cvgU4J.js:54:38287) @ https://spa.qa.poli.digital/assets/index-C9cvgU4J.js:69
[    1892ms] [ERROR] Failed to load resource: the server responded with a status of 401 () @ https://foundation-api.qa.poli.digital/v3/accounts/undefined/account-channels?include=uuid,uid,name,status,provider,integrator,metadata&page=1:0
[    1894ms] [ERROR] Failed to load resource: the server responded with a status of 401 () @ https://foundation-api.qa.poli.digital/v3/users/settings/summary:0
[    1896ms] [ERROR] [UserPreferencesService] Failed to get summary: TypeError: Cannot read properties of undefined (reading 'data')
    at kge.getSummary (https://spa.qa.poli.digital/assets/index-C9cvgU4J.js:2251:64694)
    at async https://spa.qa.poli.digital/assets/index-C9cvgU4J.js:2251:65354 @ https://spa.qa.poli.digital/assets/index-C9cvgU4J.js:69
[    1896ms] [ERROR] [useUserPreferences] Error: TypeError: Cannot read properties of undefined (reading 'data')
    at kge.getSummary (https://spa.qa.poli.digital/assets/index-C9cvgU4J.js:2251:64694)
    at async https://spa.qa.poli.digital/assets/index-C9cvgU4J.js:2251:65354 @ https://spa.qa.poli.digital/assets/index-C9cvgU4J.js:69
[    1931ms] [LOG] i18next: languageChanged pt @ https://spa.qa.poli.digital/assets/index-C9cvgU4J.js:69
[    2181ms] [LOG] i18next: languageChanged pt @ https://spa.qa.poli.digital/assets/index-C9cvgU4J.js:101
[    2181ms] [LOG] i18next: initialized {debug: true, initAsync: true, ns: Array(1), defaultNS: Array(1), fallbackLng: Array(1)} @ https://spa.qa.poli.digital/assets/index-C9cvgU4J.js:101
[    2265ms] [WARNING] Replay is disabled because neither `replaysSessionSampleRate` nor `replaysOnErrorSampleRate` are set. @ https://spa.qa.poli.digital/assets/index-C9cvgU4J.js:76
[    2394ms] [LOG] i18next: languageChanged pt @ https://spa.qa.poli.digital/assets/index-C9cvgU4J.js:69
[    2801ms] [INFO] WebSocket: Conexão estabelecida @ https://spa.qa.poli.digital/assets/index-C9cvgU4J.js:69
