[    2973ms] [LOG] i18next: languageChanged pt @ https://spa.qa.poli.digital/assets/index-DS8iyN8b.js:101
[    2978ms] [LOG] i18next: initialized {debug: true, initAsync: true, ns: Array(1), defaultNS: Array(1), fallbackLng: Array(1)} @ https://spa.qa.poli.digital/assets/index-DS8iyN8b.js:101
[    3167ms] [WARNING] Replay is disabled because neither `replaysSessionSampleRate` nor `replaysOnErrorSampleRate` are set. @ https://spa.qa.poli.digital/assets/index-DS8iyN8b.js:76
[    4724ms] [INFO] WebSocket: Conexão estabelecida @ https://spa.qa.poli.digital/assets/index-DS8iyN8b.js:69
[    5146ms] [ERROR] Failed to load resource: the server responded with a status of 404 () @ https://heimdall.qa.poli.digital/auth/activity:0
[    5161ms] [WARNING] Erro ao enviar heartbeat: AxiosError: Request failed with status code 404
    at W2e (https://spa.qa.poli.digital/assets/index-DS8iyN8b.js:1001:10177)
    at XMLHttpRequest.w (https://spa.qa.poli.digital/assets/index-DS8iyN8b.js:1001:15705) @ https://spa.qa.poli.digital/assets/index-DS8iyN8b.js:69
[    5980ms] [ERROR] Failed to load resource: the server responded with a status of 401 () @ https://foundation-api.qa.poli.digital/v3/accounts/balance/9b8af98e-73f4-4fe9-b33b-7aa47b0369bf:0
[    6015ms] [ERROR] Failed to load resource: the server responded with a status of 401 () @ https://foundation-api.qa.poli.digital/v3/crm/index:0
[    6497ms] [ERROR] Failed to load resource: the server responded with a status of 401 () @ https://foundation-api.qa.poli.digital/v3/accounts/9b8af98e-73f4-4fe9-b33b-7aa47b0369bf/chats/pinned:0
[    6499ms] [ERROR] Failed to load resource: the server responded with a status of 401 () @ https://heimdall.qa.poli.digital/auth/refresh-token:0
[    6501ms] [ERROR] Erro na requisição de refresh token: AxiosError: Request failed with status code 401
    at W2e (https://spa.qa.poli.digital/assets/index-DS8iyN8b.js:1001:10177)
    at XMLHttpRequest.w (https://spa.qa.poli.digital/assets/index-DS8iyN8b.js:1001:15705)
    at rx.request (https://spa.qa.poli.digital/assets/index-DS8iyN8b.js:1003:2234)
    at async Lut (https://spa.qa.poli.digital/assets/index-DS8iyN8b.js:1007:6854)
    at async https://spa.qa.poli.digital/assets/index-DS8iyN8b.js:1007:8196
    at async rx.request (https://spa.qa.poli.digital/assets/index-DS8iyN8b.js:1003:2138)
    at async N4.getPanelCredits (https://spa.qa.poli.digital/assets/index-DS8iyN8b.js:1828:551) @ https://spa.qa.poli.digital/assets/index-DS8iyN8b.js:69
[    6502ms] [ERROR] AxiosError: Request failed with status code 401
    at W2e (https://spa.qa.poli.digital/assets/index-DS8iyN8b.js:1001:10177)
    at XMLHttpRequest.w (https://spa.qa.poli.digital/assets/index-DS8iyN8b.js:1001:15705)
    at rx.request (https://spa.qa.poli.digital/assets/index-DS8iyN8b.js:1003:2234)
    at async Lut (https://spa.qa.poli.digital/assets/index-DS8iyN8b.js:1007:6854)
    at async https://spa.qa.poli.digital/assets/index-DS8iyN8b.js:1007:8196
    at async rx.request (https://spa.qa.poli.digital/assets/index-DS8iyN8b.js:1003:2138)
    at async N4.getPanelCredits (https://spa.qa.poli.digital/assets/index-DS8iyN8b.js:1828:551) @ https://spa.qa.poli.digital/assets/index-DS8iyN8b.js:69
[    6514ms] [ERROR] getCrmUserToken - Error on get crm user token: Error: AxiosError: Request failed with status code 401
    at https://spa.qa.poli.digital/assets/index-DS8iyN8b.js:1007:8163
    at async rx.request (https://spa.qa.poli.digital/assets/index-DS8iyN8b.js:1003:2138)
    at async UP.getUserToken (https://spa.qa.poli.digital/assets/index-DS8iyN8b.js:2139:56273)
    at async https://spa.qa.poli.digital/assets/index-DS8iyN8b.js:2139:56564 @ https://spa.qa.poli.digital/assets/index-DS8iyN8b.js:69
[    6518ms] [ERROR] Failed to load resource: the server responded with a status of 401 () @ https://foundation-api.qa.poli.digital/v3/accounts/9b8af98e-73f4-4fe9-b33b-7aa47b0369bf/account-channels?include=uuid,uid,name,status,provider,integrator,metadata&page=1:0
[    6560ms] [ERROR] Failed to load resource: the server responded with a status of 401 () @ https://foundation-api.qa.poli.digital/v3/broadcasting/auth:0
[    6629ms] [ERROR] Failed to load resource: the server responded with a status of 401 () @ https://foundation-api.qa.poli.digital/v3/accounts/non-payment/9b8af98e-73f4-4fe9-b33b-7aa47b0369bf:0
[    6795ms] [ERROR] Failed to load resource: the server responded with a status of 401 () @ https://heimdall.qa.poli.digital/auth/refresh-token:0
[    6798ms] [ERROR] Erro na requisição de refresh token: AxiosError: Request failed with status code 401
    at W2e (https://spa.qa.poli.digital/assets/index-DS8iyN8b.js:1001:10177)
    at XMLHttpRequest.w (https://spa.qa.poli.digital/assets/index-DS8iyN8b.js:1001:15705)
    at rx.request (https://spa.qa.poli.digital/assets/index-DS8iyN8b.js:1003:2234)
    at async Lut (https://spa.qa.poli.digital/assets/index-DS8iyN8b.js:1007:6854)
    at async https://spa.qa.poli.digital/assets/index-DS8iyN8b.js:1007:8196
    at async rx.request (https://spa.qa.poli.digital/assets/index-DS8iyN8b.js:1003:2138)
    at async queryFn (https://spa.qa.poli.digital/assets/index-DS8iyN8b.js:1039:22613)
    at async C (https://spa.qa.poli.digital/assets/index-DS8iyN8b.js:54:37544)
    at async Object.d [as fn] (https://spa.qa.poli.digital/assets/index-DS8iyN8b.js:54:37851) @ https://spa.qa.poli.digital/assets/index-DS8iyN8b.js:69
[    6799ms] [ERROR] AxiosError: Request failed with status code 401
    at W2e (https://spa.qa.poli.digital/assets/index-DS8iyN8b.js:1001:10177)
    at XMLHttpRequest.w (https://spa.qa.poli.digital/assets/index-DS8iyN8b.js:1001:15705)
    at rx.request (https://spa.qa.poli.digital/assets/index-DS8iyN8b.js:1003:2234)
    at async Lut (https://spa.qa.poli.digital/assets/index-DS8iyN8b.js:1007:6854)
    at async https://spa.qa.poli.digital/assets/index-DS8iyN8b.js:1007:8196
    at async rx.request (https://spa.qa.poli.digital/assets/index-DS8iyN8b.js:1003:2138)
    at async queryFn (https://spa.qa.poli.digital/assets/index-DS8iyN8b.js:1039:22613)
    at async C (https://spa.qa.poli.digital/assets/index-DS8iyN8b.js:54:37544)
    at async Object.d [as fn] (https://spa.qa.poli.digital/assets/index-DS8iyN8b.js:54:37851) @ https://spa.qa.poli.digital/assets/index-DS8iyN8b.js:69
[    6804ms] [ERROR] Error: AxiosError: Request failed with status code 401
    at https://spa.qa.poli.digital/assets/index-DS8iyN8b.js:1007:8163
    at async rx.request (https://spa.qa.poli.digital/assets/index-DS8iyN8b.js:1003:2138)
    at async hBt.getOverdueAccounts (https://spa.qa.poli.digital/assets/index-DS8iyN8b.js:2155:54802)
    at async https://spa.qa.poli.digital/assets/index-DS8iyN8b.js:2161:197476 @ https://spa.qa.poli.digital/assets/index-DS8iyN8b.js:69
[    6818ms] [ERROR] Failed to load resource: the server responded with a status of 401 () @ https://foundation-api.qa.poli.digital/v3/users/settings/summary:0
[    6831ms] [ERROR] Failed to load resource: the server responded with a status of 401 () @ https://foundation-api.qa.poli.digital/v3/settings:0
[    6833ms] [ERROR] Failed to load resource: the server responded with a status of 401 () @ https://foundation-api.qa.poli.digital/v3/accounts/9b8af98e-73f4-4fe9-b33b-7aa47b0369bf/chats?include=type,chat_status,read_status,attributes,attendant,team,last_message,tags,unread_messages&status=OPEN&assigned_status=ASSIGNED&order=-date_last_message:0
[    6954ms] [ERROR] Failed to load resource: the server responded with a status of 401 () @ https://foundation-api.qa.poli.digital/v3/accounts/balance/9b8af98e-73f4-4fe9-b33b-7aa47b0369bf:0
[    6963ms] [ERROR] Failed to load resource: the server responded with a status of 401 () @ https://foundation-api.qa.poli.digital/v3/accounts/payment-due-alert:0
[    6969ms] [INFO] WebSocket: Conexão finalizada @ https://spa.qa.poli.digital/assets/index-DS8iyN8b.js:69
[    7038ms] [ERROR] Failed to load resource: the server responded with a status of 401 () @ https://heimdall.qa.poli.digital/auth/refresh-token:0
[    7047ms] [ERROR] Erro na requisição de refresh token: AxiosError: Request failed with status code 401
    at W2e (https://spa.qa.poli.digital/assets/index-DS8iyN8b.js:1001:10177)
    at XMLHttpRequest.w (https://spa.qa.poli.digital/assets/index-DS8iyN8b.js:1001:15705)
    at rx.request (https://spa.qa.poli.digital/assets/index-DS8iyN8b.js:1003:2234)
    at async Lut (https://spa.qa.poli.digital/assets/index-DS8iyN8b.js:1007:6854)
    at async https://spa.qa.poli.digital/assets/index-DS8iyN8b.js:1007:8196
    at async rx.request (https://spa.qa.poli.digital/assets/index-DS8iyN8b.js:1003:2138)
    at async rte.getSummary (https://spa.qa.poli.digital/assets/index-DS8iyN8b.js:2143:64663)
    at async https://spa.qa.poli.digital/assets/index-DS8iyN8b.js:2143:65364 @ https://spa.qa.poli.digital/assets/index-DS8iyN8b.js:69
[    7048ms] [ERROR] AxiosError: Request failed with status code 401
    at W2e (https://spa.qa.poli.digital/assets/index-DS8iyN8b.js:1001:10177)
    at XMLHttpRequest.w (https://spa.qa.poli.digital/assets/index-DS8iyN8b.js:1001:15705)
    at rx.request (https://spa.qa.poli.digital/assets/index-DS8iyN8b.js:1003:2234)
    at async Lut (https://spa.qa.poli.digital/assets/index-DS8iyN8b.js:1007:6854)
    at async https://spa.qa.poli.digital/assets/index-DS8iyN8b.js:1007:8196
    at async rx.request (https://spa.qa.poli.digital/assets/index-DS8iyN8b.js:1003:2138)
    at async rte.getSummary (https://spa.qa.poli.digital/assets/index-DS8iyN8b.js:2143:64663)
    at async https://spa.qa.poli.digital/assets/index-DS8iyN8b.js:2143:65364 @ https://spa.qa.poli.digital/assets/index-DS8iyN8b.js:69
[    7054ms] [ERROR] [UserPreferencesService] Failed to get summary: AxiosError: Request failed with status code 401
    at W2e (https://spa.qa.poli.digital/assets/index-DS8iyN8b.js:1001:10177)
    at XMLHttpRequest.w (https://spa.qa.poli.digital/assets/index-DS8iyN8b.js:1001:15705)
    at rx.request (https://spa.qa.poli.digital/assets/index-DS8iyN8b.js:1003:2234)
    at async Lut (https://spa.qa.poli.digital/assets/index-DS8iyN8b.js:1007:6854)
    at async https://spa.qa.poli.digital/assets/index-DS8iyN8b.js:1007:8196
    at async rx.request (https://spa.qa.poli.digital/assets/index-DS8iyN8b.js:1003:2138)
    at async rte.getSummary (https://spa.qa.poli.digital/assets/index-DS8iyN8b.js:2143:64663)
    at async https://spa.qa.poli.digital/assets/index-DS8iyN8b.js:2143:65364 @ https://spa.qa.poli.digital/assets/index-DS8iyN8b.js:69
[    7055ms] [ERROR] [useUserPreferences] Error: AxiosError: Request failed with status code 401
    at W2e (https://spa.qa.poli.digital/assets/index-DS8iyN8b.js:1001:10177)
    at XMLHttpRequest.w (https://spa.qa.poli.digital/assets/index-DS8iyN8b.js:1001:15705)
    at rx.request (https://spa.qa.poli.digital/assets/index-DS8iyN8b.js:1003:2234)
    at async Lut (https://spa.qa.poli.digital/assets/index-DS8iyN8b.js:1007:6854)
    at async https://spa.qa.poli.digital/assets/index-DS8iyN8b.js:1007:8196
    at async rx.request (https://spa.qa.poli.digital/assets/index-DS8iyN8b.js:1003:2138)
    at async rte.getSummary (https://spa.qa.poli.digital/assets/index-DS8iyN8b.js:2143:64663)
    at async https://spa.qa.poli.digital/assets/index-DS8iyN8b.js:2143:65364 @ https://spa.qa.poli.digital/assets/index-DS8iyN8b.js:69
[    7069ms] [ERROR] error ao buscar chats Error: AxiosError: Request failed with status code 401
    at https://spa.qa.poli.digital/assets/index-DS8iyN8b.js:1007:8163
    at async rx.request (https://spa.qa.poli.digital/assets/index-DS8iyN8b.js:1003:2138)
    at async Aft (https://spa.qa.poli.digital/assets/index-DS8iyN8b.js:1037:26256)
    at async C (https://spa.qa.poli.digital/assets/index-DS8iyN8b.js:54:37544)
    at async Object.d [as fn] (https://spa.qa.poli.digital/assets/index-DS8iyN8b.js:54:37851) @ https://spa.qa.poli.digital/assets/index-DS8iyN8b.js:69
[    7235ms] [ERROR] Failed to load resource: the server responded with a status of 401 () @ https://heimdall.qa.poli.digital/auth/logout:0
[    7337ms] AxiosError: Request failed with status code 401
    at W2e (https://spa.qa.poli.digital/assets/index-DS8iyN8b.js:1001:10177)
    at XMLHttpRequest.w (https://spa.qa.poli.digital/assets/index-DS8iyN8b.js:1001:15705)
[    8159ms] [LOG] i18next: languageChanged pt @ https://spa.qa.poli.digital/assets/index-DS8iyN8b.js:101
[    8162ms] [LOG] i18next: initialized {debug: true, initAsync: true, ns: Array(1), defaultNS: Array(1), fallbackLng: Array(1)} @ https://spa.qa.poli.digital/assets/index-DS8iyN8b.js:101
[    8262ms] [WARNING] Replay is disabled because neither `replaysSessionSampleRate` nor `replaysOnErrorSampleRate` are set. @ https://spa.qa.poli.digital/assets/index-DS8iyN8b.js:76
[    8631ms] [LOG] i18next: languageChanged pt @ https://spa.qa.poli.digital/assets/index-DS8iyN8b.js:69
[    8788ms] [INFO] WebSocket: Conexão estabelecida @ https://spa.qa.poli.digital/assets/index-DS8iyN8b.js:69
[   33974ms] [LOG] i18next: languageChanged pt @ https://spa.qa.poli.digital/assets/index-DS8iyN8b.js:69
