[     643ms] [LOG] i18next: languageChanged pt @ https://spa-canary.poli.digital/assets/index-i3JOGCyX.js:101
[     643ms] [LOG] i18next: initialized {debug: true, initAsync: true, ns: Array(1), defaultNS: Array(1), fallbackLng: Array(1)} @ https://spa-canary.poli.digital/assets/index-i3JOGCyX.js:101
[     790ms] [WARNING] Replay is disabled because neither `replaysSessionSampleRate` nor `replaysOnErrorSampleRate` are set. @ https://spa-canary.poli.digital/assets/index-i3JOGCyX.js:76
[     846ms] [LOG] i18next: languageChanged pt @ https://spa-canary.poli.digital/assets/index-i3JOGCyX.js:69
[    1765ms] [INFO] WebSocket: Conexão estabelecida @ https://spa-canary.poli.digital/assets/index-i3JOGCyX.js:69
[   12217ms] [LOG] i18next: languageChanged pt @ https://spa-canary.poli.digital/assets/index-i3JOGCyX.js:69
[   13673ms] [ERROR] Failed to load resource: the server responded with a status of 403 () @ https://foundation-api-canary.poli.digital/v3/accounts/payment-due-alert:0
[   14183ms] [ERROR] Failed to load resource: the server responded with a status of 403 () @ https://pps.whatsapp.net/v/t61.24694-24/487819011_1122001249681380_2285523550704014782_n.jpg?ccb=11-4&oh=01_Q5Aa3wFD5nULwxdj04TYsTsvFYrjZuTYlaY98Jkkr6fTO556jA&oe=69ADB528&_nc_sid=5e03e0&_nc_cat=102:0
[   14876ms] [ERROR] Failed to load resource: the server responded with a status of 403 () @ https://foundation-api-canary.poli.digital/v3/accounts/payment-due-alert:0
[   17065ms] [ERROR] Failed to load resource: the server responded with a status of 403 () @ https://foundation-api-canary.poli.digital/v3/accounts/payment-due-alert:0
[   21256ms] [ERROR] Failed to load resource: the server responded with a status of 403 () @ https://foundation-api-canary.poli.digital/v3/accounts/payment-due-alert:0
[  680169ms] [LOG] i18next: languageChanged pt @ https://spa-canary.poli.digital/assets/index-i3JOGCyX.js:101
[  680170ms] [LOG] i18next: initialized {debug: true, initAsync: true, ns: Array(1), defaultNS: Array(1), fallbackLng: Array(1)} @ https://spa-canary.poli.digital/assets/index-i3JOGCyX.js:101
[  680276ms] [WARNING] Replay is disabled because neither `replaysSessionSampleRate` nor `replaysOnErrorSampleRate` are set. @ https://spa-canary.poli.digital/assets/index-i3JOGCyX.js:76
[  680958ms] [INFO] WebSocket: Conexão estabelecida @ https://spa-canary.poli.digital/assets/index-i3JOGCyX.js:69
[  681120ms] [ERROR] Failed to load resource: the server responded with a status of 403 () @ https://foundation-api-canary.poli.digital/v3/accounts/payment-due-alert:0
[  681382ms] [ERROR] Failed to load resource: the server responded with a status of 403 () @ https://pps.whatsapp.net/v/t61.24694-24/487819011_1122001249681380_2285523550704014782_n.jpg?ccb=11-4&oh=01_Q5Aa3wFD5nULwxdj04TYsTsvFYrjZuTYlaY98Jkkr6fTO556jA&oe=69ADB528&_nc_sid=5e03e0&_nc_cat=102:0
[  681889ms] Identifier 'TCRMEmbed' has already been declared
[  681934ms] Identifier 'TCRMEmbed' has already been declared
[  682317ms] [ERROR] Failed to load resource: the server responded with a status of 403 () @ https://foundation-api-canary.poli.digital/v3/accounts/payment-due-alert:0
[  684526ms] [ERROR] Failed to load resource: the server responded with a status of 403 () @ https://foundation-api-canary.poli.digital/v3/accounts/payment-due-alert:0
[  688736ms] [ERROR] Failed to load resource: the server responded with a status of 403 () @ https://foundation-api-canary.poli.digital/v3/accounts/payment-due-alert:0
