[   10663ms] [LOG] i18next: languageChanged pt @ https://spa-canary.poli.digital/assets/index-DilrYWd5.js:101
[   10666ms] [LOG] i18next: initialized {debug: true, initAsync: true, ns: Array(1), defaultNS: Array(1), fallbackLng: Array(1)} @ https://spa-canary.poli.digital/assets/index-DilrYWd5.js:101
[   10923ms] [WARNING] Replay is disabled because neither `replaysSessionSampleRate` nor `replaysOnErrorSampleRate` are set. @ https://spa-canary.poli.digital/assets/index-DilrYWd5.js:76
[   12652ms] TypeError: Cannot read properties of undefined (reading 'plugin')
    at <anonymous>:1:101
    at <anonymous>:1:126
    at https://www.googletagmanager.com/gtm.js?id=GTM-M2LRLQN:901:429
    at ER (https://www.googletagmanager.com/gtm.js?id=GTM-M2LRLQN:903:31)
    at Md.DR (https://www.googletagmanager.com/gtm.js?id=GTM-M2LRLQN:900:92)
    at Md.<anonymous> (https://www.googletagmanager.com/gtm.js?id=GTM-M2LRLQN:316:187)
    at k.apply (https://www.googletagmanager.com/gtm.js?id=GTM-M2LRLQN:238:466)
    at hb (https://www.googletagmanager.com/gtm.js?id=GTM-M2LRLQN:201:719)
    at gb (https://www.googletagmanager.com/gtm.js?id=GTM-M2LRLQN:201:470)
    at Md.<anonymous> (https://www.googletagmanager.com/gtm.js?id=GTM-M2LRLQN:262:473)
    at k.apply (https://www.googletagmanager.com/gtm.js?id=GTM-M2LRLQN:238:466)
    at hb (https://www.googletagmanager.com/gtm.js?id=GTM-M2LRLQN:201:719)
    at k.Lq (https://www.googletagmanager.com/gtm.js?id=GTM-M2LRLQN:201:1286)
    at tf (https://www.googletagmanager.com/gtm.js?id=GTM-M2LRLQN:273:960)
    at https://www.googletagmanager.com/gtm.js?id=GTM-M2LRLQN:727:315
    at Gz (https://www.googletagmanager.com/gtm.js?id=GTM-M2LRLQN:630:1)
    at Nz.evaluate (https://www.googletagmanager.com/gtm.js?id=GTM-M2LRLQN:635:289)
    at e (https://www.googletagmanager.com/gtm.js?id=GTM-M2LRLQN:655:170)
    at https://www.googletagmanager.com/gtm.js?id=GTM-M2LRLQN:206:125
    at Array.<anonymous> (https://www.googletagmanager.com/gtm.js?id=GTM-M2LRLQN:656:360)
    at Object.execute (https://www.googletagmanager.com/gtm.js?id=GTM-M2LRLQN:656:100)
    at kB (https://www.googletagmanager.com/gtm.js?id=GTM-M2LRLQN:656:742)
    at nB (https://www.googletagmanager.com/gtm.js?id=GTM-M2LRLQN:660:183)
    at xD (https://www.googletagmanager.com/gtm.js?id=GTM-M2LRLQN:704:231)
    at c.push (https://www.googletagmanager.com/gtm.js?id=GTM-M2LRLQN:708:209)
    at c.push (https://www.googletagmanager.com/gtag/js?id=G-EPZWL6H9X8&cx=c&gtm=4e66h1h2:689:69)
    at c.push (https://www.googletagmanager.com/gtag/js?id=AW-806600684:869:69)
    at c.push (https://www.googletagmanager.com/gtag/js?id=UA-118273772-1&cx=c&gtm=4e66h0:553:69)
    at https://www.googletagmanager.com/gtm.js?id=GTM-M2LRLQN:708:457
    at r (https://spa-canary.poli.digital/assets/index-DilrYWd5.js:70:9827)
[   12866ms] [INFO] WebSocket: Conexão estabelecida @ https://spa-canary.poli.digital/assets/index-DilrYWd5.js:69
[   12932ms] [ERROR] Failed to load resource: the server responded with a status of 401 () @ https://foundation-api-canary.poli.digital/v3/accounts/balance/9b8af98e-0407-49a2-bce9-3620f29c513a:0
[   12937ms] [ERROR] Failed to load resource: the server responded with a status of 401 () @ https://foundation-api-canary.poli.digital/v3/accounts/non-payment/9b8af98e-0407-49a2-bce9-3620f29c513a:0
[   12945ms] [ERROR] Failed to load resource: the server responded with a status of 401 () @ https://foundation-api-canary.poli.digital/v3/users/settings/summary:0
[   12946ms] [ERROR] Failed to load resource: the server responded with a status of 401 () @ https://foundation-api-canary.poli.digital/v3/accounts/9b8af98e-0407-49a2-bce9-3620f29c513a/chats/pinned:0
[   12948ms] [ERROR] Failed to load resource: the server responded with a status of 401 () @ https://foundation-api-canary.poli.digital/v3/crm/index:0
[   13218ms] [ERROR] Failed to load resource: the server responded with a status of 401 () @ https://foundation-api-canary.poli.digital/v3/accounts/9b8af98e-0407-49a2-bce9-3620f29c513a/chats?include=type,chat_status,read_status,attributes,attendant,team,last_message,tags,unread_messages&status=OPEN&assigned_status=ASSIGNED&order=-date_last_message&contact_type=WITHOUT_CAMPAIGN:0
[   14058ms] [ERROR] Failed to load resource: the server responded with a status of 401 () @ https://foundation-api-canary.poli.digital/v3/accounts/9b8af98e-0407-49a2-bce9-3620f29c513a/account-channels?include=uuid,uid,name,status,provider,integrator,metadata&page=1:0
[   14072ms] [ERROR] Failed to load resource: the server responded with a status of 401 () @ https://foundation-api-canary.poli.digital/v3/settings:0
[   14117ms] [ERROR] Failed to load resource: the server responded with a status of 401 () @ https://foundation-api-canary.poli.digital/v3/broadcasting/auth:0
[   14154ms] [ERROR] Failed to load resource: the server responded with a status of 401 () @ https://heimdall-canary.poli.digital/auth/refresh-token:0
[   14167ms] [ERROR] Erro na requisição de refresh token: AxiosError: Request failed with status code 401
    at CBe (https://spa-canary.poli.digital/assets/index-DilrYWd5.js:1101:10207)
    at XMLHttpRequest.x (https://spa-canary.poli.digital/assets/index-DilrYWd5.js:1101:15780)
    at _2.request (https://spa-canary.poli.digital/assets/index-DilrYWd5.js:1103:2243)
    at async PMt (https://spa-canary.poli.digital/assets/index-DilrYWd5.js:1107:6861)
    at async https://spa-canary.poli.digital/assets/index-DilrYWd5.js:1107:8208
    at async _2.request (https://spa-canary.poli.digital/assets/index-DilrYWd5.js:1103:2147)
    at async FE.getPanelCredits (https://spa-canary.poli.digital/assets/index-DilrYWd5.js:1928:552) @ https://spa-canary.poli.digital/assets/index-DilrYWd5.js:69
[   14168ms] [ERROR] AxiosError: Request failed with status code 401
    at CBe (https://spa-canary.poli.digital/assets/index-DilrYWd5.js:1101:10207)
    at XMLHttpRequest.x (https://spa-canary.poli.digital/assets/index-DilrYWd5.js:1101:15780)
    at _2.request (https://spa-canary.poli.digital/assets/index-DilrYWd5.js:1103:2243)
    at async PMt (https://spa-canary.poli.digital/assets/index-DilrYWd5.js:1107:6861)
    at async https://spa-canary.poli.digital/assets/index-DilrYWd5.js:1107:8208
    at async _2.request (https://spa-canary.poli.digital/assets/index-DilrYWd5.js:1103:2147)
    at async FE.getPanelCredits (https://spa-canary.poli.digital/assets/index-DilrYWd5.js:1928:552) @ https://spa-canary.poli.digital/assets/index-DilrYWd5.js:69
[   14189ms] [ERROR] [UserPreferencesService] Failed to get summary: Error: AxiosError: Request failed with status code 401
    at https://spa-canary.poli.digital/assets/index-DilrYWd5.js:1107:8175
    at async _2.request (https://spa-canary.poli.digital/assets/index-DilrYWd5.js:1103:2147)
    at async qme.getSummary (https://spa-canary.poli.digital/assets/index-DilrYWd5.js:2241:64448)
    at async https://spa-canary.poli.digital/assets/index-DilrYWd5.js:2241:65149 @ https://spa-canary.poli.digital/assets/index-DilrYWd5.js:69
[   14189ms] [ERROR] Error: AxiosError: Request failed with status code 401
    at https://spa-canary.poli.digital/assets/index-DilrYWd5.js:1107:8175
    at async _2.request (https://spa-canary.poli.digital/assets/index-DilrYWd5.js:1103:2147)
    at async o0n.getOverdueAccounts (https://spa-canary.poli.digital/assets/index-DilrYWd5.js:2253:44732)
    at async https://spa-canary.poli.digital/assets/index-DilrYWd5.js:2579:5310 @ https://spa-canary.poli.digital/assets/index-DilrYWd5.js:69
[   14190ms] [ERROR] [useUserPreferences] Error: Error: AxiosError: Request failed with status code 401
    at https://spa-canary.poli.digital/assets/index-DilrYWd5.js:1107:8175
    at async _2.request (https://spa-canary.poli.digital/assets/index-DilrYWd5.js:1103:2147)
    at async qme.getSummary (https://spa-canary.poli.digital/assets/index-DilrYWd5.js:2241:64448)
    at async https://spa-canary.poli.digital/assets/index-DilrYWd5.js:2241:65149 @ https://spa-canary.poli.digital/assets/index-DilrYWd5.js:69
[   14191ms] [ERROR] getCrmUserToken - Error on get crm user token: Error: AxiosError: Request failed with status code 401
    at https://spa-canary.poli.digital/assets/index-DilrYWd5.js:1107:8175
    at async _2.request (https://spa-canary.poli.digital/assets/index-DilrYWd5.js:1103:2147)
    at async fz.getUserToken (https://spa-canary.poli.digital/assets/index-DilrYWd5.js:2240:44294)
    at async https://spa-canary.poli.digital/assets/index-DilrYWd5.js:2240:44585 @ https://spa-canary.poli.digital/assets/index-DilrYWd5.js:69
[   14203ms] [ERROR] error ao buscar chats Error: AxiosError: Request failed with status code 401
    at https://spa-canary.poli.digital/assets/index-DilrYWd5.js:1107:8175
    at async _2.request (https://spa-canary.poli.digital/assets/index-DilrYWd5.js:1103:2147)
    at async hDt (https://spa-canary.poli.digital/assets/index-DilrYWd5.js:1137:26220)
    at async C (https://spa-canary.poli.digital/assets/index-DilrYWd5.js:54:37980)
    at async Object.u [as fn] (https://spa-canary.poli.digital/assets/index-DilrYWd5.js:54:38287) @ https://spa-canary.poli.digital/assets/index-DilrYWd5.js:69
[   14472ms] [ERROR] Failed to load resource: the server responded with a status of 401 () @ https://foundation-api-canary.poli.digital/v3/accounts/balance/9b8af98e-0407-49a2-bce9-3620f29c513a:0
[   14604ms] [INFO] WebSocket: Conexão finalizada @ https://spa-canary.poli.digital/assets/index-DilrYWd5.js:69
[   14728ms] [ERROR] Failed to load resource: the server responded with a status of 401 () @ https://heimdall-canary.poli.digital/auth/refresh-token:0
[   14744ms] [ERROR] Erro na requisição de refresh token: AxiosError: Request failed with status code 401
    at CBe (https://spa-canary.poli.digital/assets/index-DilrYWd5.js:1101:10207)
    at XMLHttpRequest.x (https://spa-canary.poli.digital/assets/index-DilrYWd5.js:1101:15780)
    at _2.request (https://spa-canary.poli.digital/assets/index-DilrYWd5.js:1103:2243)
    at async PMt (https://spa-canary.poli.digital/assets/index-DilrYWd5.js:1107:6861)
    at async https://spa-canary.poli.digital/assets/index-DilrYWd5.js:1107:8208
    at async _2.request (https://spa-canary.poli.digital/assets/index-DilrYWd5.js:1103:2147)
    at async FE.getPanelCredits (https://spa-canary.poli.digital/assets/index-DilrYWd5.js:1928:552) @ https://spa-canary.poli.digital/assets/index-DilrYWd5.js:69
[   14768ms] [ERROR] AxiosError: Request failed with status code 401
    at CBe (https://spa-canary.poli.digital/assets/index-DilrYWd5.js:1101:10207)
    at XMLHttpRequest.x (https://spa-canary.poli.digital/assets/index-DilrYWd5.js:1101:15780)
    at _2.request (https://spa-canary.poli.digital/assets/index-DilrYWd5.js:1103:2243)
    at async PMt (https://spa-canary.poli.digital/assets/index-DilrYWd5.js:1107:6861)
    at async https://spa-canary.poli.digital/assets/index-DilrYWd5.js:1107:8208
    at async _2.request (https://spa-canary.poli.digital/assets/index-DilrYWd5.js:1103:2147)
    at async FE.getPanelCredits (https://spa-canary.poli.digital/assets/index-DilrYWd5.js:1928:552) @ https://spa-canary.poli.digital/assets/index-DilrYWd5.js:69
[   15708ms] [LOG] i18next: languageChanged pt @ https://spa-canary.poli.digital/assets/index-DilrYWd5.js:101
[   15708ms] [LOG] i18next: initialized {debug: true, initAsync: true, ns: Array(1), defaultNS: Array(1), fallbackLng: Array(1)} @ https://spa-canary.poli.digital/assets/index-DilrYWd5.js:101
[   15775ms] [WARNING] Replay is disabled because neither `replaysSessionSampleRate` nor `replaysOnErrorSampleRate` are set. @ https://spa-canary.poli.digital/assets/index-DilrYWd5.js:76
[   16694ms] [LOG] i18next: languageChanged pt @ https://spa-canary.poli.digital/assets/index-DilrYWd5.js:69
[   17868ms] [INFO] WebSocket: Conexão estabelecida @ https://spa-canary.poli.digital/assets/index-DilrYWd5.js:69
