[     479ms] [LOG] Defining triggerGuiding @ :0
[    1054ms] [LOG] openSocketRequest @ https://app-spa.poli.digital/static/js/main.b10d375c.js:1
[    1887ms] [ERROR] Failed to load resource: the server responded with a status of 401 () @ https://foundation-api.poli.digital/v3/users/settings/language:0
[    1900ms] [ERROR] Failed to load resource: the server responded with a status of 401 () @ https://heimdall.poli.digital/auth/foundation/allowed:0
[    1903ms] [ERROR] Erro ao verificar permissão de uso da nova tela de chats rd @ https://app-spa.poli.digital/static/js/main.b10d375c.js:1
[    1904ms] [ERROR] Failed to load resource: the server responded with a status of 401 () @ https://app.poli.digital/credits/balance:0
[    1928ms] [ERROR] WebSocket connection to 'wss://dispatch-wss.poli.digital/?auth_token=eyJhbGciOiJIUzI1NiIsInR5cCI6IkpXVCJ9.eyJzY29wZSI6InBvbGlfdXNlciIsInVzZXIiOnsiaWQiOjExMzY3NiwiZW1haWwiOiJvcGVyYWRvcmNhbmFyaW9AcG9saS5kaWdpdGFsIiwibmFtZSI6IiIsImN1c3RvbWVyX2lkIjo0NjY2NywiY3VzdG9tZXJzIjpbNDY2NjddLCJyb2xlcyI6WzJdLCJwZXJtaXNzaW9ucyI6W119LCJwZXJtaXNzaW9ucyI6W10sImlhdCI6MTc4MTYwODkxMSwiZXhwIjoxNzgxNjk1MzExfQ.DCIK-M-2_ragZZd8s5sy-RjDQnisN-CH4ixh1zZWnFM&customer_id=46667' failed: HTTP Authentication failed; no valid credentials available @ https://app-spa.poli.digital/static/js/main.b10d375c.js:1
[    1929ms] [ERROR] WebSocket connection to 'wss://ms.poli.digital/spa-websocket-ativo?auth_token=eyJhbGciOiJIUzI1NiIsInR5cCI6IkpXVCJ9.eyJzY29wZSI6InBvbGlfdXNlciIsInVzZXIiOnsiaWQiOjExMzY3NiwiZW1haWwiOiJvcGVyYWRvcmNhbmFyaW9AcG9saS5kaWdpdGFsIiwibmFtZSI6IiIsImN1c3RvbWVyX2lkIjo0NjY2NywiY3VzdG9tZXJzIjpbNDY2NjddLCJyb2xlcyI6WzJdLCJwZXJtaXNzaW9ucyI6W119LCJwZXJtaXNzaW9ucyI6W10sImlhdCI6MTc4MTYwODkxMSwiZXhwIjoxNzgxNjk1MzExfQ.DCIK-M-2_ragZZd8s5sy-RjDQnisN-CH4ixh1zZWnFM&customer_id=46667' failed: HTTP Authentication failed; no valid credentials available @ https://app-spa.poli.digital/static/js/main.b10d375c.js:1
[    1944ms] [LOG] websocket on close - ws_unauthorized false @ https://app-spa.poli.digital/static/js/main.b10d375c.js:1
[    1944ms] [LOG] websocket on close - ws_unauthorized false @ https://app-spa.poli.digital/static/js/main.b10d375c.js:1
[    2076ms] [WARNING] <meta name="apple-mobile-web-app-capable" content="yes"> is deprecated. Please include <meta name="mobile-web-app-capable" content="yes"> @ https://app-spa.poli.digital/chat:0
[    2512ms] [ERROR] Failed to load resource: the server responded with a status of 401 () @ https://heimdall.poli.digital/auth/refresh-token:0
[    2513ms] [ERROR] refreshRequestError:  rd @ https://app-spa.poli.digital/static/js/main.b10d375c.js:1
[    2514ms] [ERROR] refreshError:  rd @ https://app-spa.poli.digital/static/js/main.b10d375c.js:1
[    2518ms] [ERROR] [UserPreferencesService] Failed to get language: rd @ https://app-spa.poli.digital/static/js/main.b10d375c.js:1
[    2533ms] [LOG] User Guiding identify running @ https://app-spa.poli.digital/static/js/main.b10d375c.js:1
[    3078ms] [ERROR] WebSocket connection to 'wss://ms.poli.digital/spa-websocket-ativo?auth_token=eyJhbGciOiJIUzI1NiIsInR5cCI6IkpXVCJ9.eyJzY29wZSI6InBvbGlfdXNlciIsInVzZXIiOnsiaWQiOjExMzY3NiwiZW1haWwiOiJvcGVyYWRvcmNhbmFyaW9AcG9saS5kaWdpdGFsIiwibmFtZSI6IiIsImN1c3RvbWVyX2lkIjo0NjY2NywiY3VzdG9tZXJzIjpbNDY2NjddLCJyb2xlcyI6WzJdLCJwZXJtaXNzaW9ucyI6W119LCJwZXJtaXNzaW9ucyI6W10sImlhdCI6MTc4MTYwODkxMSwiZXhwIjoxNzgxNjk1MzExfQ.DCIK-M-2_ragZZd8s5sy-RjDQnisN-CH4ixh1zZWnFM&customer_id=46667' failed: HTTP Authentication failed; no valid credentials available @ https://app-spa.poli.digital/static/js/main.b10d375c.js:1
[    3082ms] [LOG] websocket on close - ws_unauthorized false @ https://app-spa.poli.digital/static/js/main.b10d375c.js:1
[    3083ms] [ERROR] WebSocket connection to 'wss://dispatch-wss.poli.digital/?auth_token=eyJhbGciOiJIUzI1NiIsInR5cCI6IkpXVCJ9.eyJzY29wZSI6InBvbGlfdXNlciIsInVzZXIiOnsiaWQiOjExMzY3NiwiZW1haWwiOiJvcGVyYWRvcmNhbmFyaW9AcG9saS5kaWdpdGFsIiwibmFtZSI6IiIsImN1c3RvbWVyX2lkIjo0NjY2NywiY3VzdG9tZXJzIjpbNDY2NjddLCJyb2xlcyI6WzJdLCJwZXJtaXNzaW9ucyI6W119LCJwZXJtaXNzaW9ucyI6W10sImlhdCI6MTc4MTYwODkxMSwiZXhwIjoxNzgxNjk1MzExfQ.DCIK-M-2_ragZZd8s5sy-RjDQnisN-CH4ixh1zZWnFM&customer_id=46667' failed: HTTP Authentication failed; no valid credentials available @ https://app-spa.poli.digital/static/js/main.b10d375c.js:1
[    3083ms] [LOG] websocket on close - ws_unauthorized false @ https://app-spa.poli.digital/static/js/main.b10d375c.js:1
[    4483ms] [LOG] User Guiding identify running @ https://app-spa.poli.digital/static/js/main.b10d375c.js:1
[    4628ms] [ERROR] WebSocket connection to 'wss://ms.poli.digital/spa-websocket-ativo?auth_token=eyJhbGciOiJIUzI1NiIsInR5cCI6IkpXVCJ9.eyJzY29wZSI6InBvbGlfdXNlciIsInVzZXIiOnsiaWQiOjExMzY3NiwiZW1haWwiOiJvcGVyYWRvcmNhbmFyaW9AcG9saS5kaWdpdGFsIiwibmFtZSI6IiIsImN1c3RvbWVyX2lkIjo0NjY2NywiY3VzdG9tZXJzIjpbNDY2NjddLCJyb2xlcyI6WzJdLCJwZXJtaXNzaW9ucyI6W119LCJwZXJtaXNzaW9ucyI6W10sImlhdCI6MTc4MTYwODkxMSwiZXhwIjoxNzgxNjk1MzExfQ.DCIK-M-2_ragZZd8s5sy-RjDQnisN-CH4ixh1zZWnFM&customer_id=46667' failed: HTTP Authentication failed; no valid credentials available @ https://app-spa.poli.digital/static/js/main.b10d375c.js:1
[    4630ms] [ERROR] WebSocket connection to 'wss://dispatch-wss.poli.digital/?auth_token=eyJhbGciOiJIUzI1NiIsInR5cCI6IkpXVCJ9.eyJzY29wZSI6InBvbGlfdXNlciIsInVzZXIiOnsiaWQiOjExMzY3NiwiZW1haWwiOiJvcGVyYWRvcmNhbmFyaW9AcG9saS5kaWdpdGFsIiwibmFtZSI6IiIsImN1c3RvbWVyX2lkIjo0NjY2NywiY3VzdG9tZXJzIjpbNDY2NjddLCJyb2xlcyI6WzJdLCJwZXJtaXNzaW9ucyI6W119LCJwZXJtaXNzaW9ucyI6W10sImlhdCI6MTc4MTYwODkxMSwiZXhwIjoxNzgxNjk1MzExfQ.DCIK-M-2_ragZZd8s5sy-RjDQnisN-CH4ixh1zZWnFM&customer_id=46667' failed: HTTP Authentication failed; no valid credentials available @ https://app-spa.poli.digital/static/js/main.b10d375c.js:1
[    4630ms] [LOG] websocket on close - ws_unauthorized false @ https://app-spa.poli.digital/static/js/main.b10d375c.js:1
[    4632ms] [LOG] websocket on close - ws_unauthorized false @ https://app-spa.poli.digital/static/js/main.b10d375c.js:1
[    6049ms] [WARNING] The resource https://fonts.googleapis.com/css2?family=Raleway:wght@400;500;600 was preloaded using link preload but not used within a few seconds from the window's load event. Please make sure it has an appropriate `as` value and it is preloaded intentionally. @ https://app-spa.poli.digital/chat:0
[    6087ms] [WARNING] The resource https://fonts.googleapis.com/css2?family=Rubik:wght@400;500;600 was preloaded using link preload but not used within a few seconds from the window's load event. Please make sure it has an appropriate `as` value and it is preloaded intentionally. @ https://app-spa.poli.digital/chat:0
[    6499ms] [LOG] User Guiding identify running @ https://app-spa.poli.digital/static/js/main.b10d375c.js:1
[    7178ms] [ERROR] WebSocket connection to 'wss://ms.poli.digital/spa-websocket-ativo?auth_token=eyJhbGciOiJIUzI1NiIsInR5cCI6IkpXVCJ9.eyJzY29wZSI6InBvbGlfdXNlciIsInVzZXIiOnsiaWQiOjExMzY3NiwiZW1haWwiOiJvcGVyYWRvcmNhbmFyaW9AcG9saS5kaWdpdGFsIiwibmFtZSI6IiIsImN1c3RvbWVyX2lkIjo0NjY2NywiY3VzdG9tZXJzIjpbNDY2NjddLCJyb2xlcyI6WzJdLCJwZXJtaXNzaW9ucyI6W119LCJwZXJtaXNzaW9ucyI6W10sImlhdCI6MTc4MTYwODkxMSwiZXhwIjoxNzgxNjk1MzExfQ.DCIK-M-2_ragZZd8s5sy-RjDQnisN-CH4ixh1zZWnFM&customer_id=46667' failed: HTTP Authentication failed; no valid credentials available @ https://app-spa.poli.digital/static/js/main.b10d375c.js:1
[    7179ms] [LOG] websocket on close - ws_unauthorized false @ https://app-spa.poli.digital/static/js/main.b10d375c.js:1
[    7207ms] [ERROR] WebSocket connection to 'wss://dispatch-wss.poli.digital/?auth_token=eyJhbGciOiJIUzI1NiIsInR5cCI6IkpXVCJ9.eyJzY29wZSI6InBvbGlfdXNlciIsInVzZXIiOnsiaWQiOjExMzY3NiwiZW1haWwiOiJvcGVyYWRvcmNhbmFyaW9AcG9saS5kaWdpdGFsIiwibmFtZSI6IiIsImN1c3RvbWVyX2lkIjo0NjY2NywiY3VzdG9tZXJzIjpbNDY2NjddLCJyb2xlcyI6WzJdLCJwZXJtaXNzaW9ucyI6W119LCJwZXJtaXNzaW9ucyI6W10sImlhdCI6MTc4MTYwODkxMSwiZXhwIjoxNzgxNjk1MzExfQ.DCIK-M-2_ragZZd8s5sy-RjDQnisN-CH4ixh1zZWnFM&customer_id=46667' failed: HTTP Authentication failed; no valid credentials available @ https://app-spa.poli.digital/static/js/main.b10d375c.js:1
[    7207ms] [LOG] websocket on close - ws_unauthorized false @ https://app-spa.poli.digital/static/js/main.b10d375c.js:1
[    8496ms] [LOG] User Guiding identify running @ https://app-spa.poli.digital/static/js/main.b10d375c.js:1
[   10486ms] [LOG] User Guiding identify running @ https://app-spa.poli.digital/static/js/main.b10d375c.js:1
[   11741ms] [ERROR] WebSocket connection to 'wss://ms.poli.digital/spa-websocket-ativo?auth_token=eyJhbGciOiJIUzI1NiIsInR5cCI6IkpXVCJ9.eyJzY29wZSI6InBvbGlfdXNlciIsInVzZXIiOnsiaWQiOjExMzY3NiwiZW1haWwiOiJvcGVyYWRvcmNhbmFyaW9AcG9saS5kaWdpdGFsIiwibmFtZSI6IiIsImN1c3RvbWVyX2lkIjo0NjY2NywiY3VzdG9tZXJzIjpbNDY2NjddLCJyb2xlcyI6WzJdLCJwZXJtaXNzaW9ucyI6W119LCJwZXJtaXNzaW9ucyI6W10sImlhdCI6MTc4MTYwODkxMSwiZXhwIjoxNzgxNjk1MzExfQ.DCIK-M-2_ragZZd8s5sy-RjDQnisN-CH4ixh1zZWnFM&customer_id=46667' failed: HTTP Authentication failed; no valid credentials available @ https://app-spa.poli.digital/static/js/main.b10d375c.js:1
[   11745ms] [LOG] websocket on close - ws_unauthorized false @ https://app-spa.poli.digital/static/js/main.b10d375c.js:1
[   11784ms] [ERROR] WebSocket connection to 'wss://dispatch-wss.poli.digital/?auth_token=eyJhbGciOiJIUzI1NiIsInR5cCI6IkpXVCJ9.eyJzY29wZSI6InBvbGlfdXNlciIsInVzZXIiOnsiaWQiOjExMzY3NiwiZW1haWwiOiJvcGVyYWRvcmNhbmFyaW9AcG9saS5kaWdpdGFsIiwibmFtZSI6IiIsImN1c3RvbWVyX2lkIjo0NjY2NywiY3VzdG9tZXJzIjpbNDY2NjddLCJyb2xlcyI6WzJdLCJwZXJtaXNzaW9ucyI6W119LCJwZXJtaXNzaW9ucyI6W10sImlhdCI6MTc4MTYwODkxMSwiZXhwIjoxNzgxNjk1MzExfQ.DCIK-M-2_ragZZd8s5sy-RjDQnisN-CH4ixh1zZWnFM&customer_id=46667' failed: HTTP Authentication failed; no valid credentials available @ https://app-spa.poli.digital/static/js/main.b10d375c.js:1
[   11784ms] [LOG] websocket on close - ws_unauthorized false @ https://app-spa.poli.digital/static/js/main.b10d375c.js:1
[   12491ms] [LOG] User Guiding identify running @ https://app-spa.poli.digital/static/js/main.b10d375c.js:1
[   14495ms] [LOG] User Guiding identify running @ https://app-spa.poli.digital/static/js/main.b10d375c.js:1
[   16489ms] [LOG] User Guiding identify running @ https://app-spa.poli.digital/static/js/main.b10d375c.js:1
[   18486ms] [LOG] User Guiding identify running @ https://app-spa.poli.digital/static/js/main.b10d375c.js:1
[   20355ms] [ERROR] WebSocket connection to 'wss://ms.poli.digital/spa-websocket-ativo?auth_token=eyJhbGciOiJIUzI1NiIsInR5cCI6IkpXVCJ9.eyJzY29wZSI6InBvbGlfdXNlciIsInVzZXIiOnsiaWQiOjExMzY3NiwiZW1haWwiOiJvcGVyYWRvcmNhbmFyaW9AcG9saS5kaWdpdGFsIiwibmFtZSI6IiIsImN1c3RvbWVyX2lkIjo0NjY2NywiY3VzdG9tZXJzIjpbNDY2NjddLCJyb2xlcyI6WzJdLCJwZXJtaXNzaW9ucyI6W119LCJwZXJtaXNzaW9ucyI6W10sImlhdCI6MTc4MTYwODkxMSwiZXhwIjoxNzgxNjk1MzExfQ.DCIK-M-2_ragZZd8s5sy-RjDQnisN-CH4ixh1zZWnFM&customer_id=46667' failed: HTTP Authentication failed; no valid credentials available @ https://app-spa.poli.digital/static/js/main.b10d375c.js:1
[   20357ms] [LOG] websocket on close - ws_unauthorized false @ https://app-spa.poli.digital/static/js/main.b10d375c.js:1
[   20450ms] [ERROR] WebSocket connection to 'wss://dispatch-wss.poli.digital/?auth_token=eyJhbGciOiJIUzI1NiIsInR5cCI6IkpXVCJ9.eyJzY29wZSI6InBvbGlfdXNlciIsInVzZXIiOnsiaWQiOjExMzY3NiwiZW1haWwiOiJvcGVyYWRvcmNhbmFyaW9AcG9saS5kaWdpdGFsIiwibmFtZSI6IiIsImN1c3RvbWVyX2lkIjo0NjY2NywiY3VzdG9tZXJzIjpbNDY2NjddLCJyb2xlcyI6WzJdLCJwZXJtaXNzaW9ucyI6W119LCJwZXJtaXNzaW9ucyI6W10sImlhdCI6MTc4MTYwODkxMSwiZXhwIjoxNzgxNjk1MzExfQ.DCIK-M-2_ragZZd8s5sy-RjDQnisN-CH4ixh1zZWnFM&customer_id=46667' failed: HTTP Authentication failed; no valid credentials available @ https://app-spa.poli.digital/static/js/main.b10d375c.js:1
[   20450ms] [LOG] websocket on close - ws_unauthorized false @ https://app-spa.poli.digital/static/js/main.b10d375c.js:1
[   20494ms] [LOG] User Guiding identify running @ https://app-spa.poli.digital/static/js/main.b10d375c.js:1
[   22492ms] [LOG] User Guiding identify running @ https://app-spa.poli.digital/static/js/main.b10d375c.js:1
[   24486ms] [LOG] User Guiding identify running @ https://app-spa.poli.digital/static/js/main.b10d375c.js:1
[   26485ms] [LOG] User Guiding identify running @ https://app-spa.poli.digital/static/js/main.b10d375c.js:1
[   28492ms] [LOG] User Guiding identify running @ https://app-spa.poli.digital/static/js/main.b10d375c.js:1
[   30480ms] [LOG] User Guiding identify running @ https://app-spa.poli.digital/static/js/main.b10d375c.js:1
[   31097ms] [ERROR] WebSocket connection to 'wss://ms.poli.digital/spa-websocket-ativo?auth_token=eyJhbGciOiJIUzI1NiIsInR5cCI6IkpXVCJ9.eyJzY29wZSI6InBvbGlfdXNlciIsInVzZXIiOnsiaWQiOjExMzY3NiwiZW1haWwiOiJvcGVyYWRvcmNhbmFyaW9AcG9saS5kaWdpdGFsIiwibmFtZSI6IiIsImN1c3RvbWVyX2lkIjo0NjY2NywiY3VzdG9tZXJzIjpbNDY2NjddLCJyb2xlcyI6WzJdLCJwZXJtaXNzaW9ucyI6W119LCJwZXJtaXNzaW9ucyI6W10sImlhdCI6MTc4MTYwODkxMSwiZXhwIjoxNzgxNjk1MzExfQ.DCIK-M-2_ragZZd8s5sy-RjDQnisN-CH4ixh1zZWnFM&customer_id=46667' failed: HTTP Authentication failed; no valid credentials available @ https://app-spa.poli.digital/static/js/main.b10d375c.js:1
[   31098ms] [LOG] websocket on close - ws_unauthorized false @ https://app-spa.poli.digital/static/js/main.b10d375c.js:1
[   31172ms] [ERROR] WebSocket connection to 'wss://dispatch-wss.poli.digital/?auth_token=eyJhbGciOiJIUzI1NiIsInR5cCI6IkpXVCJ9.eyJzY29wZSI6InBvbGlfdXNlciIsInVzZXIiOnsiaWQiOjExMzY3NiwiZW1haWwiOiJvcGVyYWRvcmNhbmFyaW9AcG9saS5kaWdpdGFsIiwibmFtZSI6IiIsImN1c3RvbWVyX2lkIjo0NjY2NywiY3VzdG9tZXJzIjpbNDY2NjddLCJyb2xlcyI6WzJdLCJwZXJtaXNzaW9ucyI6W119LCJwZXJtaXNzaW9ucyI6W10sImlhdCI6MTc4MTYwODkxMSwiZXhwIjoxNzgxNjk1MzExfQ.DCIK-M-2_ragZZd8s5sy-RjDQnisN-CH4ixh1zZWnFM&customer_id=46667' failed: HTTP Authentication failed; no valid credentials available @ https://app-spa.poli.digital/static/js/main.b10d375c.js:1
[   31173ms] [LOG] websocket on close - ws_unauthorized false @ https://app-spa.poli.digital/static/js/main.b10d375c.js:1
[   32493ms] [LOG] User Guiding identify running @ https://app-spa.poli.digital/static/js/main.b10d375c.js:1
[   34514ms] [LOG] User Guiding identify running @ https://app-spa.poli.digital/static/js/main.b10d375c.js:1
[   36490ms] [LOG] User Guiding identify running @ https://app-spa.poli.digital/static/js/main.b10d375c.js:1
[   38483ms] [LOG] User Guiding identify running @ https://app-spa.poli.digital/static/js/main.b10d375c.js:1
[   40490ms] [LOG] User Guiding identify running @ https://app-spa.poli.digital/static/js/main.b10d375c.js:1
[   42320ms] [ERROR] WebSocket connection to 'wss://ms.poli.digital/spa-websocket-ativo?auth_token=eyJhbGciOiJIUzI1NiIsInR5cCI6IkpXVCJ9.eyJzY29wZSI6InBvbGlfdXNlciIsInVzZXIiOnsiaWQiOjExMzY3NiwiZW1haWwiOiJvcGVyYWRvcmNhbmFyaW9AcG9saS5kaWdpdGFsIiwibmFtZSI6IiIsImN1c3RvbWVyX2lkIjo0NjY2NywiY3VzdG9tZXJzIjpbNDY2NjddLCJyb2xlcyI6WzJdLCJwZXJtaXNzaW9ucyI6W119LCJwZXJtaXNzaW9ucyI6W10sImlhdCI6MTc4MTYwODkxMSwiZXhwIjoxNzgxNjk1MzExfQ.DCIK-M-2_ragZZd8s5sy-RjDQnisN-CH4ixh1zZWnFM&customer_id=46667' failed: HTTP Authentication failed; no valid credentials available @ https://app-spa.poli.digital/static/js/main.b10d375c.js:1
[   42321ms] [LOG] websocket on close - ws_unauthorized false @ https://app-spa.poli.digital/static/js/main.b10d375c.js:1
[   42437ms] [ERROR] WebSocket connection to 'wss://dispatch-wss.poli.digital/?auth_token=eyJhbGciOiJIUzI1NiIsInR5cCI6IkpXVCJ9.eyJzY29wZSI6InBvbGlfdXNlciIsInVzZXIiOnsiaWQiOjExMzY3NiwiZW1haWwiOiJvcGVyYWRvcmNhbmFyaW9AcG9saS5kaWdpdGFsIiwibmFtZSI6IiIsImN1c3RvbWVyX2lkIjo0NjY2NywiY3VzdG9tZXJzIjpbNDY2NjddLCJyb2xlcyI6WzJdLCJwZXJtaXNzaW9ucyI6W119LCJwZXJtaXNzaW9ucyI6W10sImlhdCI6MTc4MTYwODkxMSwiZXhwIjoxNzgxNjk1MzExfQ.DCIK-M-2_ragZZd8s5sy-RjDQnisN-CH4ixh1zZWnFM&customer_id=46667' failed: HTTP Authentication failed; no valid credentials available @ https://app-spa.poli.digital/static/js/main.b10d375c.js:1
[   42437ms] [LOG] websocket on close - ws_unauthorized false @ https://app-spa.poli.digital/static/js/main.b10d375c.js:1
[   42491ms] [LOG] User Guiding identify running @ https://app-spa.poli.digital/static/js/main.b10d375c.js:1
[   44490ms] [LOG] User Guiding identify running @ https://app-spa.poli.digital/static/js/main.b10d375c.js:1
[   46492ms] [LOG] User Guiding identify running @ https://app-spa.poli.digital/static/js/main.b10d375c.js:1
[   48491ms] [LOG] User Guiding identify running @ https://app-spa.poli.digital/static/js/main.b10d375c.js:1
[   50492ms] [LOG] User Guiding identify running @ https://app-spa.poli.digital/static/js/main.b10d375c.js:1
[   52494ms] [LOG] User Guiding identify running @ https://app-spa.poli.digital/static/js/main.b10d375c.js:1
[   54188ms] [ERROR] WebSocket connection to 'wss://dispatch-wss.poli.digital/?auth_token=eyJhbGciOiJIUzI1NiIsInR5cCI6IkpXVCJ9.eyJzY29wZSI6InBvbGlfdXNlciIsInVzZXIiOnsiaWQiOjExMzY3NiwiZW1haWwiOiJvcGVyYWRvcmNhbmFyaW9AcG9saS5kaWdpdGFsIiwibmFtZSI6IiIsImN1c3RvbWVyX2lkIjo0NjY2NywiY3VzdG9tZXJzIjpbNDY2NjddLCJyb2xlcyI6WzJdLCJwZXJtaXNzaW9ucyI6W119LCJwZXJtaXNzaW9ucyI6W10sImlhdCI6MTc4MTYwODkxMSwiZXhwIjoxNzgxNjk1MzExfQ.DCIK-M-2_ragZZd8s5sy-RjDQnisN-CH4ixh1zZWnFM&customer_id=46667' failed: HTTP Authentication failed; no valid credentials available @ https://app-spa.poli.digital/static/js/main.b10d375c.js:1
[   54189ms] [LOG] websocket on close - ws_unauthorized false @ https://app-spa.poli.digital/static/js/main.b10d375c.js:1
[   54483ms] [LOG] User Guiding identify running @ https://app-spa.poli.digital/static/js/main.b10d375c.js:1
[   55527ms] [ERROR] WebSocket connection to 'wss://ms.poli.digital/spa-websocket-ativo?auth_token=eyJhbGciOiJIUzI1NiIsInR5cCI6IkpXVCJ9.eyJzY29wZSI6InBvbGlfdXNlciIsInVzZXIiOnsiaWQiOjExMzY3NiwiZW1haWwiOiJvcGVyYWRvcmNhbmFyaW9AcG9saS5kaWdpdGFsIiwibmFtZSI6IiIsImN1c3RvbWVyX2lkIjo0NjY2NywiY3VzdG9tZXJzIjpbNDY2NjddLCJyb2xlcyI6WzJdLCJwZXJtaXNzaW9ucyI6W119LCJwZXJtaXNzaW9ucyI6W10sImlhdCI6MTc4MTYwODkxMSwiZXhwIjoxNzgxNjk1MzExfQ.DCIK-M-2_ragZZd8s5sy-RjDQnisN-CH4ixh1zZWnFM&customer_id=46667' failed: HTTP Authentication failed; no valid credentials available @ https://app-spa.poli.digital/static/js/main.b10d375c.js:1
[   55528ms] [LOG] websocket on close - ws_unauthorized false @ https://app-spa.poli.digital/static/js/main.b10d375c.js:1
[   56485ms] [LOG] User Guiding identify running @ https://app-spa.poli.digital/static/js/main.b10d375c.js:1
[   58496ms] [LOG] User Guiding identify running @ https://app-spa.poli.digital/static/js/main.b10d375c.js:1
[   60494ms] [LOG] User Guiding identify running @ https://app-spa.poli.digital/static/js/main.b10d375c.js:1
[   62492ms] [LOG] User Guiding identify running @ https://app-spa.poli.digital/static/js/main.b10d375c.js:1
[   64487ms] [LOG] User Guiding identify running @ https://app-spa.poli.digital/static/js/main.b10d375c.js:1
[   66491ms] [LOG] User Guiding identify running @ https://app-spa.poli.digital/static/js/main.b10d375c.js:1
[   67452ms] [ERROR] WebSocket connection to 'wss://dispatch-wss.poli.digital/?auth_token=eyJhbGciOiJIUzI1NiIsInR5cCI6IkpXVCJ9.eyJzY29wZSI6InBvbGlfdXNlciIsInVzZXIiOnsiaWQiOjExMzY3NiwiZW1haWwiOiJvcGVyYWRvcmNhbmFyaW9AcG9saS5kaWdpdGFsIiwibmFtZSI6IiIsImN1c3RvbWVyX2lkIjo0NjY2NywiY3VzdG9tZXJzIjpbNDY2NjddLCJyb2xlcyI6WzJdLCJwZXJtaXNzaW9ucyI6W119LCJwZXJtaXNzaW9ucyI6W10sImlhdCI6MTc4MTYwODkxMSwiZXhwIjoxNzgxNjk1MzExfQ.DCIK-M-2_ragZZd8s5sy-RjDQnisN-CH4ixh1zZWnFM&customer_id=46667' failed: HTTP Authentication failed; no valid credentials available @ https://app-spa.poli.digital/static/js/main.b10d375c.js:1
[   67452ms] [LOG] websocket on close - ws_unauthorized false @ https://app-spa.poli.digital/static/js/main.b10d375c.js:1
[   68497ms] [LOG] User Guiding identify running @ https://app-spa.poli.digital/static/js/main.b10d375c.js:1
[   70477ms] [ERROR] WebSocket connection to 'wss://ms.poli.digital/spa-websocket-ativo?auth_token=eyJhbGciOiJIUzI1NiIsInR5cCI6IkpXVCJ9.eyJzY29wZSI6InBvbGlfdXNlciIsInVzZXIiOnsiaWQiOjExMzY3NiwiZW1haWwiOiJvcGVyYWRvcmNhbmFyaW9AcG9saS5kaWdpdGFsIiwibmFtZSI6IiIsImN1c3RvbWVyX2lkIjo0NjY2NywiY3VzdG9tZXJzIjpbNDY2NjddLCJyb2xlcyI6WzJdLCJwZXJtaXNzaW9ucyI6W119LCJwZXJtaXNzaW9ucyI6W10sImlhdCI6MTc4MTYwODkxMSwiZXhwIjoxNzgxNjk1MzExfQ.DCIK-M-2_ragZZd8s5sy-RjDQnisN-CH4ixh1zZWnFM&customer_id=46667' failed: HTTP Authentication failed; no valid credentials available @ https://app-spa.poli.digital/static/js/main.b10d375c.js:1
[   70477ms] [LOG] websocket on close - ws_unauthorized false @ https://app-spa.poli.digital/static/js/main.b10d375c.js:1
[   70485ms] [LOG] User Guiding identify running @ https://app-spa.poli.digital/static/js/main.b10d375c.js:1
[   72488ms] [LOG] User Guiding identify running @ https://app-spa.poli.digital/static/js/main.b10d375c.js:1
