[     607ms] [LOG] i18next: languageChanged pt @ https://spa.qa.poli.digital/assets/index-DS8iyN8b.js:101
[     608ms] [LOG] i18next: initialized {debug: true, initAsync: true, ns: Array(1), defaultNS: Array(1), fallbackLng: Array(1)} @ https://spa.qa.poli.digital/assets/index-DS8iyN8b.js:101
[     666ms] [WARNING] Replay is disabled because neither `replaysSessionSampleRate` nor `replaysOnErrorSampleRate` are set. @ https://spa.qa.poli.digital/assets/index-DS8iyN8b.js:76
[     709ms] [LOG] i18next: languageChanged pt @ https://spa.qa.poli.digital/assets/index-DS8iyN8b.js:69
[    1147ms] [INFO] WebSocket: Conexão estabelecida @ https://spa.qa.poli.digital/assets/index-DS8iyN8b.js:69
[   13587ms] [LOG] i18next: languageChanged pt @ https://spa.qa.poli.digital/assets/index-DS8iyN8b.js:69
[   15341ms] [ERROR] Failed to load resource: the server responded with a status of 403 () @ https://pps.whatsapp.net/v/t61.24694-24/595272057_1667995137658708_7850599022326744246_n.jpg?ccb=11-4&oh=01_Q5Aa4gHkXxxR46L8nAbyFfwQeSggT_NXE38DMcftWEFKEXRQ_Q&oe=6A1BEBD7&_nc_sid=5e03e0&_nc_cat=111:0
[   33747ms] [ERROR] Failed to load resource: the server responded with a status of 404 () @ https://waba-webhook.qa.poli.digital/:0
[   33922ms] [ERROR] Failed to load resource: the server responded with a status of 404 () @ https://waba-webhook.qa.poli.digital/webhook:0
[   34070ms] [ERROR] Failed to load resource: net::ERR_NAME_NOT_RESOLVED @ https://waba-webhook-staging.poli.digital/webhook:0
[   34241ms] [ERROR] Failed to load resource: the server responded with a status of 404 () @ https://waba-webhook.qa.poli.digital/health:0
[   74461ms] [ERROR] Failed to load resource: the server responded with a status of 403 () @ https://waba-webhook.qa.poli.digital/waba-webhook/webhook:0
[ 5699950ms] [ERROR] Failed to load resource: the server responded with a status of 404 () @ https://heimdall.qa.poli.digital/auth/inactivity:0
[ 5700053ms] AxiosError: Request failed with status code 404
    at W2e (https://spa.qa.poli.digital/assets/index-DS8iyN8b.js:1001:10177)
    at XMLHttpRequest.w (https://spa.qa.poli.digital/assets/index-DS8iyN8b.js:1001:15705)
[ 7888726ms] [LOG] i18next: languageChanged pt @ https://spa.qa.poli.digital/assets/index-DS8iyN8b.js:101
[ 7888727ms] [LOG] i18next: initialized {debug: true, initAsync: true, ns: Array(1), defaultNS: Array(1), fallbackLng: Array(1)} @ https://spa.qa.poli.digital/assets/index-DS8iyN8b.js:101
[ 7888838ms] [WARNING] Replay is disabled because neither `replaysSessionSampleRate` nor `replaysOnErrorSampleRate` are set. @ https://spa.qa.poli.digital/assets/index-DS8iyN8b.js:76
[ 7889529ms] [INFO] WebSocket: Conexão estabelecida @ https://spa.qa.poli.digital/assets/index-DS8iyN8b.js:69
[ 7889539ms] [ERROR] Failed to load resource: the server responded with a status of 401 () @ https://foundation-api.qa.poli.digital/v3/accounts/balance/9b8af98e-73f4-4fe9-b33b-7aa47b0369bf:0
[ 7889543ms] [ERROR] Failed to load resource: the server responded with a status of 401 () @ https://foundation-api.qa.poli.digital/v3/accounts/non-payment/9b8af98e-73f4-4fe9-b33b-7aa47b0369bf:0
[ 7889651ms] [ERROR] Failed to load resource: the server responded with a status of 401 () @ https://foundation-api.qa.poli.digital/v3/accounts/9b8af98e-73f4-4fe9-b33b-7aa47b0369bf/chats?include=type,chat_status,read_status,attributes,attendant,team,last_message,tags,unread_messages&status=OPEN&assigned_status=ASSIGNED&order=-date_last_message:0
[ 7889654ms] [ERROR] Failed to load resource: the server responded with a status of 401 () @ https://foundation-api.qa.poli.digital/v3/settings:0
[ 7889662ms] [ERROR] Failed to load resource: the server responded with a status of 401 () @ https://foundation-api.qa.poli.digital/v3/accounts/9b8af98e-73f4-4fe9-b33b-7aa47b0369bf/account-channels?include=uuid,uid,name,status,provider,integrator,metadata&page=1:0
[ 7889662ms] [ERROR] Failed to load resource: the server responded with a status of 401 () @ https://foundation-api.qa.poli.digital/v3/users/settings/summary:0
[ 7889664ms] [ERROR] Failed to load resource: the server responded with a status of 401 () @ https://foundation-api.qa.poli.digital/v3/crm/index:0
[ 7889722ms] [ERROR] Failed to load resource: the server responded with a status of 401 () @ https://foundation-api.qa.poli.digital/v3/accounts/payment-due-alert:0
[ 7889733ms] [ERROR] Failed to load resource: the server responded with a status of 401 () @ https://foundation-api.qa.poli.digital/v3/accounts/9b8af98e-73f4-4fe9-b33b-7aa47b0369bf/chats/pinned:0
[ 7889899ms] [ERROR] Failed to load resource: the server responded with a status of 401 () @ https://foundation-api.qa.poli.digital/v3/broadcasting/auth:0
[ 7891840ms] [ERROR] Failed to load resource: the server responded with a status of 403 () @ https://pps.whatsapp.net/v/t61.24694-24/595272057_1667995137658708_7850599022326744246_n.jpg?ccb=11-4&oh=01_Q5Aa4gHkXxxR46L8nAbyFfwQeSggT_NXE38DMcftWEFKEXRQ_Q&oe=6A1BEBD7&_nc_sid=5e03e0&_nc_cat=111:0
[ 7893882ms] Identifier 'TCRMEmbed' has already been declared
