[    2036ms] [LOG] i18next: languageChanged pt @ https://spa-canary.poli.digital/assets/index-DjxF6uES.js:101
[    2036ms] [LOG] i18next: initialized {debug: true, initAsync: true, ns: Array(1), defaultNS: Array(1), fallbackLng: Array(1)} @ https://spa-canary.poli.digital/assets/index-DjxF6uES.js:101
[    2219ms] [WARNING] Replay is disabled because neither `replaysSessionSampleRate` nor `replaysOnErrorSampleRate` are set. @ https://spa-canary.poli.digital/assets/index-DjxF6uES.js:76
[    2844ms] [INFO] WebSocket: Conexão estabelecida @ https://spa-canary.poli.digital/assets/index-DjxF6uES.js:69
[    3629ms] [ERROR] Failed to load resource: the server responded with a status of 401 () @ https://foundation-api-canary.poli.digital/v3/accounts/balance/f4cf01a3-47b6-11f0-a21f-02f29315759f:0
[    3685ms] [ERROR] Failed to load resource: the server responded with a status of 401 () @ https://foundation-api-canary.poli.digital/v3/settings:0
[    3686ms] [ERROR] Failed to load resource: the server responded with a status of 401 () @ https://foundation-api-canary.poli.digital/v3/accounts/f4cf01a3-47b6-11f0-a21f-02f29315759f/chats?include=type,chat_status,read_status,attributes,attendant,team,last_message,tags,unread_messages&status=OPEN&assigned_status=ASSIGNED&order=-date_last_message&contact_type=WITHOUT_CAMPAIGN:0
[    3688ms] [ERROR] Failed to load resource: the server responded with a status of 401 () @ https://foundation-api-canary.poli.digital/v3/accounts/f4cf01a3-47b6-11f0-a21f-02f29315759f/account-channels?include=uuid,uid,name,status,provider,integrator,metadata&page=1:0
[    3689ms] [ERROR] Failed to load resource: the server responded with a status of 401 () @ https://foundation-api-canary.poli.digital/v3/users/settings/summary:0
[    3693ms] [ERROR] Failed to load resource: the server responded with a status of 401 () @ https://foundation-api-canary.poli.digital/v3/accounts/f4cf01a3-47b6-11f0-a21f-02f29315759f/chats/pinned:0
[    3694ms] [ERROR] Failed to load resource: the server responded with a status of 401 () @ https://foundation-api-canary.poli.digital/v3/crm/index:0
[    3737ms] [ERROR] Failed to load resource: the server responded with a status of 401 () @ https://foundation-api-canary.poli.digital/v3/accounts/non-payment/f4cf01a3-47b6-11f0-a21f-02f29315759f:0
[    3931ms] [ERROR] Failed to load resource: the server responded with a status of 401 () @ https://foundation-api-canary.poli.digital/v3/broadcasting/auth:0
[    4158ms] [ERROR] Failed to load resource: the server responded with a status of 401 () @ https://heimdall.poli.digital/auth/refresh-token:0
[    4163ms] [ERROR] Erro na requisição de refresh token: AxiosError: Request failed with status code 401
    at kBe (https://spa-canary.poli.digital/assets/index-DjxF6uES.js:1105:10207)
    at XMLHttpRequest.x (https://spa-canary.poli.digital/assets/index-DjxF6uES.js:1105:15780)
    at w2.request (https://spa-canary.poli.digital/assets/index-DjxF6uES.js:1107:2243)
    at async BMt (https://spa-canary.poli.digital/assets/index-DjxF6uES.js:1111:9402)
    at async https://spa-canary.poli.digital/assets/index-DjxF6uES.js:1111:10749
    at async w2.request (https://spa-canary.poli.digital/assets/index-DjxF6uES.js:1107:2147)
    at async _E.getPanelCredits (https://spa-canary.poli.digital/assets/index-DjxF6uES.js:1826:552) @ https://spa-canary.poli.digital/assets/index-DjxF6uES.js:69
[    4164ms] [ERROR] AxiosError: Request failed with status code 401
    at kBe (https://spa-canary.poli.digital/assets/index-DjxF6uES.js:1105:10207)
    at XMLHttpRequest.x (https://spa-canary.poli.digital/assets/index-DjxF6uES.js:1105:15780)
    at w2.request (https://spa-canary.poli.digital/assets/index-DjxF6uES.js:1107:2243)
    at async BMt (https://spa-canary.poli.digital/assets/index-DjxF6uES.js:1111:9402)
    at async https://spa-canary.poli.digital/assets/index-DjxF6uES.js:1111:10749
    at async w2.request (https://spa-canary.poli.digital/assets/index-DjxF6uES.js:1107:2147)
    at async _E.getPanelCredits (https://spa-canary.poli.digital/assets/index-DjxF6uES.js:1826:552) @ https://spa-canary.poli.digital/assets/index-DjxF6uES.js:69
[    4167ms] [ERROR] [UserPreferencesService] Failed to get summary: Error: AxiosError: Request failed with status code 401
    at https://spa-canary.poli.digital/assets/index-DjxF6uES.js:1111:10716
    at async w2.request (https://spa-canary.poli.digital/assets/index-DjxF6uES.js:1107:2147)
    at async Ume.getSummary (https://spa-canary.poli.digital/assets/index-DjxF6uES.js:2241:2754)
    at async https://spa-canary.poli.digital/assets/index-DjxF6uES.js:2241:3455 @ https://spa-canary.poli.digital/assets/index-DjxF6uES.js:69
[    4168ms] [ERROR] [useUserPreferences] Error: Error: AxiosError: Request failed with status code 401
    at https://spa-canary.poli.digital/assets/index-DjxF6uES.js:1111:10716
    at async w2.request (https://spa-canary.poli.digital/assets/index-DjxF6uES.js:1107:2147)
    at async Ume.getSummary (https://spa-canary.poli.digital/assets/index-DjxF6uES.js:2241:2754)
    at async https://spa-canary.poli.digital/assets/index-DjxF6uES.js:2241:3455 @ https://spa-canary.poli.digital/assets/index-DjxF6uES.js:69
[    4168ms] [ERROR] getCrmUserToken - Error on get crm user token: Error: AxiosError: Request failed with status code 401
    at https://spa-canary.poli.digital/assets/index-DjxF6uES.js:1111:10716
    at async w2.request (https://spa-canary.poli.digital/assets/index-DjxF6uES.js:1107:2147)
    at async uz.getUserToken (https://spa-canary.poli.digital/assets/index-DjxF6uES.js:2236:44294)
    at async https://spa-canary.poli.digital/assets/index-DjxF6uES.js:2236:44585 @ https://spa-canary.poli.digital/assets/index-DjxF6uES.js:69
[    4168ms] [ERROR] Error: AxiosError: Request failed with status code 401
    at https://spa-canary.poli.digital/assets/index-DjxF6uES.js:1111:10716
    at async w2.request (https://spa-canary.poli.digital/assets/index-DjxF6uES.js:1107:2147)
    at async c0n.getOverdueAccounts (https://spa-canary.poli.digital/assets/index-DjxF6uES.js:2253:44740)
    at async https://spa-canary.poli.digital/assets/index-DjxF6uES.js:2579:5310 @ https://spa-canary.poli.digital/assets/index-DjxF6uES.js:69
[    4169ms] [ERROR] error ao buscar chats Error: AxiosError: Request failed with status code 401
    at https://spa-canary.poli.digital/assets/index-DjxF6uES.js:1111:10716
    at async w2.request (https://spa-canary.poli.digital/assets/index-DjxF6uES.js:1107:2147)
    at async imn (https://spa-canary.poli.digital/assets/index-DjxF6uES.js:2237:80223)
    at async C (https://spa-canary.poli.digital/assets/index-DjxF6uES.js:54:37980)
    at async Object.u [as fn] (https://spa-canary.poli.digital/assets/index-DjxF6uES.js:54:38287) @ https://spa-canary.poli.digital/assets/index-DjxF6uES.js:69
[    4586ms] [ERROR] Failed to load resource: the server responded with a status of 401 () @ https://foundation-api-canary.poli.digital/v3/accounts/balance/f4cf01a3-47b6-11f0-a21f-02f29315759f:0
[    4648ms] [INFO] WebSocket: Conexão finalizada @ https://spa-canary.poli.digital/assets/index-DjxF6uES.js:69
[    5524ms] [LOG] i18next: languageChanged pt @ https://spa-canary.poli.digital/assets/index-DjxF6uES.js:101
[    5525ms] [LOG] i18next: initialized {debug: true, initAsync: true, ns: Array(1), defaultNS: Array(1), fallbackLng: Array(1)} @ https://spa-canary.poli.digital/assets/index-DjxF6uES.js:101
[    5602ms] [WARNING] Replay is disabled because neither `replaysSessionSampleRate` nor `replaysOnErrorSampleRate` are set. @ https://spa-canary.poli.digital/assets/index-DjxF6uES.js:76
[    5670ms] [LOG] i18next: languageChanged pt @ https://spa-canary.poli.digital/assets/index-DjxF6uES.js:69
[    6157ms] [INFO] WebSocket: Conexão estabelecida @ https://spa-canary.poli.digital/assets/index-DjxF6uES.js:69
[   39196ms] [LOG] i18next: languageChanged pt @ https://spa-canary.poli.digital/assets/index-DjxF6uES.js:69
[   74713ms] [LOG] i18next: languageChanged pt @ https://spa-canary.poli.digital/assets/index-DjxF6uES.js:101
[   74713ms] [LOG] i18next: initialized {debug: true, initAsync: true, ns: Array(1), defaultNS: Array(1), fallbackLng: Array(1)} @ https://spa-canary.poli.digital/assets/index-DjxF6uES.js:101
[   74922ms] [WARNING] Replay is disabled because neither `replaysSessionSampleRate` nor `replaysOnErrorSampleRate` are set. @ https://spa-canary.poli.digital/assets/index-DjxF6uES.js:76
[   75320ms] TypeError: Cannot read properties of undefined (reading 'plugin')
    at <anonymous>:1:101
    at <anonymous>:1:126
    at https://www.googletagmanager.com/gtm.js?id=GTM-M2LRLQN:904:429
    at aS (https://www.googletagmanager.com/gtm.js?id=GTM-M2LRLQN:906:31)
    at Od.$R (https://www.googletagmanager.com/gtm.js?id=GTM-M2LRLQN:903:92)
    at Od.<anonymous> (https://www.googletagmanager.com/gtm.js?id=GTM-M2LRLQN:317:187)
    at k.apply (https://www.googletagmanager.com/gtm.js?id=GTM-M2LRLQN:239:466)
    at hb (https://www.googletagmanager.com/gtm.js?id=GTM-M2LRLQN:201:719)
    at gb (https://www.googletagmanager.com/gtm.js?id=GTM-M2LRLQN:201:470)
    at Od.<anonymous> (https://www.googletagmanager.com/gtm.js?id=GTM-M2LRLQN:263:473)
    at k.apply (https://www.googletagmanager.com/gtm.js?id=GTM-M2LRLQN:239:466)
    at hb (https://www.googletagmanager.com/gtm.js?id=GTM-M2LRLQN:201:719)
    at k.Uq (https://www.googletagmanager.com/gtm.js?id=GTM-M2LRLQN:201:1286)
    at uf (https://www.googletagmanager.com/gtm.js?id=GTM-M2LRLQN:274:960)
    at https://www.googletagmanager.com/gtm.js?id=GTM-M2LRLQN:729:315
    at Mz (https://www.googletagmanager.com/gtm.js?id=GTM-M2LRLQN:632:1)
    at Tz.evaluate (https://www.googletagmanager.com/gtm.js?id=GTM-M2LRLQN:637:289)
    at e (https://www.googletagmanager.com/gtm.js?id=GTM-M2LRLQN:657:170)
    at https://www.googletagmanager.com/gtm.js?id=GTM-M2LRLQN:206:125
    at Array.<anonymous> (https://www.googletagmanager.com/gtm.js?id=GTM-M2LRLQN:658:360)
    at Object.execute (https://www.googletagmanager.com/gtm.js?id=GTM-M2LRLQN:658:100)
    at qB (https://www.googletagmanager.com/gtm.js?id=GTM-M2LRLQN:658:742)
    at tB (https://www.googletagmanager.com/gtm.js?id=GTM-M2LRLQN:662:183)
    at DD (https://www.googletagmanager.com/gtm.js?id=GTM-M2LRLQN:706:231)
    at c.push (https://www.googletagmanager.com/gtm.js?id=GTM-M2LRLQN:710:209)
    at c.push (https://www.googletagmanager.com/gtag/js?id=G-EPZWL6H9X8&cx=c&gtm=4e66g0h1:688:69)
    at c.push (https://www.googletagmanager.com/gtag/js?id=AW-806600684:865:69)
    at c.push (https://www.googletagmanager.com/gtag/js?id=UA-118273772-1&cx=c&gtm=4e66g0:550:69)
    at https://www.googletagmanager.com/gtm.js?id=GTM-M2LRLQN:710:457
    at r (https://spa-canary.poli.digital/assets/index-DjxF6uES.js:70:9827)
[   75366ms] [INFO] WebSocket: Conexão estabelecida @ https://spa-canary.poli.digital/assets/index-DjxF6uES.js:69
[   75908ms] Identifier 'TCRMEmbed' has already been declared
[  170996ms] [ERROR] Failed to load resource: the server responded with a status of 403 () @ https://pps.whatsapp.net/v/t61.24694-24/595305949_1269065788662797_8609307548434085416_n.jpg?ccb=11-4&oh=01_Q5Aa4QEIteV1pbOfXGcUK1_qT45ZeumzhQwQZ8FkRJsCWN0QZw&oe=6A075672&_nc_sid=5e03e0&_nc_cat=106:0
[  332458ms] [ERROR] Failed to load resource: the server responded with a status of 403 () @ https://pps.whatsapp.net/v/t61.24694-24/595305949_1269065788662797_8609307548434085416_n.jpg?ccb=11-4&oh=01_Q5Aa4QEIteV1pbOfXGcUK1_qT45ZeumzhQwQZ8FkRJsCWN0QZw&oe=6A075672&_nc_sid=5e03e0&_nc_cat=106:0
[  498103ms] [ERROR] Failed to load resource: the server responded with a status of 403 () @ https://pps.whatsapp.net/v/t61.24694-24/542807010_1403613948040410_8928128765984600285_n.jpg?ccb=11-4&oh=01_Q5Aa3gEa4y0R9ZoqzFfX-nZ_LCnUfmj8DV__gGsxKIvFKdrQyA&oe=697F6B4F&_nc_sid=5e03e0&_nc_cat=106:0
[  720679ms] [ERROR] Failed to load resource: the server responded with a status of 403 () @ https://pps.whatsapp.net/v/t61.24694-24/542807010_1403613948040410_8928128765984600285_n.jpg?ccb=11-4&oh=01_Q5Aa3gEa4y0R9ZoqzFfX-nZ_LCnUfmj8DV__gGsxKIvFKdrQyA&oe=697F6B4F&_nc_sid=5e03e0&_nc_cat=106:0
[  841967ms] [ERROR] Failed to load resource: the server responded with a status of 403 () @ https://pps.whatsapp.net/v/t61.24694-24/542807010_1403613948040410_8928128765984600285_n.jpg?ccb=11-4&oh=01_Q5Aa3gEa4y0R9ZoqzFfX-nZ_LCnUfmj8DV__gGsxKIvFKdrQyA&oe=697F6B4F&_nc_sid=5e03e0&_nc_cat=106:0
[  847235ms] [ERROR] Failed to load resource: the server responded with a status of 403 () @ https://pps.whatsapp.net/v/t61.24694-24/542807010_1403613948040410_8928128765984600285_n.jpg?ccb=11-4&oh=01_Q5Aa3gEa4y0R9ZoqzFfX-nZ_LCnUfmj8DV__gGsxKIvFKdrQyA&oe=697F6B4F&_nc_sid=5e03e0&_nc_cat=106:0
[  853539ms] [ERROR] Failed to load resource: the server responded with a status of 403 () @ https://pps.whatsapp.net/v/t61.24694-24/542807010_1403613948040410_8928128765984600285_n.jpg?ccb=11-4&oh=01_Q5Aa3gEa4y0R9ZoqzFfX-nZ_LCnUfmj8DV__gGsxKIvFKdrQyA&oe=697F6B4F&_nc_sid=5e03e0&_nc_cat=106:0
[  865890ms] [ERROR] Failed to load resource: the server responded with a status of 403 () @ https://pps.whatsapp.net/v/t61.24694-24/542807010_1403613948040410_8928128765984600285_n.jpg?ccb=11-4&oh=01_Q5Aa3gEa4y0R9ZoqzFfX-nZ_LCnUfmj8DV__gGsxKIvFKdrQyA&oe=697F6B4F&_nc_sid=5e03e0&_nc_cat=106:0
[ 1002525ms] [ERROR] Failed to load resource: the server responded with a status of 403 () @ https://pps.whatsapp.net/v/t61.24694-24/585646416_925138683527947_5707912907733079883_n.jpg?ccb=11-4&oh=01_Q5Aa3wE7Y108EULXqEBoqeJmRcj3hlpbHR2zarGpBnw-jn_1lg&oe=69A9E7E8&_nc_sid=5e03e0&_nc_cat=104:0
[ 1084900ms] [ERROR] Failed to load resource: the server responded with a status of 403 () @ https://pps.whatsapp.net/v/t61.24694-24/534427787_1748899375764631_5076276676405020756_n.jpg?ccb=11-4&oh=01_Q5Aa4AHAadvG8EkwyFJrAUv35afsnj1N-tp7kg6sMwInC96k5w&oe=69C13ADE&_nc_sid=5e03e0&_nc_cat=111:0
[ 1108321ms] [ERROR] Failed to load resource: the server responded with a status of 403 () @ https://pps.whatsapp.net/v/t61.24694-24/542807010_1403613948040410_8928128765984600285_n.jpg?ccb=11-4&oh=01_Q5Aa3gEa4y0R9ZoqzFfX-nZ_LCnUfmj8DV__gGsxKIvFKdrQyA&oe=697F6B4F&_nc_sid=5e03e0&_nc_cat=106:0
[ 1191295ms] [ERROR] Failed to load resource: the server responded with a status of 403 () @ https://pps.whatsapp.net/v/t61.24694-24/542807010_1403613948040410_8928128765984600285_n.jpg?ccb=11-4&oh=01_Q5Aa3gEa4y0R9ZoqzFfX-nZ_LCnUfmj8DV__gGsxKIvFKdrQyA&oe=697F6B4F&_nc_sid=5e03e0&_nc_cat=106:0
[ 1253718ms] [ERROR] Failed to load resource: the server responded with a status of 403 () @ https://pps.whatsapp.net/v/t61.24694-24/542807010_1403613948040410_8928128765984600285_n.jpg?ccb=11-4&oh=01_Q5Aa3gEa4y0R9ZoqzFfX-nZ_LCnUfmj8DV__gGsxKIvFKdrQyA&oe=697F6B4F&_nc_sid=5e03e0&_nc_cat=106:0
[ 1342049ms] [ERROR] Failed to load resource: the server responded with a status of 403 () @ https://pps.whatsapp.net/v/t61.24694-24/542807010_1403613948040410_8928128765984600285_n.jpg?ccb=11-4&oh=01_Q5Aa3gEa4y0R9ZoqzFfX-nZ_LCnUfmj8DV__gGsxKIvFKdrQyA&oe=697F6B4F&_nc_sid=5e03e0&_nc_cat=106:0
[ 1598471ms] [ERROR] Failed to load resource: the server responded with a status of 403 () @ https://pps.whatsapp.net/v/t61.24694-24/595305949_1269065788662797_8609307548434085416_n.jpg?ccb=11-4&oh=01_Q5Aa4QEIteV1pbOfXGcUK1_qT45ZeumzhQwQZ8FkRJsCWN0QZw&oe=6A075672&_nc_sid=5e03e0&_nc_cat=106:0
[ 1983709ms] [ERROR] Failed to load resource: the server responded with a status of 403 () @ https://pps.whatsapp.net/v/t61.24694-24/595305949_1269065788662797_8609307548434085416_n.jpg?ccb=11-4&oh=01_Q5Aa4QEIteV1pbOfXGcUK1_qT45ZeumzhQwQZ8FkRJsCWN0QZw&oe=6A075672&_nc_sid=5e03e0&_nc_cat=106:0
