[     771ms] [LOG] i18next: languageChanged pt @ https://spa-canary.poli.digital/assets/index-BB7gOYo1.js:101
[     771ms] [LOG] i18next: initialized {debug: true, initAsync: true, ns: Array(1), defaultNS: Array(1), fallbackLng: Array(1)} @ https://spa-canary.poli.digital/assets/index-BB7gOYo1.js:101
[     921ms] [WARNING] Replay is disabled because neither `replaysSessionSampleRate` nor `replaysOnErrorSampleRate` are set. @ https://spa-canary.poli.digital/assets/index-BB7gOYo1.js:76
[    1282ms] [ERROR] error ao buscar chats CanceledError: canceled
    at mB (https://spa-canary.poli.digital/assets/index-BB7gOYo1.js:1103:282)
    at _2.Tue (https://spa-canary.poli.digital/assets/index-BB7gOYo1.js:1103:320)
    at async _2.request (https://spa-canary.poli.digital/assets/index-BB7gOYo1.js:1103:2147)
    at async rDt (https://spa-canary.poli.digital/assets/index-BB7gOYo1.js:1137:26220)
    at async C (https://spa-canary.poli.digital/assets/index-BB7gOYo1.js:54:37980)
    at async Object.u [as fn] (https://spa-canary.poli.digital/assets/index-BB7gOYo1.js:54:38287) @ https://spa-canary.poli.digital/assets/index-BB7gOYo1.js:69
[    1563ms] [INFO] WebSocket: Conexão estabelecida @ https://spa-canary.poli.digital/assets/index-BB7gOYo1.js:69
[    2276ms] [ERROR] Failed to load resource: the server responded with a status of 401 () @ https://foundation-api-canary.poli.digital/v3/users/settings/summary:0
[    2280ms] [ERROR] Failed to load resource: the server responded with a status of 401 () @ https://foundation-api-canary.poli.digital/v3/accounts/balance/9b8af98e-73f4-4fe9-b33b-7aa47b0369bf:0
[    2282ms] [ERROR] Failed to load resource: the server responded with a status of 401 () @ https://foundation-api-canary.poli.digital/v3/crm/index:0
[    2311ms] [ERROR] Failed to load resource: the server responded with a status of 401 () @ https://foundation-api-canary.poli.digital/v3/accounts/9b8af98e-73f4-4fe9-b33b-7aa47b0369bf/account-channels?include=uuid,uid,name,status,provider,integrator,metadata&page=1:0
[    2320ms] [ERROR] Failed to load resource: the server responded with a status of 401 () @ https://foundation-api-canary.poli.digital/v3/accounts/non-payment/9b8af98e-73f4-4fe9-b33b-7aa47b0369bf:0
[    2329ms] [ERROR] Failed to load resource: the server responded with a status of 401 () @ https://foundation-api-canary.poli.digital/v3/broadcasting/auth:0
[    2332ms] [ERROR] Failed to load resource: the server responded with a status of 401 () @ https://foundation-api-canary.poli.digital/v3/accounts/9b8af98e-73f4-4fe9-b33b-7aa47b0369bf/chats?include=type,chat_status,read_status,attributes,attendant,team,last_message,tags,unread_messages&status=OPEN&assigned=myself&assigned_status=ASSIGNED&order=-date_last_message&contact_type=WITHOUT_CAMPAIGN:0
[    2334ms] [ERROR] Failed to load resource: the server responded with a status of 401 () @ https://foundation-api-canary.poli.digital/v3/accounts/9b8af98e-73f4-4fe9-b33b-7aa47b0369bf/chats/pinned:0
[    2767ms] [ERROR] Failed to load resource: the server responded with a status of 401 () @ https://foundation-api-canary.poli.digital/v3/settings:0
[    3049ms] [ERROR] Failed to load resource: the server responded with a status of 401 () @ https://foundation-api-canary.poli.digital/v3/accounts/9b8af98e-73f4-4fe9-b33b-7aa47b0369bf/chats?include=type,chat_status,read_status,attributes,attendant,team,last_message,tags,unread_messages&status=OPEN&assigned=myself&assigned_status=ASSIGNED&order=-date_last_message&contact_type=WITHOUT_CAMPAIGN:0
[    3051ms] [ERROR] error ao buscar chats Error: AxiosError: Request failed with status code 401
    at https://spa-canary.poli.digital/assets/index-BB7gOYo1.js:1107:8175
    at async _2.request (https://spa-canary.poli.digital/assets/index-BB7gOYo1.js:1103:2147)
    at async rDt (https://spa-canary.poli.digital/assets/index-BB7gOYo1.js:1137:26220)
    at async C (https://spa-canary.poli.digital/assets/index-BB7gOYo1.js:54:37980)
    at async Object.u [as fn] (https://spa-canary.poli.digital/assets/index-BB7gOYo1.js:54:38287) @ https://spa-canary.poli.digital/assets/index-BB7gOYo1.js:69
