[     365ms] [WARNING] Notifications permission has been blocked as the user has ignored the permission prompt several times. This can be reset in Page Info which can be accessed by clicking the tune icon next to the URL. See https://www.chromestatus.com/feature/6443143280984064 for more information. @ https://app-spa.qa.poli.digital/chat?_gl=1*1v30a2k*_gcl_au*MjEzNzIwMDUwNy4xNzgxMjA0NTUzLjE2NjQ2MjgxMjAuMTc4MTIwNzMwNC4xNzgxMjA3MzEy*_ga*NTUwMTg5NDkzLjE3ODEyMDQ1NTM.*_ga_GDG103ZG81*czE3ODEyMDcyMTMkbzkkZzEkdDE3ODEyMDczNzkkajE2JGwwJGgxNDkwMDAxMjk0:0
[     449ms] [LOG] openSocketRequest @ https://app-spa.qa.poli.digital/static/js/main.1bfda9ba.js:1
[     911ms] [WARNING] <meta name="apple-mobile-web-app-capable" content="yes"> is deprecated. Please include <meta name="mobile-web-app-capable" content="yes"> @ https://app-spa.qa.poli.digital/chat?_gl=1*1v30a2k*_gcl_au*MjEzNzIwMDUwNy4xNzgxMjA0NTUzLjE2NjQ2MjgxMjAuMTc4MTIwNzMwNC4xNzgxMjA3MzEy*_ga*NTUwMTg5NDkzLjE3ODEyMDQ1NTM.*_ga_GDG103ZG81*czE3ODEyMDcyMTMkbzkkZzEkdDE3ODEyMDczNzkkajE2JGwwJGgxNDkwMDAxMjk0:0
[     916ms] [WARNING] Notifications permission has been blocked as the user has ignored the permission prompt several times. This can be reset in Page Info which can be accessed by clicking the tune icon next to the URL. See https://www.chromestatus.com/feature/6443143280984064 for more information. @ https://app-spa.qa.poli.digital/chat?_gl=1*1v30a2k*_gcl_au*MjEzNzIwMDUwNy4xNzgxMjA0NTUzLjE2NjQ2MjgxMjAuMTc4MTIwNzMwNC4xNzgxMjA3MzEy*_ga*NTUwMTg5NDkzLjE3ODEyMDQ1NTM.*_ga_GDG103ZG81*czE3ODEyMDcyMTMkbzkkZzEkdDE3ODEyMDczNzkkajE2JGwwJGgxNDkwMDAxMjk0:0
[    1212ms] [ERROR] Failed to load resource: the server responded with a status of 403 () @ https://heimdall.qa.poli.digital/auth/foundation/allowed:0
[    1215ms] [ERROR] Erro ao verificar permissão de uso da nova tela de chats rd @ https://app-spa.qa.poli.digital/static/js/main.1bfda9ba.js:1
[    4668ms] [ERROR] Failed to load resource: the server responded with a status of 403 () @ https://pps.whatsapp.net/v/t61.24694-24/595272057_1667995137658708_7850599022326744246_n.jpg?ccb=11-4&oh=01_Q5Aa4gHkXxxR46L8nAbyFfwQeSggT_NXE38DMcftWEFKEXRQ_Q&oe=6A1BEBD7&_nc_sid=5e03e0&_nc_cat=111:0
[  119387ms] [ERROR] Failed to load resource: the server responded with a status of 400 () @ https://homolog.qa.poli.digital/contacts/46667/56502163/channel/57914/uid/556299210609/profile:0
[  119613ms] [ERROR] Failed to load resource: the server responded with a status of 403 () @ https://heimdall.qa.poli.digital/auth/foundation/allowed:0
[  119614ms] [ERROR] Erro ao verificar permissão de uso da nova tela de chats rd @ https://app-spa.qa.poli.digital/static/js/main.1bfda9ba.js:1
[  133047ms] [ERROR] Failed to load resource: the server responded with a status of 404 () @ https://foundation-api.qa.poli.digital/v3/logs/behavior:0
[  149238ms] [LOG] i18next: languageChanged pt @ https://spa.qa.poli.digital/assets/index-C7Uxcqvc.js:101
[  149239ms] [LOG] i18next: initialized {debug: true, initAsync: true, ns: Array(1), defaultNS: Array(1), fallbackLng: Array(1)} @ https://spa.qa.poli.digital/assets/index-C7Uxcqvc.js:101
[  149346ms] [WARNING] Replay is disabled because neither `replaysSessionSampleRate` nor `replaysOnErrorSampleRate` are set. @ https://spa.qa.poli.digital/assets/index-C7Uxcqvc.js:76
[  149708ms] [LOG] i18next: languageChanged pt @ https://spa.qa.poli.digital/assets/index-C7Uxcqvc.js:69
[  149712ms] [ERROR] error ao buscar chats TypeError: Cannot read properties of undefined (reading 'data')
    at H0t (https://spa.qa.poli.digital/assets/index-C7Uxcqvc.js:1087:26145)
    at async C (https://spa.qa.poli.digital/assets/index-C7Uxcqvc.js:54:37954)
    at async Object.d [as fn] (https://spa.qa.poli.digital/assets/index-C7Uxcqvc.js:54:38261) @ https://spa.qa.poli.digital/assets/index-C7Uxcqvc.js:69
[  149812ms] [ERROR] Failed to load resource: the server responded with a status of 401 () @ https://foundation-api.qa.poli.digital/v3/users/settings/summary:0
[  149815ms] [ERROR] [UserPreferencesService] Failed to get summary: TypeError: Cannot read properties of undefined (reading 'data')
    at vne.getSummary (https://spa.qa.poli.digital/assets/index-C7Uxcqvc.js:2191:64686)
    at async https://spa.qa.poli.digital/assets/index-C7Uxcqvc.js:2191:65346 @ https://spa.qa.poli.digital/assets/index-C7Uxcqvc.js:69
[  149816ms] [ERROR] [useUserPreferences] Error: TypeError: Cannot read properties of undefined (reading 'data')
    at vne.getSummary (https://spa.qa.poli.digital/assets/index-C7Uxcqvc.js:2191:64686)
    at async https://spa.qa.poli.digital/assets/index-C7Uxcqvc.js:2191:65346 @ https://spa.qa.poli.digital/assets/index-C7Uxcqvc.js:69
[  149916ms] [INFO] WebSocket: Conexão estabelecida @ https://spa.qa.poli.digital/assets/index-C7Uxcqvc.js:69
[  150766ms] [LOG] i18next: languageChanged pt @ https://spa.qa.poli.digital/assets/index-C7Uxcqvc.js:101
[  150766ms] [LOG] i18next: initialized {debug: true, initAsync: true, ns: Array(1), defaultNS: Array(1), fallbackLng: Array(1)} @ https://spa.qa.poli.digital/assets/index-C7Uxcqvc.js:101
[  150800ms] [WARNING] Replay is disabled because neither `replaysSessionSampleRate` nor `replaysOnErrorSampleRate` are set. @ https://spa.qa.poli.digital/assets/index-C7Uxcqvc.js:76
[  150842ms] [LOG] i18next: languageChanged pt @ https://spa.qa.poli.digital/assets/index-C7Uxcqvc.js:69
[  151453ms] [INFO] WebSocket: Conexão estabelecida @ https://spa.qa.poli.digital/assets/index-C7Uxcqvc.js:69
[  225288ms] [LOG] i18next: languageChanged pt @ https://spa.qa.poli.digital/assets/index-C7Uxcqvc.js:69
[  227117ms] [ERROR] Failed to load resource: the server responded with a status of 403 () @ https://pps.whatsapp.net/v/t61.24694-24/595272057_1667995137658708_7850599022326744246_n.jpg?ccb=11-4&oh=01_Q5Aa4gHkXxxR46L8nAbyFfwQeSggT_NXE38DMcftWEFKEXRQ_Q&oe=6A1BEBD7&_nc_sid=5e03e0&_nc_cat=111:0
[  233048ms] [ERROR] Failed to load resource: the server responded with a status of 403 () @ https://pps.whatsapp.net/v/t61.24694-24/595272057_1667995137658708_7850599022326744246_n.jpg?ccb=11-4&oh=01_Q5Aa4gHkXxxR46L8nAbyFfwQeSggT_NXE38DMcftWEFKEXRQ_Q&oe=6A1BEBD7&_nc_sid=5e03e0&_nc_cat=111:0
[  245258ms] [ERROR] Failed to load resource: the server responded with a status of 404 () @ https://foundation-api.qa.poli.digital/v3/logs/behavior:0
[  246878ms] [ERROR] Failed to load resource: the server responded with a status of 404 () @ https://foundation-api.qa.poli.digital/v3/logs/behavior:0
[ 4153305ms] [ERROR] Failed to load resource: the server responded with a status of 404 () @ https://heimdall.qa.poli.digital/auth/inactivity:0
[ 4153453ms] AxiosError: Request failed with status code 404
    at zCe (https://spa.qa.poli.digital/assets/index-C7Uxcqvc.js:1051:10191)
    at XMLHttpRequest.w (https://spa.qa.poli.digital/assets/index-C7Uxcqvc.js:1051:15759)
[ 4370108ms] [ERROR] [WebSocket: Erro na conexão: {type: PusherError, data: Object} @ https://spa.qa.poli.digital/assets/index-C7Uxcqvc.js:69
[ 4370127ms] [ERROR] [WebSocket: Erro na conexão: {type: PusherError, data: Object} @ https://spa.qa.poli.digital/assets/index-C7Uxcqvc.js:69
[ 4370130ms] [ERROR] [WebSocket: Erro na conexão: {type: WebSocketError, error: Object} @ https://spa.qa.poli.digital/assets/index-C7Uxcqvc.js:69
[ 4371010ms] [INFO] WebSocket: Conexão estabelecida @ https://spa.qa.poli.digital/assets/index-C7Uxcqvc.js:69
[ 4371571ms] [ERROR] Failed to load resource: the server responded with a status of 401 () @ https://foundation-api.qa.poli.digital/v3/broadcasting/auth:0
[ 4375677ms] Identifier 'TCRMEmbed' has already been declared
[ 5493393ms] [ERROR] [WebSocket: Erro na conexão: {type: PusherError, data: Object} @ https://spa.qa.poli.digital/assets/index-C7Uxcqvc.js:69
[ 5493442ms] [ERROR] [WebSocket: Erro na conexão: {type: PusherError, data: Object} @ https://spa.qa.poli.digital/assets/index-C7Uxcqvc.js:69
[ 5493444ms] [ERROR] [WebSocket: Erro na conexão: {type: WebSocketError, error: Object} @ https://spa.qa.poli.digital/assets/index-C7Uxcqvc.js:69
[ 5494178ms] [ERROR] [WebSocket: Erro na conexão: {type: WebSocketError, error: Object} @ https://spa.qa.poli.digital/assets/index-C7Uxcqvc.js:69
[ 5494784ms] [INFO] WebSocket: Conexão estabelecida @ https://spa.qa.poli.digital/assets/index-C7Uxcqvc.js:69
[ 5497696ms] Identifier 'TCRMEmbed' has already been declared
[ 5497721ms] Identifier 'TCRMEmbed' has already been declared
[12090255ms] [ERROR] [WebSocket: Erro na conexão: {type: PusherError, data: Object} @ https://spa.qa.poli.digital/assets/index-C7Uxcqvc.js:69
[12092306ms] [ERROR] WebSocket connection to 'wss://soketi.qa.poli.digital/app/12039123darddd039345?protocol=7&client=js&version=8.5.0&flash=false' failed: Error in connection establishment: net::ERR_INTERNET_DISCONNECTED @ https://spa.qa.poli.digital/assets/index-C7Uxcqvc.js:1048
[12096667ms] [INFO] WebSocket: Conexão estabelecida @ https://spa.qa.poli.digital/assets/index-C7Uxcqvc.js:69
[12097138ms] [ERROR] Failed to load resource: the server responded with a status of 401 () @ https://foundation-api.qa.poli.digital/v3/settings:0
[12097148ms] [ERROR] Failed to load resource: the server responded with a status of 401 () @ https://foundation-api.qa.poli.digital/v3/accounts/balance/9b8af98e-73f4-4fe9-b33b-7aa47b0369bf:0
[12097149ms] [ERROR] Failed to load resource: the server responded with a status of 401 () @ https://foundation-api.qa.poli.digital/v3/accounts/9b8af98e-73f4-4fe9-b33b-7aa47b0369bf/templates?include=key,version,status,message,variables,team,metadata&page=1&per_page=200&order=tag&keyboard_shortcut=NOT_EMPTY:0
[12097261ms] [ERROR] Failed to load resource: the server responded with a status of 401 () @ https://foundation-api.qa.poli.digital/v3/accounts/9b8af98e-73f4-4fe9-b33b-7aa47b0369bf/account-channels?include=uuid,uid,name,status,provider,integrator,metadata&page=1:0
[12097262ms] [ERROR] Failed to load resource: the server responded with a status of 401 () @ https://foundation-api.qa.poli.digital/v3/accounts/9b8af98e-73f4-4fe9-b33b-7aa47b0369bf/chats?include=type,chat_status,read_status,attributes,attendant,team,last_message,tags,unread_messages&status=WITH_CHAT&order=-date_last_message&contact_type=WITHOUT_CAMPAIGN:0
[12097297ms] [ERROR] Failed to load resource: the server responded with a status of 401 () @ https://foundation-api.qa.poli.digital/v3/accounts/payment-due-alert:0
[12097299ms] [ERROR] Failed to load resource: the server responded with a status of 401 () @ https://foundation-api.qa.poli.digital/v3/accounts/balance/9b8af98e-73f4-4fe9-b33b-7aa47b0369bf:0
[12097305ms] [ERROR] Failed to load resource: the server responded with a status of 401 () @ https://foundation-api.qa.poli.digital/v3/contacts/5c12ea50-1bdd-11f1-a609-021f6d257969?include=type,chat_status,read_status,attributes,attendant,addresses,contact_channels,tags,metadata,account_channel,team,last_message,unread_messages:0
[12097321ms] [ERROR] Failed to load resource: the server responded with a status of 401 () @ https://foundation-api.qa.poli.digital/v3/contacts/5c12ea50-1bdd-11f1-a609-021f6d257969/messages?per_page=15&order=-timestamp&include=ack,timestamp,account_channel,contact,author,template,context,preview,components,interactive,metadata,note,error_code:0
[12097339ms] [ERROR] Failed to load resource: the server responded with a status of 401 () @ https://foundation-api.qa.poli.digital/v3/accounts/9b8af98e-73f4-4fe9-b33b-7aa47b0369bf/chats/pinned:0
[12097345ms] [ERROR] Failed to load resource: the server responded with a status of 401 () @ https://foundation-api.qa.poli.digital/v3/chats/5c12ea50-1bdd-11f1-a609-021f6d257969/channels/9b8482c8-743f-4800-a3ef-5e26cf386ff3/open?clear_cache=false:0
[12097349ms] [ERROR] Failed to load resource: the server responded with a status of 401 () @ https://foundation-api.qa.poli.digital/v3/broadcasting/auth:0
[12097421ms] [ERROR] Failed to load resource: the server responded with a status of 401 () @ https://foundation-api.qa.poli.digital/v3/contacts/5c12ea50-1bdd-11f1-a609-021f6d257969/protocol:0
[12097437ms] [ERROR] Failed to load resource: the server responded with a status of 401 () @ https://foundation-api.qa.poli.digital/v3/accounts/balance/9b8af98e-73f4-4fe9-b33b-7aa47b0369bf:0
[15071540ms] [ERROR] [WebSocket: Erro na conexão: {type: PusherError, data: Object} @ https://spa.qa.poli.digital/assets/index-C7Uxcqvc.js:69
[15071542ms] [ERROR] [WebSocket: Erro na conexão: {type: PusherError, data: Object} @ https://spa.qa.poli.digital/assets/index-C7Uxcqvc.js:69
[15071543ms] [ERROR] [WebSocket: Erro na conexão: {type: WebSocketError, error: Object} @ https://spa.qa.poli.digital/assets/index-C7Uxcqvc.js:69
[15072148ms] [INFO] WebSocket: Conexão estabelecida @ https://spa.qa.poli.digital/assets/index-C7Uxcqvc.js:69
[15072602ms] [ERROR] Failed to load resource: the server responded with a status of 401 () @ https://foundation-api.qa.poli.digital/v3/broadcasting/auth:0
[15074278ms] Identifier 'TCRMEmbed' has already been declared
[15077353ms] Identifier 'TCRMEmbed' has already been declared
[18677855ms] [ERROR] Failed to load resource: the server responded with a status of 404 () @ https://heimdall.qa.poli.digital/auth/inactivity:0
[18677888ms] AxiosError: Request failed with status code 404
    at zCe (https://spa.qa.poli.digital/assets/index-C7Uxcqvc.js:1051:10191)
    at XMLHttpRequest.w (https://spa.qa.poli.digital/assets/index-C7Uxcqvc.js:1051:15759)
[26002245ms] [ERROR] [WebSocket: Erro na conexão: {type: PusherError, data: Object} @ https://spa.qa.poli.digital/assets/index-C7Uxcqvc.js:69
[26004199ms] [ERROR] WebSocket connection to 'wss://soketi.qa.poli.digital/app/12039123darddd039345?protocol=7&client=js&version=8.5.0&flash=false' failed: Error in connection establishment: net::ERR_INTERNET_DISCONNECTED @ https://spa.qa.poli.digital/assets/index-C7Uxcqvc.js:1048
[26009341ms] [INFO] WebSocket: Conexão estabelecida @ https://spa.qa.poli.digital/assets/index-C7Uxcqvc.js:69
[26009558ms] [ERROR] Failed to load resource: the server responded with a status of 401 () @ https://foundation-api.qa.poli.digital/v3/accounts/balance/9b8af98e-73f4-4fe9-b33b-7aa47b0369bf:0
[26009573ms] [ERROR] Failed to load resource: the server responded with a status of 401 () @ https://foundation-api.qa.poli.digital/v3/accounts/balance/9b8af98e-73f4-4fe9-b33b-7aa47b0369bf:0
[26009574ms] [ERROR] Failed to load resource: the server responded with a status of 401 () @ https://foundation-api.qa.poli.digital/v3/accounts/9b8af98e-73f4-4fe9-b33b-7aa47b0369bf/account-channels?include=uuid,uid,name,status,provider,integrator,metadata&page=1:0
[26009577ms] [ERROR] Failed to load resource: the server responded with a status of 401 () @ https://foundation-api.qa.poli.digital/v3/settings:0
[26009667ms] [ERROR] Failed to load resource: the server responded with a status of 401 () @ https://foundation-api.qa.poli.digital/v3/contacts/5c12ea50-1bdd-11f1-a609-021f6d257969/messages?per_page=15&order=-timestamp&include=ack,timestamp,account_channel,contact,author,template,context,preview,components,interactive,metadata,note,error_code:0
[26009668ms] [ERROR] Failed to load resource: the server responded with a status of 401 () @ https://foundation-api.qa.poli.digital/v3/contacts/5c12ea50-1bdd-11f1-a609-021f6d257969?include=type,chat_status,read_status,attributes,attendant,addresses,contact_channels,tags,metadata,account_channel,team,last_message,unread_messages:0
[26009676ms] [ERROR] Failed to load resource: the server responded with a status of 401 () @ https://foundation-api.qa.poli.digital/v3/accounts/9b8af98e-73f4-4fe9-b33b-7aa47b0369bf/chats?include=type,chat_status,read_status,attributes,attendant,team,last_message,tags,unread_messages&status=WITH_CHAT&order=-date_last_message&contact_type=WITHOUT_CAMPAIGN:0
[26009696ms] [ERROR] Failed to load resource: the server responded with a status of 401 () @ https://foundation-api.qa.poli.digital/v3/accounts/balance/9b8af98e-73f4-4fe9-b33b-7aa47b0369bf:0
[26009710ms] [ERROR] Failed to load resource: the server responded with a status of 401 () @ https://foundation-api.qa.poli.digital/v3/contacts/5c12ea50-1bdd-11f1-a609-021f6d257969/protocol:0
[26009727ms] [ERROR] Failed to load resource: the server responded with a status of 401 () @ https://foundation-api.qa.poli.digital/v3/accounts/payment-due-alert:0
[26009747ms] [ERROR] Failed to load resource: the server responded with a status of 401 () @ https://foundation-api.qa.poli.digital/v3/broadcasting/auth:0
[26009748ms] [ERROR] Failed to load resource: the server responded with a status of 401 () @ https://foundation-api.qa.poli.digital/v3/accounts/9b8af98e-73f4-4fe9-b33b-7aa47b0369bf/templates?include=key,version,status,message,variables,team,metadata&page=1&per_page=200&order=tag&keyboard_shortcut=NOT_EMPTY:0
[26009749ms] [ERROR] Failed to load resource: the server responded with a status of 401 () @ https://foundation-api.qa.poli.digital/v3/chats/5c12ea50-1bdd-11f1-a609-021f6d257969/channels/9b8482c8-743f-4800-a3ef-5e26cf386ff3/open?clear_cache=false:0
[26009750ms] [ERROR] Failed to load resource: the server responded with a status of 401 () @ https://foundation-api.qa.poli.digital/v3/accounts/9b8af98e-73f4-4fe9-b33b-7aa47b0369bf/chats/pinned:0
[29618451ms] [ERROR] Failed to load resource: the server responded with a status of 404 () @ https://heimdall.qa.poli.digital/auth/inactivity:0
[29618486ms] AxiosError: Request failed with status code 404
    at zCe (https://spa.qa.poli.digital/assets/index-C7Uxcqvc.js:1051:10191)
    at XMLHttpRequest.w (https://spa.qa.poli.digital/assets/index-C7Uxcqvc.js:1051:15759)
[34249572ms] [ERROR] [WebSocket: Erro na conexão: {type: PusherError, data: Object} @ https://spa.qa.poli.digital/assets/index-C7Uxcqvc.js:69
[34251662ms] [ERROR] WebSocket connection to 'wss://soketi.qa.poli.digital/app/12039123darddd039345?protocol=7&client=js&version=8.5.0&flash=false' failed: Error in connection establishment: net::ERR_INTERNET_DISCONNECTED @ https://spa.qa.poli.digital/assets/index-C7Uxcqvc.js:1048
[34258471ms] [INFO] WebSocket: Conexão estabelecida @ https://spa.qa.poli.digital/assets/index-C7Uxcqvc.js:69
[34258664ms] [ERROR] Failed to load resource: the server responded with a status of 401 () @ https://foundation-api.qa.poli.digital/v3/contacts/5c12ea50-1bdd-11f1-a609-021f6d257969/protocol:0
[34258678ms] [ERROR] Failed to load resource: the server responded with a status of 401 () @ https://foundation-api.qa.poli.digital/v3/settings:0
[34258680ms] [ERROR] Failed to load resource: the server responded with a status of 401 () @ https://foundation-api.qa.poli.digital/v3/accounts/9b8af98e-73f4-4fe9-b33b-7aa47b0369bf/account-channels?include=uuid,uid,name,status,provider,integrator,metadata&page=1:0
[34258683ms] [ERROR] Failed to load resource: the server responded with a status of 401 () @ https://foundation-api.qa.poli.digital/v3/accounts/payment-due-alert:0
[34258720ms] [ERROR] Failed to load resource: the server responded with a status of 401 () @ https://foundation-api.qa.poli.digital/v3/accounts/balance/9b8af98e-73f4-4fe9-b33b-7aa47b0369bf:0
[34258721ms] [ERROR] Failed to load resource: the server responded with a status of 401 () @ https://foundation-api.qa.poli.digital/v3/accounts/9b8af98e-73f4-4fe9-b33b-7aa47b0369bf/templates?include=key,version,status,message,variables,team,metadata&page=1&per_page=200&order=tag&keyboard_shortcut=NOT_EMPTY:0
[34258728ms] [ERROR] Failed to load resource: the server responded with a status of 401 () @ https://foundation-api.qa.poli.digital/v3/contacts/5c12ea50-1bdd-11f1-a609-021f6d257969?include=type,chat_status,read_status,attributes,attendant,addresses,contact_channels,tags,metadata,account_channel,team,last_message,unread_messages:0
[34258812ms] [ERROR] Failed to load resource: the server responded with a status of 401 () @ https://foundation-api.qa.poli.digital/v3/accounts/balance/9b8af98e-73f4-4fe9-b33b-7aa47b0369bf:0
[34258827ms] [ERROR] Failed to load resource: the server responded with a status of 401 () @ https://foundation-api.qa.poli.digital/v3/accounts/9b8af98e-73f4-4fe9-b33b-7aa47b0369bf/chats?include=type,chat_status,read_status,attributes,attendant,team,last_message,tags,unread_messages&status=WITH_CHAT&order=-date_last_message&contact_type=WITHOUT_CAMPAIGN:0
[34258828ms] [ERROR] Failed to load resource: the server responded with a status of 401 () @ https://foundation-api.qa.poli.digital/v3/accounts/9b8af98e-73f4-4fe9-b33b-7aa47b0369bf/chats/pinned:0
[34258830ms] [ERROR] Failed to load resource: the server responded with a status of 401 () @ https://foundation-api.qa.poli.digital/v3/accounts/balance/9b8af98e-73f4-4fe9-b33b-7aa47b0369bf:0
[34258831ms] [ERROR] Failed to load resource: the server responded with a status of 401 () @ https://foundation-api.qa.poli.digital/v3/chats/5c12ea50-1bdd-11f1-a609-021f6d257969/channels/9b8482c8-743f-4800-a3ef-5e26cf386ff3/open?clear_cache=false:0
[34258834ms] [ERROR] Failed to load resource: the server responded with a status of 401 () @ https://foundation-api.qa.poli.digital/v3/broadcasting/auth:0
[34258900ms] [ERROR] Failed to load resource: the server responded with a status of 401 () @ https://foundation-api.qa.poli.digital/v3/contacts/5c12ea50-1bdd-11f1-a609-021f6d257969/messages?per_page=15&order=-timestamp&include=ack,timestamp,account_channel,contact,author,template,context,preview,components,interactive,metadata,note,error_code:0
[34345993ms] Identifier 'TCRMEmbed' has already been declared
[36459070ms] [ERROR] [WebSocket: Erro na conexão: {type: PusherError, data: Object} @ https://spa.qa.poli.digital/assets/index-C7Uxcqvc.js:69
[36460701ms] [INFO] WebSocket: Conexão estabelecida @ https://spa.qa.poli.digital/assets/index-C7Uxcqvc.js:69
[36460990ms] [ERROR] Failed to load resource: the server responded with a status of 401 () @ https://foundation-api.qa.poli.digital/v3/broadcasting/auth:0
[36463028ms] Identifier 'TCRMEmbed' has already been declared
[36548584ms] Identifier 'TCRMEmbed' has already been declared
[37212575ms] [ERROR] [WebSocket: Erro na conexão: {type: PusherError, data: Object} @ https://spa.qa.poli.digital/assets/index-C7Uxcqvc.js:69
[37214182ms] [INFO] WebSocket: Conexão estabelecida @ https://spa.qa.poli.digital/assets/index-C7Uxcqvc.js:69
[37582904ms] [ERROR] [WebSocket: Erro na conexão: {type: PusherError, data: Object} @ https://spa.qa.poli.digital/assets/index-C7Uxcqvc.js:69
[37584952ms] [ERROR] WebSocket connection to 'wss://soketi.qa.poli.digital/app/12039123darddd039345?protocol=7&client=js&version=8.5.0&flash=false' failed: Error in connection establishment: net::ERR_INTERNET_DISCONNECTED @ https://spa.qa.poli.digital/assets/index-C7Uxcqvc.js:1048
[37584957ms] [ERROR] WebSocket connection to 'wss://soketi.qa.poli.digital/app/12039123darddd039345?protocol=7&client=js&version=8.5.0&flash=false' failed: Error in connection establishment: net::ERR_INTERNET_DISCONNECTED @ https://spa.qa.poli.digital/assets/index-C7Uxcqvc.js:1048
[37591864ms] [INFO] WebSocket: Conexão estabelecida @ https://spa.qa.poli.digital/assets/index-C7Uxcqvc.js:69
[38378644ms] [ERROR] [WebSocket: Erro na conexão: {type: PusherError, data: Object} @ https://spa.qa.poli.digital/assets/index-C7Uxcqvc.js:69
[38380245ms] [INFO] WebSocket: Conexão estabelecida @ https://spa.qa.poli.digital/assets/index-C7Uxcqvc.js:69
[39162154ms] [ERROR] [WebSocket: Erro na conexão: {type: PusherError, data: Object} @ https://spa.qa.poli.digital/assets/index-C7Uxcqvc.js:69
[39164246ms] [ERROR] WebSocket connection to 'wss://soketi.qa.poli.digital/app/12039123darddd039345?protocol=7&client=js&version=8.5.0&flash=false' failed: Error in connection establishment: net::ERR_INTERNET_DISCONNECTED @ https://spa.qa.poli.digital/assets/index-C7Uxcqvc.js:1048
[39164249ms] [ERROR] WebSocket connection to 'wss://soketi.qa.poli.digital/app/12039123darddd039345?protocol=7&client=js&version=8.5.0&flash=false' failed: Error in connection establishment: net::ERR_INTERNET_DISCONNECTED @ https://spa.qa.poli.digital/assets/index-C7Uxcqvc.js:1048
[39172801ms] [INFO] WebSocket: Conexão estabelecida @ https://spa.qa.poli.digital/assets/index-C7Uxcqvc.js:69
[39172996ms] [ERROR] Failed to load resource: the server responded with a status of 401 () @ https://foundation-api.qa.poli.digital/v3/broadcasting/auth:0
[39173004ms] [ERROR] Failed to load resource: the server responded with a status of 401 () @ https://foundation-api.qa.poli.digital/v3/accounts/balance/9b8af98e-73f4-4fe9-b33b-7aa47b0369bf:0
[39173072ms] [ERROR] Failed to load resource: the server responded with a status of 401 () @ https://foundation-api.qa.poli.digital/v3/accounts/balance/9b8af98e-73f4-4fe9-b33b-7aa47b0369bf:0
[39173073ms] [ERROR] Failed to load resource: the server responded with a status of 401 () @ https://foundation-api.qa.poli.digital/v3/contacts/5c12ea50-1bdd-11f1-a609-021f6d257969/messages?per_page=15&order=-timestamp&include=ack,timestamp,account_channel,contact,author,template,context,preview,components,interactive,metadata,note,error_code:0
[39173074ms] [ERROR] Failed to load resource: the server responded with a status of 401 () @ https://foundation-api.qa.poli.digital/v3/accounts/9b8af98e-73f4-4fe9-b33b-7aa47b0369bf/account-channels?include=uuid,uid,name,status,provider,integrator,metadata&page=1:0
[39173079ms] [ERROR] Failed to load resource: the server responded with a status of 401 () @ https://foundation-api.qa.poli.digital/v3/accounts/9b8af98e-73f4-4fe9-b33b-7aa47b0369bf/chats/pinned:0
[39173080ms] [ERROR] Failed to load resource: the server responded with a status of 401 () @ https://foundation-api.qa.poli.digital/v3/settings:0
[39173171ms] [ERROR] Failed to load resource: the server responded with a status of 401 () @ https://foundation-api.qa.poli.digital/v3/accounts/9b8af98e-73f4-4fe9-b33b-7aa47b0369bf/templates?include=key,version,status,message,variables,team,metadata&page=1&per_page=200&order=tag&keyboard_shortcut=NOT_EMPTY:0
[39173179ms] [ERROR] Failed to load resource: the server responded with a status of 401 () @ https://foundation-api.qa.poli.digital/v3/accounts/payment-due-alert:0
[39173180ms] [ERROR] Failed to load resource: the server responded with a status of 401 () @ https://foundation-api.qa.poli.digital/v3/contacts/5c12ea50-1bdd-11f1-a609-021f6d257969/protocol:0
[39173275ms] [ERROR] Failed to load resource: the server responded with a status of 401 () @ https://foundation-api.qa.poli.digital/v3/chats/5c12ea50-1bdd-11f1-a609-021f6d257969/channels/9b8482c8-743f-4800-a3ef-5e26cf386ff3/open?clear_cache=false:0
[39173289ms] [ERROR] Failed to load resource: the server responded with a status of 401 () @ https://foundation-api.qa.poli.digital/v3/contacts/5c12ea50-1bdd-11f1-a609-021f6d257969?include=type,chat_status,read_status,attributes,attendant,addresses,contact_channels,tags,metadata,account_channel,team,last_message,unread_messages:0
[39173290ms] [ERROR] Failed to load resource: the server responded with a status of 401 () @ https://foundation-api.qa.poli.digital/v3/accounts/9b8af98e-73f4-4fe9-b33b-7aa47b0369bf/chats?include=type,chat_status,read_status,attributes,attendant,team,last_message,tags,unread_messages&status=WITH_CHAT&order=-date_last_message&contact_type=WITHOUT_CAMPAIGN:0
[39173291ms] [ERROR] Failed to load resource: the server responded with a status of 401 () @ https://foundation-api.qa.poli.digital/v3/accounts/balance/9b8af98e-73f4-4fe9-b33b-7aa47b0369bf:0
[42778997ms] [ERROR] Failed to load resource: the server responded with a status of 404 () @ https://heimdall.qa.poli.digital/auth/inactivity:0
[42779010ms] AxiosError: Request failed with status code 404
    at zCe (https://spa.qa.poli.digital/assets/index-C7Uxcqvc.js:1051:10191)
    at XMLHttpRequest.w (https://spa.qa.poli.digital/assets/index-C7Uxcqvc.js:1051:15759)
[42898106ms] [ERROR] [WebSocket: Erro na conexão: {type: PusherError, data: Object} @ https://spa.qa.poli.digital/assets/index-C7Uxcqvc.js:69
[42900157ms] [ERROR] WebSocket connection to 'wss://soketi.qa.poli.digital/app/12039123darddd039345?protocol=7&client=js&version=8.5.0&flash=false' failed: Error in connection establishment: net::ERR_INTERNET_DISCONNECTED @ https://spa.qa.poli.digital/assets/index-C7Uxcqvc.js:1048
[42904584ms] [INFO] WebSocket: Conexão estabelecida @ https://spa.qa.poli.digital/assets/index-C7Uxcqvc.js:69
[42904771ms] [ERROR] Failed to load resource: the server responded with a status of 401 () @ https://foundation-api.qa.poli.digital/v3/accounts/balance/9b8af98e-73f4-4fe9-b33b-7aa47b0369bf:0
[42904775ms] [ERROR] Failed to load resource: the server responded with a status of 401 () @ https://foundation-api.qa.poli.digital/v3/accounts/balance/9b8af98e-73f4-4fe9-b33b-7aa47b0369bf:0
[42904780ms] [ERROR] Failed to load resource: the server responded with a status of 401 () @ https://foundation-api.qa.poli.digital/v3/accounts/balance/9b8af98e-73f4-4fe9-b33b-7aa47b0369bf:0
[42904807ms] [ERROR] Failed to load resource: the server responded with a status of 401 () @ https://foundation-api.qa.poli.digital/v3/accounts/9b8af98e-73f4-4fe9-b33b-7aa47b0369bf/templates?include=key,version,status,message,variables,team,metadata&page=1&per_page=200&order=tag&keyboard_shortcut=NOT_EMPTY:0
[42904814ms] [ERROR] Failed to load resource: the server responded with a status of 401 () @ https://foundation-api.qa.poli.digital/v3/chats/5c12ea50-1bdd-11f1-a609-021f6d257969/channels/9b8482c8-743f-4800-a3ef-5e26cf386ff3/open?clear_cache=false:0
[42904831ms] [ERROR] Failed to load resource: the server responded with a status of 401 () @ https://foundation-api.qa.poli.digital/v3/contacts/5c12ea50-1bdd-11f1-a609-021f6d257969?include=type,chat_status,read_status,attributes,attendant,addresses,contact_channels,tags,metadata,account_channel,team,last_message,unread_messages:0
[42904832ms] [ERROR] Failed to load resource: the server responded with a status of 401 () @ https://foundation-api.qa.poli.digital/v3/contacts/5c12ea50-1bdd-11f1-a609-021f6d257969/messages?per_page=15&order=-timestamp&include=ack,timestamp,account_channel,contact,author,template,context,preview,components,interactive,metadata,note,error_code:0
[42904910ms] [ERROR] Failed to load resource: the server responded with a status of 401 () @ https://foundation-api.qa.poli.digital/v3/settings:0
[42904931ms] [ERROR] Failed to load resource: the server responded with a status of 401 () @ https://foundation-api.qa.poli.digital/v3/accounts/9b8af98e-73f4-4fe9-b33b-7aa47b0369bf/chats/pinned:0
[42904936ms] [ERROR] Failed to load resource: the server responded with a status of 401 () @ https://foundation-api.qa.poli.digital/v3/accounts/9b8af98e-73f4-4fe9-b33b-7aa47b0369bf/chats?include=type,chat_status,read_status,attributes,attendant,team,last_message,tags,unread_messages&status=WITH_CHAT&order=-date_last_message&contact_type=WITHOUT_CAMPAIGN:0
[42904945ms] [ERROR] Failed to load resource: the server responded with a status of 401 () @ https://foundation-api.qa.poli.digital/v3/contacts/5c12ea50-1bdd-11f1-a609-021f6d257969/protocol:0
[42904947ms] [ERROR] Failed to load resource: the server responded with a status of 401 () @ https://foundation-api.qa.poli.digital/v3/broadcasting/auth:0
[42904948ms] [ERROR] Failed to load resource: the server responded with a status of 401 () @ https://foundation-api.qa.poli.digital/v3/accounts/9b8af98e-73f4-4fe9-b33b-7aa47b0369bf/account-channels?include=uuid,uid,name,status,provider,integrator,metadata&page=1:0
[42904971ms] [ERROR] Failed to load resource: the server responded with a status of 401 () @ https://foundation-api.qa.poli.digital/v3/accounts/payment-due-alert:0
[42914586ms] Identifier 'TCRMEmbed' has already been declared
[43009449ms] Identifier 'TCRMEmbed' has already been declared
[46609900ms] [ERROR] Failed to load resource: the server responded with a status of 404 () @ https://heimdall.qa.poli.digital/auth/inactivity:0
[46609911ms] AxiosError: Request failed with status code 404
    at zCe (https://spa.qa.poli.digital/assets/index-C7Uxcqvc.js:1051:10191)
    at XMLHttpRequest.w (https://spa.qa.poli.digital/assets/index-C7Uxcqvc.js:1051:15759)
[51037471ms] [ERROR] [WebSocket: Erro na conexão: {type: PusherError, data: Object} @ https://spa.qa.poli.digital/assets/index-C7Uxcqvc.js:69
[51039164ms] [INFO] WebSocket: Conexão estabelecida @ https://spa.qa.poli.digital/assets/index-C7Uxcqvc.js:69
[51040076ms] [ERROR] Failed to load resource: the server responded with a status of 401 () @ https://foundation-api.qa.poli.digital/v3/broadcasting/auth:0
