[     574ms] [WARNING] Notifications permission has been blocked as the user has ignored the permission prompt several times. This can be reset in Page Info which can be accessed by clicking the tune icon next to the URL. See https://www.chromestatus.com/feature/6443143280984064 for more information. @ https://app-spa.qa.poli.digital/login:0
[    1213ms] [WARNING] <meta name="apple-mobile-web-app-capable" content="yes"> is deprecated. Please include <meta name="mobile-web-app-capable" content="yes"> @ https://app-spa.qa.poli.digital/login:0
[    1220ms] [WARNING] Notifications permission has been blocked as the user has ignored the permission prompt several times. This can be reset in Page Info which can be accessed by clicking the tune icon next to the URL. See https://www.chromestatus.com/feature/6443143280984064 for more information. @ https://app-spa.qa.poli.digital/login:0
[    1825ms] [VERBOSE] [DOM] Input elements should have autocomplete attributes (suggested: "current-password"): (More info: https://goo.gl/9p2vKq) %o @ https://app-spa.qa.poli.digital/login:0
[   11057ms] [ERROR] Failed to load resource: the server responded with a status of 401 () @ https://heimdall.qa.poli.digital/auth/token:0
[   11060ms] [ERROR] Erro ao fazer login com o Heimdall rd @ https://app-spa.qa.poli.digital/static/js/main.c3fe8322.js:1
[   11061ms] [ERROR] login error Error: Token not received!
    at https://app-spa.qa.poli.digital/static/js/main.c3fe8322.js:2:3375139
    at f (https://app-spa.qa.poli.digital/static/js/main.c3fe8322.js:2:1825709)
    at Generator.<anonymous> (https://app-spa.qa.poli.digital/static/js/main.c3fe8322.js:2:1827061)
    at Generator.next (https://app-spa.qa.poli.digital/static/js/main.c3fe8322.js:2:1826138)
    at d (https://app-spa.qa.poli.digital/static/js/main.c3fe8322.js:2:2814259)
    at l (https://app-spa.qa.poli.digital/static/js/main.c3fe8322.js:2:2814593) @ https://app-spa.qa.poli.digital/static/js/main.c3fe8322.js:1
[   11182ms] [VERBOSE] [DOM] Input elements should have autocomplete attributes (suggested: "current-password"): (More info: https://goo.gl/9p2vKq) %o @ https://app-spa.qa.poli.digital/login:0
[  132723ms] [ERROR] Failed to load resource: the server responded with a status of 401 () @ https://heimdall.qa.poli.digital/auth/token:0
[  132725ms] [ERROR] Erro ao fazer login com o Heimdall rd @ https://app-spa.qa.poli.digital/static/js/main.c3fe8322.js:1
[  132726ms] [ERROR] login error Error: Token not received!
    at https://app-spa.qa.poli.digital/static/js/main.c3fe8322.js:2:3375139
    at f (https://app-spa.qa.poli.digital/static/js/main.c3fe8322.js:2:1825709)
    at Generator.<anonymous> (https://app-spa.qa.poli.digital/static/js/main.c3fe8322.js:2:1827061)
    at Generator.next (https://app-spa.qa.poli.digital/static/js/main.c3fe8322.js:2:1826138)
    at d (https://app-spa.qa.poli.digital/static/js/main.c3fe8322.js:2:2814259)
    at l (https://app-spa.qa.poli.digital/static/js/main.c3fe8322.js:2:2814593) @ https://app-spa.qa.poli.digital/static/js/main.c3fe8322.js:1
[  132840ms] [VERBOSE] [DOM] Input elements should have autocomplete attributes (suggested: "current-password"): (More info: https://goo.gl/9p2vKq) %o @ https://app-spa.qa.poli.digital/login:0
[  139458ms] [ERROR] Failed to load resource: the server responded with a status of 401 () @ https://heimdall.qa.poli.digital/auth/token:0
[  139467ms] [ERROR] Erro ao fazer login com o Heimdall rd @ https://app-spa.qa.poli.digital/static/js/main.c3fe8322.js:1
[  139468ms] [ERROR] login error Error: Token not received!
    at https://app-spa.qa.poli.digital/static/js/main.c3fe8322.js:2:3375139
    at f (https://app-spa.qa.poli.digital/static/js/main.c3fe8322.js:2:1825709)
    at Generator.<anonymous> (https://app-spa.qa.poli.digital/static/js/main.c3fe8322.js:2:1827061)
    at Generator.next (https://app-spa.qa.poli.digital/static/js/main.c3fe8322.js:2:1826138)
    at d (https://app-spa.qa.poli.digital/static/js/main.c3fe8322.js:2:2814259)
    at l (https://app-spa.qa.poli.digital/static/js/main.c3fe8322.js:2:2814593) @ https://app-spa.qa.poli.digital/static/js/main.c3fe8322.js:1
[  139584ms] [VERBOSE] [DOM] Input elements should have autocomplete attributes (suggested: "current-password"): (More info: https://goo.gl/9p2vKq) %o @ https://app-spa.qa.poli.digital/login:0
