[   13643ms] [LOG] i18next: languageChanged pt @ https://spa-canary.poli.digital/assets/index-BDM4e4lM.js:101
[   13644ms] [LOG] i18next: initialized {debug: true, initAsync: true, ns: Array(1), defaultNS: Array(1), fallbackLng: Array(1)} @ https://spa-canary.poli.digital/assets/index-BDM4e4lM.js:101
[   13796ms] [WARNING] Replay is disabled because neither `replaysSessionSampleRate` nor `replaysOnErrorSampleRate` are set. @ https://spa-canary.poli.digital/assets/index-BDM4e4lM.js:76
[   14322ms] [LOG] i18next: languageChanged pt @ https://spa-canary.poli.digital/assets/index-BDM4e4lM.js:69
[   14330ms] [ERROR] error ao buscar chats TypeError: Cannot read properties of undefined (reading 'data')
    at mft (https://spa-canary.poli.digital/assets/index-BDM4e4lM.js:1017:26288)
    at async C (https://spa-canary.poli.digital/assets/index-BDM4e4lM.js:54:38127)
    at async Object.d [as fn] (https://spa-canary.poli.digital/assets/index-BDM4e4lM.js:54:38434) @ https://spa-canary.poli.digital/assets/index-BDM4e4lM.js:69
[   14414ms] [INFO] WebSocket: Conexão estabelecida @ https://spa-canary.poli.digital/assets/index-BDM4e4lM.js:69
[   14913ms] [ERROR] Failed to load resource: the server responded with a status of 401 () @ https://foundation-api-canary.poli.digital/v3/users/settings/summary:0
[   14916ms] [ERROR] [UserPreferencesService] Failed to get summary: TypeError: Cannot read properties of undefined (reading 'data')
    at mte.getSummary (https://spa-canary.poli.digital/assets/index-BDM4e4lM.js:2124:64713)
    at async https://spa-canary.poli.digital/assets/index-BDM4e4lM.js:2124:65373 @ https://spa-canary.poli.digital/assets/index-BDM4e4lM.js:69
[   14917ms] [ERROR] [useUserPreferences] Error: TypeError: Cannot read properties of undefined (reading 'data')
    at mte.getSummary (https://spa-canary.poli.digital/assets/index-BDM4e4lM.js:2124:64713)
    at async https://spa-canary.poli.digital/assets/index-BDM4e4lM.js:2124:65373 @ https://spa-canary.poli.digital/assets/index-BDM4e4lM.js:69
[   15975ms] [LOG] i18next: languageChanged pt @ https://spa-canary.poli.digital/assets/index-BDM4e4lM.js:101
[   15975ms] [LOG] i18next: initialized {debug: true, initAsync: true, ns: Array(1), defaultNS: Array(1), fallbackLng: Array(1)} @ https://spa-canary.poli.digital/assets/index-BDM4e4lM.js:101
[   16024ms] [WARNING] Replay is disabled because neither `replaysSessionSampleRate` nor `replaysOnErrorSampleRate` are set. @ https://spa-canary.poli.digital/assets/index-BDM4e4lM.js:76
[   16066ms] [LOG] i18next: languageChanged pt @ https://spa-canary.poli.digital/assets/index-BDM4e4lM.js:69
[   16632ms] [INFO] WebSocket: Conexão estabelecida @ https://spa-canary.poli.digital/assets/index-BDM4e4lM.js:69
[   30893ms] [LOG] i18next: languageChanged pt @ https://spa-canary.poli.digital/assets/index-BDM4e4lM.js:69
[   34053ms] Identifier 'TCRMEmbed' has already been declared
[   36198ms] [ERROR] Failed to load resource: the server responded with a status of 403 () @ https://pps.whatsapp.net/v/t61.24694-24/409395395_7020232648092600_5517613234521208211_n.jpg?ccb=11-4&oh=01_Q5Aa3QFsSQ1tMPzXBXdVmUhgFqZOhYBEIfOjtfwGfv6r0lU5SQ&oe=6943C5E3&_nc_sid=5e03e0&_nc_cat=105:0
[   36200ms] [ERROR] Failed to load resource: the server responded with a status of 403 () @ https://pps.whatsapp.net/v/t61.24694-24/524712586_1403981171217941_2854265328198267818_n.jpg?ccb=11-4&oh=01_Q5Aa3wE9o0cCNvH3FoiZ0BCycNT-NwVzH4A-T5uhhheA7YoW_w&oe=69B7F77E&_nc_sid=5e03e0&_nc_cat=108:0
[   56075ms] [ERROR] Failed to load resource: the server responded with a status of 403 () @ https://pps.whatsapp.net/v/t61.24694-24/524712586_1403981171217941_2854265328198267818_n.jpg?ccb=11-4&oh=01_Q5Aa3wE9o0cCNvH3FoiZ0BCycNT-NwVzH4A-T5uhhheA7YoW_w&oe=69B7F77E&_nc_sid=5e03e0&_nc_cat=108:0
[   84485ms] [ERROR] Failed to load resource: the server responded with a status of 403 () @ https://pps.whatsapp.net/v/t61.24694-24/524712586_1403981171217941_2854265328198267818_n.jpg?ccb=11-4&oh=01_Q5Aa3wE9o0cCNvH3FoiZ0BCycNT-NwVzH4A-T5uhhheA7YoW_w&oe=69B7F77E&_nc_sid=5e03e0&_nc_cat=108:0
[   91457ms] [ERROR] Failed to load resource: the server responded with a status of 404 () @ https://foundation-api-canary.poli.digital/v3/me:0
[  118007ms] [ERROR] Failed to load resource: the server responded with a status of 422 () @ https://foundation-api-canary.poli.digital/v3/accounts/9b8af98e-0407-49a2-bce9-3620f29c513a/jarvis/suggest-template:0
[  134457ms] [ERROR] Failed to load resource: the server responded with a status of 500 () @ https://foundation-api-canary.poli.digital/v3/accounts/9b8af98e-0407-49a2-bce9-3620f29c513a/jarvis/suggest-template:0
