[    1586ms] [LOG] Defining triggerGuiding @ :0
[    3670ms] [LOG] i18next: languageChanged pt @ https://spa.poli.digital/assets/index-BLfBf08T.js:101
[    3671ms] [LOG] i18next: initialized {debug: true, initAsync: true, ns: Array(1), defaultNS: Array(1), fallbackLng: Array(1)} @ https://spa.poli.digital/assets/index-BLfBf08T.js:101
[    3981ms] [WARNING] Replay is disabled because neither `replaysSessionSampleRate` nor `replaysOnErrorSampleRate` are set. @ https://spa.poli.digital/assets/index-BLfBf08T.js:76
[    4452ms] [LOG] i18next: languageChanged pt @ https://spa.poli.digital/assets/index-BLfBf08T.js:69
[    4605ms] [LOG] User Guiding identify running @ https://spa.poli.digital/assets/index-BLfBf08T.js:69
[    4605ms] [LOG] User Guiding identify cleared @ https://spa.poli.digital/assets/index-BLfBf08T.js:69
[    5647ms] [INFO] WebSocket: Conexão estabelecida @ https://spa.poli.digital/assets/index-BLfBf08T.js:69
[    6636ms] [WARNING] [UserGuiding] 
 You are loading UserGuiding SDK multiple times 

*Submit a ticket using the link below if you think this is a bug
https://desk.zoho.com/portal/userguiding/newticket @ https://spa.poli.digital/assets/index-BLfBf08T.js:69
[   10701ms] [WARNING] The resource https://fonts.googleapis.com/css2?family=Raleway:wght@400;500;600 was preloaded using link preload but not used within a few seconds from the window's load event. Please make sure it has an appropriate `as` value and it is preloaded intentionally. @ https://spa.poli.digital/login:0
[   10702ms] [WARNING] The resource https://fonts.googleapis.com/css2?family=Rubik:wght@400;500;600 was preloaded using link preload but not used within a few seconds from the window's load event. Please make sure it has an appropriate `as` value and it is preloaded intentionally. @ https://spa.poli.digital/login:0
[   11082ms] [WARNING] The resource https://fonts.googleapis.com/css2?family=Raleway:wght@400;500;600 was preloaded using link preload but not used within a few seconds from the window's load event. Please make sure it has an appropriate `as` value and it is preloaded intentionally. @ https://spa.poli.digital/login:0
[   11295ms] [WARNING] The resource https://fonts.googleapis.com/css2?family=Raleway:wght@400;500;600 was preloaded using link preload but not used within a few seconds from the window's load event. Please make sure it has an appropriate `as` value and it is preloaded intentionally. @ https://spa.poli.digital/login:0
[   18602ms] [LOG] i18next: languageChanged pt @ https://spa.poli.digital/assets/index-BLfBf08T.js:69
[   19720ms] [ERROR] error ao buscar chats CanceledError: canceled
    at vB (https://spa.poli.digital/assets/index-BLfBf08T.js:1103:282)
    at _2.Mue (https://spa.poli.digital/assets/index-BLfBf08T.js:1103:320)
    at async _2.request (https://spa.poli.digital/assets/index-BLfBf08T.js:1103:2147)
    at async cDt (https://spa.poli.digital/assets/index-BLfBf08T.js:1137:26220)
    at async C (https://spa.poli.digital/assets/index-BLfBf08T.js:54:37980)
    at async Object.u [as fn] (https://spa.poli.digital/assets/index-BLfBf08T.js:54:38287) @ https://spa.poli.digital/assets/index-BLfBf08T.js:69
[   23981ms] [WARNING] The resource https://fonts.googleapis.com/css2?family=Rubik:wght@400;500;600 was preloaded using link preload but not used within a few seconds from the window's load event. Please make sure it has an appropriate `as` value and it is preloaded intentionally. @ https://spa.poli.digital/chat:0
