[     647ms] [LOG] i18next: languageChanged pt @ https://spa-canary.poli.digital/assets/index-C0TY_Jbv.js:101
[     647ms] [LOG] i18next: initialized {debug: true, initAsync: true, ns: Array(1), defaultNS: Array(1), fallbackLng: Array(1)} @ https://spa-canary.poli.digital/assets/index-C0TY_Jbv.js:101
[     748ms] [WARNING] Replay is disabled because neither `replaysSessionSampleRate` nor `replaysOnErrorSampleRate` are set. @ https://spa-canary.poli.digital/assets/index-C0TY_Jbv.js:76
[    1287ms] TypeError: Cannot read properties of undefined (reading 'plugin')
    at <anonymous>:1:101
    at <anonymous>:1:126
    at https://www.googletagmanager.com/gtm.js?id=GTM-M2LRLQN:895:429
    at qS (https://www.googletagmanager.com/gtm.js?id=GTM-M2LRLQN:897:31)
    at Od.pS (https://www.googletagmanager.com/gtm.js?id=GTM-M2LRLQN:894:92)
    at Od.<anonymous> (https://www.googletagmanager.com/gtm.js?id=GTM-M2LRLQN:309:187)
    at k.apply (https://www.googletagmanager.com/gtm.js?id=GTM-M2LRLQN:231:466)
    at hb (https://www.googletagmanager.com/gtm.js?id=GTM-M2LRLQN:193:719)
    at gb (https://www.googletagmanager.com/gtm.js?id=GTM-M2LRLQN:193:470)
    at Od.<anonymous> (https://www.googletagmanager.com/gtm.js?id=GTM-M2LRLQN:255:473)
    at k.apply (https://www.googletagmanager.com/gtm.js?id=GTM-M2LRLQN:231:466)
    at hb (https://www.googletagmanager.com/gtm.js?id=GTM-M2LRLQN:193:719)
    at k.Lq (https://www.googletagmanager.com/gtm.js?id=GTM-M2LRLQN:193:1286)
    at uf (https://www.googletagmanager.com/gtm.js?id=GTM-M2LRLQN:266:960)
    at https://www.googletagmanager.com/gtm.js?id=GTM-M2LRLQN:719:315
    at Kz (https://www.googletagmanager.com/gtm.js?id=GTM-M2LRLQN:622:1)
    at Pz.evaluate (https://www.googletagmanager.com/gtm.js?id=GTM-M2LRLQN:626:722)
    at e (https://www.googletagmanager.com/gtm.js?id=GTM-M2LRLQN:646:170)
    at https://www.googletagmanager.com/gtm.js?id=GTM-M2LRLQN:198:125
    at Array.<anonymous> (https://www.googletagmanager.com/gtm.js?id=GTM-M2LRLQN:647:360)
    at Object.execute (https://www.googletagmanager.com/gtm.js?id=GTM-M2LRLQN:647:100)
    at mB (https://www.googletagmanager.com/gtm.js?id=GTM-M2LRLQN:647:742)
    at pB (https://www.googletagmanager.com/gtm.js?id=GTM-M2LRLQN:651:183)
    at BD (https://www.googletagmanager.com/gtm.js?id=GTM-M2LRLQN:696:252)
    at c.push (https://www.googletagmanager.com/gtm.js?id=GTM-M2LRLQN:700:209)
    at c.push (https://www.googletagmanager.com/gtag/js?id=G-EPZWL6H9X8&cx=c&gtm=4e6631:687:69)
    at c.push (https://www.googletagmanager.com/gtag/js?id=AW-806600684:863:69)
    at c.push (https://www.googletagmanager.com/gtag/js?id=UA-118273772-1&cx=c&gtm=4e6631:551:69)
    at https://www.googletagmanager.com/gtm.js?id=GTM-M2LRLQN:700:495
    at r (https://spa-canary.poli.digital/assets/index-C0TY_Jbv.js:70:9812)
[    1321ms] [INFO] WebSocket: Conexão estabelecida @ https://spa-canary.poli.digital/assets/index-C0TY_Jbv.js:69
[    2118ms] Identifier 'TCRMEmbed' has already been declared
[    2351ms] Identifier 'TCRMEmbed' has already been declared
[    2358ms] [ERROR] Failed to load resource: the server responded with a status of 403 () @ https://pps.whatsapp.net/v/t61.24694-24/437184832_898610138517247_1283479863683724595_n.jpg?ccb=11-4&oh=01_Q5Aa4gGX2ma97syCUx2rsuB7d4avSxodCswO68toDPKKOhnlOQ&oe=6A0F4E99&_nc_sid=5e03e0&_nc_cat=107:0
[    6769ms] [ERROR] Failed to load resource: the server responded with a status of 403 () @ https://pps.whatsapp.net/v/t61.24694-24/437184832_898610138517247_1283479863683724595_n.jpg?ccb=11-4&oh=01_Q5Aa4gGX2ma97syCUx2rsuB7d4avSxodCswO68toDPKKOhnlOQ&oe=6A0F4E99&_nc_sid=5e03e0&_nc_cat=107:0
[    7436ms] [ERROR] Failed to load resource: the server responded with a status of 403 () @ https://pps.whatsapp.net/v/t61.24694-24/360233190_1320356438684638_4102759860464303013_n.jpg?ccb=11-4&oh=01_Q5Aa3QHu-xoU4uoM2tG1El3Ga3AmDvYuqltgir_cSu3V7El2gw&oe=6952A87C&_nc_sid=5e03e0&_nc_cat=101:0
[   74532ms] [ERROR] Failed to load resource: the server responded with a status of 403 () @ https://pps.whatsapp.net/v/t61.24694-24/360233190_1320356438684638_4102759860464303013_n.jpg?ccb=11-4&oh=01_Q5Aa3QHu-xoU4uoM2tG1El3Ga3AmDvYuqltgir_cSu3V7El2gw&oe=6952A87C&_nc_sid=5e03e0&_nc_cat=101:0
[   75036ms] [ERROR] Failed to load resource: the server responded with a status of 403 () @ https://pps.whatsapp.net/v/t61.24694-24/533104101_1273496750896849_7121037392936692900_n.jpg?ccb=11-4&oh=01_Q5Aa4gHB_0LV-fCqetjZpJKJ3TmAJZ_EZL46yWdCfykkzCI0-g&oe=6A1307C1&_nc_sid=5e03e0&_nc_cat=106:0
[  101162ms] [ERROR] Failed to load resource: the server responded with a status of 403 () @ https://pps.whatsapp.net/v/t61.24694-24/533104101_1273496750896849_7121037392936692900_n.jpg?ccb=11-4&oh=01_Q5Aa4gHB_0LV-fCqetjZpJKJ3TmAJZ_EZL46yWdCfykkzCI0-g&oe=6A1307C1&_nc_sid=5e03e0&_nc_cat=106:0
[  101179ms] [ERROR] Failed to load resource: the server responded with a status of 403 () @ https://pps.whatsapp.net/v/t61.24694-24/360233190_1320356438684638_4102759860464303013_n.jpg?ccb=11-4&oh=01_Q5Aa3QHu-xoU4uoM2tG1El3Ga3AmDvYuqltgir_cSu3V7El2gw&oe=6952A87C&_nc_sid=5e03e0&_nc_cat=101:0
[  108291ms] [ERROR] Failed to load resource: the server responded with a status of 403 () @ https://pps.whatsapp.net/v/t61.24694-24/315748245_185497394061007_5395402319121083547_n.jpg?ccb=11-4&oh=01_Q5Aa3gFqJ8b3N4V7vTQL4ZfLicBXEY4Uvm2K3eW4fBcnhYu5tA&oe=698A2596&_nc_sid=5e03e0&_nc_cat=104:0
[  120329ms] [ERROR] Failed to load resource: the server responded with a status of 403 () @ https://pps.whatsapp.net/v/t61.24694-24/360233190_1320356438684638_4102759860464303013_n.jpg?ccb=11-4&oh=01_Q5Aa3QHu-xoU4uoM2tG1El3Ga3AmDvYuqltgir_cSu3V7El2gw&oe=6952A87C&_nc_sid=5e03e0&_nc_cat=101:0
[  154305ms] [ERROR] Failed to load resource: the server responded with a status of 403 () @ https://pps.whatsapp.net/v/t61.24694-24/533104101_1273496750896849_7121037392936692900_n.jpg?ccb=11-4&oh=01_Q5Aa4gHB_0LV-fCqetjZpJKJ3TmAJZ_EZL46yWdCfykkzCI0-g&oe=6A1307C1&_nc_sid=5e03e0&_nc_cat=106:0
[  157121ms] [ERROR] Failed to load resource: the server responded with a status of 403 () @ https://pps.whatsapp.net/v/t61.24694-24/315748245_185497394061007_5395402319121083547_n.jpg?ccb=11-4&oh=01_Q5Aa3gFqJ8b3N4V7vTQL4ZfLicBXEY4Uvm2K3eW4fBcnhYu5tA&oe=698A2596&_nc_sid=5e03e0&_nc_cat=104:0
[  160060ms] [ERROR] Failed to load resource: the server responded with a status of 403 () @ https://pps.whatsapp.net/v/t61.24694-24/360233190_1320356438684638_4102759860464303013_n.jpg?ccb=11-4&oh=01_Q5Aa3QHu-xoU4uoM2tG1El3Ga3AmDvYuqltgir_cSu3V7El2gw&oe=6952A87C&_nc_sid=5e03e0&_nc_cat=101:0
[  162551ms] [ERROR] Failed to load resource: the server responded with a status of 403 () @ https://pps.whatsapp.net/v/t61.24694-24/360233190_1320356438684638_4102759860464303013_n.jpg?ccb=11-4&oh=01_Q5Aa3QHu-xoU4uoM2tG1El3Ga3AmDvYuqltgir_cSu3V7El2gw&oe=6952A87C&_nc_sid=5e03e0&_nc_cat=101:0
[  169179ms] [ERROR] Failed to load resource: the server responded with a status of 403 () @ https://pps.whatsapp.net/v/t61.24694-24/360233190_1320356438684638_4102759860464303013_n.jpg?ccb=11-4&oh=01_Q5Aa3QHu-xoU4uoM2tG1El3Ga3AmDvYuqltgir_cSu3V7El2gw&oe=6952A87C&_nc_sid=5e03e0&_nc_cat=101:0
[  226204ms] [ERROR] Failed to load resource: the server responded with a status of 403 () @ https://pps.whatsapp.net/v/t61.24694-24/360233190_1320356438684638_4102759860464303013_n.jpg?ccb=11-4&oh=01_Q5Aa3QHu-xoU4uoM2tG1El3Ga3AmDvYuqltgir_cSu3V7El2gw&oe=6952A87C&_nc_sid=5e03e0&_nc_cat=101:0
[  237260ms] [ERROR] Failed to load resource: the server responded with a status of 403 () @ https://pps.whatsapp.net/v/t61.24694-24/455499207_1534352387211386_3430700275417720283_n.jpg?ccb=11-4&oh=01_Q5Aa3gHmDr2abhYfDFzVIBeq7dqUPuPwGyNX0Kl4DPoSNrj1-g&oe=697F169E&_nc_sid=5e03e0&_nc_cat=107:0
[  238731ms] [ERROR] Failed to load resource: the server responded with a status of 403 () @ https://pps.whatsapp.net/v/t61.24694-24/564916186_527574163784138_201180157676256640_n.jpg?ccb=11-4&oh=01_Q5Aa4AHnDMlxshSOh3Pg4_ClNCVgyuaR-6YGo3z-qQbD2UtXsg&oe=69BFEBD9&_nc_sid=5e03e0&_nc_cat=100:0
[  253010ms] [ERROR] Failed to load resource: the server responded with a status of 403 () @ https://pps.whatsapp.net/v/t61.24694-24/455499207_1534352387211386_3430700275417720283_n.jpg?ccb=11-4&oh=01_Q5Aa3gHmDr2abhYfDFzVIBeq7dqUPuPwGyNX0Kl4DPoSNrj1-g&oe=697F169E&_nc_sid=5e03e0&_nc_cat=107:0
[  256697ms] [ERROR] Failed to load resource: the server responded with a status of 403 () @ https://pps.whatsapp.net/v/t61.24694-24/564916186_527574163784138_201180157676256640_n.jpg?ccb=11-4&oh=01_Q5Aa4AHnDMlxshSOh3Pg4_ClNCVgyuaR-6YGo3z-qQbD2UtXsg&oe=69BFEBD9&_nc_sid=5e03e0&_nc_cat=100:0
[  256698ms] [ERROR] Failed to load resource: the server responded with a status of 403 () @ https://pps.whatsapp.net/v/t61.24694-24/455499207_1534352387211386_3430700275417720283_n.jpg?ccb=11-4&oh=01_Q5Aa3gHmDr2abhYfDFzVIBeq7dqUPuPwGyNX0Kl4DPoSNrj1-g&oe=697F169E&_nc_sid=5e03e0&_nc_cat=107:0
[  260647ms] [ERROR] Failed to load resource: the server responded with a status of 403 () @ https://pps.whatsapp.net/v/t61.24694-24/360233190_1320356438684638_4102759860464303013_n.jpg?ccb=11-4&oh=01_Q5Aa3QHu-xoU4uoM2tG1El3Ga3AmDvYuqltgir_cSu3V7El2gw&oe=6952A87C&_nc_sid=5e03e0&_nc_cat=101:0
[  266149ms] [ERROR] Failed to load resource: the server responded with a status of 403 () @ https://pps.whatsapp.net/v/t61.24694-24/315748245_185497394061007_5395402319121083547_n.jpg?ccb=11-4&oh=01_Q5Aa3gFqJ8b3N4V7vTQL4ZfLicBXEY4Uvm2K3eW4fBcnhYu5tA&oe=698A2596&_nc_sid=5e03e0&_nc_cat=104:0
[  280997ms] [ERROR] Failed to load resource: the server responded with a status of 403 () @ https://pps.whatsapp.net/v/t61.24694-24/564916186_527574163784138_201180157676256640_n.jpg?ccb=11-4&oh=01_Q5Aa4AHnDMlxshSOh3Pg4_ClNCVgyuaR-6YGo3z-qQbD2UtXsg&oe=69BFEBD9&_nc_sid=5e03e0&_nc_cat=100:0
[  287293ms] [ERROR] Failed to load resource: the server responded with a status of 403 () @ https://pps.whatsapp.net/v/t61.24694-24/564916186_527574163784138_201180157676256640_n.jpg?ccb=11-4&oh=01_Q5Aa4AHnDMlxshSOh3Pg4_ClNCVgyuaR-6YGo3z-qQbD2UtXsg&oe=69BFEBD9&_nc_sid=5e03e0&_nc_cat=100:0
[  298457ms] [ERROR] Failed to load resource: the server responded with a status of 403 () @ https://pps.whatsapp.net/v/t61.24694-24/564916186_527574163784138_201180157676256640_n.jpg?ccb=11-4&oh=01_Q5Aa4AHnDMlxshSOh3Pg4_ClNCVgyuaR-6YGo3z-qQbD2UtXsg&oe=69BFEBD9&_nc_sid=5e03e0&_nc_cat=100:0
