[    3074ms] [LOG] i18next: languageChanged pt @ https://spa-canary.poli.digital/assets/index-C2MjhjBp.js:101
[    3075ms] [LOG] i18next: initialized {debug: true, initAsync: true, ns: Array(1), defaultNS: Array(1), fallbackLng: Array(1)} @ https://spa-canary.poli.digital/assets/index-C2MjhjBp.js:101
[    3223ms] [WARNING] Replay is disabled because neither `replaysSessionSampleRate` nor `replaysOnErrorSampleRate` are set. @ https://spa-canary.poli.digital/assets/index-C2MjhjBp.js:76
[    4319ms] [INFO] WebSocket: Conexão estabelecida @ https://spa-canary.poli.digital/assets/index-C2MjhjBp.js:69
[    4492ms] [ERROR] Failed to load resource: the server responded with a status of 401 () @ https://foundation-api-canary.poli.digital/v3/accounts/balance/9b8af98e-0407-49a2-bce9-3620f29c513a:0
[    4496ms] [ERROR] Failed to load resource: the server responded with a status of 401 () @ https://foundation-api-canary.poli.digital/v3/settings:0
[    4497ms] [ERROR] Failed to load resource: the server responded with a status of 401 () @ https://foundation-api-canary.poli.digital/v3/crm/index:0
[    4498ms] [ERROR] Failed to load resource: the server responded with a status of 401 () @ https://foundation-api-canary.poli.digital/v3/users/settings/summary:0
[    4503ms] [ERROR] Failed to load resource: the server responded with a status of 401 () @ https://foundation-api-canary.poli.digital/v3/accounts/9b8af98e-0407-49a2-bce9-3620f29c513a/account-channels?include=uuid,uid,name,status,provider,integrator,metadata&page=1:0
[    4505ms] [ERROR] Failed to load resource: the server responded with a status of 401 () @ https://foundation-api-canary.poli.digital/v3/accounts/9b8af98e-0407-49a2-bce9-3620f29c513a/chats/pinned:0
[    4508ms] [ERROR] Failed to load resource: the server responded with a status of 401 () @ https://foundation-api-canary.poli.digital/v3/accounts/non-payment/9b8af98e-0407-49a2-bce9-3620f29c513a:0
[    4578ms] [ERROR] Failed to load resource: the server responded with a status of 401 () @ https://foundation-api-canary.poli.digital/v3/accounts/9b8af98e-0407-49a2-bce9-3620f29c513a/chats?include=type,chat_status,read_status,attributes,attendant,team,last_message,tags,unread_messages&status=OPEN&assigned_status=ASSIGNED&order=-date_last_message&contact_type=WITHOUT_CAMPAIGN:0
[    4690ms] TypeError: Cannot read properties of undefined (reading 'plugin')
    at <anonymous>:1:101
    at <anonymous>:1:126
    at https://www.googletagmanager.com/gtm.js?id=GTM-M2LRLQN:895:429
    at qS (https://www.googletagmanager.com/gtm.js?id=GTM-M2LRLQN:897:31)
    at Od.pS (https://www.googletagmanager.com/gtm.js?id=GTM-M2LRLQN:894:92)
    at Od.<anonymous> (https://www.googletagmanager.com/gtm.js?id=GTM-M2LRLQN:309:187)
    at k.apply (https://www.googletagmanager.com/gtm.js?id=GTM-M2LRLQN:231:466)
    at hb (https://www.googletagmanager.com/gtm.js?id=GTM-M2LRLQN:193:719)
    at gb (https://www.googletagmanager.com/gtm.js?id=GTM-M2LRLQN:193:470)
    at Od.<anonymous> (https://www.googletagmanager.com/gtm.js?id=GTM-M2LRLQN:255:473)
    at k.apply (https://www.googletagmanager.com/gtm.js?id=GTM-M2LRLQN:231:466)
    at hb (https://www.googletagmanager.com/gtm.js?id=GTM-M2LRLQN:193:719)
    at k.Lq (https://www.googletagmanager.com/gtm.js?id=GTM-M2LRLQN:193:1286)
    at uf (https://www.googletagmanager.com/gtm.js?id=GTM-M2LRLQN:266:960)
    at https://www.googletagmanager.com/gtm.js?id=GTM-M2LRLQN:719:315
    at Kz (https://www.googletagmanager.com/gtm.js?id=GTM-M2LRLQN:622:1)
    at Pz.evaluate (https://www.googletagmanager.com/gtm.js?id=GTM-M2LRLQN:626:722)
    at e (https://www.googletagmanager.com/gtm.js?id=GTM-M2LRLQN:646:170)
    at https://www.googletagmanager.com/gtm.js?id=GTM-M2LRLQN:198:125
    at Array.<anonymous> (https://www.googletagmanager.com/gtm.js?id=GTM-M2LRLQN:647:360)
    at Object.execute (https://www.googletagmanager.com/gtm.js?id=GTM-M2LRLQN:647:100)
    at mB (https://www.googletagmanager.com/gtm.js?id=GTM-M2LRLQN:647:742)
    at pB (https://www.googletagmanager.com/gtm.js?id=GTM-M2LRLQN:651:183)
    at BD (https://www.googletagmanager.com/gtm.js?id=GTM-M2LRLQN:696:252)
    at c.push (https://www.googletagmanager.com/gtm.js?id=GTM-M2LRLQN:700:209)
    at c.push (https://www.googletagmanager.com/gtag/js?id=AW-806600684:863:69)
    at c.push (https://www.googletagmanager.com/gtag/js?id=UA-118273772-1&cx=c&gtm=4e6631:551:69)
    at c.push (https://www.googletagmanager.com/gtag/js?id=G-EPZWL6H9X8&cx=c&gtm=4e6631:687:69)
    at https://www.googletagmanager.com/gtm.js?id=GTM-M2LRLQN:700:495
    at r (https://spa-canary.poli.digital/assets/index-C2MjhjBp.js:70:9812)
[    4695ms] [ERROR] Failed to load resource: the server responded with a status of 401 () @ https://foundation-api-canary.poli.digital/v3/broadcasting/auth:0
[    6998ms] Identifier 'TCRMEmbed' has already been declared
[   71526ms] [ERROR] Failed to load resource: the server responded with a status of 404 () @ https://foundation-api-canary.poli.digital/v3/accounts/9b8af98e-0407-49a2-bce9-3620f29c513a/users/a1fb6043-a422-4b34-b97c-92904dc440cb/scheduled-messages:0
[   84700ms] [ERROR] Failed to load resource: the server responded with a status of 404 () @ https://foundation-api-canary.poli.digital/v3/accounts/9b8af98e-0407-49a2-bce9-3620f29c513a/users/a1fb6043-a422-4b34-b97c-92904dc440cb/scheduled-messages:0
[   94380ms] [ERROR] Failed to load resource: the server responded with a status of 404 () @ https://foundation-api-canary.poli.digital/v3/auth/me:0
[   94775ms] [ERROR] Failed to load resource: the server responded with a status of 404 () @ https://foundation-api-canary.poli.digital/v3/users/me:0
[   95181ms] [ERROR] Failed to load resource: the server responded with a status of 404 () @ https://foundation-api-canary.poli.digital/v3/me:0
[  250587ms] [ERROR] Failed to load resource: the server responded with a status of 401 () @ https://foundation-api-canary.poli.digital/v3/accounts/9b8af98e-0407-49a2-bce9-3620f29c513a/users/9b923395-84e2-4063-81d7-359a828bc66d/scheduled-messages?contact_uuid=31ec2e8c-0674-11f1-b89b-06b3482cde9b:0
[  263185ms] [ERROR] Failed to load resource: the server responded with a status of 422 () @ https://foundation-api-canary.poli.digital/v3/accounts/9b8af98e-0407-49a2-bce9-3620f29c513a/users/9b923395-84e2-4063-81d7-359a828bc66d/scheduled-messages?contact_uuid=not-a-uuid:0
[  263558ms] [ERROR] Failed to load resource: the server responded with a status of 422 () @ https://foundation-api-canary.poli.digital/v3/accounts/9b8af98e-0407-49a2-bce9-3620f29c513a/users/9b923395-84e2-4063-81d7-359a828bc66d/scheduled-messages?contact_uuid=12345:0
[  264369ms] [ERROR] Failed to load resource: the server responded with a status of 422 () @ https://foundation-api-canary.poli.digital/v3/accounts/9b8af98e-0407-49a2-bce9-3620f29c513a/users/9b923395-84e2-4063-81d7-359a828bc66d/scheduled-messages?contact_uuid=xxxxxxxx-xxxx-xxxx-xxxx-xxxxxxxxxxxx:0
[  264879ms] [ERROR] Failed to load resource: the server responded with a status of 422 () @ https://foundation-api-canary.poli.digital/v3/accounts/9b8af98e-0407-49a2-bce9-3620f29c513a/users/9b923395-84e2-4063-81d7-359a828bc66d/scheduled-messages?contact_uuid=%3Cscript%3Ealert(1)%3C%2Fscript%3E:0
