[     402ms] [WARNING] Notifications permission has been blocked as the user has ignored the permission prompt several times. This can be reset in Page Info which can be accessed by clicking the tune icon next to the URL. See https://www.chromestatus.com/feature/6443143280984064 for more information. @ https://app-spa.qa.poli.digital/marketing:0
[    1855ms] [LOG] openSocketRequest @ https://app-spa.qa.poli.digital/static/js/main.c3fe8322.js:1
[    2940ms] [WARNING] <meta name="apple-mobile-web-app-capable" content="yes"> is deprecated. Please include <meta name="mobile-web-app-capable" content="yes"> @ https://app-spa.qa.poli.digital/marketing:0
[    2962ms] [WARNING] Notifications permission has been blocked as the user has ignored the permission prompt several times. This can be reset in Page Info which can be accessed by clicking the tune icon next to the URL. See https://www.chromestatus.com/feature/6443143280984064 for more information. @ https://app-spa.qa.poli.digital/marketing:0
[    4613ms] [WARNING] The value "device­_width" for key "width" is invalid, and has been ignored. @ https://disparadordigitalqa.vercel.app/46667/MXxwdHxsR2UyNWk2WHFWVkdEVU10MGZaOE1QeEQyTEtZb09ERU1ycGhmY1VxcXF1RnE5VkdOZnJBaTk3UEJiVUs0VkEy:0
[    4614ms] [WARNING] The key "initial­scale" is not recognized and ignored. @ https://disparadordigitalqa.vercel.app/46667/MXxwdHxsR2UyNWk2WHFWVkdEVU10MGZaOE1QeEQyTEtZb09ERU1ycGhmY1VxcXF1RnE5VkdOZnJBaTk3UEJiVUs0VkEy:0
[    7254ms] [ERROR] Access to XMLHttpRequest at 'https://disparador-sqs.qa.poli.digital/get-token-internal?entry_customer_id=46667' from origin 'https://disparadordigitalqa.vercel.app' has been blocked by CORS policy: Response to preflight request doesn't pass access control check: No 'Access-Control-Allow-Origin' header is present on the requested resource. @ https://disparadordigitalqa.vercel.app/46667/MXxwdHxsR2UyNWk2WHFWVkdEVU10MGZaOE1QeEQyTEtZb09ERU1ycGhmY1VxcXF1RnE5VkdOZnJBaTk3UEJiVUs0VkEy:0
[    7255ms] [ERROR] Erro na API ao buscar o token do cliente: Xb @ https://disparadordigitalqa.vercel.app/static/js/main.da3a2ee4.js:101
[    7260ms] [ERROR] Erro na API ao buscar os canais: Network Error @ https://disparadordigitalqa.vercel.app/static/js/main.da3a2ee4.js:101
[    7261ms] [ERROR] Erro ao buscar os canais: Error: Erro ao buscar os canais. Tente novamente mais tarde.
    at Mw (https://disparadordigitalqa.vercel.app/static/js/main.da3a2ee4.js:102:383070)
    at async https://disparadordigitalqa.vercel.app/static/js/main.da3a2ee4.js:102:467479 @ https://disparadordigitalqa.vercel.app/static/js/main.da3a2ee4.js:101
[    7271ms] [ERROR] Failed to load resource: net::ERR_FAILED @ https://disparador-sqs.qa.poli.digital/get-token-internal?entry_customer_id=46667:0
[    7272ms] [ERROR] Access to XMLHttpRequest at 'https://disparador-sqs.qa.poli.digital/get-triggers/customer/46667?page=1&perPage=20&start_date=&end_date=' from origin 'https://disparadordigitalqa.vercel.app' has been blocked by CORS policy: Response to preflight request doesn't pass access control check: No 'Access-Control-Allow-Origin' header is present on the requested resource. @ https://disparadordigitalqa.vercel.app/46667/MXxwdHxsR2UyNWk2WHFWVkdEVU10MGZaOE1QeEQyTEtZb09ERU1ycGhmY1VxcXF1RnE5VkdOZnJBaTk3UEJiVUs0VkEy:0
[    7276ms] [ERROR] Erro na API ao buscar triggers por status e data: Xb @ https://disparadordigitalqa.vercel.app/static/js/main.da3a2ee4.js:101
[    7276ms] [ERROR] Error fetching data: Xb @ https://disparadordigitalqa.vercel.app/static/js/main.da3a2ee4.js:101
[    7277ms] [ERROR] Failed to load resource: net::ERR_FAILED @ https://disparador-sqs.qa.poli.digital/get-triggers/customer/46667?page=1&perPage=20&start_date=&end_date=:0
[   25955ms] [ERROR] Access to XMLHttpRequest at 'https://disparador-sqs.qa.poli.digital/get-triggers/customer/46667?page=1&perPage=20&start_date=&end_date=' from origin 'https://disparadordigitalqa.vercel.app' has been blocked by CORS policy: Response to preflight request doesn't pass access control check: No 'Access-Control-Allow-Origin' header is present on the requested resource. @ https://disparadordigitalqa.vercel.app/46667/MXxwdHxsR2UyNWk2WHFWVkdEVU10MGZaOE1QeEQyTEtZb09ERU1ycGhmY1VxcXF1RnE5VkdOZnJBaTk3UEJiVUs0VkEy:0
[   25955ms] [ERROR] Erro na API ao buscar triggers por status e data: Xb @ https://disparadordigitalqa.vercel.app/static/js/main.da3a2ee4.js:101
[   25956ms] [ERROR] Error fetching data: Xb @ https://disparadordigitalqa.vercel.app/static/js/main.da3a2ee4.js:101
[   25957ms] [ERROR] Failed to load resource: net::ERR_FAILED @ https://disparador-sqs.qa.poli.digital/get-triggers/customer/46667?page=1&perPage=20&start_date=&end_date=:0
[   46121ms] [ERROR] Access to XMLHttpRequest at 'https://disparador-sqs.qa.poli.digital/get-triggers/customer/46667?page=1&perPage=20&start_date=&end_date=' from origin 'https://disparadordigitalqa.vercel.app' has been blocked by CORS policy: Response to preflight request doesn't pass access control check: No 'Access-Control-Allow-Origin' header is present on the requested resource. @ https://disparadordigitalqa.vercel.app/46667/MXxwdHxsR2UyNWk2WHFWVkdEVU10MGZaOE1QeEQyTEtZb09ERU1ycGhmY1VxcXF1RnE5VkdOZnJBaTk3UEJiVUs0VkEy:0
[   46122ms] [ERROR] Erro na API ao buscar triggers por status e data: Xb @ https://disparadordigitalqa.vercel.app/static/js/main.da3a2ee4.js:101
[   46122ms] [ERROR] Error fetching data: Xb @ https://disparadordigitalqa.vercel.app/static/js/main.da3a2ee4.js:101
[   46122ms] [ERROR] Failed to load resource: net::ERR_FAILED @ https://disparador-sqs.qa.poli.digital/get-triggers/customer/46667?page=1&perPage=20&start_date=&end_date=:0
