[    1840ms] [LOG] i18next: languageChanged pt @ https://spa-canary.poli.digital/assets/index-Dw968phl.js:101
[    1841ms] [LOG] i18next: initialized {debug: true, initAsync: true, ns: Array(1), defaultNS: Array(1), fallbackLng: Array(1)} @ https://spa-canary.poli.digital/assets/index-Dw968phl.js:101
[    2037ms] [WARNING] Replay is disabled because neither `replaysSessionSampleRate` nor `replaysOnErrorSampleRate` are set. @ https://spa-canary.poli.digital/assets/index-Dw968phl.js:76
[    2894ms] [ERROR] Failed to load resource: the server responded with a status of 403 () @ https://foundation-api-canary.poli.digital/v3/accounts/payment-due-alert:0
[    2905ms] [INFO] WebSocket: Conexão estabelecida @ https://spa-canary.poli.digital/assets/index-Dw968phl.js:69
[    3516ms] [ERROR] Failed to load resource: the server responded with a status of 403 () @ https://pps.whatsapp.net/v/t61.24694-24/437184832_898610138517247_1283479863683724595_n.jpg?ccb=11-4&oh=01_Q5Aa4gGX2ma97syCUx2rsuB7d4avSxodCswO68toDPKKOhnlOQ&oe=6A0F4E99&_nc_sid=5e03e0&_nc_cat=107:0
[    3576ms] [ERROR] Failed to load resource: the server responded with a status of 403 () @ https://pps.whatsapp.net/v/t61.24694-24/487819011_1122001249681380_2285523550704014782_n.jpg?ccb=11-4&oh=01_Q5Aa3wFD5nULwxdj04TYsTsvFYrjZuTYlaY98Jkkr6fTO556jA&oe=69ADB528&_nc_sid=5e03e0&_nc_cat=102:0
[    4445ms] [ERROR] Failed to load resource: the server responded with a status of 403 () @ https://foundation-api-canary.poli.digital/v3/accounts/payment-due-alert:0
[    4627ms] [ERROR] Failed to load resource: the server responded with a status of 403 () @ https://pps.whatsapp.net/v/t61.24694-24/437184832_898610138517247_1283479863683724595_n.jpg?ccb=11-4&oh=01_Q5Aa4gGX2ma97syCUx2rsuB7d4avSxodCswO68toDPKKOhnlOQ&oe=6A0F4E99&_nc_sid=5e03e0&_nc_cat=107:0
[    7026ms] Identifier 'TCRMEmbed' has already been declared
[    7205ms] [ERROR] Failed to load resource: the server responded with a status of 403 () @ https://foundation-api-canary.poli.digital/v3/accounts/payment-due-alert:0
[   11452ms] [ERROR] Failed to load resource: the server responded with a status of 403 () @ https://foundation-api-canary.poli.digital/v3/accounts/payment-due-alert:0
[   63141ms] [ERROR] Failed to load resource: the server responded with a status of 500 () @ https://foundation-api-canary.poli.digital/v3/accounts/9b8af98e-73f4-4fe9-b33b-7aa47b0369bf/users/9b923395-84e2-4063-81d7-359a828bc66d/scheduled-messages?per_page=15&page=1&include=user,contact,channel&contact_uuid=9bb49c4f-2c88-4a7f-84bb-38074c239b4b:0
[   64396ms] [ERROR] Failed to load resource: the server responded with a status of 500 () @ https://foundation-api-canary.poli.digital/v3/accounts/9b8af98e-73f4-4fe9-b33b-7aa47b0369bf/users/9b923395-84e2-4063-81d7-359a828bc66d/scheduled-messages?per_page=15&page=1&include=user,contact,channel&contact_uuid=9bb49c4f-2c88-4a7f-84bb-38074c239b4b:0
[   66665ms] [ERROR] Failed to load resource: the server responded with a status of 500 () @ https://foundation-api-canary.poli.digital/v3/accounts/9b8af98e-73f4-4fe9-b33b-7aa47b0369bf/users/9b923395-84e2-4063-81d7-359a828bc66d/scheduled-messages?per_page=15&page=1&include=user,contact,channel&contact_uuid=9bb49c4f-2c88-4a7f-84bb-38074c239b4b:0
[   70963ms] [ERROR] Failed to load resource: the server responded with a status of 500 () @ https://foundation-api-canary.poli.digital/v3/accounts/9b8af98e-73f4-4fe9-b33b-7aa47b0369bf/users/9b923395-84e2-4063-81d7-359a828bc66d/scheduled-messages?per_page=15&page=1&include=user,contact,channel&contact_uuid=9bb49c4f-2c88-4a7f-84bb-38074c239b4b:0
[  109105ms] [ERROR] Failed to load resource: the server responded with a status of 403 () @ https://pps.whatsapp.net/v/t61.24694-24/437184832_898610138517247_1283479863683724595_n.jpg?ccb=11-4&oh=01_Q5Aa4gGX2ma97syCUx2rsuB7d4avSxodCswO68toDPKKOhnlOQ&oe=6A0F4E99&_nc_sid=5e03e0&_nc_cat=107:0
[  133639ms] [ERROR] Failed to load resource: the server responded with a status of 500 () @ https://foundation-api-canary.poli.digital/v3/accounts/9b8af98e-73f4-4fe9-b33b-7aa47b0369bf/users/9b923395-84e2-4063-81d7-359a828bc66d/scheduled-messages?per_page=15&page=1&include=user,contact,channel&contact_uuid=9bb49c4f-2c88-4a7f-84bb-38074c239b4b:0
[  134966ms] [ERROR] Failed to load resource: the server responded with a status of 500 () @ https://foundation-api-canary.poli.digital/v3/accounts/9b8af98e-73f4-4fe9-b33b-7aa47b0369bf/users/9b923395-84e2-4063-81d7-359a828bc66d/scheduled-messages?per_page=15&page=1&include=user,contact,channel&contact_uuid=9bb49c4f-2c88-4a7f-84bb-38074c239b4b:0
[  137615ms] [ERROR] Failed to load resource: the server responded with a status of 500 () @ https://foundation-api-canary.poli.digital/v3/accounts/9b8af98e-73f4-4fe9-b33b-7aa47b0369bf/users/9b923395-84e2-4063-81d7-359a828bc66d/scheduled-messages?per_page=15&page=1&include=user,contact,channel&contact_uuid=9bb49c4f-2c88-4a7f-84bb-38074c239b4b:0
[  141913ms] [ERROR] Failed to load resource: the server responded with a status of 500 () @ https://foundation-api-canary.poli.digital/v3/accounts/9b8af98e-73f4-4fe9-b33b-7aa47b0369bf/users/9b923395-84e2-4063-81d7-359a828bc66d/scheduled-messages?per_page=15&page=1&include=user,contact,channel&contact_uuid=9bb49c4f-2c88-4a7f-84bb-38074c239b4b:0
