[    1835ms] [LOG] i18next: languageChanged pt @ https://spa-canary.poli.digital/assets/index-DDiD8YDD.js:101
[    1836ms] [LOG] i18next: initialized {debug: true, initAsync: true, ns: Array(1), defaultNS: Array(1), fallbackLng: Array(1)} @ https://spa-canary.poli.digital/assets/index-DDiD8YDD.js:101
[    1950ms] [WARNING] Replay is disabled because neither `replaysSessionSampleRate` nor `replaysOnErrorSampleRate` are set. @ https://spa-canary.poli.digital/assets/index-DDiD8YDD.js:76
[    2511ms] [INFO] WebSocket: Conexão estabelecida @ https://spa-canary.poli.digital/assets/index-DDiD8YDD.js:69
[    2557ms] [ERROR] Failed to load resource: the server responded with a status of 403 () @ https://foundation-api-canary.poli.digital/v3/accounts/payment-due-alert:0
[    2606ms] [ERROR] Failed to load resource: the server responded with a status of 404 () @ https://foundation-api-canary.poli.digital/v3/accounts/9b8af98e-73f4-4fe9-b33b-7aa47b0369bf/tags/metrics:0
[    2681ms] [LOG] i18next::translator: missingKey pt tags delete.title delete.title @ https://spa-canary.poli.digital/assets/index-DDiD8YDD.js:69
[    2682ms] [LOG] i18next::translator: missingKey pt tags delete.confirm delete.confirm @ https://spa-canary.poli.digital/assets/index-DDiD8YDD.js:69
[    2683ms] [LOG] i18next::translator: missingKey pt tags delete.cancel delete.cancel @ https://spa-canary.poli.digital/assets/index-DDiD8YDD.js:69
[    2692ms] [LOG] i18next::translator: missingKey pt tags delete.title delete.title @ https://spa-canary.poli.digital/assets/index-DDiD8YDD.js:69
[    2693ms] [LOG] i18next::translator: missingKey pt tags delete.confirm delete.confirm @ https://spa-canary.poli.digital/assets/index-DDiD8YDD.js:69
[    2693ms] [LOG] i18next::translator: missingKey pt tags delete.cancel delete.cancel @ https://spa-canary.poli.digital/assets/index-DDiD8YDD.js:69
[    2700ms] [LOG] i18next::translator: missingKey pt tags delete.title delete.title @ https://spa-canary.poli.digital/assets/index-DDiD8YDD.js:69
[    2701ms] [LOG] i18next::translator: missingKey pt tags delete.confirm delete.confirm @ https://spa-canary.poli.digital/assets/index-DDiD8YDD.js:69
[    2702ms] [LOG] i18next::translator: missingKey pt tags delete.cancel delete.cancel @ https://spa-canary.poli.digital/assets/index-DDiD8YDD.js:69
[    2708ms] [LOG] i18next::translator: missingKey pt tags delete.title delete.title @ https://spa-canary.poli.digital/assets/index-DDiD8YDD.js:69
[    2709ms] [LOG] i18next::translator: missingKey pt tags delete.confirm delete.confirm @ https://spa-canary.poli.digital/assets/index-DDiD8YDD.js:69
[    2709ms] [LOG] i18next::translator: missingKey pt tags delete.cancel delete.cancel @ https://spa-canary.poli.digital/assets/index-DDiD8YDD.js:69
[    2717ms] [LOG] i18next::translator: missingKey pt tags delete.title delete.title @ https://spa-canary.poli.digital/assets/index-DDiD8YDD.js:69
[    2718ms] [LOG] i18next::translator: missingKey pt tags delete.confirm delete.confirm @ https://spa-canary.poli.digital/assets/index-DDiD8YDD.js:69
[    2719ms] [LOG] i18next::translator: missingKey pt tags delete.cancel delete.cancel @ https://spa-canary.poli.digital/assets/index-DDiD8YDD.js:69
[    2730ms] [LOG] i18next::translator: missingKey pt tags delete.title delete.title @ https://spa-canary.poli.digital/assets/index-DDiD8YDD.js:69
[    2734ms] [LOG] i18next::translator: missingKey pt tags delete.confirm delete.confirm @ https://spa-canary.poli.digital/assets/index-DDiD8YDD.js:69
[    2736ms] [LOG] i18next::translator: missingKey pt tags delete.cancel delete.cancel @ https://spa-canary.poli.digital/assets/index-DDiD8YDD.js:69
[    2742ms] [LOG] i18next::translator: missingKey pt tags delete.title delete.title @ https://spa-canary.poli.digital/assets/index-DDiD8YDD.js:69
[    2745ms] [LOG] i18next::translator: missingKey pt tags delete.confirm delete.confirm @ https://spa-canary.poli.digital/assets/index-DDiD8YDD.js:69
[    2746ms] [LOG] i18next::translator: missingKey pt tags delete.cancel delete.cancel @ https://spa-canary.poli.digital/assets/index-DDiD8YDD.js:69
[    2754ms] [LOG] i18next::translator: missingKey pt tags delete.title delete.title @ https://spa-canary.poli.digital/assets/index-DDiD8YDD.js:69
[    2754ms] [LOG] i18next::translator: missingKey pt tags delete.confirm delete.confirm @ https://spa-canary.poli.digital/assets/index-DDiD8YDD.js:69
[    2755ms] [LOG] i18next::translator: missingKey pt tags delete.cancel delete.cancel @ https://spa-canary.poli.digital/assets/index-DDiD8YDD.js:69
[    2762ms] [LOG] i18next::translator: missingKey pt tags delete.title delete.title @ https://spa-canary.poli.digital/assets/index-DDiD8YDD.js:69
[    2764ms] [LOG] i18next::translator: missingKey pt tags delete.confirm delete.confirm @ https://spa-canary.poli.digital/assets/index-DDiD8YDD.js:69
[    2766ms] [LOG] i18next::translator: missingKey pt tags delete.cancel delete.cancel @ https://spa-canary.poli.digital/assets/index-DDiD8YDD.js:69
[    2775ms] [LOG] i18next::translator: missingKey pt tags delete.title delete.title @ https://spa-canary.poli.digital/assets/index-DDiD8YDD.js:69
[    2777ms] [LOG] i18next::translator: missingKey pt tags delete.confirm delete.confirm @ https://spa-canary.poli.digital/assets/index-DDiD8YDD.js:69
[    2777ms] [LOG] i18next::translator: missingKey pt tags delete.cancel delete.cancel @ https://spa-canary.poli.digital/assets/index-DDiD8YDD.js:69
[    2788ms] [LOG] i18next::translator: missingKey pt tags delete.title delete.title @ https://spa-canary.poli.digital/assets/index-DDiD8YDD.js:69
[    2791ms] [LOG] i18next::translator: missingKey pt tags delete.confirm delete.confirm @ https://spa-canary.poli.digital/assets/index-DDiD8YDD.js:69
[    2794ms] [LOG] i18next::translator: missingKey pt tags delete.cancel delete.cancel @ https://spa-canary.poli.digital/assets/index-DDiD8YDD.js:69
[    2801ms] [LOG] i18next::translator: missingKey pt tags delete.title delete.title @ https://spa-canary.poli.digital/assets/index-DDiD8YDD.js:69
[    2805ms] [LOG] i18next::translator: missingKey pt tags delete.confirm delete.confirm @ https://spa-canary.poli.digital/assets/index-DDiD8YDD.js:69
[    2806ms] [LOG] i18next::translator: missingKey pt tags delete.cancel delete.cancel @ https://spa-canary.poli.digital/assets/index-DDiD8YDD.js:69
[    2812ms] [LOG] i18next::translator: missingKey pt tags delete.title delete.title @ https://spa-canary.poli.digital/assets/index-DDiD8YDD.js:69
[    2816ms] [LOG] i18next::translator: missingKey pt tags delete.confirm delete.confirm @ https://spa-canary.poli.digital/assets/index-DDiD8YDD.js:69
[    2817ms] [LOG] i18next::translator: missingKey pt tags delete.cancel delete.cancel @ https://spa-canary.poli.digital/assets/index-DDiD8YDD.js:69
[    2824ms] [LOG] i18next::translator: missingKey pt tags delete.title delete.title @ https://spa-canary.poli.digital/assets/index-DDiD8YDD.js:69
[    2825ms] [LOG] i18next::translator: missingKey pt tags delete.confirm delete.confirm @ https://spa-canary.poli.digital/assets/index-DDiD8YDD.js:69
[    2825ms] [LOG] i18next::translator: missingKey pt tags delete.cancel delete.cancel @ https://spa-canary.poli.digital/assets/index-DDiD8YDD.js:69
[    2833ms] [LOG] i18next::translator: missingKey pt tags delete.title delete.title @ https://spa-canary.poli.digital/assets/index-DDiD8YDD.js:69
[    2834ms] [LOG] i18next::translator: missingKey pt tags delete.confirm delete.confirm @ https://spa-canary.poli.digital/assets/index-DDiD8YDD.js:69
[    2834ms] [LOG] i18next::translator: missingKey pt tags delete.cancel delete.cancel @ https://spa-canary.poli.digital/assets/index-DDiD8YDD.js:69
[    3765ms] [ERROR] Failed to load resource: the server responded with a status of 403 () @ https://foundation-api-canary.poli.digital/v3/accounts/payment-due-alert:0
[    6034ms] [ERROR] Failed to load resource: the server responded with a status of 403 () @ https://foundation-api-canary.poli.digital/v3/accounts/payment-due-alert:0
[   10276ms] [ERROR] Failed to load resource: the server responded with a status of 403 () @ https://foundation-api-canary.poli.digital/v3/accounts/payment-due-alert:0
