[    1173ms] [LOG] openSocketRequest @ https://app-spa.qa.poli.digital/static/js/main.c3fe8322.js:1
[    1426ms] [WARNING] <meta name="apple-mobile-web-app-capable" content="yes"> is deprecated. Please include <meta name="mobile-web-app-capable" content="yes"> @ https://app-spa.qa.poli.digital/login:0
[    3368ms] [VERBOSE] [DOM] Input elements should have autocomplete attributes (suggested: "current-password"): (More info: https://goo.gl/9p2vKq) %o @ https://app-spa.qa.poli.digital/login?force_login=true:0
[    4014ms] [WARNING] <meta name="apple-mobile-web-app-capable" content="yes"> is deprecated. Please include <meta name="mobile-web-app-capable" content="yes"> @ https://app-spa.qa.poli.digital/login?force_login=true:0
[    4306ms] [ERROR] Failed to load resource: the server responded with a status of 401 () @ https://foundation-api.qa.poli.digital/v3/users/settings/language:0
[    4308ms] [ERROR] [UserPreferencesService] Failed to get language: Error: Dados de autenticação não encontrados. Faça login novamente.
    at https://app-spa.qa.poli.digital/static/js/main.c3fe8322.js:2:2278571
    at f (https://app-spa.qa.poli.digital/static/js/main.c3fe8322.js:2:1825709)
    at Generator.<anonymous> (https://app-spa.qa.poli.digital/static/js/main.c3fe8322.js:2:1827061)
    at Generator.next (https://app-spa.qa.poli.digital/static/js/main.c3fe8322.js:2:1826138)
    at r (https://app-spa.qa.poli.digital/static/js/main.c3fe8322.js:2:1819801)
    at s (https://app-spa.qa.poli.digital/static/js/main.c3fe8322.js:2:1820012)
    at https://app-spa.qa.poli.digital/static/js/main.c3fe8322.js:2:1820071
    at new Promise (<anonymous>)
    at https://app-spa.qa.poli.digital/static/js/main.c3fe8322.js:2:1819952
    at https://app-spa.qa.poli.digital/static/js/main.c3fe8322.js:2:2281621 @ https://app-spa.qa.poli.digital/static/js/main.c3fe8322.js:1
[    4310ms] [WARNING] Não foi possível carregar idioma salvo, usando padrão: Error: Dados de autenticação não encontrados. Faça login novamente.
    at https://app-spa.qa.poli.digital/static/js/main.c3fe8322.js:2:2278571
    at f (https://app-spa.qa.poli.digital/static/js/main.c3fe8322.js:2:1825709)
    at Generator.<anonymous> (https://app-spa.qa.poli.digital/static/js/main.c3fe8322.js:2:1827061)
    at Generator.next (https://app-spa.qa.poli.digital/static/js/main.c3fe8322.js:2:1826138)
    at r (https://app-spa.qa.poli.digital/static/js/main.c3fe8322.js:2:1819801)
    at s (https://app-spa.qa.poli.digital/static/js/main.c3fe8322.js:2:1820012)
    at https://app-spa.qa.poli.digital/static/js/main.c3fe8322.js:2:1820071
    at new Promise (<anonymous>)
    at https://app-spa.qa.poli.digital/static/js/main.c3fe8322.js:2:1819952
    at https://app-spa.qa.poli.digital/static/js/main.c3fe8322.js:2:2281621 @ https://app-spa.qa.poli.digital/static/js/main.c3fe8322.js:1
[   10154ms] [ERROR] Failed to load resource: the server responded with a status of 401 () @ https://heimdall.qa.poli.digital/auth/token:0
[   10155ms] [ERROR] Erro ao fazer login com o Heimdall rd @ https://app-spa.qa.poli.digital/static/js/main.c3fe8322.js:1
[   10156ms] [ERROR] login error Error: Token not received!
    at https://app-spa.qa.poli.digital/static/js/main.c3fe8322.js:2:3375139
    at f (https://app-spa.qa.poli.digital/static/js/main.c3fe8322.js:2:1825709)
    at Generator.<anonymous> (https://app-spa.qa.poli.digital/static/js/main.c3fe8322.js:2:1827061)
    at Generator.next (https://app-spa.qa.poli.digital/static/js/main.c3fe8322.js:2:1826138)
    at d (https://app-spa.qa.poli.digital/static/js/main.c3fe8322.js:2:2814259)
    at l (https://app-spa.qa.poli.digital/static/js/main.c3fe8322.js:2:2814593) @ https://app-spa.qa.poli.digital/static/js/main.c3fe8322.js:1
[   10272ms] [VERBOSE] [DOM] Input elements should have autocomplete attributes (suggested: "current-password"): (More info: https://goo.gl/9p2vKq) %o @ https://app-spa.qa.poli.digital/login?force_login=true:0
[   33677ms] [ERROR] Failed to load resource: the server responded with a status of 401 () @ https://heimdall.qa.poli.digital/auth/token:0
[   33678ms] [ERROR] Erro ao fazer login com o Heimdall rd @ https://app-spa.qa.poli.digital/static/js/main.c3fe8322.js:1
[   33680ms] [ERROR] login error Error: Token not received!
    at https://app-spa.qa.poli.digital/static/js/main.c3fe8322.js:2:3375139
    at f (https://app-spa.qa.poli.digital/static/js/main.c3fe8322.js:2:1825709)
    at Generator.<anonymous> (https://app-spa.qa.poli.digital/static/js/main.c3fe8322.js:2:1827061)
    at Generator.next (https://app-spa.qa.poli.digital/static/js/main.c3fe8322.js:2:1826138)
    at d (https://app-spa.qa.poli.digital/static/js/main.c3fe8322.js:2:2814259)
    at l (https://app-spa.qa.poli.digital/static/js/main.c3fe8322.js:2:2814593) @ https://app-spa.qa.poli.digital/static/js/main.c3fe8322.js:1
[   33798ms] [VERBOSE] [DOM] Input elements should have autocomplete attributes (suggested: "current-password"): (More info: https://goo.gl/9p2vKq) %o @ https://app-spa.qa.poli.digital/login?force_login=true:0
[   84878ms] [LOG] openSocketRequest @ https://app-spa.qa.poli.digital/static/js/main.c3fe8322.js:1
[   85237ms] [ERROR] Failed to load resource: the server responded with a status of 403 () @ https://heimdall.qa.poli.digital/auth/foundation/allowed:0
[   85239ms] [ERROR] Erro ao verificar permissão de uso da nova tela de chats rd @ https://app-spa.qa.poli.digital/static/js/main.c3fe8322.js:1
