[    1281ms] [WARNING] Notifications permission has been blocked as the user has ignored the permission prompt several times. This can be reset in Page Info which can be accessed by clicking the tune icon next to the URL. See https://www.chromestatus.com/feature/6443143280984064 for more information. @ https://app-spa.qa.poli.digital/login?force_login=true:0
[    1874ms] [VERBOSE] [DOM] Input elements should have autocomplete attributes (suggested: "current-password"): (More info: https://goo.gl/9p2vKq) %o @ https://app-spa.qa.poli.digital/login?force_login=true:0
[    2211ms] [ERROR] Failed to load resource: the server responded with a status of 401 () @ https://foundation-api.qa.poli.digital/v3/users/settings/language:0
[    2213ms] [ERROR] [UserPreferencesService] Failed to get language: Error: Dados de autenticação não encontrados. Faça login novamente.
    at https://app-spa.qa.poli.digital/static/js/main.1bfda9ba.js:2:2278575
    at f (https://app-spa.qa.poli.digital/static/js/main.1bfda9ba.js:2:1825709)
    at Generator.<anonymous> (https://app-spa.qa.poli.digital/static/js/main.1bfda9ba.js:2:1827061)
    at Generator.next (https://app-spa.qa.poli.digital/static/js/main.1bfda9ba.js:2:1826138)
    at r (https://app-spa.qa.poli.digital/static/js/main.1bfda9ba.js:2:1819801)
    at s (https://app-spa.qa.poli.digital/static/js/main.1bfda9ba.js:2:1820012)
    at https://app-spa.qa.poli.digital/static/js/main.1bfda9ba.js:2:1820071
    at new Promise (<anonymous>)
    at https://app-spa.qa.poli.digital/static/js/main.1bfda9ba.js:2:1819952
    at https://app-spa.qa.poli.digital/static/js/main.1bfda9ba.js:2:2281625 @ https://app-spa.qa.poli.digital/static/js/main.1bfda9ba.js:1
[    2214ms] [WARNING] Não foi possível carregar idioma salvo, usando padrão: Error: Dados de autenticação não encontrados. Faça login novamente.
    at https://app-spa.qa.poli.digital/static/js/main.1bfda9ba.js:2:2278575
    at f (https://app-spa.qa.poli.digital/static/js/main.1bfda9ba.js:2:1825709)
    at Generator.<anonymous> (https://app-spa.qa.poli.digital/static/js/main.1bfda9ba.js:2:1827061)
    at Generator.next (https://app-spa.qa.poli.digital/static/js/main.1bfda9ba.js:2:1826138)
    at r (https://app-spa.qa.poli.digital/static/js/main.1bfda9ba.js:2:1819801)
    at s (https://app-spa.qa.poli.digital/static/js/main.1bfda9ba.js:2:1820012)
    at https://app-spa.qa.poli.digital/static/js/main.1bfda9ba.js:2:1820071
    at new Promise (<anonymous>)
    at https://app-spa.qa.poli.digital/static/js/main.1bfda9ba.js:2:1819952
    at https://app-spa.qa.poli.digital/static/js/main.1bfda9ba.js:2:2281625 @ https://app-spa.qa.poli.digital/static/js/main.1bfda9ba.js:1
[    3771ms] [WARNING] <meta name="apple-mobile-web-app-capable" content="yes"> is deprecated. Please include <meta name="mobile-web-app-capable" content="yes"> @ https://app-spa.qa.poli.digital/login?force_login=true:0
[    3796ms] [WARNING] Notifications permission has been blocked as the user has ignored the permission prompt several times. This can be reset in Page Info which can be accessed by clicking the tune icon next to the URL. See https://www.chromestatus.com/feature/6443143280984064 for more information. @ https://app-spa.qa.poli.digital/login?force_login=true:0
[   16750ms] [LOG] openSocketRequest @ https://app-spa.qa.poli.digital/static/js/main.1bfda9ba.js:1
[   17134ms] [ERROR] Failed to load resource: the server responded with a status of 403 () @ https://heimdall.qa.poli.digital/auth/foundation/allowed:0
[   17135ms] [ERROR] Erro ao verificar permissão de uso da nova tela de chats rd @ https://app-spa.qa.poli.digital/static/js/main.1bfda9ba.js:1
[   20458ms] [ERROR] Failed to load resource: the server responded with a status of 401 () @ https://homolog.qa.poli.digital/user/presence:0
[  160154ms] [ERROR] Failed to load resource: the server responded with a status of 404 () @ https://heimdall.qa.poli.digital/api/user/status:0
