[     469ms] [LOG] openSocketRequest @ https://app-spa.qa.poli.digital/static/js/main.c3fe8322.js:1
[     736ms] [WARNING] <meta name="apple-mobile-web-app-capable" content="yes"> is deprecated. Please include <meta name="mobile-web-app-capable" content="yes"> @ https://app-spa.qa.poli.digital/redirect?sessionId=5886a4fd505999b8c7592d2b64556d44a5b9609d&toPath=https://homolog.qa.poli.digital/users/46667/79356/edit:0
[    6076ms] [ERROR] Refused to execute script from 'https://homolog.qa.poli.digital/users/46667/79356/js/avatar.js' because its MIME type ('text/html') is not executable, and strict MIME type checking is enabled. @ https://homolog.qa.poli.digital/users/46667/79356/edit:0
[    8134ms] [VERBOSE] [DOM] Input elements should have autocomplete attributes (suggested: "new-password"): (More info: https://goo.gl/9p2vKq) %o @ https://homolog.qa.poli.digital/users/46667/79356/edit:0
[    8567ms] [ERROR] Failed to load resource: the server responded with a status of 401 () @ https://homolog.qa.poli.digital/user/presence:0
[    9237ms] TypeError: Cannot read properties of undefined (reading 'plugin')
    at <anonymous>:1:101
    at <anonymous>:1:126
    at https://www.googletagmanager.com/gtm.js?id=GTM-M2LRLQN:891:429
    at UR (https://www.googletagmanager.com/gtm.js?id=GTM-M2LRLQN:893:31)
    at Nd.TR (https://www.googletagmanager.com/gtm.js?id=GTM-M2LRLQN:890:92)
    at Nd.<anonymous> (https://www.googletagmanager.com/gtm.js?id=GTM-M2LRLQN:304:187)
    at k.apply (https://www.googletagmanager.com/gtm.js?id=GTM-M2LRLQN:230:466)
    at hb (https://www.googletagmanager.com/gtm.js?id=GTM-M2LRLQN:193:719)
    at gb (https://www.googletagmanager.com/gtm.js?id=GTM-M2LRLQN:193:470)
    at Nd.<anonymous> (https://www.googletagmanager.com/gtm.js?id=GTM-M2LRLQN:254:473)
[  373006ms] [ERROR] Failed to load resource: the server responded with a status of 401 () @ https://homolog.qa.poli.digital/alive:0
[  433202ms] [ERROR] Failed to load resource: the server responded with a status of 401 () @ https://homolog.qa.poli.digital/alive:0
[  493390ms] [ERROR] Failed to load resource: the server responded with a status of 401 () @ https://homolog.qa.poli.digital/alive:0
[  553568ms] [ERROR] Failed to load resource: the server responded with a status of 401 () @ https://homolog.qa.poli.digital/alive:0
[  613762ms] [ERROR] Failed to load resource: the server responded with a status of 401 () @ https://homolog.qa.poli.digital/alive:0
[  673942ms] [ERROR] Failed to load resource: the server responded with a status of 401 () @ https://homolog.qa.poli.digital/alive:0
[  734144ms] [ERROR] Failed to load resource: the server responded with a status of 401 () @ https://homolog.qa.poli.digital/alive:0
[  794331ms] [ERROR] Failed to load resource: the server responded with a status of 401 () @ https://homolog.qa.poli.digital/alive:0
[  854511ms] [ERROR] Failed to load resource: the server responded with a status of 401 () @ https://homolog.qa.poli.digital/alive:0
[  914712ms] [ERROR] Failed to load resource: the server responded with a status of 401 () @ https://homolog.qa.poli.digital/alive:0
[  974922ms] [ERROR] Failed to load resource: the server responded with a status of 401 () @ https://homolog.qa.poli.digital/alive:0
[ 1035105ms] [ERROR] Failed to load resource: the server responded with a status of 401 () @ https://homolog.qa.poli.digital/alive:0
[ 1095295ms] [ERROR] Failed to load resource: the server responded with a status of 401 () @ https://homolog.qa.poli.digital/alive:0
[ 1155483ms] [ERROR] Failed to load resource: the server responded with a status of 401 () @ https://homolog.qa.poli.digital/alive:0
[ 1215700ms] [ERROR] Failed to load resource: the server responded with a status of 401 () @ https://homolog.qa.poli.digital/alive:0
[ 1275889ms] [ERROR] Failed to load resource: the server responded with a status of 401 () @ https://homolog.qa.poli.digital/alive:0
[ 1336091ms] [ERROR] Failed to load resource: the server responded with a status of 401 () @ https://homolog.qa.poli.digital/alive:0
[ 1396274ms] [ERROR] Failed to load resource: the server responded with a status of 401 () @ https://homolog.qa.poli.digital/alive:0
[ 1456470ms] [ERROR] Failed to load resource: the server responded with a status of 401 () @ https://homolog.qa.poli.digital/alive:0
[ 1516697ms] [ERROR] Failed to load resource: the server responded with a status of 401 () @ https://homolog.qa.poli.digital/alive:0
[ 1576887ms] [ERROR] Failed to load resource: the server responded with a status of 401 () @ https://homolog.qa.poli.digital/alive:0
[ 1637077ms] [ERROR] Failed to load resource: the server responded with a status of 401 () @ https://homolog.qa.poli.digital/alive:0
[ 1697317ms] [ERROR] Failed to load resource: the server responded with a status of 401 () @ https://homolog.qa.poli.digital/alive:0
[ 1757524ms] [ERROR] Failed to load resource: the server responded with a status of 401 () @ https://homolog.qa.poli.digital/alive:0
[ 1817712ms] [ERROR] Failed to load resource: the server responded with a status of 401 () @ https://homolog.qa.poli.digital/alive:0
[ 1877902ms] [ERROR] Failed to load resource: the server responded with a status of 401 () @ https://homolog.qa.poli.digital/alive:0
[ 1938091ms] [ERROR] Failed to load resource: the server responded with a status of 401 () @ https://homolog.qa.poli.digital/alive:0
[ 1998290ms] [ERROR] Failed to load resource: the server responded with a status of 401 () @ https://homolog.qa.poli.digital/alive:0
[ 2058512ms] [ERROR] Failed to load resource: the server responded with a status of 401 () @ https://homolog.qa.poli.digital/alive:0
[ 2118710ms] [ERROR] Failed to load resource: the server responded with a status of 401 () @ https://homolog.qa.poli.digital/alive:0
[ 2178916ms] [ERROR] Failed to load resource: the server responded with a status of 401 () @ https://homolog.qa.poli.digital/alive:0
[ 2239120ms] [ERROR] Failed to load resource: the server responded with a status of 401 () @ https://homolog.qa.poli.digital/alive:0
[ 2299310ms] [ERROR] Failed to load resource: the server responded with a status of 401 () @ https://homolog.qa.poli.digital/alive:0
[ 2359501ms] [ERROR] Failed to load resource: the server responded with a status of 401 () @ https://homolog.qa.poli.digital/alive:0
[ 2419699ms] [ERROR] Failed to load resource: the server responded with a status of 401 () @ https://homolog.qa.poli.digital/alive:0
[ 2479892ms] [ERROR] Failed to load resource: the server responded with a status of 401 () @ https://homolog.qa.poli.digital/alive:0
[ 2540083ms] [ERROR] Failed to load resource: the server responded with a status of 401 () @ https://homolog.qa.poli.digital/alive:0
[ 2600290ms] [ERROR] Failed to load resource: the server responded with a status of 401 () @ https://homolog.qa.poli.digital/alive:0
[ 2660482ms] [ERROR] Failed to load resource: the server responded with a status of 401 () @ https://homolog.qa.poli.digital/alive:0
[ 2720678ms] [ERROR] Failed to load resource: the server responded with a status of 401 () @ https://homolog.qa.poli.digital/alive:0
[ 2780888ms] [ERROR] Failed to load resource: the server responded with a status of 401 () @ https://homolog.qa.poli.digital/alive:0
[ 2841098ms] [ERROR] Failed to load resource: the server responded with a status of 401 () @ https://homolog.qa.poli.digital/alive:0
[ 2901285ms] [ERROR] Failed to load resource: the server responded with a status of 401 () @ https://homolog.qa.poli.digital/alive:0
[ 2961486ms] [ERROR] Failed to load resource: the server responded with a status of 401 () @ https://homolog.qa.poli.digital/alive:0
[ 3021687ms] [ERROR] Failed to load resource: the server responded with a status of 401 () @ https://homolog.qa.poli.digital/alive:0
[ 3081875ms] [ERROR] Failed to load resource: the server responded with a status of 401 () @ https://homolog.qa.poli.digital/alive:0
[ 3142073ms] [ERROR] Failed to load resource: the server responded with a status of 401 () @ https://homolog.qa.poli.digital/alive:0
[ 3202272ms] [ERROR] Failed to load resource: the server responded with a status of 401 () @ https://homolog.qa.poli.digital/alive:0
[ 3262457ms] [ERROR] Failed to load resource: the server responded with a status of 401 () @ https://homolog.qa.poli.digital/alive:0
[ 3323117ms] [ERROR] Failed to load resource: the server responded with a status of 401 () @ https://homolog.qa.poli.digital/alive:0
[ 3383314ms] [ERROR] Failed to load resource: the server responded with a status of 401 () @ https://homolog.qa.poli.digital/alive:0
[ 3443506ms] [ERROR] Failed to load resource: the server responded with a status of 401 () @ https://homolog.qa.poli.digital/alive:0
[ 3503704ms] [ERROR] Failed to load resource: the server responded with a status of 401 () @ https://homolog.qa.poli.digital/alive:0
[ 3564294ms] [ERROR] Failed to load resource: the server responded with a status of 401 () @ https://homolog.qa.poli.digital/alive:0
[ 3624597ms] [ERROR] Failed to load resource: the server responded with a status of 401 () @ https://homolog.qa.poli.digital/alive:0
[ 3684792ms] [ERROR] Failed to load resource: the server responded with a status of 401 () @ https://homolog.qa.poli.digital/alive:0
[ 3744987ms] [ERROR] Failed to load resource: the server responded with a status of 401 () @ https://homolog.qa.poli.digital/alive:0
[ 3805195ms] [ERROR] Failed to load resource: the server responded with a status of 401 () @ https://homolog.qa.poli.digital/alive:0
[ 3865387ms] [ERROR] Failed to load resource: the server responded with a status of 401 () @ https://homolog.qa.poli.digital/alive:0
[ 3925604ms] [ERROR] Failed to load resource: the server responded with a status of 401 () @ https://homolog.qa.poli.digital/alive:0
[ 3985795ms] [ERROR] Failed to load resource: the server responded with a status of 401 () @ https://homolog.qa.poli.digital/alive:0
[ 4045991ms] [ERROR] Failed to load resource: the server responded with a status of 401 () @ https://homolog.qa.poli.digital/alive:0
[ 4106180ms] [ERROR] Failed to load resource: the server responded with a status of 401 () @ https://homolog.qa.poli.digital/alive:0
[ 4166382ms] [ERROR] Failed to load resource: the server responded with a status of 401 () @ https://homolog.qa.poli.digital/alive:0
[ 4226592ms] [ERROR] Failed to load resource: the server responded with a status of 401 () @ https://homolog.qa.poli.digital/alive:0
[ 4346987ms] [ERROR] Failed to load resource: the server responded with a status of 401 () @ https://homolog.qa.poli.digital/alive:0
[ 4407216ms] [ERROR] Failed to load resource: the server responded with a status of 401 () @ https://homolog.qa.poli.digital/alive:0
[ 4467427ms] [ERROR] Failed to load resource: the server responded with a status of 401 () @ https://homolog.qa.poli.digital/alive:0
