[    1354ms] [LOG] i18next: languageChanged pt @ https://spa-canary.poli.digital/assets/index-CXHWts-2.js:101
[    1355ms] [LOG] i18next: initialized {debug: true, initAsync: true, ns: Array(1), defaultNS: Array(1), fallbackLng: Array(1)} @ https://spa-canary.poli.digital/assets/index-CXHWts-2.js:101
[    1478ms] [WARNING] Replay is disabled because neither `replaysSessionSampleRate` nor `replaysOnErrorSampleRate` are set. @ https://spa-canary.poli.digital/assets/index-CXHWts-2.js:76
[    2145ms] [INFO] WebSocket: Conexão estabelecida @ https://spa-canary.poli.digital/assets/index-CXHWts-2.js:69
[    2770ms] [ERROR] Failed to load resource: the server responded with a status of 403 () @ https://foundation-api-canary.poli.digital/v3/accounts/payment-due-alert:0
[    4001ms] [ERROR] Failed to load resource: the server responded with a status of 403 () @ https://foundation-api-canary.poli.digital/v3/accounts/payment-due-alert:0
[    5894ms] Identifier 'TCRMEmbed' has already been declared
[    6204ms] [ERROR] Failed to load resource: the server responded with a status of 403 () @ https://foundation-api-canary.poli.digital/v3/accounts/payment-due-alert:0
[   10404ms] [ERROR] Failed to load resource: the server responded with a status of 401 () @ https://foundation-api-canary.poli.digital/v3/accounts/payment-due-alert:0
[   10837ms] [LOG] i18next: languageChanged pt @ https://spa-canary.poli.digital/assets/index-CXHWts-2.js:101
[   10838ms] [LOG] i18next: initialized {debug: true, initAsync: true, ns: Array(1), defaultNS: Array(1), fallbackLng: Array(1)} @ https://spa-canary.poli.digital/assets/index-CXHWts-2.js:101
[   10903ms] [WARNING] Replay is disabled because neither `replaysSessionSampleRate` nor `replaysOnErrorSampleRate` are set. @ https://spa-canary.poli.digital/assets/index-CXHWts-2.js:76
[   10938ms] [LOG] i18next: languageChanged pt @ https://spa-canary.poli.digital/assets/index-CXHWts-2.js:69
[   11388ms] [INFO] WebSocket: Conexão estabelecida @ https://spa-canary.poli.digital/assets/index-CXHWts-2.js:69
[   95202ms] [LOG] i18next: languageChanged pt @ https://spa-canary.poli.digital/assets/index-CXHWts-2.js:69
[   96672ms] [ERROR] Failed to load resource: the server responded with a status of 403 () @ https://foundation-api-canary.poli.digital/v3/accounts/payment-due-alert:0
[   97875ms] [ERROR] Failed to load resource: the server responded with a status of 403 () @ https://foundation-api-canary.poli.digital/v3/accounts/payment-due-alert:0
[   99010ms] Identifier 'TCRMEmbed' has already been declared
[  100078ms] [ERROR] Failed to load resource: the server responded with a status of 403 () @ https://foundation-api-canary.poli.digital/v3/accounts/payment-due-alert:0
[  104276ms] [ERROR] Failed to load resource: the server responded with a status of 403 () @ https://foundation-api-canary.poli.digital/v3/accounts/payment-due-alert:0
