[    1040ms] [LOG] i18next: languageChanged pt @ https://spa-canary.poli.digital/assets/index-iLAVF8WG.js:101
[    1040ms] [LOG] i18next: initialized {debug: true, initAsync: true, ns: Array(1), defaultNS: Array(1), fallbackLng: Array(1)} @ https://spa-canary.poli.digital/assets/index-iLAVF8WG.js:101
[    1212ms] [WARNING] Replay is disabled because neither `replaysSessionSampleRate` nor `replaysOnErrorSampleRate` are set. @ https://spa-canary.poli.digital/assets/index-iLAVF8WG.js:76
[    1584ms] TypeError: Cannot read properties of undefined (reading 'plugin')
    at <anonymous>:1:101
    at <anonymous>:1:126
    at https://www.googletagmanager.com/gtm.js?id=GTM-M2LRLQN:907:429
    at qS (https://www.googletagmanager.com/gtm.js?id=GTM-M2LRLQN:909:31)
    at Od.pS (https://www.googletagmanager.com/gtm.js?id=GTM-M2LRLQN:906:92)
    at Od.<anonymous> (https://www.googletagmanager.com/gtm.js?id=GTM-M2LRLQN:317:187)
    at k.apply (https://www.googletagmanager.com/gtm.js?id=GTM-M2LRLQN:239:466)
    at hb (https://www.googletagmanager.com/gtm.js?id=GTM-M2LRLQN:201:719)
    at gb (https://www.googletagmanager.com/gtm.js?id=GTM-M2LRLQN:201:470)
    at Od.<anonymous> (https://www.googletagmanager.com/gtm.js?id=GTM-M2LRLQN:263:473)
    at k.apply (https://www.googletagmanager.com/gtm.js?id=GTM-M2LRLQN:239:466)
    at hb (https://www.googletagmanager.com/gtm.js?id=GTM-M2LRLQN:201:719)
    at k.Sq (https://www.googletagmanager.com/gtm.js?id=GTM-M2LRLQN:201:1286)
    at uf (https://www.googletagmanager.com/gtm.js?id=GTM-M2LRLQN:274:960)
    at https://www.googletagmanager.com/gtm.js?id=GTM-M2LRLQN:728:315
    at Kz (https://www.googletagmanager.com/gtm.js?id=GTM-M2LRLQN:632:1)
    at Pz.evaluate (https://www.googletagmanager.com/gtm.js?id=GTM-M2LRLQN:636:722)
    at e (https://www.googletagmanager.com/gtm.js?id=GTM-M2LRLQN:656:170)
    at https://www.googletagmanager.com/gtm.js?id=GTM-M2LRLQN:206:125
    at Array.<anonymous> (https://www.googletagmanager.com/gtm.js?id=GTM-M2LRLQN:657:360)
    at Object.execute (https://www.googletagmanager.com/gtm.js?id=GTM-M2LRLQN:657:100)
    at mB (https://www.googletagmanager.com/gtm.js?id=GTM-M2LRLQN:657:742)
    at pB (https://www.googletagmanager.com/gtm.js?id=GTM-M2LRLQN:661:183)
    at zD (https://www.googletagmanager.com/gtm.js?id=GTM-M2LRLQN:705:231)
    at c.push (https://www.googletagmanager.com/gtm.js?id=GTM-M2LRLQN:709:209)
    at c.push (https://www.googletagmanager.com/gtag/js?id=G-EPZWL6H9X8&cx=c&gtm=4e66a1:687:69)
    at c.push (https://www.googletagmanager.com/gtag/js?id=AW-806600684:864:69)
    at c.push (https://www.googletagmanager.com/gtag/js?id=UA-118273772-1&cx=c&gtm=4e66a1:550:69)
    at https://www.googletagmanager.com/gtm.js?id=GTM-M2LRLQN:709:457
    at r (https://spa-canary.poli.digital/assets/index-iLAVF8WG.js:70:9827)
[    1670ms] [INFO] WebSocket: Conexão estabelecida @ https://spa-canary.poli.digital/assets/index-iLAVF8WG.js:69
[    1755ms] [ERROR] Failed to load resource: the server responded with a status of 404 () @ https://foundation-api-canary.poli.digital/v3/accounts/9b8af98e-0407-49a2-bce9-3620f29c513a/tags/metrics:0
[    2052ms] [LOG] i18next::translator: missingKey pt tags delete.title delete.title @ https://spa-canary.poli.digital/assets/index-iLAVF8WG.js:69
[    2054ms] [LOG] i18next::translator: missingKey pt tags delete.confirm delete.confirm @ https://spa-canary.poli.digital/assets/index-iLAVF8WG.js:69
[    2055ms] [LOG] i18next::translator: missingKey pt tags delete.cancel delete.cancel @ https://spa-canary.poli.digital/assets/index-iLAVF8WG.js:69
[    2060ms] [LOG] i18next::translator: missingKey pt tags delete.title delete.title @ https://spa-canary.poli.digital/assets/index-iLAVF8WG.js:69
[    2061ms] [LOG] i18next::translator: missingKey pt tags delete.confirm delete.confirm @ https://spa-canary.poli.digital/assets/index-iLAVF8WG.js:69
[    2061ms] [LOG] i18next::translator: missingKey pt tags delete.cancel delete.cancel @ https://spa-canary.poli.digital/assets/index-iLAVF8WG.js:69
[    2068ms] [LOG] i18next::translator: missingKey pt tags delete.title delete.title @ https://spa-canary.poli.digital/assets/index-iLAVF8WG.js:69
[    2068ms] [LOG] i18next::translator: missingKey pt tags delete.confirm delete.confirm @ https://spa-canary.poli.digital/assets/index-iLAVF8WG.js:69
[    2069ms] [LOG] i18next::translator: missingKey pt tags delete.cancel delete.cancel @ https://spa-canary.poli.digital/assets/index-iLAVF8WG.js:69
[    2074ms] [LOG] i18next::translator: missingKey pt tags delete.title delete.title @ https://spa-canary.poli.digital/assets/index-iLAVF8WG.js:69
[    2075ms] [LOG] i18next::translator: missingKey pt tags delete.confirm delete.confirm @ https://spa-canary.poli.digital/assets/index-iLAVF8WG.js:69
[    2076ms] [LOG] i18next::translator: missingKey pt tags delete.cancel delete.cancel @ https://spa-canary.poli.digital/assets/index-iLAVF8WG.js:69
[    2082ms] [LOG] i18next::translator: missingKey pt tags delete.title delete.title @ https://spa-canary.poli.digital/assets/index-iLAVF8WG.js:69
[    2082ms] [LOG] i18next::translator: missingKey pt tags delete.confirm delete.confirm @ https://spa-canary.poli.digital/assets/index-iLAVF8WG.js:69
[    2082ms] [LOG] i18next::translator: missingKey pt tags delete.cancel delete.cancel @ https://spa-canary.poli.digital/assets/index-iLAVF8WG.js:69
[    2087ms] [LOG] i18next::translator: missingKey pt tags delete.title delete.title @ https://spa-canary.poli.digital/assets/index-iLAVF8WG.js:69
[    2087ms] [LOG] i18next::translator: missingKey pt tags delete.confirm delete.confirm @ https://spa-canary.poli.digital/assets/index-iLAVF8WG.js:69
[    2088ms] [LOG] i18next::translator: missingKey pt tags delete.cancel delete.cancel @ https://spa-canary.poli.digital/assets/index-iLAVF8WG.js:69
[    2092ms] [LOG] i18next::translator: missingKey pt tags delete.title delete.title @ https://spa-canary.poli.digital/assets/index-iLAVF8WG.js:69
[    2092ms] [LOG] i18next::translator: missingKey pt tags delete.confirm delete.confirm @ https://spa-canary.poli.digital/assets/index-iLAVF8WG.js:69
[    2092ms] [LOG] i18next::translator: missingKey pt tags delete.cancel delete.cancel @ https://spa-canary.poli.digital/assets/index-iLAVF8WG.js:69
[    2096ms] [LOG] i18next::translator: missingKey pt tags delete.title delete.title @ https://spa-canary.poli.digital/assets/index-iLAVF8WG.js:69
[    2096ms] [LOG] i18next::translator: missingKey pt tags delete.confirm delete.confirm @ https://spa-canary.poli.digital/assets/index-iLAVF8WG.js:69
[    2097ms] [LOG] i18next::translator: missingKey pt tags delete.cancel delete.cancel @ https://spa-canary.poli.digital/assets/index-iLAVF8WG.js:69
[    2103ms] [LOG] i18next::translator: missingKey pt tags delete.title delete.title @ https://spa-canary.poli.digital/assets/index-iLAVF8WG.js:69
[    2104ms] [LOG] i18next::translator: missingKey pt tags delete.confirm delete.confirm @ https://spa-canary.poli.digital/assets/index-iLAVF8WG.js:69
[    2104ms] [LOG] i18next::translator: missingKey pt tags delete.cancel delete.cancel @ https://spa-canary.poli.digital/assets/index-iLAVF8WG.js:69
[    2108ms] [LOG] i18next::translator: missingKey pt tags delete.title delete.title @ https://spa-canary.poli.digital/assets/index-iLAVF8WG.js:69
[    2109ms] [LOG] i18next::translator: missingKey pt tags delete.confirm delete.confirm @ https://spa-canary.poli.digital/assets/index-iLAVF8WG.js:69
[    2109ms] [LOG] i18next::translator: missingKey pt tags delete.cancel delete.cancel @ https://spa-canary.poli.digital/assets/index-iLAVF8WG.js:69
[    2113ms] [LOG] i18next::translator: missingKey pt tags delete.title delete.title @ https://spa-canary.poli.digital/assets/index-iLAVF8WG.js:69
[    2114ms] [LOG] i18next::translator: missingKey pt tags delete.confirm delete.confirm @ https://spa-canary.poli.digital/assets/index-iLAVF8WG.js:69
[    2114ms] [LOG] i18next::translator: missingKey pt tags delete.cancel delete.cancel @ https://spa-canary.poli.digital/assets/index-iLAVF8WG.js:69
[    2121ms] [LOG] i18next::translator: missingKey pt tags delete.title delete.title @ https://spa-canary.poli.digital/assets/index-iLAVF8WG.js:69
[    2121ms] [LOG] i18next::translator: missingKey pt tags delete.confirm delete.confirm @ https://spa-canary.poli.digital/assets/index-iLAVF8WG.js:69
[    2122ms] [LOG] i18next::translator: missingKey pt tags delete.cancel delete.cancel @ https://spa-canary.poli.digital/assets/index-iLAVF8WG.js:69
[    2128ms] [LOG] i18next::translator: missingKey pt tags delete.title delete.title @ https://spa-canary.poli.digital/assets/index-iLAVF8WG.js:69
[    2128ms] [LOG] i18next::translator: missingKey pt tags delete.confirm delete.confirm @ https://spa-canary.poli.digital/assets/index-iLAVF8WG.js:69
[    2129ms] [LOG] i18next::translator: missingKey pt tags delete.cancel delete.cancel @ https://spa-canary.poli.digital/assets/index-iLAVF8WG.js:69
[    2135ms] [LOG] i18next::translator: missingKey pt tags delete.title delete.title @ https://spa-canary.poli.digital/assets/index-iLAVF8WG.js:69
[    2136ms] [LOG] i18next::translator: missingKey pt tags delete.confirm delete.confirm @ https://spa-canary.poli.digital/assets/index-iLAVF8WG.js:69
[    2136ms] [LOG] i18next::translator: missingKey pt tags delete.cancel delete.cancel @ https://spa-canary.poli.digital/assets/index-iLAVF8WG.js:69
[    2139ms] [LOG] i18next::translator: missingKey pt tags delete.title delete.title @ https://spa-canary.poli.digital/assets/index-iLAVF8WG.js:69
[    2139ms] [LOG] i18next::translator: missingKey pt tags delete.confirm delete.confirm @ https://spa-canary.poli.digital/assets/index-iLAVF8WG.js:69
[    2140ms] [LOG] i18next::translator: missingKey pt tags delete.cancel delete.cancel @ https://spa-canary.poli.digital/assets/index-iLAVF8WG.js:69
[  191274ms] [LOG] i18next: languageChanged pt @ https://spa-canary.poli.digital/assets/index-BB7gOYo1.js:101
[  191275ms] [LOG] i18next: initialized {debug: true, initAsync: true, ns: Array(1), defaultNS: Array(1), fallbackLng: Array(1)} @ https://spa-canary.poli.digital/assets/index-BB7gOYo1.js:101
[  191465ms] [WARNING] Replay is disabled because neither `replaysSessionSampleRate` nor `replaysOnErrorSampleRate` are set. @ https://spa-canary.poli.digital/assets/index-BB7gOYo1.js:76
[  192087ms] [INFO] WebSocket: Conexão estabelecida @ https://spa-canary.poli.digital/assets/index-BB7gOYo1.js:69
[  201493ms] [LOG] i18next: languageChanged pt @ https://spa-canary.poli.digital/assets/index-iLAVF8WG.js:101
[  201494ms] [LOG] i18next: initialized {debug: true, initAsync: true, ns: Array(1), defaultNS: Array(1), fallbackLng: Array(1)} @ https://spa-canary.poli.digital/assets/index-iLAVF8WG.js:101
[  201619ms] [WARNING] Replay is disabled because neither `replaysSessionSampleRate` nor `replaysOnErrorSampleRate` are set. @ https://spa-canary.poli.digital/assets/index-iLAVF8WG.js:76
[  202076ms] [INFO] WebSocket: Conexão estabelecida @ https://spa-canary.poli.digital/assets/index-iLAVF8WG.js:69
[  202263ms] TypeError: Cannot read properties of undefined (reading 'plugin')
    at <anonymous>:1:101
    at <anonymous>:1:126
    at https://www.googletagmanager.com/gtm.js?id=GTM-M2LRLQN:907:429
    at qS (https://www.googletagmanager.com/gtm.js?id=GTM-M2LRLQN:909:31)
    at Od.pS (https://www.googletagmanager.com/gtm.js?id=GTM-M2LRLQN:906:92)
    at Od.<anonymous> (https://www.googletagmanager.com/gtm.js?id=GTM-M2LRLQN:317:187)
    at k.apply (https://www.googletagmanager.com/gtm.js?id=GTM-M2LRLQN:239:466)
    at hb (https://www.googletagmanager.com/gtm.js?id=GTM-M2LRLQN:201:719)
    at gb (https://www.googletagmanager.com/gtm.js?id=GTM-M2LRLQN:201:470)
    at Od.<anonymous> (https://www.googletagmanager.com/gtm.js?id=GTM-M2LRLQN:263:473)
    at k.apply (https://www.googletagmanager.com/gtm.js?id=GTM-M2LRLQN:239:466)
    at hb (https://www.googletagmanager.com/gtm.js?id=GTM-M2LRLQN:201:719)
    at k.Sq (https://www.googletagmanager.com/gtm.js?id=GTM-M2LRLQN:201:1286)
    at uf (https://www.googletagmanager.com/gtm.js?id=GTM-M2LRLQN:274:960)
    at https://www.googletagmanager.com/gtm.js?id=GTM-M2LRLQN:728:315
    at Kz (https://www.googletagmanager.com/gtm.js?id=GTM-M2LRLQN:632:1)
    at Pz.evaluate (https://www.googletagmanager.com/gtm.js?id=GTM-M2LRLQN:636:722)
    at e (https://www.googletagmanager.com/gtm.js?id=GTM-M2LRLQN:656:170)
    at https://www.googletagmanager.com/gtm.js?id=GTM-M2LRLQN:206:125
    at Array.<anonymous> (https://www.googletagmanager.com/gtm.js?id=GTM-M2LRLQN:657:360)
    at Object.execute (https://www.googletagmanager.com/gtm.js?id=GTM-M2LRLQN:657:100)
    at mB (https://www.googletagmanager.com/gtm.js?id=GTM-M2LRLQN:657:742)
    at pB (https://www.googletagmanager.com/gtm.js?id=GTM-M2LRLQN:661:183)
    at zD (https://www.googletagmanager.com/gtm.js?id=GTM-M2LRLQN:705:231)
    at c.push (https://www.googletagmanager.com/gtm.js?id=GTM-M2LRLQN:709:209)
    at c.push (https://www.googletagmanager.com/gtag/js?id=AW-806600684:864:69)
    at c.push (https://www.googletagmanager.com/gtag/js?id=G-EPZWL6H9X8&cx=c&gtm=4e66a1:687:69)
    at c.push (https://www.googletagmanager.com/gtag/js?id=UA-118273772-1&cx=c&gtm=4e66a1:550:69)
    at https://www.googletagmanager.com/gtm.js?id=GTM-M2LRLQN:709:457
    at r (https://spa-canary.poli.digital/assets/index-iLAVF8WG.js:70:9827)
[ 3802241ms] [ERROR] Failed to load resource: the server responded with a status of 404 () @ https://heimdall.poli.digital/auth/inactivity:0
[ 3802422ms] AxiosError: Request failed with status code 404
    at bBe (https://spa-canary.poli.digital/assets/index-iLAVF8WG.js:1101:10207)
    at XMLHttpRequest.x (https://spa-canary.poli.digital/assets/index-iLAVF8WG.js:1101:15780)
[ 5154010ms] [VERBOSE] [DOM] Input elements should have autocomplete attributes (suggested: "current-password"): (More info: https://goo.gl/9p2vKq) %o @ https://www.facebook.com/:0
[ 5154612ms] [LOG] 
%cEspere! font-family:helvetica; font-size:20px; font-size:50px; font-weight:bold; color:red; -webkit-text-stroke:1px black; @ https://static.xx.fbcdn.net/rsrc.php/v4/yO/r/_o1F093C5v0.js:245
[ 5154613ms] [LOG] 
%cEste é um recurso de navegador voltado para desenvolvedores. Se alguém disse para você copiar e colar algo aqui para ativar um recurso do Facebook ou "invadir" a conta de outra pessoa, isso é uma fraude e você dará a ele acesso à sua conta. font-family:helvetica; font-size:20px;  @ https://static.xx.fbcdn.net/rsrc.php/v4/yO/r/_o1F093C5v0.js:245
[ 5154613ms] [LOG] 
%cConsulte https://www.facebook.com/selfxss para mais informações. font-family:helvetica; font-size:20px;  @ https://static.xx.fbcdn.net/rsrc.php/v4/yO/r/_o1F093C5v0.js:245
[ 5154614ms] [LOG] 
%c  @ https://static.xx.fbcdn.net/rsrc.php/v4/yO/r/_o1F093C5v0.js:245
[ 5164708ms] [ERROR] ErrorUtils caught an error:

Missing cryptedUid for successful web login

Subsequent non-fatal errors won't be logged; see https://fburl.com/debugjs. {column: 17870, clientTime: 1781288364, extra: Object, guardList: Array(1), hash: ntncxv} @ https://static.xx.fbcdn.net/rsrc.php/v4/yO/r/_o1F093C5v0.js:79
[ 5166121ms] [ERROR] ErrorUtils caught an error:

terminate stream because StartStreamFailure with msg : UNAUTHENTICATED [Caught in: Subscription error in preprocessResponse]

Subsequent non-fatal errors won't be logged; see https://fburl.com/debugjs. {column: 180, clientTime: 1781288366, extra: Object, guardList: Array(0), hash: bo1hlj} @ https://static.xx.fbcdn.net/rsrc.php/v4/yO/r/_o1F093C5v0.js:79
[ 5166133ms] [LOG] 
%cEspere! font-family:helvetica; font-size:20px; font-size:50px; font-weight:bold; color:red; -webkit-text-stroke:1px black; @ https://static.xx.fbcdn.net/rsrc.php/v4/yO/r/_o1F093C5v0.js:245
[ 5166134ms] [LOG] 
%cEste é um recurso de navegador voltado para desenvolvedores. Se alguém disse para você copiar e colar algo aqui para ativar um recurso do Facebook ou "invadir" a conta de outra pessoa, isso é uma fraude e você dará a ele acesso à sua conta. font-family:helvetica; font-size:20px;  @ https://static.xx.fbcdn.net/rsrc.php/v4/yO/r/_o1F093C5v0.js:245
[ 5166134ms] [LOG] 
%cConsulte https://www.facebook.com/selfxss para mais informações. font-family:helvetica; font-size:20px;  @ https://static.xx.fbcdn.net/rsrc.php/v4/yO/r/_o1F093C5v0.js:245
[ 5166134ms] [LOG] 
%c  @ https://static.xx.fbcdn.net/rsrc.php/v4/yO/r/_o1F093C5v0.js:245
[ 5167054ms] [ERROR] Permissions policy violation: unload is not allowed in this document. @ https://static.xx.fbcdn.net/rsrc.php/v4/yM/r/xL8j3lKi-Sp.js:321
[ 5176864ms] [VERBOSE] [DOM] Input elements should have autocomplete attributes (suggested: "current-password"): (More info: https://goo.gl/9p2vKq) %o @ https://www.facebook.com/:0
[ 5177121ms] [LOG] 
%cEspere! font-family:helvetica; font-size:20px; font-size:50px; font-weight:bold; color:red; -webkit-text-stroke:1px black; @ https://static.xx.fbcdn.net/rsrc.php/v4/yO/r/_o1F093C5v0.js:245
[ 5177121ms] [LOG] 
%cEste é um recurso de navegador voltado para desenvolvedores. Se alguém disse para você copiar e colar algo aqui para ativar um recurso do Facebook ou "invadir" a conta de outra pessoa, isso é uma fraude e você dará a ele acesso à sua conta. font-family:helvetica; font-size:20px;  @ https://static.xx.fbcdn.net/rsrc.php/v4/yO/r/_o1F093C5v0.js:245
[ 5177121ms] [LOG] 
%cConsulte https://www.facebook.com/selfxss para mais informações. font-family:helvetica; font-size:20px;  @ https://static.xx.fbcdn.net/rsrc.php/v4/yO/r/_o1F093C5v0.js:245
[ 5177121ms] [LOG] 
%c  @ https://static.xx.fbcdn.net/rsrc.php/v4/yO/r/_o1F093C5v0.js:245
[ 5300911ms] [LOG] 
%cEspere! font-family:helvetica; font-size:20px; font-size:50px; font-weight:bold; color:red; -webkit-text-stroke:1px black; @ https://static.xx.fbcdn.net/rsrc.php/v4/yO/r/_o1F093C5v0.js:245
[ 5300911ms] [LOG] 
%cEste é um recurso de navegador voltado para desenvolvedores. Se alguém disse para você copiar e colar algo aqui para ativar um recurso do Facebook ou "invadir" a conta de outra pessoa, isso é uma fraude e você dará a ele acesso à sua conta. font-family:helvetica; font-size:20px;  @ https://static.xx.fbcdn.net/rsrc.php/v4/yO/r/_o1F093C5v0.js:245
[ 5300912ms] [LOG] 
%cConsulte https://www.facebook.com/selfxss para mais informações. font-family:helvetica; font-size:20px;  @ https://static.xx.fbcdn.net/rsrc.php/v4/yO/r/_o1F093C5v0.js:245
[ 5300912ms] [LOG] 
%c  @ https://static.xx.fbcdn.net/rsrc.php/v4/yO/r/_o1F093C5v0.js:245
[ 5301079ms] [ERROR] ErrorUtils caught an error:

terminate stream because StartStreamFailure with msg : UNAUTHENTICATED [Caught in: Subscription error in preprocessResponse]

Subsequent non-fatal errors won't be logged; see https://fburl.com/debugjs. {column: 180, clientTime: 1781288501, extra: Object, guardList: Array(0), hash: nknt0q} @ https://static.xx.fbcdn.net/rsrc.php/v4/yO/r/_o1F093C5v0.js:79
[ 5316875ms] [VERBOSE] [DOM] Input elements should have autocomplete attributes (suggested: "new-password"): (More info: https://goo.gl/9p2vKq) %o @ https://www.facebook.com/recover/initiate/?ci=AdAqNj41QP7wYe7fqtvamtTYoXjh4Cwn39sVMFqY_iwEFdt1bgYry3y_M2XYuTAgHgKvdWsiPOxiTQb390mZeodMpnL4tnERajbXEhVncGdEwrAuo-Grmo_Jr3UxRUlBJoPmi8ahn9k-IXpjqF6ENzYyQU8fziqhbClj16h3qP-qj8dpsuKwggcG73IES9YLS_YyOfU_lcqUUFXEMmpIUw4_gUXBmgrGMTmVJEyXPyycM4TEiAJ09WFgU--iwTXfvMwFlSaIv29N0HY2rEkcj7hMo766GbuOs92fzCniMMvimWDmUDil3oYLeoiF1GOARaZSE-c1RnF8sY1ffID0aXDrk2Drtk8_CY3wyYNR9XBvhSfhivxWfE8eB4gm0sz4ZWas-y19okfZJnUaTMpqN6ebL6Xb4gjkH587w7bUMqXi0oLxxDarAVg4Ern1CdB2HJBBZwBMnxe_4WPZSN7vxUWH2GXDvWAdptpb1qmQY0YGngh8WgWs1-RTWG_O11OMySxWGIyuTPWDuscff_GKxJ1NfNUPfF4xn6Nx4hIZKTpmznMeyi-FdfPQHKMDKhD7f5GfypRrNT4pXn1eaO_OQGlBsAH9iMIwcpvNgGqsB9j9H34bosSDdvMX3x1c3IoTkMMCq_fzqEIm7rAV_oYAZiS46KNYgzz-x8_RSx3GIC5XAFTEg1HX-j8eeL3cwR92_aXT1fiT_GcEJ1JYJicSWkLfNMqyIj4DlAULtxfJ0AouZzb7RK8re5c53AQJID8dqZUaEk4_vtWzxMxXjiC8693RSJ30EyFuweTPIcpYwE9ntF9JdW2jkP5r1owTxZ7gwccpNF3vuGAYtNUL-DJqt8vQgtDnc_fGMLtifoOwf8cqgHAbRYwMHBIYkEFE1KQ7mHV9b9H2lR2FX_sPH4BjkXWs1pTP1ZSOQKx8yryHhkpNr1tfn2ju3X_yteIgG7w7tXxk0tVYxObS0_dJVXIHCsndNmls2hSSsmMjgK6Ribgp0qFbTJcWPBEewxcjRjPrvrBwP4mCBwZgeH_z:0
[ 5324314ms] [ERROR] ErrorUtils caught an error:

terminate stream because StartStreamFailure with msg : UNAUTHENTICATED [Caught in: Subscription error in preprocessResponse]

Subsequent non-fatal errors won't be logged; see https://fburl.com/debugjs. {column: 180, clientTime: 1781288524, extra: Object, guardList: Array(0), hash: g2wuvh} @ https://static.xx.fbcdn.net/rsrc.php/v4/yO/r/_o1F093C5v0.js:79
[ 5324320ms] [LOG] 
%cEspere! font-family:helvetica; font-size:20px; font-size:50px; font-weight:bold; color:red; -webkit-text-stroke:1px black; @ https://static.xx.fbcdn.net/rsrc.php/v4/yO/r/_o1F093C5v0.js:245
[ 5324321ms] [LOG] 
%cEste é um recurso de navegador voltado para desenvolvedores. Se alguém disse para você copiar e colar algo aqui para ativar um recurso do Facebook ou "invadir" a conta de outra pessoa, isso é uma fraude e você dará a ele acesso à sua conta. font-family:helvetica; font-size:20px;  @ https://static.xx.fbcdn.net/rsrc.php/v4/yO/r/_o1F093C5v0.js:245
[ 5324321ms] [LOG] 
%cConsulte https://www.facebook.com/selfxss para mais informações. font-family:helvetica; font-size:20px;  @ https://static.xx.fbcdn.net/rsrc.php/v4/yO/r/_o1F093C5v0.js:245
[ 5324321ms] [LOG] 
%c  @ https://static.xx.fbcdn.net/rsrc.php/v4/yO/r/_o1F093C5v0.js:245
[ 5324607ms] [ERROR] Permissions policy violation: unload is not allowed in this document. @ https://static.xx.fbcdn.net/rsrc.php/v4/yM/r/xL8j3lKi-Sp.js:321
[ 5325261ms] [INFO] Slow network is detected. See https://www.chromestatus.com/feature/5636954674692096 for more details. Fallback font will be used while loading: https://fonts.gstatic.com/s/roboto/v48/KFO7CnqEu92Fr1ME7kSn66aGLdTylUAMa3yUBA.woff2 @ https://www.gstatic.com/recaptcha/releases/MerVUtRoajKEbP7pLiGXkL28/recaptcha__pt_br.js:669
[ 5325261ms] [INFO] Slow network is detected. See https://www.chromestatus.com/feature/5636954674692096 for more details. Fallback font will be used while loading: https://fonts.gstatic.com/s/roboto/v48/KFO7CnqEu92Fr1ME7kSn66aGLdTylUAMa3yUBA.woff2 @ https://www.gstatic.com/recaptcha/releases/MerVUtRoajKEbP7pLiGXkL28/recaptcha__pt_br.js:669
[ 5333510ms] [VERBOSE] [DOM] Input elements should have autocomplete attributes (suggested: "current-password"): (More info: https://goo.gl/9p2vKq) %o @ https://www.facebook.com/:0
[ 5333624ms] [LOG] 
%cEspere! font-family:helvetica; font-size:20px; font-size:50px; font-weight:bold; color:red; -webkit-text-stroke:1px black; @ https://static.xx.fbcdn.net/rsrc.php/v4/yO/r/_o1F093C5v0.js:245
[ 5333624ms] [LOG] 
%cEste é um recurso de navegador voltado para desenvolvedores. Se alguém disse para você copiar e colar algo aqui para ativar um recurso do Facebook ou "invadir" a conta de outra pessoa, isso é uma fraude e você dará a ele acesso à sua conta. font-family:helvetica; font-size:20px;  @ https://static.xx.fbcdn.net/rsrc.php/v4/yO/r/_o1F093C5v0.js:245
[ 5333624ms] [LOG] 
%cConsulte https://www.facebook.com/selfxss para mais informações. font-family:helvetica; font-size:20px;  @ https://static.xx.fbcdn.net/rsrc.php/v4/yO/r/_o1F093C5v0.js:245
[ 5333624ms] [LOG] 
%c  @ https://static.xx.fbcdn.net/rsrc.php/v4/yO/r/_o1F093C5v0.js:245
[ 5336573ms] [INFO] Slow network is detected. See https://www.chromestatus.com/feature/5636954674692096 for more details. Fallback font will be used while loading: https://static.xx.fbcdn.net/rsrc.php/yj/r/wG435t6XAqR.woff2 @ https://www.facebook.com/recover/initiate/?privacy_mutation_token=eyJ0eXBlIjo1LCJjcmVhdGlvbl90aW1lIjoxNzgxMjg4NTMzfQ%3D%3D&ars=facebook_login:151
[ 5338565ms] [LOG] 
%cEspere! font-family:helvetica; font-size:20px; font-size:50px; font-weight:bold; color:red; -webkit-text-stroke:1px black; @ https://static.xx.fbcdn.net/rsrc.php/v4/yO/r/_o1F093C5v0.js:245
[ 5338565ms] [LOG] 
%cEste é um recurso de navegador voltado para desenvolvedores. Se alguém disse para você copiar e colar algo aqui para ativar um recurso do Facebook ou "invadir" a conta de outra pessoa, isso é uma fraude e você dará a ele acesso à sua conta. font-family:helvetica; font-size:20px;  @ https://static.xx.fbcdn.net/rsrc.php/v4/yO/r/_o1F093C5v0.js:245
[ 5338567ms] [LOG] 
%cConsulte https://www.facebook.com/selfxss para mais informações. font-family:helvetica; font-size:20px;  @ https://static.xx.fbcdn.net/rsrc.php/v4/yO/r/_o1F093C5v0.js:245
[ 5338568ms] [LOG] 
%c  @ https://static.xx.fbcdn.net/rsrc.php/v4/yO/r/_o1F093C5v0.js:245
[ 5338893ms] [ERROR] ErrorUtils caught an error:

terminate stream because StartStreamFailure with msg : UNAUTHENTICATED [Caught in: Subscription error in preprocessResponse]

Subsequent non-fatal errors won't be logged; see https://fburl.com/debugjs. {column: 180, clientTime: 1781288539, extra: Object, guardList: Array(0), hash: 1on0ne} @ https://static.xx.fbcdn.net/rsrc.php/v4/yO/r/_o1F093C5v0.js:79
[ 5398567ms] [LOG] 
%cEspere! font-family:helvetica; font-size:20px; font-size:50px; font-weight:bold; color:red; -webkit-text-stroke:1px black; @ https://static.xx.fbcdn.net/rsrc.php/v4/yL/r/BUXJniPD9_d.js?_nc_eui2=AeEu6P0ntNC9QX2F8AU0zpXjqcelV7Y9PECpx6VXtj08QPBDbImSjedUOMLaQcjcSxQ5ro_NIRMKnqG_7uuWXvvO:245
[ 5398567ms] [LOG] 
%cEste é um recurso de navegador voltado para desenvolvedores. Se alguém disse para você copiar e colar algo aqui para ativar um recurso do Facebook ou "invadir" a conta de outra pessoa, isso é uma fraude e você dará a ele acesso à sua conta. font-family:helvetica; font-size:20px;  @ https://static.xx.fbcdn.net/rsrc.php/v4/yL/r/BUXJniPD9_d.js?_nc_eui2=AeEu6P0ntNC9QX2F8AU0zpXjqcelV7Y9PECpx6VXtj08QPBDbImSjedUOMLaQcjcSxQ5ro_NIRMKnqG_7uuWXvvO:245
[ 5398567ms] [LOG] 
%cConsulte https://www.facebook.com/selfxss para mais informações. font-family:helvetica; font-size:20px;  @ https://static.xx.fbcdn.net/rsrc.php/v4/yL/r/BUXJniPD9_d.js?_nc_eui2=AeEu6P0ntNC9QX2F8AU0zpXjqcelV7Y9PECpx6VXtj08QPBDbImSjedUOMLaQcjcSxQ5ro_NIRMKnqG_7uuWXvvO:245
[ 5398567ms] [LOG] 
%c  @ https://static.xx.fbcdn.net/rsrc.php/v4/yL/r/BUXJniPD9_d.js?_nc_eui2=AeEu6P0ntNC9QX2F8AU0zpXjqcelV7Y9PECpx6VXtj08QPBDbImSjedUOMLaQcjcSxQ5ro_NIRMKnqG_7uuWXvvO:245
[ 5403732ms] [ERROR] Permissions policy violation: unload is not allowed in this document. @ https://static.xx.fbcdn.net/rsrc.php/v4/yM/r/xL8j3lKi-Sp.js:321
