[     725ms] [LOG] i18next: languageChanged pt @ https://spa-canary.poli.digital/assets/index-DjxF6uES.js:101
[     726ms] [LOG] i18next: initialized {debug: true, initAsync: true, ns: Array(1), defaultNS: Array(1), fallbackLng: Array(1)} @ https://spa-canary.poli.digital/assets/index-DjxF6uES.js:101
[     782ms] [WARNING] Replay is disabled because neither `replaysSessionSampleRate` nor `replaysOnErrorSampleRate` are set. @ https://spa-canary.poli.digital/assets/index-DjxF6uES.js:76
[    1271ms] TypeError: Cannot read properties of undefined (reading 'plugin')
    at <anonymous>:1:101
    at <anonymous>:1:126
    at https://www.googletagmanager.com/gtm.js?id=GTM-M2LRLQN:903:429
    at aS (https://www.googletagmanager.com/gtm.js?id=GTM-M2LRLQN:905:31)
    at Od.$R (https://www.googletagmanager.com/gtm.js?id=GTM-M2LRLQN:902:92)
    at Od.<anonymous> (https://www.googletagmanager.com/gtm.js?id=GTM-M2LRLQN:317:187)
    at k.apply (https://www.googletagmanager.com/gtm.js?id=GTM-M2LRLQN:239:466)
    at hb (https://www.googletagmanager.com/gtm.js?id=GTM-M2LRLQN:201:719)
    at gb (https://www.googletagmanager.com/gtm.js?id=GTM-M2LRLQN:201:470)
    at Od.<anonymous> (https://www.googletagmanager.com/gtm.js?id=GTM-M2LRLQN:263:473)
    at k.apply (https://www.googletagmanager.com/gtm.js?id=GTM-M2LRLQN:239:466)
    at hb (https://www.googletagmanager.com/gtm.js?id=GTM-M2LRLQN:201:719)
    at k.Uq (https://www.googletagmanager.com/gtm.js?id=GTM-M2LRLQN:201:1286)
    at uf (https://www.googletagmanager.com/gtm.js?id=GTM-M2LRLQN:274:960)
    at https://www.googletagmanager.com/gtm.js?id=GTM-M2LRLQN:728:315
    at Mz (https://www.googletagmanager.com/gtm.js?id=GTM-M2LRLQN:631:1)
    at Tz.evaluate (https://www.googletagmanager.com/gtm.js?id=GTM-M2LRLQN:636:289)
    at e (https://www.googletagmanager.com/gtm.js?id=GTM-M2LRLQN:656:170)
    at https://www.googletagmanager.com/gtm.js?id=GTM-M2LRLQN:206:125
    at Array.<anonymous> (https://www.googletagmanager.com/gtm.js?id=GTM-M2LRLQN:657:360)
    at Object.execute (https://www.googletagmanager.com/gtm.js?id=GTM-M2LRLQN:657:100)
    at qB (https://www.googletagmanager.com/gtm.js?id=GTM-M2LRLQN:657:742)
    at tB (https://www.googletagmanager.com/gtm.js?id=GTM-M2LRLQN:661:183)
    at DD (https://www.googletagmanager.com/gtm.js?id=GTM-M2LRLQN:705:231)
    at c.push (https://www.googletagmanager.com/gtm.js?id=GTM-M2LRLQN:709:209)
    at c.push (https://www.googletagmanager.com/gtag/js?id=G-EPZWL6H9X8&cx=c&gtm=4e66f1:687:69)
    at c.push (https://www.googletagmanager.com/gtag/js?id=AW-806600684:864:69)
    at c.push (https://www.googletagmanager.com/gtag/js?id=UA-118273772-1&cx=c&gtm=4e66f1:549:69)
    at https://www.googletagmanager.com/gtm.js?id=GTM-M2LRLQN:709:457
    at r (https://spa-canary.poli.digital/assets/index-DjxF6uES.js:70:9827)
[    1289ms] [INFO] WebSocket: Conexão estabelecida @ https://spa-canary.poli.digital/assets/index-DjxF6uES.js:69
[    2156ms] Identifier 'TCRMEmbed' has already been declared
[    2209ms] Identifier 'TCRMEmbed' has already been declared
[    2864ms] [ERROR] Failed to load resource: the server responded with a status of 403 () @ https://pps.whatsapp.net/v/t61.24694-24/245899590_1708603986010563_644774593773351353_n.jpg?ccb=11-4&oh=01_Q5Aa3QFM3oMeYVJsw-jFg7DnLulCwUe-KYFALNbhpElDZ6rrSw&oe=695956BA&_nc_sid=5e03e0&_nc_cat=108:0
