[    1762ms] [LOG] i18next: languageChanged pt @ https://spa-canary.poli.digital/assets/index-3ee-NHD7.js:101
[    1768ms] [LOG] i18next: initialized {debug: true, initAsync: true, ns: Array(1), defaultNS: Array(1), fallbackLng: Array(1)} @ https://spa-canary.poli.digital/assets/index-3ee-NHD7.js:101
[    1899ms] [WARNING] Replay is disabled because neither `replaysSessionSampleRate` nor `replaysOnErrorSampleRate` are set. @ https://spa-canary.poli.digital/assets/index-3ee-NHD7.js:76
[    3305ms] [ERROR] Failed to load resource: the server responded with a status of 403 () @ https://foundation-api-canary.poli.digital/v3/users/b59da428-26e6-11f1-9d75-06799772b1cd?include=status,status_of_service,email,attributes,roles,permissions,user_permissions,active_account,accounts,account_channels,teams,addresses,metadata,notifications_per_user,edit_contacts,blocked_redirect,change_name,supervisor_view_no_assignment,bot,trigger,picture:0
[    3500ms] [INFO] WebSocket: Conexão estabelecida @ https://spa-canary.poli.digital/assets/index-3ee-NHD7.js:69
[    3724ms] TypeError: Cannot read properties of undefined (reading 'plugin')
    at <anonymous>:1:101
    at <anonymous>:1:126
    at https://www.googletagmanager.com/gtm.js?id=GTM-M2LRLQN:888:429
    at dS (https://www.googletagmanager.com/gtm.js?id=GTM-M2LRLQN:890:31)
    at Nd.cS (https://www.googletagmanager.com/gtm.js?id=GTM-M2LRLQN:887:92)
    at Nd.<anonymous> (https://www.googletagmanager.com/gtm.js?id=GTM-M2LRLQN:304:187)
    at k.apply (https://www.googletagmanager.com/gtm.js?id=GTM-M2LRLQN:230:466)
    at hb (https://www.googletagmanager.com/gtm.js?id=GTM-M2LRLQN:193:719)
    at gb (https://www.googletagmanager.com/gtm.js?id=GTM-M2LRLQN:193:470)
    at Nd.<anonymous> (https://www.googletagmanager.com/gtm.js?id=GTM-M2LRLQN:254:473)
    at k.apply (https://www.googletagmanager.com/gtm.js?id=GTM-M2LRLQN:230:466)
    at hb (https://www.googletagmanager.com/gtm.js?id=GTM-M2LRLQN:193:719)
    at k.zq (https://www.googletagmanager.com/gtm.js?id=GTM-M2LRLQN:193:1286)
    at tf (https://www.googletagmanager.com/gtm.js?id=GTM-M2LRLQN:265:960)
    at https://www.googletagmanager.com/gtm.js?id=GTM-M2LRLQN:714:315
    at Gz (https://www.googletagmanager.com/gtm.js?id=GTM-M2LRLQN:619:1)
    at Lz.evaluate (https://www.googletagmanager.com/gtm.js?id=GTM-M2LRLQN:623:722)
    at e (https://www.googletagmanager.com/gtm.js?id=GTM-M2LRLQN:643:170)
    at https://www.googletagmanager.com/gtm.js?id=GTM-M2LRLQN:198:125
    at Array.<anonymous> (https://www.googletagmanager.com/gtm.js?id=GTM-M2LRLQN:644:360)
    at Object.execute (https://www.googletagmanager.com/gtm.js?id=GTM-M2LRLQN:644:100)
    at iB (https://www.googletagmanager.com/gtm.js?id=GTM-M2LRLQN:644:742)
    at lB (https://www.googletagmanager.com/gtm.js?id=GTM-M2LRLQN:648:183)
    at vD (https://www.googletagmanager.com/gtm.js?id=GTM-M2LRLQN:691:252)
    at c.push (https://www.googletagmanager.com/gtm.js?id=GTM-M2LRLQN:695:209)
    at c.push (https://www.googletagmanager.com/gtag/js?id=G-EPZWL6H9X8&cx=c&gtm=4e65r2:681:69)
    at c.push (https://www.googletagmanager.com/gtag/js?id=AW-806600684:857:69)
    at c.push (https://www.googletagmanager.com/gtag/js?id=UA-118273772-1&cx=c&gtm=4e65r2:546:69)
    at https://www.googletagmanager.com/gtm.js?id=GTM-M2LRLQN:695:495
    at r (https://spa-canary.poli.digital/assets/index-3ee-NHD7.js:70:9812)
[    4718ms] [ERROR] Failed to load resource: the server responded with a status of 403 () @ https://foundation-api-canary.poli.digital/v3/users/b59da428-26e6-11f1-9d75-06799772b1cd?include=status,status_of_service,email,attributes,roles,permissions,user_permissions,active_account,accounts,account_channels,teams,addresses,metadata,notifications_per_user,edit_contacts,blocked_redirect,change_name,supervisor_view_no_assignment,bot,trigger,picture:0
[    6938ms] [ERROR] Failed to load resource: the server responded with a status of 403 () @ https://foundation-api-canary.poli.digital/v3/users/b59da428-26e6-11f1-9d75-06799772b1cd?include=status,status_of_service,email,attributes,roles,permissions,user_permissions,active_account,accounts,account_channels,teams,addresses,metadata,notifications_per_user,edit_contacts,blocked_redirect,change_name,supervisor_view_no_assignment,bot,trigger,picture:0
[   11144ms] [ERROR] Failed to load resource: the server responded with a status of 403 () @ https://foundation-api-canary.poli.digital/v3/users/b59da428-26e6-11f1-9d75-06799772b1cd?include=status,status_of_service,email,attributes,roles,permissions,user_permissions,active_account,accounts,account_channels,teams,addresses,metadata,notifications_per_user,edit_contacts,blocked_redirect,change_name,supervisor_view_no_assignment,bot,trigger,picture:0
