[    1137ms] [LOG] i18next: languageChanged pt @ https://spa-canary.poli.digital/assets/index-DjxF6uES.js:101
[    1137ms] [LOG] i18next: initialized {debug: true, initAsync: true, ns: Array(1), defaultNS: Array(1), fallbackLng: Array(1)} @ https://spa-canary.poli.digital/assets/index-DjxF6uES.js:101
[    1343ms] [WARNING] Replay is disabled because neither `replaysSessionSampleRate` nor `replaysOnErrorSampleRate` are set. @ https://spa-canary.poli.digital/assets/index-DjxF6uES.js:76
[    1698ms] TypeError: Cannot read properties of undefined (reading 'plugin')
    at <anonymous>:1:101
    at <anonymous>:1:126
    at https://www.googletagmanager.com/gtm.js?id=GTM-M2LRLQN:904:429
    at $R (https://www.googletagmanager.com/gtm.js?id=GTM-M2LRLQN:906:31)
    at Od.ZR (https://www.googletagmanager.com/gtm.js?id=GTM-M2LRLQN:903:92)
    at Od.<anonymous> (https://www.googletagmanager.com/gtm.js?id=GTM-M2LRLQN:317:187)
    at k.apply (https://www.googletagmanager.com/gtm.js?id=GTM-M2LRLQN:239:466)
    at hb (https://www.googletagmanager.com/gtm.js?id=GTM-M2LRLQN:201:719)
    at gb (https://www.googletagmanager.com/gtm.js?id=GTM-M2LRLQN:201:470)
    at Od.<anonymous> (https://www.googletagmanager.com/gtm.js?id=GTM-M2LRLQN:263:473)
    at k.apply (https://www.googletagmanager.com/gtm.js?id=GTM-M2LRLQN:239:466)
    at hb (https://www.googletagmanager.com/gtm.js?id=GTM-M2LRLQN:201:719)
    at k.Vq (https://www.googletagmanager.com/gtm.js?id=GTM-M2LRLQN:201:1286)
    at uf (https://www.googletagmanager.com/gtm.js?id=GTM-M2LRLQN:274:960)
    at https://www.googletagmanager.com/gtm.js?id=GTM-M2LRLQN:729:315
    at Mz (https://www.googletagmanager.com/gtm.js?id=GTM-M2LRLQN:632:1)
    at Tz.evaluate (https://www.googletagmanager.com/gtm.js?id=GTM-M2LRLQN:637:289)
    at e (https://www.googletagmanager.com/gtm.js?id=GTM-M2LRLQN:657:170)
    at https://www.googletagmanager.com/gtm.js?id=GTM-M2LRLQN:206:125
    at Array.<anonymous> (https://www.googletagmanager.com/gtm.js?id=GTM-M2LRLQN:658:360)
    at Object.execute (https://www.googletagmanager.com/gtm.js?id=GTM-M2LRLQN:658:100)
    at qB (https://www.googletagmanager.com/gtm.js?id=GTM-M2LRLQN:658:742)
    at tB (https://www.googletagmanager.com/gtm.js?id=GTM-M2LRLQN:662:183)
    at DD (https://www.googletagmanager.com/gtm.js?id=GTM-M2LRLQN:706:231)
    at c.push (https://www.googletagmanager.com/gtm.js?id=GTM-M2LRLQN:710:209)
    at c.push (https://www.googletagmanager.com/gtag/js?id=AW-806600684:865:69)
    at c.push (https://www.googletagmanager.com/gtag/js?id=G-EPZWL6H9X8&cx=c&gtm=4e66g1h2:688:69)
    at c.push (https://www.googletagmanager.com/gtag/js?id=UA-118273772-1&cx=c&gtm=4e66g1h2:550:69)
    at https://www.googletagmanager.com/gtm.js?id=GTM-M2LRLQN:710:457
    at r (https://spa-canary.poli.digital/assets/index-DjxF6uES.js:70:9827)
[    1909ms] [INFO] WebSocket: Conexão estabelecida @ https://spa-canary.poli.digital/assets/index-DjxF6uES.js:69
[    6805ms] Identifier 'TCRMEmbed' has already been declared
[   13973ms] [LOG] i18next: languageChanged pt @ https://spa-canary.poli.digital/assets/index-DjxF6uES.js:69
[   15037ms] [ERROR] Failed to load resource: the server responded with a status of 400 () @ https://api2.amplitude.com/2/httpapi:0
[   15040ms] [WARNING] Amplitude Logger [Warn]: {
  "error": "Request missing required field",
  "missingField": "",
  "eventsWithInvalidFields": {},
  "eventsWithMissingFields": {
    "event_type": [
      1
    ]
  },
  "eventsWithInvalidIdLengths": {},
  "epsThreshold": 0,
  "exceededDailyQuotaDevices": {},
  "silencedDevices": [],
  "silencedEvents": [],
  "throttledDevices": {},
  "throttledEvents": []
} @ https://spa-canary.poli.digital/assets/index-DjxF6uES.js:69
[   15041ms] [ERROR] Amplitude Logger [Error]: Request missing required field @ https://spa-canary.poli.digital/assets/index-DjxF6uES.js:69
[   23521ms] [INFO] WebSocket: Conexão finalizada @ https://spa-canary.poli.digital/assets/index-DjxF6uES.js:69
[   23606ms] [WARNING] Select is changing from controlled to uncontrolled. Components should not switch from controlled to uncontrolled (or vice versa). Decide between using a controlled or uncontrolled value for the lifetime of the component. @ https://spa-canary.poli.digital/assets/index-DjxF6uES.js:69
[   23606ms] [WARNING] Select is changing from controlled to uncontrolled. Components should not switch from controlled to uncontrolled (or vice versa). Decide between using a controlled or uncontrolled value for the lifetime of the component. @ https://spa-canary.poli.digital/assets/index-DjxF6uES.js:69
[   24044ms] [LOG] i18next: languageChanged pt @ https://spa-canary.poli.digital/assets/index-DjxF6uES.js:101
[   24044ms] [LOG] i18next: initialized {debug: true, initAsync: true, ns: Array(1), defaultNS: Array(1), fallbackLng: Array(1)} @ https://spa-canary.poli.digital/assets/index-DjxF6uES.js:101
[   24144ms] [WARNING] Replay is disabled because neither `replaysSessionSampleRate` nor `replaysOnErrorSampleRate` are set. @ https://spa-canary.poli.digital/assets/index-DjxF6uES.js:76
[   24198ms] [LOG] i18next: languageChanged pt @ https://spa-canary.poli.digital/assets/index-DjxF6uES.js:69
[   24572ms] [INFO] WebSocket: Conexão estabelecida @ https://spa-canary.poli.digital/assets/index-DjxF6uES.js:69
[   25546ms] [ERROR] Failed to load resource: the server responded with a status of 400 () @ https://api2.amplitude.com/2/httpapi:0
[   25548ms] [WARNING] Amplitude Logger [Warn]: {
  "error": "Request missing required field",
  "missingField": "",
  "eventsWithInvalidFields": {},
  "eventsWithMissingFields": {
    "event_type": [
      1
    ]
  },
  "eventsWithInvalidIdLengths": {},
  "epsThreshold": 0,
  "exceededDailyQuotaDevices": {},
  "silencedDevices": [],
  "silencedEvents": [],
  "throttledDevices": {},
  "throttledEvents": []
} @ https://spa-canary.poli.digital/assets/index-DjxF6uES.js:69
[  149880ms] [LOG] i18next: languageChanged pt @ https://spa-canary.poli.digital/assets/index-DjxF6uES.js:69
[  151187ms] [ERROR] Failed to load resource: the server responded with a status of 404 () @ https://foundation-api-canary.poli.digital/v3/crm/index:0
[  151188ms] [ERROR] getCrmUserToken - Error on get crm user token: AxiosError: Request failed with status code 404
    at kBe (https://spa-canary.poli.digital/assets/index-DjxF6uES.js:1105:10207)
    at XMLHttpRequest.x (https://spa-canary.poli.digital/assets/index-DjxF6uES.js:1105:15780)
    at w2.request (https://spa-canary.poli.digital/assets/index-DjxF6uES.js:1107:2243)
    at async uz.getUserToken (https://spa-canary.poli.digital/assets/index-DjxF6uES.js:2236:44294)
    at async https://spa-canary.poli.digital/assets/index-DjxF6uES.js:2236:44585 @ https://spa-canary.poli.digital/assets/index-DjxF6uES.js:69
[  152100ms] [ERROR] Failed to load resource: the server responded with a status of 403 () @ https://pps.whatsapp.net/v/t61.24694-24/595272057_1667995137658708_7850599022326744246_n.jpg?ccb=11-4&oh=01_Q5Aa4gElBzxz2thb0XNU5h6P3FJ-TLUrB8f8-Vdg3-OhSUYyEA&oe=6A077C97&_nc_sid=5e03e0&_nc_cat=111:0
[  152994ms] Identifier 'TCRMEmbed' has already been declared
[  153180ms] [ERROR] Failed to load resource: the server responded with a status of 404 () @ https://foundation-api-canary.poli.digital/v3/crm/index:0
[  153181ms] [ERROR] getCrmUserToken - Error on get crm user token: AxiosError: Request failed with status code 404
    at kBe (https://spa-canary.poli.digital/assets/index-DjxF6uES.js:1105:10207)
    at XMLHttpRequest.x (https://spa-canary.poli.digital/assets/index-DjxF6uES.js:1105:15780)
    at w2.request (https://spa-canary.poli.digital/assets/index-DjxF6uES.js:1107:2243)
    at async uz.getUserToken (https://spa-canary.poli.digital/assets/index-DjxF6uES.js:2236:44294)
    at async https://spa-canary.poli.digital/assets/index-DjxF6uES.js:2236:44585 @ https://spa-canary.poli.digital/assets/index-DjxF6uES.js:69
[  159418ms] [LOG] i18next: languageChanged pt @ https://spa-canary.poli.digital/assets/index-DjxF6uES.js:69
[  160721ms] [ERROR] Failed to load resource: the server responded with a status of 400 () @ https://api2.amplitude.com/2/httpapi:0
[  160723ms] [WARNING] Amplitude Logger [Warn]: {
  "error": "Request missing required field",
  "missingField": "",
  "eventsWithInvalidFields": {},
  "eventsWithMissingFields": {
    "event_type": [
      1
    ]
  },
  "eventsWithInvalidIdLengths": {},
  "epsThreshold": 0,
  "exceededDailyQuotaDevices": {},
  "silencedDevices": [],
  "silencedEvents": [],
  "throttledDevices": {},
  "throttledEvents": []
} @ https://spa-canary.poli.digital/assets/index-DjxF6uES.js:69
[  160723ms] [ERROR] Amplitude Logger [Error]: Request missing required field @ https://spa-canary.poli.digital/assets/index-DjxF6uES.js:69
[  162405ms] Identifier 'TCRMEmbed' has already been declared
[  163017ms] [LOG] i18next: languageChanged pt @ https://spa-canary.poli.digital/assets/index-Ck5WY6p2.js:101
[  163018ms] [LOG] i18next: initialized {debug: true, initAsync: true, ns: Array(1), defaultNS: Array(1), fallbackLng: Array(1)} @ https://spa-canary.poli.digital/assets/index-Ck5WY6p2.js:101
[  163172ms] [WARNING] Replay is disabled because neither `replaysSessionSampleRate` nor `replaysOnErrorSampleRate` are set. @ https://spa-canary.poli.digital/assets/index-Ck5WY6p2.js:76
[  163710ms] [INFO] WebSocket: Conexão estabelecida @ https://spa-canary.poli.digital/assets/index-Ck5WY6p2.js:69
[  163800ms] TypeError: Cannot read properties of undefined (reading 'plugin')
    at <anonymous>:1:101
    at <anonymous>:1:126
    at https://www.googletagmanager.com/gtm.js?id=GTM-M2LRLQN:904:429
    at $R (https://www.googletagmanager.com/gtm.js?id=GTM-M2LRLQN:906:31)
    at Od.ZR (https://www.googletagmanager.com/gtm.js?id=GTM-M2LRLQN:903:92)
    at Od.<anonymous> (https://www.googletagmanager.com/gtm.js?id=GTM-M2LRLQN:317:187)
    at k.apply (https://www.googletagmanager.com/gtm.js?id=GTM-M2LRLQN:239:466)
    at hb (https://www.googletagmanager.com/gtm.js?id=GTM-M2LRLQN:201:719)
    at gb (https://www.googletagmanager.com/gtm.js?id=GTM-M2LRLQN:201:470)
    at Od.<anonymous> (https://www.googletagmanager.com/gtm.js?id=GTM-M2LRLQN:263:473)
    at k.apply (https://www.googletagmanager.com/gtm.js?id=GTM-M2LRLQN:239:466)
    at hb (https://www.googletagmanager.com/gtm.js?id=GTM-M2LRLQN:201:719)
    at k.Vq (https://www.googletagmanager.com/gtm.js?id=GTM-M2LRLQN:201:1286)
    at uf (https://www.googletagmanager.com/gtm.js?id=GTM-M2LRLQN:274:960)
    at https://www.googletagmanager.com/gtm.js?id=GTM-M2LRLQN:729:315
    at Mz (https://www.googletagmanager.com/gtm.js?id=GTM-M2LRLQN:632:1)
    at Tz.evaluate (https://www.googletagmanager.com/gtm.js?id=GTM-M2LRLQN:637:289)
    at e (https://www.googletagmanager.com/gtm.js?id=GTM-M2LRLQN:657:170)
    at https://www.googletagmanager.com/gtm.js?id=GTM-M2LRLQN:206:125
    at Array.<anonymous> (https://www.googletagmanager.com/gtm.js?id=GTM-M2LRLQN:658:360)
    at Object.execute (https://www.googletagmanager.com/gtm.js?id=GTM-M2LRLQN:658:100)
    at qB (https://www.googletagmanager.com/gtm.js?id=GTM-M2LRLQN:658:742)
    at tB (https://www.googletagmanager.com/gtm.js?id=GTM-M2LRLQN:662:183)
    at DD (https://www.googletagmanager.com/gtm.js?id=GTM-M2LRLQN:706:231)
    at c.push (https://www.googletagmanager.com/gtm.js?id=GTM-M2LRLQN:710:209)
    at c.push (https://www.googletagmanager.com/gtag/js?id=G-EPZWL6H9X8&cx=c&gtm=4e66g1h2:688:69)
    at c.push (https://www.googletagmanager.com/gtag/js?id=AW-806600684:865:69)
    at c.push (https://www.googletagmanager.com/gtag/js?id=UA-118273772-1&cx=c&gtm=4e66g1h2:550:69)
    at https://www.googletagmanager.com/gtm.js?id=GTM-M2LRLQN:710:457
    at r (https://spa-canary.poli.digital/assets/index-Ck5WY6p2.js:70:9827)
[  165116ms] Identifier 'TCRMEmbed' has already been declared
[  165396ms] Identifier 'TCRMEmbed' has already been declared
