[   34117ms] [LOG] i18next: languageChanged pt @ https://spa-canary.poli.digital/assets/index-Cn3vwIWT.js:101
[   34118ms] [LOG] i18next: initialized {debug: true, initAsync: true, ns: Array(1), defaultNS: Array(1), fallbackLng: Array(1)} @ https://spa-canary.poli.digital/assets/index-Cn3vwIWT.js:101
[   34234ms] [WARNING] Replay is disabled because neither `replaysSessionSampleRate` nor `replaysOnErrorSampleRate` are set. @ https://spa-canary.poli.digital/assets/index-Cn3vwIWT.js:76
[   34513ms] [LOG] i18next: languageChanged pt @ https://spa-canary.poli.digital/assets/index-Cn3vwIWT.js:69
[   34721ms] [INFO] WebSocket: Conexão estabelecida @ https://spa-canary.poli.digital/assets/index-Cn3vwIWT.js:69
[   35217ms] [LOG] i18next: languageChanged pt @ https://spa-canary.poli.digital/assets/index-Cn3vwIWT.js:101
[   35217ms] [LOG] i18next: initialized {debug: true, initAsync: true, ns: Array(1), defaultNS: Array(1), fallbackLng: Array(1)} @ https://spa-canary.poli.digital/assets/index-Cn3vwIWT.js:101
[   35252ms] [WARNING] Replay is disabled because neither `replaysSessionSampleRate` nor `replaysOnErrorSampleRate` are set. @ https://spa-canary.poli.digital/assets/index-Cn3vwIWT.js:76
[   35276ms] [LOG] i18next: languageChanged pt @ https://spa-canary.poli.digital/assets/index-Cn3vwIWT.js:69
[   35736ms] [INFO] WebSocket: Conexão estabelecida @ https://spa-canary.poli.digital/assets/index-Cn3vwIWT.js:69
[   53355ms] [ERROR] Failed to load resource: the server responded with a status of 401 () @ https://heimdall.poli.digital/auth/token:0
[   53356ms] [ERROR] Error login AuthService:  AxiosError: Request failed with status code 401
    at Y2e (https://spa-canary.poli.digital/assets/index-Cn3vwIWT.js:1006:10177)
    at XMLHttpRequest.w (https://spa-canary.poli.digital/assets/index-Cn3vwIWT.js:1006:15705)
    at sx.request (https://spa-canary.poli.digital/assets/index-Cn3vwIWT.js:1008:2234)
    at async Bh.login (https://spa-canary.poli.digital/assets/index-Cn3vwIWT.js:1016:6181)
    at async https://spa-canary.poli.digital/assets/index-Cn3vwIWT.js:2148:63840
    at async C (https://spa-canary.poli.digital/assets/index-Cn3vwIWT.js:2155:1452)
    at async https://spa-canary.poli.digital/assets/index-Cn3vwIWT.js:2080:55677 @ https://spa-canary.poli.digital/assets/index-Cn3vwIWT.js:69
[   53357ms] [ERROR] Error during authentication: AxiosError: Request failed with status code 401
    at Y2e (https://spa-canary.poli.digital/assets/index-Cn3vwIWT.js:1006:10177)
    at XMLHttpRequest.w (https://spa-canary.poli.digital/assets/index-Cn3vwIWT.js:1006:15705)
    at sx.request (https://spa-canary.poli.digital/assets/index-Cn3vwIWT.js:1008:2234)
    at async Bh.login (https://spa-canary.poli.digital/assets/index-Cn3vwIWT.js:1016:6181)
    at async https://spa-canary.poli.digital/assets/index-Cn3vwIWT.js:2148:63840
    at async C (https://spa-canary.poli.digital/assets/index-Cn3vwIWT.js:2155:1452)
    at async https://spa-canary.poli.digital/assets/index-Cn3vwIWT.js:2080:55677 @ https://spa-canary.poli.digital/assets/index-Cn3vwIWT.js:69
[   53357ms] [ERROR] AxiosError: Request failed with status code 401
    at Y2e (https://spa-canary.poli.digital/assets/index-Cn3vwIWT.js:1006:10177)
    at XMLHttpRequest.w (https://spa-canary.poli.digital/assets/index-Cn3vwIWT.js:1006:15705)
    at sx.request (https://spa-canary.poli.digital/assets/index-Cn3vwIWT.js:1008:2234)
    at async Bh.login (https://spa-canary.poli.digital/assets/index-Cn3vwIWT.js:1016:6181)
    at async https://spa-canary.poli.digital/assets/index-Cn3vwIWT.js:2148:63840
    at async C (https://spa-canary.poli.digital/assets/index-Cn3vwIWT.js:2155:1452)
    at async https://spa-canary.poli.digital/assets/index-Cn3vwIWT.js:2080:55677 @ https://spa-canary.poli.digital/assets/index-Cn3vwIWT.js:69
[   53358ms] [ERROR] Login failed: AxiosError: Request failed with status code 401
    at Y2e (https://spa-canary.poli.digital/assets/index-Cn3vwIWT.js:1006:10177)
    at XMLHttpRequest.w (https://spa-canary.poli.digital/assets/index-Cn3vwIWT.js:1006:15705)
    at sx.request (https://spa-canary.poli.digital/assets/index-Cn3vwIWT.js:1008:2234)
    at async Bh.login (https://spa-canary.poli.digital/assets/index-Cn3vwIWT.js:1016:6181)
    at async https://spa-canary.poli.digital/assets/index-Cn3vwIWT.js:2148:63840
    at async C (https://spa-canary.poli.digital/assets/index-Cn3vwIWT.js:2155:1452)
    at async https://spa-canary.poli.digital/assets/index-Cn3vwIWT.js:2080:55677 @ https://spa-canary.poli.digital/assets/index-Cn3vwIWT.js:69
[   57472ms] [ERROR] Failed to load resource: the server responded with a status of 401 () @ https://heimdall.poli.digital/auth/token:0
[   57473ms] [ERROR] Error login AuthService:  AxiosError: Request failed with status code 401
    at Y2e (https://spa-canary.poli.digital/assets/index-Cn3vwIWT.js:1006:10177)
    at XMLHttpRequest.w (https://spa-canary.poli.digital/assets/index-Cn3vwIWT.js:1006:15705)
    at sx.request (https://spa-canary.poli.digital/assets/index-Cn3vwIWT.js:1008:2234)
    at async Bh.login (https://spa-canary.poli.digital/assets/index-Cn3vwIWT.js:1016:6181)
    at async https://spa-canary.poli.digital/assets/index-Cn3vwIWT.js:2148:63840
    at async C (https://spa-canary.poli.digital/assets/index-Cn3vwIWT.js:2155:1452)
    at async https://spa-canary.poli.digital/assets/index-Cn3vwIWT.js:2080:55677 @ https://spa-canary.poli.digital/assets/index-Cn3vwIWT.js:69
[   57473ms] [ERROR] Error during authentication: AxiosError: Request failed with status code 401
    at Y2e (https://spa-canary.poli.digital/assets/index-Cn3vwIWT.js:1006:10177)
    at XMLHttpRequest.w (https://spa-canary.poli.digital/assets/index-Cn3vwIWT.js:1006:15705)
    at sx.request (https://spa-canary.poli.digital/assets/index-Cn3vwIWT.js:1008:2234)
    at async Bh.login (https://spa-canary.poli.digital/assets/index-Cn3vwIWT.js:1016:6181)
    at async https://spa-canary.poli.digital/assets/index-Cn3vwIWT.js:2148:63840
    at async C (https://spa-canary.poli.digital/assets/index-Cn3vwIWT.js:2155:1452)
    at async https://spa-canary.poli.digital/assets/index-Cn3vwIWT.js:2080:55677 @ https://spa-canary.poli.digital/assets/index-Cn3vwIWT.js:69
[   57473ms] [ERROR] AxiosError: Request failed with status code 401
    at Y2e (https://spa-canary.poli.digital/assets/index-Cn3vwIWT.js:1006:10177)
    at XMLHttpRequest.w (https://spa-canary.poli.digital/assets/index-Cn3vwIWT.js:1006:15705)
    at sx.request (https://spa-canary.poli.digital/assets/index-Cn3vwIWT.js:1008:2234)
    at async Bh.login (https://spa-canary.poli.digital/assets/index-Cn3vwIWT.js:1016:6181)
    at async https://spa-canary.poli.digital/assets/index-Cn3vwIWT.js:2148:63840
    at async C (https://spa-canary.poli.digital/assets/index-Cn3vwIWT.js:2155:1452)
    at async https://spa-canary.poli.digital/assets/index-Cn3vwIWT.js:2080:55677 @ https://spa-canary.poli.digital/assets/index-Cn3vwIWT.js:69
[   57473ms] [ERROR] Login failed: AxiosError: Request failed with status code 401
    at Y2e (https://spa-canary.poli.digital/assets/index-Cn3vwIWT.js:1006:10177)
    at XMLHttpRequest.w (https://spa-canary.poli.digital/assets/index-Cn3vwIWT.js:1006:15705)
    at sx.request (https://spa-canary.poli.digital/assets/index-Cn3vwIWT.js:1008:2234)
    at async Bh.login (https://spa-canary.poli.digital/assets/index-Cn3vwIWT.js:1016:6181)
    at async https://spa-canary.poli.digital/assets/index-Cn3vwIWT.js:2148:63840
    at async C (https://spa-canary.poli.digital/assets/index-Cn3vwIWT.js:2155:1452)
    at async https://spa-canary.poli.digital/assets/index-Cn3vwIWT.js:2080:55677 @ https://spa-canary.poli.digital/assets/index-Cn3vwIWT.js:69
[   60647ms] [ERROR] Failed to load resource: the server responded with a status of 401 () @ https://heimdall.poli.digital/auth/token:0
[   60649ms] [ERROR] Error login AuthService:  AxiosError: Request failed with status code 401
    at Y2e (https://spa-canary.poli.digital/assets/index-Cn3vwIWT.js:1006:10177)
    at XMLHttpRequest.w (https://spa-canary.poli.digital/assets/index-Cn3vwIWT.js:1006:15705)
    at sx.request (https://spa-canary.poli.digital/assets/index-Cn3vwIWT.js:1008:2234)
    at async Bh.login (https://spa-canary.poli.digital/assets/index-Cn3vwIWT.js:1016:6181)
    at async https://spa-canary.poli.digital/assets/index-Cn3vwIWT.js:2148:63840
    at async C (https://spa-canary.poli.digital/assets/index-Cn3vwIWT.js:2155:1452)
    at async https://spa-canary.poli.digital/assets/index-Cn3vwIWT.js:2080:55677 @ https://spa-canary.poli.digital/assets/index-Cn3vwIWT.js:69
[   60649ms] [ERROR] Error during authentication: AxiosError: Request failed with status code 401
    at Y2e (https://spa-canary.poli.digital/assets/index-Cn3vwIWT.js:1006:10177)
    at XMLHttpRequest.w (https://spa-canary.poli.digital/assets/index-Cn3vwIWT.js:1006:15705)
    at sx.request (https://spa-canary.poli.digital/assets/index-Cn3vwIWT.js:1008:2234)
    at async Bh.login (https://spa-canary.poli.digital/assets/index-Cn3vwIWT.js:1016:6181)
    at async https://spa-canary.poli.digital/assets/index-Cn3vwIWT.js:2148:63840
    at async C (https://spa-canary.poli.digital/assets/index-Cn3vwIWT.js:2155:1452)
    at async https://spa-canary.poli.digital/assets/index-Cn3vwIWT.js:2080:55677 @ https://spa-canary.poli.digital/assets/index-Cn3vwIWT.js:69
[   60650ms] [ERROR] AxiosError: Request failed with status code 401
    at Y2e (https://spa-canary.poli.digital/assets/index-Cn3vwIWT.js:1006:10177)
    at XMLHttpRequest.w (https://spa-canary.poli.digital/assets/index-Cn3vwIWT.js:1006:15705)
    at sx.request (https://spa-canary.poli.digital/assets/index-Cn3vwIWT.js:1008:2234)
    at async Bh.login (https://spa-canary.poli.digital/assets/index-Cn3vwIWT.js:1016:6181)
    at async https://spa-canary.poli.digital/assets/index-Cn3vwIWT.js:2148:63840
    at async C (https://spa-canary.poli.digital/assets/index-Cn3vwIWT.js:2155:1452)
    at async https://spa-canary.poli.digital/assets/index-Cn3vwIWT.js:2080:55677 @ https://spa-canary.poli.digital/assets/index-Cn3vwIWT.js:69
[   60650ms] [ERROR] Login failed: AxiosError: Request failed with status code 401
    at Y2e (https://spa-canary.poli.digital/assets/index-Cn3vwIWT.js:1006:10177)
    at XMLHttpRequest.w (https://spa-canary.poli.digital/assets/index-Cn3vwIWT.js:1006:15705)
    at sx.request (https://spa-canary.poli.digital/assets/index-Cn3vwIWT.js:1008:2234)
    at async Bh.login (https://spa-canary.poli.digital/assets/index-Cn3vwIWT.js:1016:6181)
    at async https://spa-canary.poli.digital/assets/index-Cn3vwIWT.js:2148:63840
    at async C (https://spa-canary.poli.digital/assets/index-Cn3vwIWT.js:2155:1452)
    at async https://spa-canary.poli.digital/assets/index-Cn3vwIWT.js:2080:55677 @ https://spa-canary.poli.digital/assets/index-Cn3vwIWT.js:69
[   64874ms] [ERROR] Failed to load resource: the server responded with a status of 401 () @ https://heimdall.poli.digital/auth/token:0
[   64878ms] [ERROR] Error login AuthService:  AxiosError: Request failed with status code 401
    at Y2e (https://spa-canary.poli.digital/assets/index-Cn3vwIWT.js:1006:10177)
    at XMLHttpRequest.w (https://spa-canary.poli.digital/assets/index-Cn3vwIWT.js:1006:15705)
    at sx.request (https://spa-canary.poli.digital/assets/index-Cn3vwIWT.js:1008:2234)
    at async Bh.login (https://spa-canary.poli.digital/assets/index-Cn3vwIWT.js:1016:6181)
    at async https://spa-canary.poli.digital/assets/index-Cn3vwIWT.js:2148:63840
    at async C (https://spa-canary.poli.digital/assets/index-Cn3vwIWT.js:2155:1452)
    at async https://spa-canary.poli.digital/assets/index-Cn3vwIWT.js:2080:55677 @ https://spa-canary.poli.digital/assets/index-Cn3vwIWT.js:69
[   64879ms] [ERROR] Error during authentication: AxiosError: Request failed with status code 401
    at Y2e (https://spa-canary.poli.digital/assets/index-Cn3vwIWT.js:1006:10177)
    at XMLHttpRequest.w (https://spa-canary.poli.digital/assets/index-Cn3vwIWT.js:1006:15705)
    at sx.request (https://spa-canary.poli.digital/assets/index-Cn3vwIWT.js:1008:2234)
    at async Bh.login (https://spa-canary.poli.digital/assets/index-Cn3vwIWT.js:1016:6181)
    at async https://spa-canary.poli.digital/assets/index-Cn3vwIWT.js:2148:63840
    at async C (https://spa-canary.poli.digital/assets/index-Cn3vwIWT.js:2155:1452)
    at async https://spa-canary.poli.digital/assets/index-Cn3vwIWT.js:2080:55677 @ https://spa-canary.poli.digital/assets/index-Cn3vwIWT.js:69
[   64880ms] [ERROR] AxiosError: Request failed with status code 401
    at Y2e (https://spa-canary.poli.digital/assets/index-Cn3vwIWT.js:1006:10177)
    at XMLHttpRequest.w (https://spa-canary.poli.digital/assets/index-Cn3vwIWT.js:1006:15705)
    at sx.request (https://spa-canary.poli.digital/assets/index-Cn3vwIWT.js:1008:2234)
    at async Bh.login (https://spa-canary.poli.digital/assets/index-Cn3vwIWT.js:1016:6181)
    at async https://spa-canary.poli.digital/assets/index-Cn3vwIWT.js:2148:63840
    at async C (https://spa-canary.poli.digital/assets/index-Cn3vwIWT.js:2155:1452)
    at async https://spa-canary.poli.digital/assets/index-Cn3vwIWT.js:2080:55677 @ https://spa-canary.poli.digital/assets/index-Cn3vwIWT.js:69
[   64880ms] [ERROR] Login failed: AxiosError: Request failed with status code 401
    at Y2e (https://spa-canary.poli.digital/assets/index-Cn3vwIWT.js:1006:10177)
    at XMLHttpRequest.w (https://spa-canary.poli.digital/assets/index-Cn3vwIWT.js:1006:15705)
    at sx.request (https://spa-canary.poli.digital/assets/index-Cn3vwIWT.js:1008:2234)
    at async Bh.login (https://spa-canary.poli.digital/assets/index-Cn3vwIWT.js:1016:6181)
    at async https://spa-canary.poli.digital/assets/index-Cn3vwIWT.js:2148:63840
    at async C (https://spa-canary.poli.digital/assets/index-Cn3vwIWT.js:2155:1452)
    at async https://spa-canary.poli.digital/assets/index-Cn3vwIWT.js:2080:55677 @ https://spa-canary.poli.digital/assets/index-Cn3vwIWT.js:69
[   85597ms] [LOG] i18next: languageChanged pt @ https://spa-canary.poli.digital/assets/index-Cn3vwIWT.js:69
[  289321ms] [LOG] i18next: languageChanged pt @ https://spa-canary.poli.digital/assets/index-Cn3vwIWT.js:69
[  292386ms] Identifier 'TCRMEmbed' has already been declared
[  292856ms] [LOG] i18next: languageChanged pt @ https://spa-canary.poli.digital/assets/index-Cn3vwIWT.js:101
[  292856ms] [LOG] i18next: initialized {debug: true, initAsync: true, ns: Array(1), defaultNS: Array(1), fallbackLng: Array(1)} @ https://spa-canary.poli.digital/assets/index-Cn3vwIWT.js:101
[  292979ms] [WARNING] Replay is disabled because neither `replaysSessionSampleRate` nor `replaysOnErrorSampleRate` are set. @ https://spa-canary.poli.digital/assets/index-Cn3vwIWT.js:76
[  293454ms] [ERROR] Failed to load resource: the server responded with a status of 403 () @ https://foundation-api-canary.poli.digital/v3/accounts/payment-due-alert:0
[  293477ms] [INFO] WebSocket: Conexão estabelecida @ https://spa-canary.poli.digital/assets/index-Cn3vwIWT.js:69
[  294670ms] [ERROR] Failed to load resource: the server responded with a status of 403 () @ https://foundation-api-canary.poli.digital/v3/accounts/payment-due-alert:0
[  296883ms] [ERROR] Failed to load resource: the server responded with a status of 403 () @ https://foundation-api-canary.poli.digital/v3/accounts/payment-due-alert:0
[  301089ms] [ERROR] Failed to load resource: the server responded with a status of 403 () @ https://foundation-api-canary.poli.digital/v3/accounts/payment-due-alert:0
