[     813ms] [LOG] i18next: languageChanged pt @ https://spa-canary.poli.digital/assets/index-V-TTZ3xr.js:101
[     813ms] [LOG] i18next: initialized {debug: true, initAsync: true, ns: Array(1), defaultNS: Array(1), fallbackLng: Array(1)} @ https://spa-canary.poli.digital/assets/index-V-TTZ3xr.js:101
[     915ms] [WARNING] Replay is disabled because neither `replaysSessionSampleRate` nor `replaysOnErrorSampleRate` are set. @ https://spa-canary.poli.digital/assets/index-V-TTZ3xr.js:76
[    1122ms] TypeError: Cannot read properties of undefined (reading 'plugin')
    at <anonymous>:1:101
    at <anonymous>:1:126
    at https://www.googletagmanager.com/gtm.js?id=GTM-M2LRLQN:900:429
    at cS (https://www.googletagmanager.com/gtm.js?id=GTM-M2LRLQN:902:31)
    at Md.bS (https://www.googletagmanager.com/gtm.js?id=GTM-M2LRLQN:899:92)
    at Md.<anonymous> (https://www.googletagmanager.com/gtm.js?id=GTM-M2LRLQN:304:187)
    at k.apply (https://www.googletagmanager.com/gtm.js?id=GTM-M2LRLQN:230:466)
    at hb (https://www.googletagmanager.com/gtm.js?id=GTM-M2LRLQN:193:719)
    at fb (https://www.googletagmanager.com/gtm.js?id=GTM-M2LRLQN:193:470)
    at Md.<anonymous> (https://www.googletagmanager.com/gtm.js?id=GTM-M2LRLQN:254:473)
    at k.apply (https://www.googletagmanager.com/gtm.js?id=GTM-M2LRLQN:230:466)
    at hb (https://www.googletagmanager.com/gtm.js?id=GTM-M2LRLQN:193:719)
    at k.Rq (https://www.googletagmanager.com/gtm.js?id=GTM-M2LRLQN:193:1286)
    at sf (https://www.googletagmanager.com/gtm.js?id=GTM-M2LRLQN:265:960)
    at https://www.googletagmanager.com/gtm.js?id=GTM-M2LRLQN:726:315
    at UA (https://www.googletagmanager.com/gtm.js?id=GTM-M2LRLQN:651:1)
    at ZA.evaluate (https://www.googletagmanager.com/gtm.js?id=GTM-M2LRLQN:655:722)
    at e (https://www.googletagmanager.com/gtm.js?id=GTM-M2LRLQN:673:218)
    at https://www.googletagmanager.com/gtm.js?id=GTM-M2LRLQN:198:125
    at Array.<anonymous> (https://www.googletagmanager.com/gtm.js?id=GTM-M2LRLQN:674:391)
    at Object.execute (https://www.googletagmanager.com/gtm.js?id=GTM-M2LRLQN:674:131)
    at oC (https://www.googletagmanager.com/gtm.js?id=GTM-M2LRLQN:674:773)
    at rC (https://www.googletagmanager.com/gtm.js?id=GTM-M2LRLQN:679:29)
    at vD (https://www.googletagmanager.com/gtm.js?id=GTM-M2LRLQN:703:252)
    at c.push (https://www.googletagmanager.com/gtm.js?id=GTM-M2LRLQN:707:209)
    at c.push (https://www.googletagmanager.com/gtag/js?id=G-EPZWL6H9X8&cx=c&gtm=4e65i2:687:69)
    at c.push (https://www.googletagmanager.com/gtag/js?id=AW-806600684:862:69)
    at c.push (https://www.googletagmanager.com/gtag/js?id=UA-118273772-1&cx=c&gtm=4e65j0h2:546:69)
    at https://www.googletagmanager.com/gtm.js?id=GTM-M2LRLQN:708:6
    at r (https://spa-canary.poli.digital/assets/index-V-TTZ3xr.js:70:9812)
[    1566ms] [INFO] WebSocket: Conexão estabelecida @ https://spa-canary.poli.digital/assets/index-V-TTZ3xr.js:69
[    5014ms] [ERROR] Failed to load resource: the server responded with a status of 404 () @ https://foundation-api-canary.poli.digital/v3/logs/behavior:0
[    5116ms] Identifier 'TCRMEmbed' has already been declared
[   52276ms] [ERROR] Failed to load resource: the server responded with a status of 404 () @ https://foundation-api-canary.poli.digital/v3/logs/behavior:0
[   78322ms] [ERROR] Failed to load resource: the server responded with a status of 403 () @ https://pps.whatsapp.net/v/t61.24694-24/56806735_2329835637230022_248755885784956928_n.jpg?ccb=11-4&oh=01_Q5Aa4QF49Wp5wCHfcSqHxbDn3B7t0XKtkrhWSjt9SjMtnDLErw&oe=69F39D05&_nc_sid=5e03e0&_nc_cat=104:0
[   91661ms] [ERROR] Failed to load resource: the server responded with a status of 404 () @ https://foundation-api-canary.poli.digital/v3/logs/behavior:0
[   91672ms] [ERROR] Failed to load resource: the server responded with a status of 403 () @ https://pps.whatsapp.net/v/t61.24694-24/516299784_765127936149524_5928964262199968569_n.jpg?ccb=11-4&oh=01_Q5Aa3AF4no6RdRY23ypyTfYBHds24ZPIQipiE7s8OUUZapJnQQ&oe=69358870&_nc_sid=5e03e0&_nc_cat=103:0
[  101894ms] [ERROR] Failed to load resource: the server responded with a status of 403 () @ https://pps.whatsapp.net/v/t61.24694-24/516299784_765127936149524_5928964262199968569_n.jpg?ccb=11-4&oh=01_Q5Aa3AF4no6RdRY23ypyTfYBHds24ZPIQipiE7s8OUUZapJnQQ&oe=69358870&_nc_sid=5e03e0&_nc_cat=103:0
[  144247ms] [ERROR] Failed to load resource: the server responded with a status of 403 () @ https://pps.whatsapp.net/v/t61.24694-24/516299784_765127936149524_5928964262199968569_n.jpg?ccb=11-4&oh=01_Q5Aa3AF4no6RdRY23ypyTfYBHds24ZPIQipiE7s8OUUZapJnQQ&oe=69358870&_nc_sid=5e03e0&_nc_cat=103:0
[  162769ms] [ERROR] Failed to load resource: the server responded with a status of 403 () @ https://pps.whatsapp.net/v/t61.24694-24/516299784_765127936149524_5928964262199968569_n.jpg?ccb=11-4&oh=01_Q5Aa3AF4no6RdRY23ypyTfYBHds24ZPIQipiE7s8OUUZapJnQQ&oe=69358870&_nc_sid=5e03e0&_nc_cat=103:0
[  167362ms] [ERROR] Failed to load resource: the server responded with a status of 403 () @ https://pps.whatsapp.net/v/t61.24694-24/516299784_765127936149524_5928964262199968569_n.jpg?ccb=11-4&oh=01_Q5Aa3AF4no6RdRY23ypyTfYBHds24ZPIQipiE7s8OUUZapJnQQ&oe=69358870&_nc_sid=5e03e0&_nc_cat=103:0
[  594209ms] [ERROR] Failed to load resource: the server responded with a status of 403 () @ https://pps.whatsapp.net/v/t61.24694-24/546551196_810687678111403_1972125146864179804_n.jpg?ccb=11-4&oh=01_Q5Aa2gHtS_p3EXNKTxy_u6QHwC1N-v-uBkKQALJGbCFElJBMIA&oe=68EBD2D0&_nc_sid=5e03e0&_nc_cat=106:0
[  654878ms] [ERROR] Failed to load resource: the server responded with a status of 403 () @ https://pps.whatsapp.net/v/t61.24694-24/389521425_964939741837092_2242383312396983181_n.jpg?ccb=11-4&oh=01_Q5Aa3gH0Ns4woclJg0wnkzSD4D0FXGxfux73VFrdwcent-oVOA&oe=698740FB&_nc_sid=5e03e0&_nc_cat=108:0
[  657287ms] [ERROR] Failed to load resource: the server responded with a status of 403 () @ https://pps.whatsapp.net/v/t61.24694-24/389521425_964939741837092_2242383312396983181_n.jpg?ccb=11-4&oh=01_Q5Aa3gH0Ns4woclJg0wnkzSD4D0FXGxfux73VFrdwcent-oVOA&oe=698740FB&_nc_sid=5e03e0&_nc_cat=108:0
[  974412ms] [ERROR] Failed to load resource: the server responded with a status of 403 () @ https://pps.whatsapp.net/v/t61.24694-24/620158600_776644881495070_8228574939400011933_n.jpg?ccb=11-4&oh=01_Q5Aa4AF8Z798iDgbbSTJXvHD1iLZ02LyM8t9hVpC4NoGa5KLvQ&oe=69BBF26E&_nc_sid=5e03e0&_nc_cat=100:0
[ 1010970ms] [ERROR] Failed to load resource: the server responded with a status of 403 () @ https://pps.whatsapp.net/v/t61.24694-24/620158600_776644881495070_8228574939400011933_n.jpg?ccb=11-4&oh=01_Q5Aa4AF8Z798iDgbbSTJXvHD1iLZ02LyM8t9hVpC4NoGa5KLvQ&oe=69BBF26E&_nc_sid=5e03e0&_nc_cat=100:0
[ 1193293ms] [ERROR] Failed to load resource: the server responded with a status of 403 () @ https://pps.whatsapp.net/v/t61.24694-24/620158600_776644881495070_8228574939400011933_n.jpg?ccb=11-4&oh=01_Q5Aa4AF8Z798iDgbbSTJXvHD1iLZ02LyM8t9hVpC4NoGa5KLvQ&oe=69BBF26E&_nc_sid=5e03e0&_nc_cat=100:0
[ 1233039ms] [ERROR] Failed to load resource: the server responded with a status of 403 () @ https://pps.whatsapp.net/v/t61.24694-24/620158600_776644881495070_8228574939400011933_n.jpg?ccb=11-4&oh=01_Q5Aa4AF8Z798iDgbbSTJXvHD1iLZ02LyM8t9hVpC4NoGa5KLvQ&oe=69BBF26E&_nc_sid=5e03e0&_nc_cat=100:0
[ 1242294ms] [ERROR] Failed to load resource: the server responded with a status of 403 () @ https://pps.whatsapp.net/v/t61.24694-24/620158600_776644881495070_8228574939400011933_n.jpg?ccb=11-4&oh=01_Q5Aa4AF8Z798iDgbbSTJXvHD1iLZ02LyM8t9hVpC4NoGa5KLvQ&oe=69BBF26E&_nc_sid=5e03e0&_nc_cat=100:0
[ 1255953ms] [ERROR] Failed to load resource: the server responded with a status of 403 () @ https://pps.whatsapp.net/v/t61.24694-24/516273162_1845383653051775_4740062992718730640_n.jpg?ccb=11-4&oh=01_Q5Aa4QGj8078Rk0vPWIYUeo6c_2JV6iLeCCLFrgW9KY0QMA45g&oe=69E7670B&_nc_sid=5e03e0&_nc_cat=100:0
[ 1315843ms] [ERROR] Failed to load resource: the server responded with a status of 403 () @ https://pps.whatsapp.net/v/t61.24694-24/516273162_1845383653051775_4740062992718730640_n.jpg?ccb=11-4&oh=01_Q5Aa4QGj8078Rk0vPWIYUeo6c_2JV6iLeCCLFrgW9KY0QMA45g&oe=69E7670B&_nc_sid=5e03e0&_nc_cat=100:0
