[    2988ms] [LOG] i18next: languageChanged pt @ https://spa-canary.poli.digital/assets/index-3ee-NHD7.js:101
[    2989ms] [LOG] i18next: initialized {debug: true, initAsync: true, ns: Array(1), defaultNS: Array(1), fallbackLng: Array(1)} @ https://spa-canary.poli.digital/assets/index-3ee-NHD7.js:101
[    3171ms] [WARNING] Replay is disabled because neither `replaysSessionSampleRate` nor `replaysOnErrorSampleRate` are set. @ https://spa-canary.poli.digital/assets/index-3ee-NHD7.js:76
[    3738ms] [INFO] WebSocket: Conexão estabelecida @ https://spa-canary.poli.digital/assets/index-3ee-NHD7.js:69
[    3982ms] [LOG] i18next: languageChanged pt @ https://spa-canary.poli.digital/assets/index-3ee-NHD7.js:69
[    3991ms] [ERROR] error ao buscar chats TypeError: Cannot read properties of undefined (reading 'data')
    at vmt (https://spa-canary.poli.digital/assets/index-3ee-NHD7.js:1047:26140)
    at async _ (https://spa-canary.poli.digital/assets/index-3ee-NHD7.js:54:37544)
    at async Object.d [as fn] (https://spa-canary.poli.digital/assets/index-3ee-NHD7.js:54:37851) @ https://spa-canary.poli.digital/assets/index-3ee-NHD7.js:69
[    4237ms] [ERROR] Failed to load resource: the server responded with a status of 401 () @ https://foundation-api-canary.poli.digital/v3/users/settings/summary:0
[    4240ms] [ERROR] [UserPreferencesService] Failed to get summary: TypeError: Cannot read properties of undefined (reading 'data')
    at yte.getSummary (https://spa-canary.poli.digital/assets/index-3ee-NHD7.js:2153:64711)
    at async https://spa-canary.poli.digital/assets/index-3ee-NHD7.js:2153:65371 @ https://spa-canary.poli.digital/assets/index-3ee-NHD7.js:69
[    4240ms] [ERROR] [useUserPreferences] Error: TypeError: Cannot read properties of undefined (reading 'data')
    at yte.getSummary (https://spa-canary.poli.digital/assets/index-3ee-NHD7.js:2153:64711)
    at async https://spa-canary.poli.digital/assets/index-3ee-NHD7.js:2153:65371 @ https://spa-canary.poli.digital/assets/index-3ee-NHD7.js:69
[    5008ms] [LOG] i18next: languageChanged pt @ https://spa-canary.poli.digital/assets/index-3ee-NHD7.js:101
[    5009ms] [LOG] i18next: initialized {debug: true, initAsync: true, ns: Array(1), defaultNS: Array(1), fallbackLng: Array(1)} @ https://spa-canary.poli.digital/assets/index-3ee-NHD7.js:101
[    5062ms] [WARNING] Replay is disabled because neither `replaysSessionSampleRate` nor `replaysOnErrorSampleRate` are set. @ https://spa-canary.poli.digital/assets/index-3ee-NHD7.js:76
[    5111ms] [LOG] i18next: languageChanged pt @ https://spa-canary.poli.digital/assets/index-3ee-NHD7.js:69
[    5760ms] [INFO] WebSocket: Conexão estabelecida @ https://spa-canary.poli.digital/assets/index-3ee-NHD7.js:69
[   23973ms] [LOG] i18next: languageChanged pt @ https://spa-canary.poli.digital/assets/index-3ee-NHD7.js:69
[   29739ms] Identifier 'TCRMEmbed' has already been declared
[   54887ms] [LOG] i18next: languageChanged pt @ https://spa-canary.poli.digital/assets/index-3ee-NHD7.js:69
[   76716ms] [VERBOSE] [DOM] Input elements should have autocomplete attributes (suggested: "new-password"): (More info: https://goo.gl/9p2vKq) %o @ https://spa-canary.poli.digital/profile:0
[   76718ms] [VERBOSE] [DOM] Input elements should have autocomplete attributes (suggested: "new-password"): (More info: https://goo.gl/9p2vKq) %o @ https://spa-canary.poli.digital/profile:0
[  151411ms] Identifier 'TCRMEmbed' has already been declared
