[     774ms] [LOG] i18next: languageChanged pt @ https://spa-canary.poli.digital/assets/index-ClphRREw.js:101
[     774ms] [LOG] i18next: initialized {debug: true, initAsync: true, ns: Array(1), defaultNS: Array(1), fallbackLng: Array(1)} @ https://spa-canary.poli.digital/assets/index-ClphRREw.js:101
[     858ms] [WARNING] Replay is disabled because neither `replaysSessionSampleRate` nor `replaysOnErrorSampleRate` are set. @ https://spa-canary.poli.digital/assets/index-ClphRREw.js:76
[    1404ms] [INFO] WebSocket: Conexão estabelecida @ https://spa-canary.poli.digital/assets/index-ClphRREw.js:69
[    1447ms] TypeError: Cannot read properties of undefined (reading 'plugin')
    at <anonymous>:1:101
    at <anonymous>:1:126
    at https://www.googletagmanager.com/gtm.js?id=GTM-M2LRLQN:908:429
    at PR (https://www.googletagmanager.com/gtm.js?id=GTM-M2LRLQN:910:31)
    at Nd.OR (https://www.googletagmanager.com/gtm.js?id=GTM-M2LRLQN:907:92)
    at Nd.<anonymous> (https://www.googletagmanager.com/gtm.js?id=GTM-M2LRLQN:317:187)
    at k.apply (https://www.googletagmanager.com/gtm.js?id=GTM-M2LRLQN:239:466)
    at hb (https://www.googletagmanager.com/gtm.js?id=GTM-M2LRLQN:201:719)
    at gb (https://www.googletagmanager.com/gtm.js?id=GTM-M2LRLQN:201:470)
    at Nd.<anonymous> (https://www.googletagmanager.com/gtm.js?id=GTM-M2LRLQN:263:473)
    at k.apply (https://www.googletagmanager.com/gtm.js?id=GTM-M2LRLQN:239:466)
    at hb (https://www.googletagmanager.com/gtm.js?id=GTM-M2LRLQN:201:719)
    at k.Tq (https://www.googletagmanager.com/gtm.js?id=GTM-M2LRLQN:201:1286)
    at uf (https://www.googletagmanager.com/gtm.js?id=GTM-M2LRLQN:274:960)
    at https://www.googletagmanager.com/gtm.js?id=GTM-M2LRLQN:734:315
    at Rz (https://www.googletagmanager.com/gtm.js?id=GTM-M2LRLQN:637:1)
    at Yz.evaluate (https://www.googletagmanager.com/gtm.js?id=GTM-M2LRLQN:642:289)
    at e (https://www.googletagmanager.com/gtm.js?id=GTM-M2LRLQN:662:170)
    at https://www.googletagmanager.com/gtm.js?id=GTM-M2LRLQN:206:125
    at Array.<anonymous> (https://www.googletagmanager.com/gtm.js?id=GTM-M2LRLQN:663:360)
    at Object.execute (https://www.googletagmanager.com/gtm.js?id=GTM-M2LRLQN:663:100)
    at vB (https://www.googletagmanager.com/gtm.js?id=GTM-M2LRLQN:663:742)
    at yB (https://www.googletagmanager.com/gtm.js?id=GTM-M2LRLQN:667:183)
    at ID (https://www.googletagmanager.com/gtm.js?id=GTM-M2LRLQN:711:231)
    at c.push (https://www.googletagmanager.com/gtm.js?id=GTM-M2LRLQN:715:209)
    at c.push (https://www.googletagmanager.com/gtag/js?id=G-EPZWL6H9X8&cx=c&gtm=4e66h0:692:69)
    at c.push (https://www.googletagmanager.com/gtag/js?id=AW-806600684:869:69)
    at c.push (https://www.googletagmanager.com/gtag/js?id=UA-118273772-1&cx=c&gtm=4e66h0:553:69)
    at https://www.googletagmanager.com/gtm.js?id=GTM-M2LRLQN:715:457
    at r (https://spa-canary.poli.digital/assets/index-ClphRREw.js:70:9827)
[    4729ms] Identifier 'TCRMEmbed' has already been declared
[   26424ms] [ERROR] Failed to load resource: the server responded with a status of 404 () @ https://foundation-api-canary.poli.digital/v3/reports/metabase-embed-url:0
