[    1272ms] [LOG] i18next: languageChanged pt @ https://spa-canary.poli.digital/assets/modules-C8GisJ8T.js:9
[    1272ms] [LOG] i18next: initialized {debug: true, initAsync: true, ns: Array(1), defaultNS: Array(1), fallbackLng: Array(1)} @ https://spa-canary.poli.digital/assets/modules-C8GisJ8T.js:9
[    1554ms] [WARNING] Replay is disabled because neither `replaysSessionSampleRate` nor `replaysOnErrorSampleRate` are set. @ https://spa-canary.poli.digital/assets/index-Dct_DfaC.js:27
[    1977ms] [INFO] WebSocket: Conexão estabelecida @ https://spa-canary.poli.digital/assets/index-Dct_DfaC.js:20
[    2912ms] [ERROR] Failed to load resource: the server responded with a status of 403 () @ https://pps.whatsapp.net/v/t61.24694-24/437184832_898610138517247_1283479863683724595_n.jpg?ccb=11-4&oh=01_Q5Aa4gGX2ma97syCUx2rsuB7d4avSxodCswO68toDPKKOhnlOQ&oe=6A0F4E99&_nc_sid=5e03e0&_nc_cat=107:0
[    2996ms] TypeError: Cannot read properties of undefined (reading 'plugin')
    at <anonymous>:1:101
    at <anonymous>:1:126
    at https://www.googletagmanager.com/gtm.js?id=GTM-M2LRLQN:904:429
    at $R (https://www.googletagmanager.com/gtm.js?id=GTM-M2LRLQN:906:31)
    at Od.ZR (https://www.googletagmanager.com/gtm.js?id=GTM-M2LRLQN:903:92)
    at Od.<anonymous> (https://www.googletagmanager.com/gtm.js?id=GTM-M2LRLQN:317:187)
    at k.apply (https://www.googletagmanager.com/gtm.js?id=GTM-M2LRLQN:239:466)
    at hb (https://www.googletagmanager.com/gtm.js?id=GTM-M2LRLQN:201:719)
    at gb (https://www.googletagmanager.com/gtm.js?id=GTM-M2LRLQN:201:470)
    at Od.<anonymous> (https://www.googletagmanager.com/gtm.js?id=GTM-M2LRLQN:263:473)
    at k.apply (https://www.googletagmanager.com/gtm.js?id=GTM-M2LRLQN:239:466)
    at hb (https://www.googletagmanager.com/gtm.js?id=GTM-M2LRLQN:201:719)
    at k.Vq (https://www.googletagmanager.com/gtm.js?id=GTM-M2LRLQN:201:1286)
    at uf (https://www.googletagmanager.com/gtm.js?id=GTM-M2LRLQN:274:960)
    at https://www.googletagmanager.com/gtm.js?id=GTM-M2LRLQN:729:315
    at Mz (https://www.googletagmanager.com/gtm.js?id=GTM-M2LRLQN:632:1)
    at Tz.evaluate (https://www.googletagmanager.com/gtm.js?id=GTM-M2LRLQN:637:289)
    at e (https://www.googletagmanager.com/gtm.js?id=GTM-M2LRLQN:657:170)
    at https://www.googletagmanager.com/gtm.js?id=GTM-M2LRLQN:206:125
    at Array.<anonymous> (https://www.googletagmanager.com/gtm.js?id=GTM-M2LRLQN:658:360)
    at Object.execute (https://www.googletagmanager.com/gtm.js?id=GTM-M2LRLQN:658:100)
    at qB (https://www.googletagmanager.com/gtm.js?id=GTM-M2LRLQN:658:742)
    at tB (https://www.googletagmanager.com/gtm.js?id=GTM-M2LRLQN:662:183)
    at DD (https://www.googletagmanager.com/gtm.js?id=GTM-M2LRLQN:706:231)
    at c.push (https://www.googletagmanager.com/gtm.js?id=GTM-M2LRLQN:710:209)
    at c.push (https://www.googletagmanager.com/gtag/js?id=AW-806600684:869:69)
    at c.push (https://www.googletagmanager.com/gtag/js?id=G-EPZWL6H9X8&cx=c&gtm=4e66g1:688:69)
    at c.push (https://www.googletagmanager.com/gtag/js?id=UA-118273772-1&cx=c&gtm=4e66h0h2:553:69)
    at https://www.googletagmanager.com/gtm.js?id=GTM-M2LRLQN:710:457
    at r (https://spa-canary.poli.digital/assets/index-Dct_DfaC.js:21:10021)
[    4903ms] Identifier 'TCRMEmbed' has already been declared
[    6499ms] [ERROR] Failed to load resource: the server responded with a status of 403 () @ https://pps.whatsapp.net/v/t61.24694-24/437184832_898610138517247_1283479863683724595_n.jpg?ccb=11-4&oh=01_Q5Aa4gGX2ma97syCUx2rsuB7d4avSxodCswO68toDPKKOhnlOQ&oe=6A0F4E99&_nc_sid=5e03e0&_nc_cat=107:0
[    6825ms] [ERROR] Failed to load resource: the server responded with a status of 403 () @ https://pps.whatsapp.net/v/t61.24694-24/582343687_883674010967360_7702721648056132525_n.jpg?ccb=11-4&oh=01_Q5Aa4QEjMmSkVJbyZvIh6_nY1jIbTaKGx15KmlqIRfD2ss6Dzw&oe=69EF49EE&_nc_sid=5e03e0&_nc_cat=100:0
[    6991ms] [ERROR] Access to fetch at 'https://lpgs.poli.digital/parse/link' from origin 'https://spa-canary.poli.digital' has been blocked by CORS policy: Response to preflight request doesn't pass access control check: No 'Access-Control-Allow-Origin' header is present on the requested resource. @ https://spa-canary.poli.digital/chat/9bb49c4f-2c88-4a7f-84bb-38074c239b4b?panel=details:0
[    6991ms] [ERROR] Failed to load resource: net::ERR_FAILED @ https://lpgs.poli.digital/parse/link:0
[    6992ms] [ERROR] TypeError: Failed to fetch (lpgs.poli.digital)
    at https://spa-canary.poli.digital/assets/index-Dct_DfaC.js:21:7644
    at e.<anonymous> (https://cdn.amplitude.com/libs/analytics-browser-gtm-2.33.4-min.js.gz:1:79703)
    at https://cdn.amplitude.com/libs/analytics-browser-gtm-2.33.4-min.js.gz:1:2355
    at Object.next (https://cdn.amplitude.com/libs/analytics-browser-gtm-2.33.4-min.js.gz:1:2460)
    at https://cdn.amplitude.com/libs/analytics-browser-gtm-2.33.4-min.js.gz:1:1304
    at new Promise (<anonymous>)
    at s (https://cdn.amplitude.com/libs/analytics-browser-gtm-2.33.4-min.js.gz:1:1052)
    at globalScope.e.globalScope.fetch (https://cdn.amplitude.com/libs/analytics-browser-gtm-2.33.4-min.js.gz:1:79418)
    at e (https://spa-canary.poli.digital/assets/modules-C8GisJ8T.js:1020:4701)
    at https://spa-canary.poli.digital/assets/modules-C8GisJ8T.js:1020:4878
    at Vc (https://spa-canary.poli.digital/assets/index-Dct_DfaC.js:9:91963)
    at El (https://spa-canary.poli.digital/assets/index-Dct_DfaC.js:9:107137)
    at Tl (https://spa-canary.poli.digital/assets/index-Dct_DfaC.js:9:107021)
    at El (https://spa-canary.poli.digital/assets/index-Dct_DfaC.js:9:107902)
    at Tl (https://spa-canary.poli.digital/assets/index-Dct_DfaC.js:9:107021)
    at El (https://spa-canary.poli.digital/assets/index-Dct_DfaC.js:9:107902)
    at Tl (https://spa-canary.poli.digital/assets/index-Dct_DfaC.js:9:107021)
    at El (https://spa-canary.poli.digital/assets/index-Dct_DfaC.js:9:107117)
    at Tl (https://spa-canary.poli.digital/assets/index-Dct_DfaC.js:9:107021)
    at El (https://spa-canary.poli.digital/assets/index-Dct_DfaC.js:9:107902)
    at Tl (https://spa-canary.poli.digital/assets/index-Dct_DfaC.js:9:107021)
    at El (https://spa-canary.poli.digital/assets/index-Dct_DfaC.js:9:107117)
    at Tl (https://spa-canary.poli.digital/assets/index-Dct_DfaC.js:9:107021)
    at El (https://spa-canary.poli.digital/assets/index-Dct_DfaC.js:9:107117)
    at Tl (https://spa-canary.poli.digital/assets/index-Dct_DfaC.js:9:107021)
    at El (https://spa-canary.poli.digital/assets/index-Dct_DfaC.js:9:107902)
    at Tl (https://spa-canary.poli.digital/assets/index-Dct_DfaC.js:9:107021)
    at El (https://spa-canary.poli.digital/assets/index-Dct_DfaC.js:9:107117)
    at Tl (https://spa-canary.poli.digital/assets/index-Dct_DfaC.js:9:107021)
    at El (https://spa-canary.poli.digital/assets/index-Dct_DfaC.js:9:107902)
    at Tl (https://spa-canary.poli.digital/assets/index-Dct_DfaC.js:9:107021)
    at El (https://spa-canary.poli.digital/assets/index-Dct_DfaC.js:9:107117)
    at Tl (https://spa-canary.poli.digital/assets/index-Dct_DfaC.js:9:107021)
    at El (https://spa-canary.poli.digital/assets/index-Dct_DfaC.js:9:107117)
    at Tl (https://spa-canary.poli.digital/assets/index-Dct_DfaC.js:9:107021)
    at El (https://spa-canary.poli.digital/assets/index-Dct_DfaC.js:9:107117)
    at Tl (https://spa-canary.poli.digital/assets/index-Dct_DfaC.js:9:107021)
    at El (https://spa-canary.poli.digital/assets/index-Dct_DfaC.js:9:107902)
    at Tl (https://spa-canary.poli.digital/assets/index-Dct_DfaC.js:9:107021)
    at El (https://spa-canary.poli.digital/assets/index-Dct_DfaC.js:9:107117)
    at Tl (https://spa-canary.poli.digital/assets/index-Dct_DfaC.js:9:107021)
    at El (https://spa-canary.poli.digital/assets/index-Dct_DfaC.js:9:107902)
    at Tl (https://spa-canary.poli.digital/assets/index-Dct_DfaC.js:9:107021)
    at El (https://spa-canary.poli.digital/assets/index-Dct_DfaC.js:9:107117)
    at Tl (https://spa-canary.poli.digital/assets/index-Dct_DfaC.js:9:107021)
    at El (https://spa-canary.poli.digital/assets/index-Dct_DfaC.js:9:107902)
    at Tl (https://spa-canary.poli.digital/assets/index-Dct_DfaC.js:9:107021)
    at El (https://spa-canary.poli.digital/assets/index-Dct_DfaC.js:9:107117)
    at Tl (https://spa-canary.poli.digital/assets/index-Dct_DfaC.js:9:107021)
    at El (https://spa-canary.poli.digital/assets/index-Dct_DfaC.js:9:107117) @ https://spa-canary.poli.digital/assets/index-Dct_DfaC.js:20
[    6993ms] [ERROR] Access to fetch at 'https://lpgs.poli.digital/parse/link' from origin 'https://spa-canary.poli.digital' has been blocked by CORS policy: Response to preflight request doesn't pass access control check: No 'Access-Control-Allow-Origin' header is present on the requested resource. @ https://spa-canary.poli.digital/chat/9bb49c4f-2c88-4a7f-84bb-38074c239b4b?panel=details:0
[    6993ms] [ERROR] Failed to load resource: net::ERR_FAILED @ https://lpgs.poli.digital/parse/link:0
[    6995ms] [ERROR] TypeError: Failed to fetch (lpgs.poli.digital)
    at https://spa-canary.poli.digital/assets/index-Dct_DfaC.js:21:7644
    at e.<anonymous> (https://cdn.amplitude.com/libs/analytics-browser-gtm-2.33.4-min.js.gz:1:79703)
    at https://cdn.amplitude.com/libs/analytics-browser-gtm-2.33.4-min.js.gz:1:2355
    at Object.next (https://cdn.amplitude.com/libs/analytics-browser-gtm-2.33.4-min.js.gz:1:2460)
    at https://cdn.amplitude.com/libs/analytics-browser-gtm-2.33.4-min.js.gz:1:1304
    at new Promise (<anonymous>)
    at s (https://cdn.amplitude.com/libs/analytics-browser-gtm-2.33.4-min.js.gz:1:1052)
    at globalScope.e.globalScope.fetch (https://cdn.amplitude.com/libs/analytics-browser-gtm-2.33.4-min.js.gz:1:79418)
    at e (https://spa-canary.poli.digital/assets/modules-C8GisJ8T.js:1020:4701)
    at https://spa-canary.poli.digital/assets/modules-C8GisJ8T.js:1020:4878
    at Vc (https://spa-canary.poli.digital/assets/index-Dct_DfaC.js:9:91963)
    at El (https://spa-canary.poli.digital/assets/index-Dct_DfaC.js:9:107137)
    at Tl (https://spa-canary.poli.digital/assets/index-Dct_DfaC.js:9:107021)
    at El (https://spa-canary.poli.digital/assets/index-Dct_DfaC.js:9:107902)
    at Tl (https://spa-canary.poli.digital/assets/index-Dct_DfaC.js:9:107021)
    at El (https://spa-canary.poli.digital/assets/index-Dct_DfaC.js:9:107902)
    at Tl (https://spa-canary.poli.digital/assets/index-Dct_DfaC.js:9:107021)
    at El (https://spa-canary.poli.digital/assets/index-Dct_DfaC.js:9:107117)
    at Tl (https://spa-canary.poli.digital/assets/index-Dct_DfaC.js:9:107021)
    at El (https://spa-canary.poli.digital/assets/index-Dct_DfaC.js:9:107902)
    at Tl (https://spa-canary.poli.digital/assets/index-Dct_DfaC.js:9:107021)
    at El (https://spa-canary.poli.digital/assets/index-Dct_DfaC.js:9:107117)
    at Tl (https://spa-canary.poli.digital/assets/index-Dct_DfaC.js:9:107021)
    at El (https://spa-canary.poli.digital/assets/index-Dct_DfaC.js:9:107117)
    at Tl (https://spa-canary.poli.digital/assets/index-Dct_DfaC.js:9:107021)
    at El (https://spa-canary.poli.digital/assets/index-Dct_DfaC.js:9:107902)
    at Tl (https://spa-canary.poli.digital/assets/index-Dct_DfaC.js:9:107021)
    at El (https://spa-canary.poli.digital/assets/index-Dct_DfaC.js:9:107117)
    at Tl (https://spa-canary.poli.digital/assets/index-Dct_DfaC.js:9:107021)
    at El (https://spa-canary.poli.digital/assets/index-Dct_DfaC.js:9:107902)
    at Tl (https://spa-canary.poli.digital/assets/index-Dct_DfaC.js:9:107021)
    at El (https://spa-canary.poli.digital/assets/index-Dct_DfaC.js:9:107117)
    at Tl (https://spa-canary.poli.digital/assets/index-Dct_DfaC.js:9:107021)
    at El (https://spa-canary.poli.digital/assets/index-Dct_DfaC.js:9:107117)
    at Tl (https://spa-canary.poli.digital/assets/index-Dct_DfaC.js:9:107021)
    at El (https://spa-canary.poli.digital/assets/index-Dct_DfaC.js:9:107117)
    at Tl (https://spa-canary.poli.digital/assets/index-Dct_DfaC.js:9:107021)
    at El (https://spa-canary.poli.digital/assets/index-Dct_DfaC.js:9:107902)
    at Tl (https://spa-canary.poli.digital/assets/index-Dct_DfaC.js:9:107021)
    at El (https://spa-canary.poli.digital/assets/index-Dct_DfaC.js:9:107117)
    at Tl (https://spa-canary.poli.digital/assets/index-Dct_DfaC.js:9:107021)
    at El (https://spa-canary.poli.digital/assets/index-Dct_DfaC.js:9:107902)
    at Tl (https://spa-canary.poli.digital/assets/index-Dct_DfaC.js:9:107021)
    at El (https://spa-canary.poli.digital/assets/index-Dct_DfaC.js:9:107117)
    at Tl (https://spa-canary.poli.digital/assets/index-Dct_DfaC.js:9:107021)
    at El (https://spa-canary.poli.digital/assets/index-Dct_DfaC.js:9:107902)
    at Tl (https://spa-canary.poli.digital/assets/index-Dct_DfaC.js:9:107021)
    at El (https://spa-canary.poli.digital/assets/index-Dct_DfaC.js:9:107117)
    at Tl (https://spa-canary.poli.digital/assets/index-Dct_DfaC.js:9:107021)
    at El (https://spa-canary.poli.digital/assets/index-Dct_DfaC.js:9:107117) @ https://spa-canary.poli.digital/assets/index-Dct_DfaC.js:20
[    6997ms] [ERROR] Access to fetch at 'https://lpgs.poli.digital/parse/link' from origin 'https://spa-canary.poli.digital' has been blocked by CORS policy: Response to preflight request doesn't pass access control check: No 'Access-Control-Allow-Origin' header is present on the requested resource. @ https://spa-canary.poli.digital/chat/9bb49c4f-2c88-4a7f-84bb-38074c239b4b?panel=details:0
[    6997ms] [ERROR] Failed to load resource: net::ERR_FAILED @ https://lpgs.poli.digital/parse/link:0
[    6999ms] [ERROR] TypeError: Failed to fetch (lpgs.poli.digital)
    at https://spa-canary.poli.digital/assets/index-Dct_DfaC.js:21:7644
    at e.<anonymous> (https://cdn.amplitude.com/libs/analytics-browser-gtm-2.33.4-min.js.gz:1:79703)
    at https://cdn.amplitude.com/libs/analytics-browser-gtm-2.33.4-min.js.gz:1:2355
    at Object.next (https://cdn.amplitude.com/libs/analytics-browser-gtm-2.33.4-min.js.gz:1:2460)
    at https://cdn.amplitude.com/libs/analytics-browser-gtm-2.33.4-min.js.gz:1:1304
    at new Promise (<anonymous>)
    at s (https://cdn.amplitude.com/libs/analytics-browser-gtm-2.33.4-min.js.gz:1:1052)
    at globalScope.e.globalScope.fetch (https://cdn.amplitude.com/libs/analytics-browser-gtm-2.33.4-min.js.gz:1:79418)
    at e (https://spa-canary.poli.digital/assets/modules-C8GisJ8T.js:1020:4701)
    at https://spa-canary.poli.digital/assets/modules-C8GisJ8T.js:1020:4878
    at Vc (https://spa-canary.poli.digital/assets/index-Dct_DfaC.js:9:91963)
    at El (https://spa-canary.poli.digital/assets/index-Dct_DfaC.js:9:107137)
    at Tl (https://spa-canary.poli.digital/assets/index-Dct_DfaC.js:9:107021)
    at El (https://spa-canary.poli.digital/assets/index-Dct_DfaC.js:9:107902)
    at Tl (https://spa-canary.poli.digital/assets/index-Dct_DfaC.js:9:107021)
    at El (https://spa-canary.poli.digital/assets/index-Dct_DfaC.js:9:107902)
    at Tl (https://spa-canary.poli.digital/assets/index-Dct_DfaC.js:9:107021)
    at El (https://spa-canary.poli.digital/assets/index-Dct_DfaC.js:9:107117)
    at Tl (https://spa-canary.poli.digital/assets/index-Dct_DfaC.js:9:107021)
    at El (https://spa-canary.poli.digital/assets/index-Dct_DfaC.js:9:107902)
    at Tl (https://spa-canary.poli.digital/assets/index-Dct_DfaC.js:9:107021)
    at El (https://spa-canary.poli.digital/assets/index-Dct_DfaC.js:9:107117)
    at Tl (https://spa-canary.poli.digital/assets/index-Dct_DfaC.js:9:107021)
    at El (https://spa-canary.poli.digital/assets/index-Dct_DfaC.js:9:107117)
    at Tl (https://spa-canary.poli.digital/assets/index-Dct_DfaC.js:9:107021)
    at El (https://spa-canary.poli.digital/assets/index-Dct_DfaC.js:9:107902)
    at Tl (https://spa-canary.poli.digital/assets/index-Dct_DfaC.js:9:107021)
    at El (https://spa-canary.poli.digital/assets/index-Dct_DfaC.js:9:107117)
    at Tl (https://spa-canary.poli.digital/assets/index-Dct_DfaC.js:9:107021)
    at El (https://spa-canary.poli.digital/assets/index-Dct_DfaC.js:9:107902)
    at Tl (https://spa-canary.poli.digital/assets/index-Dct_DfaC.js:9:107021)
    at El (https://spa-canary.poli.digital/assets/index-Dct_DfaC.js:9:107117)
    at Tl (https://spa-canary.poli.digital/assets/index-Dct_DfaC.js:9:107021)
    at El (https://spa-canary.poli.digital/assets/index-Dct_DfaC.js:9:107117)
    at Tl (https://spa-canary.poli.digital/assets/index-Dct_DfaC.js:9:107021)
    at El (https://spa-canary.poli.digital/assets/index-Dct_DfaC.js:9:107117)
    at Tl (https://spa-canary.poli.digital/assets/index-Dct_DfaC.js:9:107021)
    at El (https://spa-canary.poli.digital/assets/index-Dct_DfaC.js:9:107902)
    at Tl (https://spa-canary.poli.digital/assets/index-Dct_DfaC.js:9:107021)
    at El (https://spa-canary.poli.digital/assets/index-Dct_DfaC.js:9:107117)
    at Tl (https://spa-canary.poli.digital/assets/index-Dct_DfaC.js:9:107021)
    at El (https://spa-canary.poli.digital/assets/index-Dct_DfaC.js:9:107902)
    at Tl (https://spa-canary.poli.digital/assets/index-Dct_DfaC.js:9:107021)
    at El (https://spa-canary.poli.digital/assets/index-Dct_DfaC.js:9:107117)
    at Tl (https://spa-canary.poli.digital/assets/index-Dct_DfaC.js:9:107021)
    at El (https://spa-canary.poli.digital/assets/index-Dct_DfaC.js:9:107902)
    at Tl (https://spa-canary.poli.digital/assets/index-Dct_DfaC.js:9:107021)
    at El (https://spa-canary.poli.digital/assets/index-Dct_DfaC.js:9:107117)
    at Tl (https://spa-canary.poli.digital/assets/index-Dct_DfaC.js:9:107021)
    at El (https://spa-canary.poli.digital/assets/index-Dct_DfaC.js:9:107117) @ https://spa-canary.poli.digital/assets/index-Dct_DfaC.js:20
[    7002ms] [ERROR] Access to fetch at 'https://lpgs.poli.digital/parse/link' from origin 'https://spa-canary.poli.digital' has been blocked by CORS policy: Response to preflight request doesn't pass access control check: No 'Access-Control-Allow-Origin' header is present on the requested resource. @ https://spa-canary.poli.digital/chat/9bb49c4f-2c88-4a7f-84bb-38074c239b4b?panel=details:0
[    7002ms] [ERROR] Failed to load resource: net::ERR_FAILED @ https://lpgs.poli.digital/parse/link:0
[    7003ms] [ERROR] TypeError: Failed to fetch (lpgs.poli.digital)
    at https://spa-canary.poli.digital/assets/index-Dct_DfaC.js:21:7644
    at e.<anonymous> (https://cdn.amplitude.com/libs/analytics-browser-gtm-2.33.4-min.js.gz:1:79703)
    at https://cdn.amplitude.com/libs/analytics-browser-gtm-2.33.4-min.js.gz:1:2355
    at Object.next (https://cdn.amplitude.com/libs/analytics-browser-gtm-2.33.4-min.js.gz:1:2460)
    at https://cdn.amplitude.com/libs/analytics-browser-gtm-2.33.4-min.js.gz:1:1304
    at new Promise (<anonymous>)
    at s (https://cdn.amplitude.com/libs/analytics-browser-gtm-2.33.4-min.js.gz:1:1052)
    at globalScope.e.globalScope.fetch (https://cdn.amplitude.com/libs/analytics-browser-gtm-2.33.4-min.js.gz:1:79418)
    at e (https://spa-canary.poli.digital/assets/modules-C8GisJ8T.js:1020:4701)
    at https://spa-canary.poli.digital/assets/modules-C8GisJ8T.js:1020:4878
    at Vc (https://spa-canary.poli.digital/assets/index-Dct_DfaC.js:9:91963)
    at El (https://spa-canary.poli.digital/assets/index-Dct_DfaC.js:9:107137)
    at Tl (https://spa-canary.poli.digital/assets/index-Dct_DfaC.js:9:107021)
    at El (https://spa-canary.poli.digital/assets/index-Dct_DfaC.js:9:107902)
    at Tl (https://spa-canary.poli.digital/assets/index-Dct_DfaC.js:9:107021)
    at El (https://spa-canary.poli.digital/assets/index-Dct_DfaC.js:9:107902)
    at Tl (https://spa-canary.poli.digital/assets/index-Dct_DfaC.js:9:107021)
    at El (https://spa-canary.poli.digital/assets/index-Dct_DfaC.js:9:107117)
    at Tl (https://spa-canary.poli.digital/assets/index-Dct_DfaC.js:9:107021)
    at El (https://spa-canary.poli.digital/assets/index-Dct_DfaC.js:9:107902)
    at Tl (https://spa-canary.poli.digital/assets/index-Dct_DfaC.js:9:107021)
    at El (https://spa-canary.poli.digital/assets/index-Dct_DfaC.js:9:107117)
    at Tl (https://spa-canary.poli.digital/assets/index-Dct_DfaC.js:9:107021)
    at El (https://spa-canary.poli.digital/assets/index-Dct_DfaC.js:9:107117)
    at Tl (https://spa-canary.poli.digital/assets/index-Dct_DfaC.js:9:107021)
    at El (https://spa-canary.poli.digital/assets/index-Dct_DfaC.js:9:107902)
    at Tl (https://spa-canary.poli.digital/assets/index-Dct_DfaC.js:9:107021)
    at El (https://spa-canary.poli.digital/assets/index-Dct_DfaC.js:9:107117)
    at Tl (https://spa-canary.poli.digital/assets/index-Dct_DfaC.js:9:107021)
    at El (https://spa-canary.poli.digital/assets/index-Dct_DfaC.js:9:107902)
    at Tl (https://spa-canary.poli.digital/assets/index-Dct_DfaC.js:9:107021)
    at El (https://spa-canary.poli.digital/assets/index-Dct_DfaC.js:9:107117)
    at Tl (https://spa-canary.poli.digital/assets/index-Dct_DfaC.js:9:107021)
    at El (https://spa-canary.poli.digital/assets/index-Dct_DfaC.js:9:107117)
    at Tl (https://spa-canary.poli.digital/assets/index-Dct_DfaC.js:9:107021)
    at El (https://spa-canary.poli.digital/assets/index-Dct_DfaC.js:9:107117)
    at Tl (https://spa-canary.poli.digital/assets/index-Dct_DfaC.js:9:107021)
    at El (https://spa-canary.poli.digital/assets/index-Dct_DfaC.js:9:107902)
    at Tl (https://spa-canary.poli.digital/assets/index-Dct_DfaC.js:9:107021)
    at El (https://spa-canary.poli.digital/assets/index-Dct_DfaC.js:9:107117)
    at Tl (https://spa-canary.poli.digital/assets/index-Dct_DfaC.js:9:107021)
    at El (https://spa-canary.poli.digital/assets/index-Dct_DfaC.js:9:107902)
    at Tl (https://spa-canary.poli.digital/assets/index-Dct_DfaC.js:9:107021)
    at El (https://spa-canary.poli.digital/assets/index-Dct_DfaC.js:9:107117)
    at Tl (https://spa-canary.poli.digital/assets/index-Dct_DfaC.js:9:107021)
    at El (https://spa-canary.poli.digital/assets/index-Dct_DfaC.js:9:107902)
    at Tl (https://spa-canary.poli.digital/assets/index-Dct_DfaC.js:9:107021)
    at El (https://spa-canary.poli.digital/assets/index-Dct_DfaC.js:9:107117)
    at Tl (https://spa-canary.poli.digital/assets/index-Dct_DfaC.js:9:107021)
    at El (https://spa-canary.poli.digital/assets/index-Dct_DfaC.js:9:107117) @ https://spa-canary.poli.digital/assets/index-Dct_DfaC.js:20
[    7003ms] [ERROR] Access to fetch at 'https://lpgs.poli.digital/parse/link' from origin 'https://spa-canary.poli.digital' has been blocked by CORS policy: Response to preflight request doesn't pass access control check: No 'Access-Control-Allow-Origin' header is present on the requested resource. @ https://spa-canary.poli.digital/chat/9bb49c4f-2c88-4a7f-84bb-38074c239b4b?panel=details:0
[    7004ms] [ERROR] Failed to load resource: net::ERR_FAILED @ https://lpgs.poli.digital/parse/link:0
[    7004ms] [ERROR] TypeError: Failed to fetch (lpgs.poli.digital)
    at https://spa-canary.poli.digital/assets/index-Dct_DfaC.js:21:7644
    at e.<anonymous> (https://cdn.amplitude.com/libs/analytics-browser-gtm-2.33.4-min.js.gz:1:79703)
    at https://cdn.amplitude.com/libs/analytics-browser-gtm-2.33.4-min.js.gz:1:2355
    at Object.next (https://cdn.amplitude.com/libs/analytics-browser-gtm-2.33.4-min.js.gz:1:2460)
    at https://cdn.amplitude.com/libs/analytics-browser-gtm-2.33.4-min.js.gz:1:1304
    at new Promise (<anonymous>)
    at s (https://cdn.amplitude.com/libs/analytics-browser-gtm-2.33.4-min.js.gz:1:1052)
    at globalScope.e.globalScope.fetch (https://cdn.amplitude.com/libs/analytics-browser-gtm-2.33.4-min.js.gz:1:79418)
    at e (https://spa-canary.poli.digital/assets/modules-C8GisJ8T.js:1020:4701)
    at https://spa-canary.poli.digital/assets/modules-C8GisJ8T.js:1020:4878
    at Vc (https://spa-canary.poli.digital/assets/index-Dct_DfaC.js:9:91963)
    at El (https://spa-canary.poli.digital/assets/index-Dct_DfaC.js:9:107137)
    at Tl (https://spa-canary.poli.digital/assets/index-Dct_DfaC.js:9:107021)
    at El (https://spa-canary.poli.digital/assets/index-Dct_DfaC.js:9:107902)
    at Tl (https://spa-canary.poli.digital/assets/index-Dct_DfaC.js:9:107021)
    at El (https://spa-canary.poli.digital/assets/index-Dct_DfaC.js:9:107902)
    at Tl (https://spa-canary.poli.digital/assets/index-Dct_DfaC.js:9:107021)
    at El (https://spa-canary.poli.digital/assets/index-Dct_DfaC.js:9:107117)
    at Tl (https://spa-canary.poli.digital/assets/index-Dct_DfaC.js:9:107021)
    at El (https://spa-canary.poli.digital/assets/index-Dct_DfaC.js:9:107902)
    at Tl (https://spa-canary.poli.digital/assets/index-Dct_DfaC.js:9:107021)
    at El (https://spa-canary.poli.digital/assets/index-Dct_DfaC.js:9:107117)
    at Tl (https://spa-canary.poli.digital/assets/index-Dct_DfaC.js:9:107021)
    at El (https://spa-canary.poli.digital/assets/index-Dct_DfaC.js:9:107117)
    at Tl (https://spa-canary.poli.digital/assets/index-Dct_DfaC.js:9:107021)
    at El (https://spa-canary.poli.digital/assets/index-Dct_DfaC.js:9:107902)
    at Tl (https://spa-canary.poli.digital/assets/index-Dct_DfaC.js:9:107021)
    at El (https://spa-canary.poli.digital/assets/index-Dct_DfaC.js:9:107117)
    at Tl (https://spa-canary.poli.digital/assets/index-Dct_DfaC.js:9:107021)
    at El (https://spa-canary.poli.digital/assets/index-Dct_DfaC.js:9:107902)
    at Tl (https://spa-canary.poli.digital/assets/index-Dct_DfaC.js:9:107021)
    at El (https://spa-canary.poli.digital/assets/index-Dct_DfaC.js:9:107117)
    at Tl (https://spa-canary.poli.digital/assets/index-Dct_DfaC.js:9:107021)
    at El (https://spa-canary.poli.digital/assets/index-Dct_DfaC.js:9:107117)
    at Tl (https://spa-canary.poli.digital/assets/index-Dct_DfaC.js:9:107021)
    at El (https://spa-canary.poli.digital/assets/index-Dct_DfaC.js:9:107117)
    at Tl (https://spa-canary.poli.digital/assets/index-Dct_DfaC.js:9:107021)
    at El (https://spa-canary.poli.digital/assets/index-Dct_DfaC.js:9:107902)
    at Tl (https://spa-canary.poli.digital/assets/index-Dct_DfaC.js:9:107021)
    at El (https://spa-canary.poli.digital/assets/index-Dct_DfaC.js:9:107117)
    at Tl (https://spa-canary.poli.digital/assets/index-Dct_DfaC.js:9:107021)
    at El (https://spa-canary.poli.digital/assets/index-Dct_DfaC.js:9:107902)
    at Tl (https://spa-canary.poli.digital/assets/index-Dct_DfaC.js:9:107021)
    at El (https://spa-canary.poli.digital/assets/index-Dct_DfaC.js:9:107117)
    at Tl (https://spa-canary.poli.digital/assets/index-Dct_DfaC.js:9:107021)
    at El (https://spa-canary.poli.digital/assets/index-Dct_DfaC.js:9:107902)
    at Tl (https://spa-canary.poli.digital/assets/index-Dct_DfaC.js:9:107021)
    at El (https://spa-canary.poli.digital/assets/index-Dct_DfaC.js:9:107117)
    at Tl (https://spa-canary.poli.digital/assets/index-Dct_DfaC.js:9:107021)
    at El (https://spa-canary.poli.digital/assets/index-Dct_DfaC.js:9:107117) @ https://spa-canary.poli.digital/assets/index-Dct_DfaC.js:20
[    7005ms] [ERROR] Access to fetch at 'https://lpgs.poli.digital/parse/link' from origin 'https://spa-canary.poli.digital' has been blocked by CORS policy: Response to preflight request doesn't pass access control check: No 'Access-Control-Allow-Origin' header is present on the requested resource. @ https://spa-canary.poli.digital/chat/9bb49c4f-2c88-4a7f-84bb-38074c239b4b?panel=details:0
[    7005ms] [ERROR] Failed to load resource: net::ERR_FAILED @ https://lpgs.poli.digital/parse/link:0
[    7006ms] [ERROR] TypeError: Failed to fetch (lpgs.poli.digital)
    at https://spa-canary.poli.digital/assets/index-Dct_DfaC.js:21:7644
    at e.<anonymous> (https://cdn.amplitude.com/libs/analytics-browser-gtm-2.33.4-min.js.gz:1:79703)
    at https://cdn.amplitude.com/libs/analytics-browser-gtm-2.33.4-min.js.gz:1:2355
    at Object.next (https://cdn.amplitude.com/libs/analytics-browser-gtm-2.33.4-min.js.gz:1:2460)
    at https://cdn.amplitude.com/libs/analytics-browser-gtm-2.33.4-min.js.gz:1:1304
    at new Promise (<anonymous>)
    at s (https://cdn.amplitude.com/libs/analytics-browser-gtm-2.33.4-min.js.gz:1:1052)
    at globalScope.e.globalScope.fetch (https://cdn.amplitude.com/libs/analytics-browser-gtm-2.33.4-min.js.gz:1:79418)
    at e (https://spa-canary.poli.digital/assets/modules-C8GisJ8T.js:1020:4701)
    at https://spa-canary.poli.digital/assets/modules-C8GisJ8T.js:1020:4878
    at Vc (https://spa-canary.poli.digital/assets/index-Dct_DfaC.js:9:91963)
    at El (https://spa-canary.poli.digital/assets/index-Dct_DfaC.js:9:107137)
    at Tl (https://spa-canary.poli.digital/assets/index-Dct_DfaC.js:9:107021)
    at El (https://spa-canary.poli.digital/assets/index-Dct_DfaC.js:9:107902)
    at Tl (https://spa-canary.poli.digital/assets/index-Dct_DfaC.js:9:107021)
    at El (https://spa-canary.poli.digital/assets/index-Dct_DfaC.js:9:107902)
    at Tl (https://spa-canary.poli.digital/assets/index-Dct_DfaC.js:9:107021)
    at El (https://spa-canary.poli.digital/assets/index-Dct_DfaC.js:9:107117)
    at Tl (https://spa-canary.poli.digital/assets/index-Dct_DfaC.js:9:107021)
    at El (https://spa-canary.poli.digital/assets/index-Dct_DfaC.js:9:107902)
    at Tl (https://spa-canary.poli.digital/assets/index-Dct_DfaC.js:9:107021)
    at El (https://spa-canary.poli.digital/assets/index-Dct_DfaC.js:9:107117)
    at Tl (https://spa-canary.poli.digital/assets/index-Dct_DfaC.js:9:107021)
    at El (https://spa-canary.poli.digital/assets/index-Dct_DfaC.js:9:107117)
    at Tl (https://spa-canary.poli.digital/assets/index-Dct_DfaC.js:9:107021)
    at El (https://spa-canary.poli.digital/assets/index-Dct_DfaC.js:9:107902)
    at Tl (https://spa-canary.poli.digital/assets/index-Dct_DfaC.js:9:107021)
    at El (https://spa-canary.poli.digital/assets/index-Dct_DfaC.js:9:107117)
    at Tl (https://spa-canary.poli.digital/assets/index-Dct_DfaC.js:9:107021)
    at El (https://spa-canary.poli.digital/assets/index-Dct_DfaC.js:9:107902)
    at Tl (https://spa-canary.poli.digital/assets/index-Dct_DfaC.js:9:107021)
    at El (https://spa-canary.poli.digital/assets/index-Dct_DfaC.js:9:107117)
    at Tl (https://spa-canary.poli.digital/assets/index-Dct_DfaC.js:9:107021)
    at El (https://spa-canary.poli.digital/assets/index-Dct_DfaC.js:9:107117)
    at Tl (https://spa-canary.poli.digital/assets/index-Dct_DfaC.js:9:107021)
    at El (https://spa-canary.poli.digital/assets/index-Dct_DfaC.js:9:107117)
    at Tl (https://spa-canary.poli.digital/assets/index-Dct_DfaC.js:9:107021)
    at El (https://spa-canary.poli.digital/assets/index-Dct_DfaC.js:9:107902)
    at Tl (https://spa-canary.poli.digital/assets/index-Dct_DfaC.js:9:107021)
    at El (https://spa-canary.poli.digital/assets/index-Dct_DfaC.js:9:107117)
    at Tl (https://spa-canary.poli.digital/assets/index-Dct_DfaC.js:9:107021)
    at El (https://spa-canary.poli.digital/assets/index-Dct_DfaC.js:9:107902)
    at Tl (https://spa-canary.poli.digital/assets/index-Dct_DfaC.js:9:107021)
    at El (https://spa-canary.poli.digital/assets/index-Dct_DfaC.js:9:107117)
    at Tl (https://spa-canary.poli.digital/assets/index-Dct_DfaC.js:9:107021)
    at El (https://spa-canary.poli.digital/assets/index-Dct_DfaC.js:9:107902)
    at Tl (https://spa-canary.poli.digital/assets/index-Dct_DfaC.js:9:107021)
    at El (https://spa-canary.poli.digital/assets/index-Dct_DfaC.js:9:107117)
    at Tl (https://spa-canary.poli.digital/assets/index-Dct_DfaC.js:9:107021)
    at El (https://spa-canary.poli.digital/assets/index-Dct_DfaC.js:9:107117) @ https://spa-canary.poli.digital/assets/index-Dct_DfaC.js:20
[    7007ms] [ERROR] Access to fetch at 'https://lpgs.poli.digital/parse/link' from origin 'https://spa-canary.poli.digital' has been blocked by CORS policy: Response to preflight request doesn't pass access control check: No 'Access-Control-Allow-Origin' header is present on the requested resource. @ https://spa-canary.poli.digital/chat/9bb49c4f-2c88-4a7f-84bb-38074c239b4b?panel=details:0
[    7008ms] [ERROR] Failed to load resource: net::ERR_FAILED @ https://lpgs.poli.digital/parse/link:0
[    7008ms] [ERROR] TypeError: Failed to fetch (lpgs.poli.digital)
    at https://spa-canary.poli.digital/assets/index-Dct_DfaC.js:21:7644
    at e.<anonymous> (https://cdn.amplitude.com/libs/analytics-browser-gtm-2.33.4-min.js.gz:1:79703)
    at https://cdn.amplitude.com/libs/analytics-browser-gtm-2.33.4-min.js.gz:1:2355
    at Object.next (https://cdn.amplitude.com/libs/analytics-browser-gtm-2.33.4-min.js.gz:1:2460)
    at https://cdn.amplitude.com/libs/analytics-browser-gtm-2.33.4-min.js.gz:1:1304
    at new Promise (<anonymous>)
    at s (https://cdn.amplitude.com/libs/analytics-browser-gtm-2.33.4-min.js.gz:1:1052)
    at globalScope.e.globalScope.fetch (https://cdn.amplitude.com/libs/analytics-browser-gtm-2.33.4-min.js.gz:1:79418)
    at e (https://spa-canary.poli.digital/assets/modules-C8GisJ8T.js:1020:4701)
    at https://spa-canary.poli.digital/assets/modules-C8GisJ8T.js:1020:4878
    at Vc (https://spa-canary.poli.digital/assets/index-Dct_DfaC.js:9:91963)
    at El (https://spa-canary.poli.digital/assets/index-Dct_DfaC.js:9:107137)
    at Tl (https://spa-canary.poli.digital/assets/index-Dct_DfaC.js:9:107021)
    at El (https://spa-canary.poli.digital/assets/index-Dct_DfaC.js:9:107902)
    at Tl (https://spa-canary.poli.digital/assets/index-Dct_DfaC.js:9:107021)
    at El (https://spa-canary.poli.digital/assets/index-Dct_DfaC.js:9:107902)
    at Tl (https://spa-canary.poli.digital/assets/index-Dct_DfaC.js:9:107021)
    at El (https://spa-canary.poli.digital/assets/index-Dct_DfaC.js:9:107117)
    at Tl (https://spa-canary.poli.digital/assets/index-Dct_DfaC.js:9:107021)
    at El (https://spa-canary.poli.digital/assets/index-Dct_DfaC.js:9:107902)
    at Tl (https://spa-canary.poli.digital/assets/index-Dct_DfaC.js:9:107021)
    at El (https://spa-canary.poli.digital/assets/index-Dct_DfaC.js:9:107117)
    at Tl (https://spa-canary.poli.digital/assets/index-Dct_DfaC.js:9:107021)
    at El (https://spa-canary.poli.digital/assets/index-Dct_DfaC.js:9:107117)
    at Tl (https://spa-canary.poli.digital/assets/index-Dct_DfaC.js:9:107021)
    at El (https://spa-canary.poli.digital/assets/index-Dct_DfaC.js:9:107902)
    at Tl (https://spa-canary.poli.digital/assets/index-Dct_DfaC.js:9:107021)
    at El (https://spa-canary.poli.digital/assets/index-Dct_DfaC.js:9:107117)
    at Tl (https://spa-canary.poli.digital/assets/index-Dct_DfaC.js:9:107021)
    at El (https://spa-canary.poli.digital/assets/index-Dct_DfaC.js:9:107902)
    at Tl (https://spa-canary.poli.digital/assets/index-Dct_DfaC.js:9:107021)
    at El (https://spa-canary.poli.digital/assets/index-Dct_DfaC.js:9:107117)
    at Tl (https://spa-canary.poli.digital/assets/index-Dct_DfaC.js:9:107021)
    at El (https://spa-canary.poli.digital/assets/index-Dct_DfaC.js:9:107117)
    at Tl (https://spa-canary.poli.digital/assets/index-Dct_DfaC.js:9:107021)
    at El (https://spa-canary.poli.digital/assets/index-Dct_DfaC.js:9:107117)
    at Tl (https://spa-canary.poli.digital/assets/index-Dct_DfaC.js:9:107021)
    at El (https://spa-canary.poli.digital/assets/index-Dct_DfaC.js:9:107902)
    at Tl (https://spa-canary.poli.digital/assets/index-Dct_DfaC.js:9:107021)
    at El (https://spa-canary.poli.digital/assets/index-Dct_DfaC.js:9:107117)
    at Tl (https://spa-canary.poli.digital/assets/index-Dct_DfaC.js:9:107021)
    at El (https://spa-canary.poli.digital/assets/index-Dct_DfaC.js:9:107902)
    at Tl (https://spa-canary.poli.digital/assets/index-Dct_DfaC.js:9:107021)
    at El (https://spa-canary.poli.digital/assets/index-Dct_DfaC.js:9:107117)
    at Tl (https://spa-canary.poli.digital/assets/index-Dct_DfaC.js:9:107021)
    at El (https://spa-canary.poli.digital/assets/index-Dct_DfaC.js:9:107902)
    at Tl (https://spa-canary.poli.digital/assets/index-Dct_DfaC.js:9:107021)
    at El (https://spa-canary.poli.digital/assets/index-Dct_DfaC.js:9:107117)
    at Tl (https://spa-canary.poli.digital/assets/index-Dct_DfaC.js:9:107021)
    at El (https://spa-canary.poli.digital/assets/index-Dct_DfaC.js:9:107117) @ https://spa-canary.poli.digital/assets/index-Dct_DfaC.js:20
[    7009ms] [ERROR] Access to fetch at 'https://lpgs.poli.digital/parse/link' from origin 'https://spa-canary.poli.digital' has been blocked by CORS policy: Response to preflight request doesn't pass access control check: No 'Access-Control-Allow-Origin' header is present on the requested resource. @ https://spa-canary.poli.digital/chat/9bb49c4f-2c88-4a7f-84bb-38074c239b4b?panel=details:0
[    7009ms] [ERROR] Failed to load resource: net::ERR_FAILED @ https://lpgs.poli.digital/parse/link:0
[    7010ms] [ERROR] TypeError: Failed to fetch (lpgs.poli.digital)
    at https://spa-canary.poli.digital/assets/index-Dct_DfaC.js:21:7644
    at e.<anonymous> (https://cdn.amplitude.com/libs/analytics-browser-gtm-2.33.4-min.js.gz:1:79703)
    at https://cdn.amplitude.com/libs/analytics-browser-gtm-2.33.4-min.js.gz:1:2355
    at Object.next (https://cdn.amplitude.com/libs/analytics-browser-gtm-2.33.4-min.js.gz:1:2460)
    at https://cdn.amplitude.com/libs/analytics-browser-gtm-2.33.4-min.js.gz:1:1304
    at new Promise (<anonymous>)
    at s (https://cdn.amplitude.com/libs/analytics-browser-gtm-2.33.4-min.js.gz:1:1052)
    at globalScope.e.globalScope.fetch (https://cdn.amplitude.com/libs/analytics-browser-gtm-2.33.4-min.js.gz:1:79418)
    at e (https://spa-canary.poli.digital/assets/modules-C8GisJ8T.js:1020:4701)
    at https://spa-canary.poli.digital/assets/modules-C8GisJ8T.js:1020:4878
    at Vc (https://spa-canary.poli.digital/assets/index-Dct_DfaC.js:9:91963)
    at El (https://spa-canary.poli.digital/assets/index-Dct_DfaC.js:9:107137)
    at Tl (https://spa-canary.poli.digital/assets/index-Dct_DfaC.js:9:107021)
    at El (https://spa-canary.poli.digital/assets/index-Dct_DfaC.js:9:107902)
    at Tl (https://spa-canary.poli.digital/assets/index-Dct_DfaC.js:9:107021)
    at El (https://spa-canary.poli.digital/assets/index-Dct_DfaC.js:9:107902)
    at Tl (https://spa-canary.poli.digital/assets/index-Dct_DfaC.js:9:107021)
    at El (https://spa-canary.poli.digital/assets/index-Dct_DfaC.js:9:107117)
    at Tl (https://spa-canary.poli.digital/assets/index-Dct_DfaC.js:9:107021)
    at El (https://spa-canary.poli.digital/assets/index-Dct_DfaC.js:9:107902)
    at Tl (https://spa-canary.poli.digital/assets/index-Dct_DfaC.js:9:107021)
    at El (https://spa-canary.poli.digital/assets/index-Dct_DfaC.js:9:107117)
    at Tl (https://spa-canary.poli.digital/assets/index-Dct_DfaC.js:9:107021)
    at El (https://spa-canary.poli.digital/assets/index-Dct_DfaC.js:9:107117)
    at Tl (https://spa-canary.poli.digital/assets/index-Dct_DfaC.js:9:107021)
    at El (https://spa-canary.poli.digital/assets/index-Dct_DfaC.js:9:107902)
    at Tl (https://spa-canary.poli.digital/assets/index-Dct_DfaC.js:9:107021)
    at El (https://spa-canary.poli.digital/assets/index-Dct_DfaC.js:9:107117)
    at Tl (https://spa-canary.poli.digital/assets/index-Dct_DfaC.js:9:107021)
    at El (https://spa-canary.poli.digital/assets/index-Dct_DfaC.js:9:107902)
    at Tl (https://spa-canary.poli.digital/assets/index-Dct_DfaC.js:9:107021)
    at El (https://spa-canary.poli.digital/assets/index-Dct_DfaC.js:9:107117)
    at Tl (https://spa-canary.poli.digital/assets/index-Dct_DfaC.js:9:107021)
    at El (https://spa-canary.poli.digital/assets/index-Dct_DfaC.js:9:107117)
    at Tl (https://spa-canary.poli.digital/assets/index-Dct_DfaC.js:9:107021)
    at El (https://spa-canary.poli.digital/assets/index-Dct_DfaC.js:9:107117)
    at Tl (https://spa-canary.poli.digital/assets/index-Dct_DfaC.js:9:107021)
    at El (https://spa-canary.poli.digital/assets/index-Dct_DfaC.js:9:107902)
    at Tl (https://spa-canary.poli.digital/assets/index-Dct_DfaC.js:9:107021)
    at El (https://spa-canary.poli.digital/assets/index-Dct_DfaC.js:9:107117)
    at Tl (https://spa-canary.poli.digital/assets/index-Dct_DfaC.js:9:107021)
    at El (https://spa-canary.poli.digital/assets/index-Dct_DfaC.js:9:107902)
    at Tl (https://spa-canary.poli.digital/assets/index-Dct_DfaC.js:9:107021)
    at El (https://spa-canary.poli.digital/assets/index-Dct_DfaC.js:9:107117)
    at Tl (https://spa-canary.poli.digital/assets/index-Dct_DfaC.js:9:107021)
    at El (https://spa-canary.poli.digital/assets/index-Dct_DfaC.js:9:107902)
    at Tl (https://spa-canary.poli.digital/assets/index-Dct_DfaC.js:9:107021)
    at El (https://spa-canary.poli.digital/assets/index-Dct_DfaC.js:9:107117)
    at Tl (https://spa-canary.poli.digital/assets/index-Dct_DfaC.js:9:107021)
    at El (https://spa-canary.poli.digital/assets/index-Dct_DfaC.js:9:107117) @ https://spa-canary.poli.digital/assets/index-Dct_DfaC.js:20
[    7017ms] [ERROR] Access to fetch at 'https://lpgs.poli.digital/parse/link' from origin 'https://spa-canary.poli.digital' has been blocked by CORS policy: Response to preflight request doesn't pass access control check: No 'Access-Control-Allow-Origin' header is present on the requested resource. @ https://spa-canary.poli.digital/chat/9bb49c4f-2c88-4a7f-84bb-38074c239b4b?panel=details:0
[    7019ms] [ERROR] Failed to load resource: net::ERR_FAILED @ https://lpgs.poli.digital/parse/link:0
[    7019ms] [ERROR] TypeError: Failed to fetch (lpgs.poli.digital)
    at https://spa-canary.poli.digital/assets/index-Dct_DfaC.js:21:7644
    at e.<anonymous> (https://cdn.amplitude.com/libs/analytics-browser-gtm-2.33.4-min.js.gz:1:79703)
    at https://cdn.amplitude.com/libs/analytics-browser-gtm-2.33.4-min.js.gz:1:2355
    at Object.next (https://cdn.amplitude.com/libs/analytics-browser-gtm-2.33.4-min.js.gz:1:2460)
    at https://cdn.amplitude.com/libs/analytics-browser-gtm-2.33.4-min.js.gz:1:1304
    at new Promise (<anonymous>)
    at s (https://cdn.amplitude.com/libs/analytics-browser-gtm-2.33.4-min.js.gz:1:1052)
    at globalScope.e.globalScope.fetch (https://cdn.amplitude.com/libs/analytics-browser-gtm-2.33.4-min.js.gz:1:79418)
    at e (https://spa-canary.poli.digital/assets/modules-C8GisJ8T.js:1020:4701)
    at https://spa-canary.poli.digital/assets/modules-C8GisJ8T.js:1020:4878
    at Vc (https://spa-canary.poli.digital/assets/index-Dct_DfaC.js:9:91963)
    at El (https://spa-canary.poli.digital/assets/index-Dct_DfaC.js:9:107137)
    at Tl (https://spa-canary.poli.digital/assets/index-Dct_DfaC.js:9:107021)
    at El (https://spa-canary.poli.digital/assets/index-Dct_DfaC.js:9:107902)
    at Tl (https://spa-canary.poli.digital/assets/index-Dct_DfaC.js:9:107021)
    at El (https://spa-canary.poli.digital/assets/index-Dct_DfaC.js:9:107902)
    at Tl (https://spa-canary.poli.digital/assets/index-Dct_DfaC.js:9:107021)
    at El (https://spa-canary.poli.digital/assets/index-Dct_DfaC.js:9:107117)
    at Tl (https://spa-canary.poli.digital/assets/index-Dct_DfaC.js:9:107021)
    at El (https://spa-canary.poli.digital/assets/index-Dct_DfaC.js:9:107902)
    at Tl (https://spa-canary.poli.digital/assets/index-Dct_DfaC.js:9:107021)
    at El (https://spa-canary.poli.digital/assets/index-Dct_DfaC.js:9:107117)
    at Tl (https://spa-canary.poli.digital/assets/index-Dct_DfaC.js:9:107021)
    at El (https://spa-canary.poli.digital/assets/index-Dct_DfaC.js:9:107117)
    at Tl (https://spa-canary.poli.digital/assets/index-Dct_DfaC.js:9:107021)
    at El (https://spa-canary.poli.digital/assets/index-Dct_DfaC.js:9:107902)
    at Tl (https://spa-canary.poli.digital/assets/index-Dct_DfaC.js:9:107021)
    at El (https://spa-canary.poli.digital/assets/index-Dct_DfaC.js:9:107117)
    at Tl (https://spa-canary.poli.digital/assets/index-Dct_DfaC.js:9:107021)
    at El (https://spa-canary.poli.digital/assets/index-Dct_DfaC.js:9:107902)
    at Tl (https://spa-canary.poli.digital/assets/index-Dct_DfaC.js:9:107021)
    at El (https://spa-canary.poli.digital/assets/index-Dct_DfaC.js:9:107117)
    at Tl (https://spa-canary.poli.digital/assets/index-Dct_DfaC.js:9:107021)
    at El (https://spa-canary.poli.digital/assets/index-Dct_DfaC.js:9:107117)
    at Tl (https://spa-canary.poli.digital/assets/index-Dct_DfaC.js:9:107021)
    at El (https://spa-canary.poli.digital/assets/index-Dct_DfaC.js:9:107117)
    at Tl (https://spa-canary.poli.digital/assets/index-Dct_DfaC.js:9:107021)
    at El (https://spa-canary.poli.digital/assets/index-Dct_DfaC.js:9:107902)
    at Tl (https://spa-canary.poli.digital/assets/index-Dct_DfaC.js:9:107021)
    at El (https://spa-canary.poli.digital/assets/index-Dct_DfaC.js:9:107117)
    at Tl (https://spa-canary.poli.digital/assets/index-Dct_DfaC.js:9:107021)
    at El (https://spa-canary.poli.digital/assets/index-Dct_DfaC.js:9:107902)
    at Tl (https://spa-canary.poli.digital/assets/index-Dct_DfaC.js:9:107021)
    at El (https://spa-canary.poli.digital/assets/index-Dct_DfaC.js:9:107117)
    at Tl (https://spa-canary.poli.digital/assets/index-Dct_DfaC.js:9:107021)
    at El (https://spa-canary.poli.digital/assets/index-Dct_DfaC.js:9:107902)
    at Tl (https://spa-canary.poli.digital/assets/index-Dct_DfaC.js:9:107021)
    at El (https://spa-canary.poli.digital/assets/index-Dct_DfaC.js:9:107117)
    at Tl (https://spa-canary.poli.digital/assets/index-Dct_DfaC.js:9:107021)
    at El (https://spa-canary.poli.digital/assets/index-Dct_DfaC.js:9:107117) @ https://spa-canary.poli.digital/assets/index-Dct_DfaC.js:20
[    7020ms] [ERROR] Access to fetch at 'https://lpgs.poli.digital/parse/link' from origin 'https://spa-canary.poli.digital' has been blocked by CORS policy: Response to preflight request doesn't pass access control check: No 'Access-Control-Allow-Origin' header is present on the requested resource. @ https://spa-canary.poli.digital/chat/9bb49c4f-2c88-4a7f-84bb-38074c239b4b?panel=details:0
[    7020ms] [ERROR] Failed to load resource: net::ERR_FAILED @ https://lpgs.poli.digital/parse/link:0
[    7021ms] [ERROR] TypeError: Failed to fetch (lpgs.poli.digital)
    at https://spa-canary.poli.digital/assets/index-Dct_DfaC.js:21:7644
    at e.<anonymous> (https://cdn.amplitude.com/libs/analytics-browser-gtm-2.33.4-min.js.gz:1:79703)
    at https://cdn.amplitude.com/libs/analytics-browser-gtm-2.33.4-min.js.gz:1:2355
    at Object.next (https://cdn.amplitude.com/libs/analytics-browser-gtm-2.33.4-min.js.gz:1:2460)
    at https://cdn.amplitude.com/libs/analytics-browser-gtm-2.33.4-min.js.gz:1:1304
    at new Promise (<anonymous>)
    at s (https://cdn.amplitude.com/libs/analytics-browser-gtm-2.33.4-min.js.gz:1:1052)
    at globalScope.e.globalScope.fetch (https://cdn.amplitude.com/libs/analytics-browser-gtm-2.33.4-min.js.gz:1:79418)
    at e (https://spa-canary.poli.digital/assets/modules-C8GisJ8T.js:1020:4701)
    at https://spa-canary.poli.digital/assets/modules-C8GisJ8T.js:1020:4878
    at Vc (https://spa-canary.poli.digital/assets/index-Dct_DfaC.js:9:91963)
    at El (https://spa-canary.poli.digital/assets/index-Dct_DfaC.js:9:107137)
    at Tl (https://spa-canary.poli.digital/assets/index-Dct_DfaC.js:9:107021)
    at El (https://spa-canary.poli.digital/assets/index-Dct_DfaC.js:9:107902)
    at Tl (https://spa-canary.poli.digital/assets/index-Dct_DfaC.js:9:107021)
    at El (https://spa-canary.poli.digital/assets/index-Dct_DfaC.js:9:107902)
    at Tl (https://spa-canary.poli.digital/assets/index-Dct_DfaC.js:9:107021)
    at El (https://spa-canary.poli.digital/assets/index-Dct_DfaC.js:9:107117)
    at Tl (https://spa-canary.poli.digital/assets/index-Dct_DfaC.js:9:107021)
    at El (https://spa-canary.poli.digital/assets/index-Dct_DfaC.js:9:107902)
    at Tl (https://spa-canary.poli.digital/assets/index-Dct_DfaC.js:9:107021)
    at El (https://spa-canary.poli.digital/assets/index-Dct_DfaC.js:9:107117)
    at Tl (https://spa-canary.poli.digital/assets/index-Dct_DfaC.js:9:107021)
    at El (https://spa-canary.poli.digital/assets/index-Dct_DfaC.js:9:107117)
    at Tl (https://spa-canary.poli.digital/assets/index-Dct_DfaC.js:9:107021)
    at El (https://spa-canary.poli.digital/assets/index-Dct_DfaC.js:9:107902)
    at Tl (https://spa-canary.poli.digital/assets/index-Dct_DfaC.js:9:107021)
    at El (https://spa-canary.poli.digital/assets/index-Dct_DfaC.js:9:107117)
    at Tl (https://spa-canary.poli.digital/assets/index-Dct_DfaC.js:9:107021)
    at El (https://spa-canary.poli.digital/assets/index-Dct_DfaC.js:9:107902)
    at Tl (https://spa-canary.poli.digital/assets/index-Dct_DfaC.js:9:107021)
    at El (https://spa-canary.poli.digital/assets/index-Dct_DfaC.js:9:107117)
    at Tl (https://spa-canary.poli.digital/assets/index-Dct_DfaC.js:9:107021)
    at El (https://spa-canary.poli.digital/assets/index-Dct_DfaC.js:9:107117)
    at Tl (https://spa-canary.poli.digital/assets/index-Dct_DfaC.js:9:107021)
    at El (https://spa-canary.poli.digital/assets/index-Dct_DfaC.js:9:107117)
    at Tl (https://spa-canary.poli.digital/assets/index-Dct_DfaC.js:9:107021)
    at El (https://spa-canary.poli.digital/assets/index-Dct_DfaC.js:9:107902)
    at Tl (https://spa-canary.poli.digital/assets/index-Dct_DfaC.js:9:107021)
    at El (https://spa-canary.poli.digital/assets/index-Dct_DfaC.js:9:107117)
    at Tl (https://spa-canary.poli.digital/assets/index-Dct_DfaC.js:9:107021)
    at El (https://spa-canary.poli.digital/assets/index-Dct_DfaC.js:9:107902)
    at Tl (https://spa-canary.poli.digital/assets/index-Dct_DfaC.js:9:107021)
    at El (https://spa-canary.poli.digital/assets/index-Dct_DfaC.js:9:107117)
    at Tl (https://spa-canary.poli.digital/assets/index-Dct_DfaC.js:9:107021)
    at El (https://spa-canary.poli.digital/assets/index-Dct_DfaC.js:9:107902)
    at Tl (https://spa-canary.poli.digital/assets/index-Dct_DfaC.js:9:107021)
    at El (https://spa-canary.poli.digital/assets/index-Dct_DfaC.js:9:107117)
    at Tl (https://spa-canary.poli.digital/assets/index-Dct_DfaC.js:9:107021)
    at El (https://spa-canary.poli.digital/assets/index-Dct_DfaC.js:9:107117) @ https://spa-canary.poli.digital/assets/index-Dct_DfaC.js:20
[    7022ms] [ERROR] Access to fetch at 'https://lpgs.poli.digital/parse/link' from origin 'https://spa-canary.poli.digital' has been blocked by CORS policy: Response to preflight request doesn't pass access control check: No 'Access-Control-Allow-Origin' header is present on the requested resource. @ https://spa-canary.poli.digital/chat/9bb49c4f-2c88-4a7f-84bb-38074c239b4b?panel=details:0
[    7022ms] [ERROR] Failed to load resource: net::ERR_FAILED @ https://lpgs.poli.digital/parse/link:0
[    7024ms] [ERROR] TypeError: Failed to fetch (lpgs.poli.digital)
    at https://spa-canary.poli.digital/assets/index-Dct_DfaC.js:21:7644
    at e.<anonymous> (https://cdn.amplitude.com/libs/analytics-browser-gtm-2.33.4-min.js.gz:1:79703)
    at https://cdn.amplitude.com/libs/analytics-browser-gtm-2.33.4-min.js.gz:1:2355
    at Object.next (https://cdn.amplitude.com/libs/analytics-browser-gtm-2.33.4-min.js.gz:1:2460)
    at https://cdn.amplitude.com/libs/analytics-browser-gtm-2.33.4-min.js.gz:1:1304
    at new Promise (<anonymous>)
    at s (https://cdn.amplitude.com/libs/analytics-browser-gtm-2.33.4-min.js.gz:1:1052)
    at globalScope.e.globalScope.fetch (https://cdn.amplitude.com/libs/analytics-browser-gtm-2.33.4-min.js.gz:1:79418)
    at e (https://spa-canary.poli.digital/assets/modules-C8GisJ8T.js:1020:4701)
    at https://spa-canary.poli.digital/assets/modules-C8GisJ8T.js:1020:4878
    at Vc (https://spa-canary.poli.digital/assets/index-Dct_DfaC.js:9:91963)
    at El (https://spa-canary.poli.digital/assets/index-Dct_DfaC.js:9:107137)
    at Tl (https://spa-canary.poli.digital/assets/index-Dct_DfaC.js:9:107021)
    at El (https://spa-canary.poli.digital/assets/index-Dct_DfaC.js:9:107902)
    at Tl (https://spa-canary.poli.digital/assets/index-Dct_DfaC.js:9:107021)
    at El (https://spa-canary.poli.digital/assets/index-Dct_DfaC.js:9:107902)
    at Tl (https://spa-canary.poli.digital/assets/index-Dct_DfaC.js:9:107021)
    at El (https://spa-canary.poli.digital/assets/index-Dct_DfaC.js:9:107117)
    at Tl (https://spa-canary.poli.digital/assets/index-Dct_DfaC.js:9:107021)
    at El (https://spa-canary.poli.digital/assets/index-Dct_DfaC.js:9:107902)
    at Tl (https://spa-canary.poli.digital/assets/index-Dct_DfaC.js:9:107021)
    at El (https://spa-canary.poli.digital/assets/index-Dct_DfaC.js:9:107117)
    at Tl (https://spa-canary.poli.digital/assets/index-Dct_DfaC.js:9:107021)
    at El (https://spa-canary.poli.digital/assets/index-Dct_DfaC.js:9:107117)
    at Tl (https://spa-canary.poli.digital/assets/index-Dct_DfaC.js:9:107021)
    at El (https://spa-canary.poli.digital/assets/index-Dct_DfaC.js:9:107902)
    at Tl (https://spa-canary.poli.digital/assets/index-Dct_DfaC.js:9:107021)
    at El (https://spa-canary.poli.digital/assets/index-Dct_DfaC.js:9:107117)
    at Tl (https://spa-canary.poli.digital/assets/index-Dct_DfaC.js:9:107021)
    at El (https://spa-canary.poli.digital/assets/index-Dct_DfaC.js:9:107902)
    at Tl (https://spa-canary.poli.digital/assets/index-Dct_DfaC.js:9:107021)
    at El (https://spa-canary.poli.digital/assets/index-Dct_DfaC.js:9:107117)
    at Tl (https://spa-canary.poli.digital/assets/index-Dct_DfaC.js:9:107021)
    at El (https://spa-canary.poli.digital/assets/index-Dct_DfaC.js:9:107117)
    at Tl (https://spa-canary.poli.digital/assets/index-Dct_DfaC.js:9:107021)
    at El (https://spa-canary.poli.digital/assets/index-Dct_DfaC.js:9:107117)
    at Tl (https://spa-canary.poli.digital/assets/index-Dct_DfaC.js:9:107021)
    at El (https://spa-canary.poli.digital/assets/index-Dct_DfaC.js:9:107902)
    at Tl (https://spa-canary.poli.digital/assets/index-Dct_DfaC.js:9:107021)
    at El (https://spa-canary.poli.digital/assets/index-Dct_DfaC.js:9:107117)
    at Tl (https://spa-canary.poli.digital/assets/index-Dct_DfaC.js:9:107021)
    at El (https://spa-canary.poli.digital/assets/index-Dct_DfaC.js:9:107902)
    at Tl (https://spa-canary.poli.digital/assets/index-Dct_DfaC.js:9:107021)
    at El (https://spa-canary.poli.digital/assets/index-Dct_DfaC.js:9:107117)
    at Tl (https://spa-canary.poli.digital/assets/index-Dct_DfaC.js:9:107021)
    at El (https://spa-canary.poli.digital/assets/index-Dct_DfaC.js:9:107902)
    at Tl (https://spa-canary.poli.digital/assets/index-Dct_DfaC.js:9:107021)
    at El (https://spa-canary.poli.digital/assets/index-Dct_DfaC.js:9:107117)
    at Tl (https://spa-canary.poli.digital/assets/index-Dct_DfaC.js:9:107021)
    at El (https://spa-canary.poli.digital/assets/index-Dct_DfaC.js:9:107117) @ https://spa-canary.poli.digital/assets/index-Dct_DfaC.js:20
[    7026ms] [ERROR] Access to fetch at 'https://lpgs.poli.digital/parse/link' from origin 'https://spa-canary.poli.digital' has been blocked by CORS policy: Response to preflight request doesn't pass access control check: No 'Access-Control-Allow-Origin' header is present on the requested resource. @ https://spa-canary.poli.digital/chat/9bb49c4f-2c88-4a7f-84bb-38074c239b4b?panel=details:0
[    7027ms] [ERROR] Failed to load resource: net::ERR_FAILED @ https://lpgs.poli.digital/parse/link:0
[    7029ms] [ERROR] TypeError: Failed to fetch (lpgs.poli.digital)
    at https://spa-canary.poli.digital/assets/index-Dct_DfaC.js:21:7644
    at e.<anonymous> (https://cdn.amplitude.com/libs/analytics-browser-gtm-2.33.4-min.js.gz:1:79703)
    at https://cdn.amplitude.com/libs/analytics-browser-gtm-2.33.4-min.js.gz:1:2355
    at Object.next (https://cdn.amplitude.com/libs/analytics-browser-gtm-2.33.4-min.js.gz:1:2460)
    at https://cdn.amplitude.com/libs/analytics-browser-gtm-2.33.4-min.js.gz:1:1304
    at new Promise (<anonymous>)
    at s (https://cdn.amplitude.com/libs/analytics-browser-gtm-2.33.4-min.js.gz:1:1052)
    at globalScope.e.globalScope.fetch (https://cdn.amplitude.com/libs/analytics-browser-gtm-2.33.4-min.js.gz:1:79418)
    at e (https://spa-canary.poli.digital/assets/modules-C8GisJ8T.js:1020:4701)
    at https://spa-canary.poli.digital/assets/modules-C8GisJ8T.js:1020:4878
    at Vc (https://spa-canary.poli.digital/assets/index-Dct_DfaC.js:9:91963)
    at El (https://spa-canary.poli.digital/assets/index-Dct_DfaC.js:9:107137)
    at Tl (https://spa-canary.poli.digital/assets/index-Dct_DfaC.js:9:107021)
    at El (https://spa-canary.poli.digital/assets/index-Dct_DfaC.js:9:107902)
    at Tl (https://spa-canary.poli.digital/assets/index-Dct_DfaC.js:9:107021)
    at El (https://spa-canary.poli.digital/assets/index-Dct_DfaC.js:9:107902)
    at Tl (https://spa-canary.poli.digital/assets/index-Dct_DfaC.js:9:107021)
    at El (https://spa-canary.poli.digital/assets/index-Dct_DfaC.js:9:107117)
    at Tl (https://spa-canary.poli.digital/assets/index-Dct_DfaC.js:9:107021)
    at El (https://spa-canary.poli.digital/assets/index-Dct_DfaC.js:9:107902)
    at Tl (https://spa-canary.poli.digital/assets/index-Dct_DfaC.js:9:107021)
    at El (https://spa-canary.poli.digital/assets/index-Dct_DfaC.js:9:107117)
    at Tl (https://spa-canary.poli.digital/assets/index-Dct_DfaC.js:9:107021)
    at El (https://spa-canary.poli.digital/assets/index-Dct_DfaC.js:9:107117)
    at Tl (https://spa-canary.poli.digital/assets/index-Dct_DfaC.js:9:107021)
    at El (https://spa-canary.poli.digital/assets/index-Dct_DfaC.js:9:107902)
    at Tl (https://spa-canary.poli.digital/assets/index-Dct_DfaC.js:9:107021)
    at El (https://spa-canary.poli.digital/assets/index-Dct_DfaC.js:9:107117)
    at Tl (https://spa-canary.poli.digital/assets/index-Dct_DfaC.js:9:107021)
    at El (https://spa-canary.poli.digital/assets/index-Dct_DfaC.js:9:107902)
    at Tl (https://spa-canary.poli.digital/assets/index-Dct_DfaC.js:9:107021)
    at El (https://spa-canary.poli.digital/assets/index-Dct_DfaC.js:9:107117)
    at Tl (https://spa-canary.poli.digital/assets/index-Dct_DfaC.js:9:107021)
    at El (https://spa-canary.poli.digital/assets/index-Dct_DfaC.js:9:107117)
    at Tl (https://spa-canary.poli.digital/assets/index-Dct_DfaC.js:9:107021)
    at El (https://spa-canary.poli.digital/assets/index-Dct_DfaC.js:9:107117)
    at Tl (https://spa-canary.poli.digital/assets/index-Dct_DfaC.js:9:107021)
    at El (https://spa-canary.poli.digital/assets/index-Dct_DfaC.js:9:107902)
    at Tl (https://spa-canary.poli.digital/assets/index-Dct_DfaC.js:9:107021)
    at El (https://spa-canary.poli.digital/assets/index-Dct_DfaC.js:9:107117)
    at Tl (https://spa-canary.poli.digital/assets/index-Dct_DfaC.js:9:107021)
    at El (https://spa-canary.poli.digital/assets/index-Dct_DfaC.js:9:107902)
    at Tl (https://spa-canary.poli.digital/assets/index-Dct_DfaC.js:9:107021)
    at El (https://spa-canary.poli.digital/assets/index-Dct_DfaC.js:9:107117)
    at Tl (https://spa-canary.poli.digital/assets/index-Dct_DfaC.js:9:107021)
    at El (https://spa-canary.poli.digital/assets/index-Dct_DfaC.js:9:107902)
    at Tl (https://spa-canary.poli.digital/assets/index-Dct_DfaC.js:9:107021)
    at El (https://spa-canary.poli.digital/assets/index-Dct_DfaC.js:9:107117)
    at Tl (https://spa-canary.poli.digital/assets/index-Dct_DfaC.js:9:107021)
    at El (https://spa-canary.poli.digital/assets/index-Dct_DfaC.js:9:107117) @ https://spa-canary.poli.digital/assets/index-Dct_DfaC.js:20
[    7031ms] [ERROR] Access to fetch at 'https://lpgs.poli.digital/parse/link' from origin 'https://spa-canary.poli.digital' has been blocked by CORS policy: Response to preflight request doesn't pass access control check: No 'Access-Control-Allow-Origin' header is present on the requested resource. @ https://spa-canary.poli.digital/chat/9bb49c4f-2c88-4a7f-84bb-38074c239b4b?panel=details:0
[    7032ms] [ERROR] Failed to load resource: net::ERR_FAILED @ https://lpgs.poli.digital/parse/link:0
[    7033ms] [ERROR] TypeError: Failed to fetch (lpgs.poli.digital)
    at https://spa-canary.poli.digital/assets/index-Dct_DfaC.js:21:7644
    at e.<anonymous> (https://cdn.amplitude.com/libs/analytics-browser-gtm-2.33.4-min.js.gz:1:79703)
    at https://cdn.amplitude.com/libs/analytics-browser-gtm-2.33.4-min.js.gz:1:2355
    at Object.next (https://cdn.amplitude.com/libs/analytics-browser-gtm-2.33.4-min.js.gz:1:2460)
    at https://cdn.amplitude.com/libs/analytics-browser-gtm-2.33.4-min.js.gz:1:1304
    at new Promise (<anonymous>)
    at s (https://cdn.amplitude.com/libs/analytics-browser-gtm-2.33.4-min.js.gz:1:1052)
    at globalScope.e.globalScope.fetch (https://cdn.amplitude.com/libs/analytics-browser-gtm-2.33.4-min.js.gz:1:79418)
    at e (https://spa-canary.poli.digital/assets/modules-C8GisJ8T.js:1020:4701)
    at https://spa-canary.poli.digital/assets/modules-C8GisJ8T.js:1020:4878
    at Vc (https://spa-canary.poli.digital/assets/index-Dct_DfaC.js:9:91963)
    at El (https://spa-canary.poli.digital/assets/index-Dct_DfaC.js:9:107137)
    at Tl (https://spa-canary.poli.digital/assets/index-Dct_DfaC.js:9:107021)
    at El (https://spa-canary.poli.digital/assets/index-Dct_DfaC.js:9:107902)
    at Tl (https://spa-canary.poli.digital/assets/index-Dct_DfaC.js:9:107021)
    at El (https://spa-canary.poli.digital/assets/index-Dct_DfaC.js:9:107902)
    at Tl (https://spa-canary.poli.digital/assets/index-Dct_DfaC.js:9:107021)
    at El (https://spa-canary.poli.digital/assets/index-Dct_DfaC.js:9:107117)
    at Tl (https://spa-canary.poli.digital/assets/index-Dct_DfaC.js:9:107021)
    at El (https://spa-canary.poli.digital/assets/index-Dct_DfaC.js:9:107902)
    at Tl (https://spa-canary.poli.digital/assets/index-Dct_DfaC.js:9:107021)
    at El (https://spa-canary.poli.digital/assets/index-Dct_DfaC.js:9:107117)
    at Tl (https://spa-canary.poli.digital/assets/index-Dct_DfaC.js:9:107021)
    at El (https://spa-canary.poli.digital/assets/index-Dct_DfaC.js:9:107117)
    at Tl (https://spa-canary.poli.digital/assets/index-Dct_DfaC.js:9:107021)
    at El (https://spa-canary.poli.digital/assets/index-Dct_DfaC.js:9:107902)
    at Tl (https://spa-canary.poli.digital/assets/index-Dct_DfaC.js:9:107021)
    at El (https://spa-canary.poli.digital/assets/index-Dct_DfaC.js:9:107117)
    at Tl (https://spa-canary.poli.digital/assets/index-Dct_DfaC.js:9:107021)
    at El (https://spa-canary.poli.digital/assets/index-Dct_DfaC.js:9:107902)
    at Tl (https://spa-canary.poli.digital/assets/index-Dct_DfaC.js:9:107021)
    at El (https://spa-canary.poli.digital/assets/index-Dct_DfaC.js:9:107117)
    at Tl (https://spa-canary.poli.digital/assets/index-Dct_DfaC.js:9:107021)
    at El (https://spa-canary.poli.digital/assets/index-Dct_DfaC.js:9:107117)
    at Tl (https://spa-canary.poli.digital/assets/index-Dct_DfaC.js:9:107021)
    at El (https://spa-canary.poli.digital/assets/index-Dct_DfaC.js:9:107117)
    at Tl (https://spa-canary.poli.digital/assets/index-Dct_DfaC.js:9:107021)
    at El (https://spa-canary.poli.digital/assets/index-Dct_DfaC.js:9:107902)
    at Tl (https://spa-canary.poli.digital/assets/index-Dct_DfaC.js:9:107021)
    at El (https://spa-canary.poli.digital/assets/index-Dct_DfaC.js:9:107117)
    at Tl (https://spa-canary.poli.digital/assets/index-Dct_DfaC.js:9:107021)
    at El (https://spa-canary.poli.digital/assets/index-Dct_DfaC.js:9:107902)
    at Tl (https://spa-canary.poli.digital/assets/index-Dct_DfaC.js:9:107021)
    at El (https://spa-canary.poli.digital/assets/index-Dct_DfaC.js:9:107117)
    at Tl (https://spa-canary.poli.digital/assets/index-Dct_DfaC.js:9:107021)
    at El (https://spa-canary.poli.digital/assets/index-Dct_DfaC.js:9:107902)
    at Tl (https://spa-canary.poli.digital/assets/index-Dct_DfaC.js:9:107021)
    at El (https://spa-canary.poli.digital/assets/index-Dct_DfaC.js:9:107117)
    at Tl (https://spa-canary.poli.digital/assets/index-Dct_DfaC.js:9:107021)
    at El (https://spa-canary.poli.digital/assets/index-Dct_DfaC.js:9:107117) @ https://spa-canary.poli.digital/assets/index-Dct_DfaC.js:20
[   47021ms] [ERROR] Failed to load resource: the server responded with a status of 400 () @ https://api2.amplitude.com/2/httpapi:0
[   47025ms] [WARNING] Amplitude Logger [Warn]: {
  "error": "Request missing required field",
  "missingField": "",
  "eventsWithInvalidFields": {},
  "eventsWithMissingFields": {
    "event_type": [
      1
    ]
  },
  "eventsWithInvalidIdLengths": {},
  "epsThreshold": 0,
  "exceededDailyQuotaDevices": {},
  "silencedDevices": [],
  "silencedEvents": [],
  "throttledDevices": {},
  "throttledEvents": []
} @ https://spa-canary.poli.digital/assets/index-Dct_DfaC.js:20
[   47027ms] [ERROR] Amplitude Logger [Error]: Request missing required field @ https://spa-canary.poli.digital/assets/index-Dct_DfaC.js:20
[   81468ms] Permission dismissed
[   86736ms] Permission dismissed
[   86751ms] [ERROR] Failed to load resource: the server responded with a status of 400 () @ https://api2.amplitude.com/2/httpapi:0
[   86800ms] [WARNING] Amplitude Logger [Warn]: {
  "error": "Request missing required field",
  "missingField": "",
  "eventsWithInvalidFields": {},
  "eventsWithMissingFields": {
    "event_type": [
      1
    ]
  },
  "eventsWithInvalidIdLengths": {},
  "epsThreshold": 0,
  "exceededDailyQuotaDevices": {},
  "silencedDevices": [],
  "silencedEvents": [],
  "throttledDevices": {},
  "throttledEvents": []
} @ https://spa-canary.poli.digital/assets/index-Dct_DfaC.js:20
[   86801ms] [ERROR] Amplitude Logger [Error]: Request missing required field @ https://spa-canary.poli.digital/assets/index-Dct_DfaC.js:20
[   93926ms] [ERROR] Failed to load resource: the server responded with a status of 403 () @ https://pps.whatsapp.net/v/t61.24694-24/437184832_898610138517247_1283479863683724595_n.jpg?ccb=11-4&oh=01_Q5Aa4gGX2ma97syCUx2rsuB7d4avSxodCswO68toDPKKOhnlOQ&oe=6A0F4E99&_nc_sid=5e03e0&_nc_cat=107:0
[  122017ms] [ERROR] Failed to load resource: the server responded with a status of 403 () @ https://pps.whatsapp.net/v/t61.24694-24/437184832_898610138517247_1283479863683724595_n.jpg?ccb=11-4&oh=01_Q5Aa4gGX2ma97syCUx2rsuB7d4avSxodCswO68toDPKKOhnlOQ&oe=6A0F4E99&_nc_sid=5e03e0&_nc_cat=107:0
[  165552ms] [ERROR] Failed to load resource: the server responded with a status of 400 () @ https://api2.amplitude.com/2/httpapi:0
[  165627ms] [WARNING] Amplitude Logger [Warn]: {
  "error": "Request missing required field",
  "missingField": "",
  "eventsWithInvalidFields": {},
  "eventsWithMissingFields": {
    "event_type": [
      1
    ]
  },
  "eventsWithInvalidIdLengths": {},
  "epsThreshold": 0,
  "exceededDailyQuotaDevices": {},
  "silencedDevices": [],
  "silencedEvents": [],
  "throttledDevices": {},
  "throttledEvents": []
} @ https://spa-canary.poli.digital/assets/index-Dct_DfaC.js:20
[  165628ms] [ERROR] Amplitude Logger [Error]: Request missing required field @ https://spa-canary.poli.digital/assets/index-Dct_DfaC.js:20
[  306188ms] [ERROR] error ao buscar chats CanceledError: canceled
    at AbortSignal.l (https://spa-canary.poli.digital/assets/modules-C8GisJ8T.js:29:16460)
    at AbortSignal.r (https://spa-canary.poli.digital/assets/index-Dct_DfaC.js:21:10021)
    at Object.onCancel (https://spa-canary.poli.digital/assets/modules-C8GisJ8T.js:5:44830)
    at Object.o [as cancel] (https://spa-canary.poli.digital/assets/modules-C8GisJ8T.js:5:38431)
    at ite.cancel (https://spa-canary.poli.digital/assets/modules-C8GisJ8T.js:5:41970)
    at ite.fetch (https://spa-canary.poli.digital/assets/modules-C8GisJ8T.js:5:43792)
    at https://spa-canary.poli.digital/assets/modules-C8GisJ8T.js:5:64573
    at Array.map (<anonymous>)
    at https://spa-canary.poli.digital/assets/modules-C8GisJ8T.js:5:64557
    at Object.batch (https://spa-canary.poli.digital/assets/modules-C8GisJ8T.js:5:37302)
    at Mc.refetchQueries (https://spa-canary.poli.digital/assets/modules-C8GisJ8T.js:5:64486)
    at https://spa-canary.poli.digital/assets/modules-C8GisJ8T.js:5:64345
    at Object.batch (https://spa-canary.poli.digital/assets/modules-C8GisJ8T.js:5:37302)
    at Mc.invalidateQueries (https://spa-canary.poli.digital/assets/modules-C8GisJ8T.js:5:64239)
    at l (https://spa-canary.poli.digital/assets/modules-C8GisJ8T.js:1091:3569)
    at tt.emit (https://spa-canary.poli.digital/assets/modules-C8GisJ8T.js:26:121023)
    at tt.handleEvent (https://spa-canary.poli.digital/assets/modules-C8GisJ8T.js:26:129716)
    at https://spa-canary.poli.digital/assets/modules-C8GisJ8T.js:27:15428
    at ct.emit (https://spa-canary.poli.digital/assets/modules-C8GisJ8T.js:26:121023)
    at message (https://spa-canary.poli.digital/assets/modules-C8GisJ8T.js:26:138034)
    at Ze.emit (https://spa-canary.poli.digital/assets/modules-C8GisJ8T.js:26:121023)
    at message (https://spa-canary.poli.digital/assets/modules-C8GisJ8T.js:26:127428)
    at Ne.emit (https://spa-canary.poli.digital/assets/modules-C8GisJ8T.js:26:121023)
    at Ne.onMessage (https://spa-canary.poli.digital/assets/modules-C8GisJ8T.js:26:122561)
    at socket.onmessage (https://spa-canary.poli.digital/assets/modules-C8GisJ8T.js:26:122782)
    at AM.request (https://spa-canary.poli.digital/assets/modules-C8GisJ8T.js:31:2139)
    at async cwe (https://spa-canary.poli.digital/assets/modules-C8GisJ8T.js:59:33845)
    at async d (https://spa-canary.poli.digital/assets/modules-C8GisJ8T.js:5:40019)
    at async Object.l [as fn] (https://spa-canary.poli.digital/assets/modules-C8GisJ8T.js:5:40444) @ https://spa-canary.poli.digital/assets/index-Dct_DfaC.js:20
[  307424ms] [ERROR] error ao buscar chats CanceledError: canceled
    at AbortSignal.l (https://spa-canary.poli.digital/assets/modules-C8GisJ8T.js:29:16460)
    at AbortSignal.r (https://spa-canary.poli.digital/assets/index-Dct_DfaC.js:21:10021)
    at Object.onCancel (https://spa-canary.poli.digital/assets/modules-C8GisJ8T.js:5:44830)
    at Object.o [as cancel] (https://spa-canary.poli.digital/assets/modules-C8GisJ8T.js:5:38431)
    at ite.cancel (https://spa-canary.poli.digital/assets/modules-C8GisJ8T.js:5:41970)
    at ite.fetch (https://spa-canary.poli.digital/assets/modules-C8GisJ8T.js:5:43792)
    at https://spa-canary.poli.digital/assets/modules-C8GisJ8T.js:5:64573
    at Array.map (<anonymous>)
    at https://spa-canary.poli.digital/assets/modules-C8GisJ8T.js:5:64557
    at Object.batch (https://spa-canary.poli.digital/assets/modules-C8GisJ8T.js:5:37302)
    at Mc.refetchQueries (https://spa-canary.poli.digital/assets/modules-C8GisJ8T.js:5:64486)
    at https://spa-canary.poli.digital/assets/modules-C8GisJ8T.js:5:64345
    at Object.batch (https://spa-canary.poli.digital/assets/modules-C8GisJ8T.js:5:37302)
    at Mc.invalidateQueries (https://spa-canary.poli.digital/assets/modules-C8GisJ8T.js:5:64239)
    at l (https://spa-canary.poli.digital/assets/modules-C8GisJ8T.js:1091:3569)
    at tt.emit (https://spa-canary.poli.digital/assets/modules-C8GisJ8T.js:26:121023)
    at tt.handleEvent (https://spa-canary.poli.digital/assets/modules-C8GisJ8T.js:26:129716)
    at https://spa-canary.poli.digital/assets/modules-C8GisJ8T.js:27:15428
    at ct.emit (https://spa-canary.poli.digital/assets/modules-C8GisJ8T.js:26:121023)
    at message (https://spa-canary.poli.digital/assets/modules-C8GisJ8T.js:26:138034)
    at Ze.emit (https://spa-canary.poli.digital/assets/modules-C8GisJ8T.js:26:121023)
    at message (https://spa-canary.poli.digital/assets/modules-C8GisJ8T.js:26:127428)
    at Ne.emit (https://spa-canary.poli.digital/assets/modules-C8GisJ8T.js:26:121023)
    at Ne.onMessage (https://spa-canary.poli.digital/assets/modules-C8GisJ8T.js:26:122561)
    at socket.onmessage (https://spa-canary.poli.digital/assets/modules-C8GisJ8T.js:26:122782)
    at AM.request (https://spa-canary.poli.digital/assets/modules-C8GisJ8T.js:31:2139)
    at async cwe (https://spa-canary.poli.digital/assets/modules-C8GisJ8T.js:59:33845)
    at async d (https://spa-canary.poli.digital/assets/modules-C8GisJ8T.js:5:40019)
    at async Object.l [as fn] (https://spa-canary.poli.digital/assets/modules-C8GisJ8T.js:5:40444) @ https://spa-canary.poli.digital/assets/index-Dct_DfaC.js:20
[  315615ms] [ERROR] error ao buscar chats CanceledError: canceled
    at AbortSignal.l (https://spa-canary.poli.digital/assets/modules-C8GisJ8T.js:29:16460)
    at AbortSignal.r (https://spa-canary.poli.digital/assets/index-Dct_DfaC.js:21:10021)
    at Object.onCancel (https://spa-canary.poli.digital/assets/modules-C8GisJ8T.js:5:44830)
    at Object.o [as cancel] (https://spa-canary.poli.digital/assets/modules-C8GisJ8T.js:5:38431)
    at ite.cancel (https://spa-canary.poli.digital/assets/modules-C8GisJ8T.js:5:41970)
    at ite.fetch (https://spa-canary.poli.digital/assets/modules-C8GisJ8T.js:5:43792)
    at https://spa-canary.poli.digital/assets/modules-C8GisJ8T.js:5:64573
    at Array.map (<anonymous>)
    at https://spa-canary.poli.digital/assets/modules-C8GisJ8T.js:5:64557
    at Object.batch (https://spa-canary.poli.digital/assets/modules-C8GisJ8T.js:5:37302)
    at Mc.refetchQueries (https://spa-canary.poli.digital/assets/modules-C8GisJ8T.js:5:64486)
    at https://spa-canary.poli.digital/assets/modules-C8GisJ8T.js:5:64345
    at Object.batch (https://spa-canary.poli.digital/assets/modules-C8GisJ8T.js:5:37302)
    at Mc.invalidateQueries (https://spa-canary.poli.digital/assets/modules-C8GisJ8T.js:5:64239)
    at l (https://spa-canary.poli.digital/assets/modules-C8GisJ8T.js:1091:3569)
    at tt.emit (https://spa-canary.poli.digital/assets/modules-C8GisJ8T.js:26:121023)
    at tt.handleEvent (https://spa-canary.poli.digital/assets/modules-C8GisJ8T.js:26:129716)
    at https://spa-canary.poli.digital/assets/modules-C8GisJ8T.js:27:15428
    at ct.emit (https://spa-canary.poli.digital/assets/modules-C8GisJ8T.js:26:121023)
    at message (https://spa-canary.poli.digital/assets/modules-C8GisJ8T.js:26:138034)
    at Ze.emit (https://spa-canary.poli.digital/assets/modules-C8GisJ8T.js:26:121023)
    at message (https://spa-canary.poli.digital/assets/modules-C8GisJ8T.js:26:127428)
    at Ne.emit (https://spa-canary.poli.digital/assets/modules-C8GisJ8T.js:26:121023)
    at Ne.onMessage (https://spa-canary.poli.digital/assets/modules-C8GisJ8T.js:26:122561)
    at socket.onmessage (https://spa-canary.poli.digital/assets/modules-C8GisJ8T.js:26:122782)
    at AM.request (https://spa-canary.poli.digital/assets/modules-C8GisJ8T.js:31:2139)
    at async cwe (https://spa-canary.poli.digital/assets/modules-C8GisJ8T.js:59:33845)
    at async d (https://spa-canary.poli.digital/assets/modules-C8GisJ8T.js:5:40019)
    at async Object.l [as fn] (https://spa-canary.poli.digital/assets/modules-C8GisJ8T.js:5:40444) @ https://spa-canary.poli.digital/assets/index-Dct_DfaC.js:20
[  337723ms] [ERROR] Failed to load resource: the server responded with a status of 403 () @ https://pps.whatsapp.net/v/t61.24694-24/473401787_1776961919511233_1796431923958519858_n.jpg?ccb=11-4&oh=01_Q5Aa3gGfUimcsz5PJCl57DyIzZByr1rsN6CeYgYIYyjFXiIZOA&oe=698DB2E8&_nc_sid=5e03e0&_nc_cat=104:0
[  395728ms] [WARNING] Warning: Missing `Description` or `aria-describedby={undefined}` for {DialogContent}. @ https://spa-canary.poli.digital/assets/index-Dct_DfaC.js:20
[  755900ms] [ERROR] [WebSocket: Erro na conexão: {type: PusherError, data: Object} @ https://spa-canary.poli.digital/assets/index-Dct_DfaC.js:20
[  757556ms] [INFO] WebSocket: Conexão estabelecida @ https://spa-canary.poli.digital/assets/index-Dct_DfaC.js:20
[  762065ms] Identifier 'TCRMEmbed' has already been declared
[  986361ms] [ERROR] Failed to load resource: the server responded with a status of 404 () @ https://foundation-api-canary.poli.digital/v3/accounts/9b8af98e-0407-49a2-bce9-3620f29c513a/contacts/9bb49c4f-2c88-4a7f-84bb-38074c239b4b:0
