[     573ms] [LOG] i18next: languageChanged pt @ https://spa-canary.poli.digital/assets/index-Ck5WY6p2.js:101
[     573ms] [LOG] i18next: initialized {debug: true, initAsync: true, ns: Array(1), defaultNS: Array(1), fallbackLng: Array(1)} @ https://spa-canary.poli.digital/assets/index-Ck5WY6p2.js:101
[     644ms] [WARNING] Replay is disabled because neither `replaysSessionSampleRate` nor `replaysOnErrorSampleRate` are set. @ https://spa-canary.poli.digital/assets/index-Ck5WY6p2.js:76
[    1145ms] [INFO] WebSocket: Conexão estabelecida @ https://spa-canary.poli.digital/assets/index-Ck5WY6p2.js:69
[    1427ms] TypeError: Cannot read properties of undefined (reading 'plugin')
    at <anonymous>:1:101
    at <anonymous>:1:126
    at https://www.googletagmanager.com/gtm.js?id=GTM-M2LRLQN:904:429
    at aS (https://www.googletagmanager.com/gtm.js?id=GTM-M2LRLQN:906:31)
    at Od.$R (https://www.googletagmanager.com/gtm.js?id=GTM-M2LRLQN:903:92)
    at Od.<anonymous> (https://www.googletagmanager.com/gtm.js?id=GTM-M2LRLQN:317:187)
    at k.apply (https://www.googletagmanager.com/gtm.js?id=GTM-M2LRLQN:239:466)
    at hb (https://www.googletagmanager.com/gtm.js?id=GTM-M2LRLQN:201:719)
    at gb (https://www.googletagmanager.com/gtm.js?id=GTM-M2LRLQN:201:470)
    at Od.<anonymous> (https://www.googletagmanager.com/gtm.js?id=GTM-M2LRLQN:263:473)
    at k.apply (https://www.googletagmanager.com/gtm.js?id=GTM-M2LRLQN:239:466)
    at hb (https://www.googletagmanager.com/gtm.js?id=GTM-M2LRLQN:201:719)
    at k.Uq (https://www.googletagmanager.com/gtm.js?id=GTM-M2LRLQN:201:1286)
    at uf (https://www.googletagmanager.com/gtm.js?id=GTM-M2LRLQN:274:960)
    at https://www.googletagmanager.com/gtm.js?id=GTM-M2LRLQN:729:315
    at Mz (https://www.googletagmanager.com/gtm.js?id=GTM-M2LRLQN:632:1)
    at Tz.evaluate (https://www.googletagmanager.com/gtm.js?id=GTM-M2LRLQN:637:289)
    at e (https://www.googletagmanager.com/gtm.js?id=GTM-M2LRLQN:657:170)
    at https://www.googletagmanager.com/gtm.js?id=GTM-M2LRLQN:206:125
    at Array.<anonymous> (https://www.googletagmanager.com/gtm.js?id=GTM-M2LRLQN:658:360)
    at Object.execute (https://www.googletagmanager.com/gtm.js?id=GTM-M2LRLQN:658:100)
    at qB (https://www.googletagmanager.com/gtm.js?id=GTM-M2LRLQN:658:742)
    at tB (https://www.googletagmanager.com/gtm.js?id=GTM-M2LRLQN:662:183)
    at DD (https://www.googletagmanager.com/gtm.js?id=GTM-M2LRLQN:706:231)
    at c.push (https://www.googletagmanager.com/gtm.js?id=GTM-M2LRLQN:710:209)
    at c.push (https://www.googletagmanager.com/gtag/js?id=G-EPZWL6H9X8&cx=c&gtm=4e66g0:688:69)
    at c.push (https://www.googletagmanager.com/gtag/js?id=AW-806600684:865:69)
    at c.push (https://www.googletagmanager.com/gtag/js?id=UA-118273772-1&cx=c&gtm=4e66g0:550:69)
    at https://www.googletagmanager.com/gtm.js?id=GTM-M2LRLQN:710:457
    at r (https://spa-canary.poli.digital/assets/index-Ck5WY6p2.js:70:9827)
[    1879ms] [ERROR] Failed to load resource: the server responded with a status of 403 () @ https://pps.whatsapp.net/v/t61.24694-24/437184832_898610138517247_1283479863683724595_n.jpg?ccb=11-4&oh=01_Q5Aa4gGX2ma97syCUx2rsuB7d4avSxodCswO68toDPKKOhnlOQ&oe=6A0F4E99&_nc_sid=5e03e0&_nc_cat=107:0
[    2888ms] [ERROR] Failed to load resource: the server responded with a status of 403 () @ https://pps.whatsapp.net/v/t61.24694-24/437184832_898610138517247_1283479863683724595_n.jpg?ccb=11-4&oh=01_Q5Aa4gGX2ma97syCUx2rsuB7d4avSxodCswO68toDPKKOhnlOQ&oe=6A0F4E99&_nc_sid=5e03e0&_nc_cat=107:0
[    4051ms] Identifier 'TCRMEmbed' has already been declared
[   86333ms] [ERROR] error ao buscar chats CanceledError: canceled
    at AbortSignal.d (https://spa-canary.poli.digital/assets/index-Ck5WY6p2.js:1116:16926)
    at AbortSignal.r (https://spa-canary.poli.digital/assets/index-Ck5WY6p2.js:70:9827)
    at Object.onCancel (https://spa-canary.poli.digital/assets/index-Ck5WY6p2.js:54:43336)
    at Object.o [as cancel] (https://spa-canary.poli.digital/assets/index-Ck5WY6p2.js:54:35949)
    at mAe.cancel (https://spa-canary.poli.digital/assets/index-Ck5WY6p2.js:54:40216)
    at mAe.fetch (https://spa-canary.poli.digital/assets/index-Ck5WY6p2.js:54:42164)
    at https://spa-canary.poli.digital/assets/index-Ck5WY6p2.js:54:67190
    at Array.map (<anonymous>)
    at https://spa-canary.poli.digital/assets/index-Ck5WY6p2.js:54:67174
    at Object.batch (https://spa-canary.poli.digital/assets/index-Ck5WY6p2.js:54:34562)
    at AAe.refetchQueries (https://spa-canary.poli.digital/assets/index-Ck5WY6p2.js:54:67099)
    at https://spa-canary.poli.digital/assets/index-Ck5WY6p2.js:54:66924
    at Object.batch (https://spa-canary.poli.digital/assets/index-Ck5WY6p2.js:54:34562)
    at AAe.invalidateQueries (https://spa-canary.poli.digital/assets/index-Ck5WY6p2.js:54:66798)
    at u (https://spa-canary.poli.digital/assets/index-Ck5WY6p2.js:2216:4079)
    at At.emit (https://spa-canary.poli.digital/assets/index-Ck5WY6p2.js:1113:17395)
    at At.handleEvent (https://spa-canary.poli.digital/assets/index-Ck5WY6p2.js:1113:26338)
    at https://spa-canary.poli.digital/assets/index-Ck5WY6p2.js:1114:16138
    at rn.emit (https://spa-canary.poli.digital/assets/index-Ck5WY6p2.js:1113:17395)
    at message (https://spa-canary.poli.digital/assets/index-Ck5WY6p2.js:1113:34869)
    at Fr.emit (https://spa-canary.poli.digital/assets/index-Ck5WY6p2.js:1113:17395)
    at message (https://spa-canary.poli.digital/assets/index-Ck5WY6p2.js:1113:23959)
    at Aa.emit (https://spa-canary.poli.digital/assets/index-Ck5WY6p2.js:1113:17395)
    at Aa.onMessage (https://spa-canary.poli.digital/assets/index-Ck5WY6p2.js:1113:18951)
    at socket.onmessage (https://spa-canary.poli.digital/assets/index-Ck5WY6p2.js:1113:19172)
    at E2.request (https://spa-canary.poli.digital/assets/index-Ck5WY6p2.js:1118:2243)
    at async NDt (https://spa-canary.poli.digital/assets/index-Ck5WY6p2.js:1152:26220)
    at async C (https://spa-canary.poli.digital/assets/index-Ck5WY6p2.js:54:37980)
    at async Object.u [as fn] (https://spa-canary.poli.digital/assets/index-Ck5WY6p2.js:54:38287) @ https://spa-canary.poli.digital/assets/index-Ck5WY6p2.js:69
[  130589ms] [ERROR] Failed to load resource: the server responded with a status of 403 () @ https://pps.whatsapp.net/v/t61.24694-24/437184832_898610138517247_1283479863683724595_n.jpg?ccb=11-4&oh=01_Q5Aa4gGX2ma97syCUx2rsuB7d4avSxodCswO68toDPKKOhnlOQ&oe=6A0F4E99&_nc_sid=5e03e0&_nc_cat=107:0
[  131088ms] [ERROR] CanceledError: canceled
    at AbortSignal.d (https://spa-canary.poli.digital/assets/index-Ck5WY6p2.js:1116:16926)
    at AbortSignal.r (https://spa-canary.poli.digital/assets/index-Ck5WY6p2.js:70:9827)
    at Object.onCancel (https://spa-canary.poli.digital/assets/index-Ck5WY6p2.js:54:43336)
    at Object.o [as cancel] (https://spa-canary.poli.digital/assets/index-Ck5WY6p2.js:54:35949)
    at mAe.removeObserver (https://spa-canary.poli.digital/assets/index-Ck5WY6p2.js:54:41700)
    at Dgt.destroy (https://spa-canary.poli.digital/assets/index-Ck5WY6p2.js:54:47186)
    at Dgt.onUnsubscribe (https://spa-canary.poli.digital/assets/index-Ck5WY6p2.js:54:46889)
    at https://spa-canary.poli.digital/assets/index-Ck5WY6p2.js:54:29428
    at uS (https://spa-canary.poli.digital/assets/index-Ck5WY6p2.js:41:22877)
    at ox (https://spa-canary.poli.digital/assets/index-Ck5WY6p2.js:41:24658)
    at Z0 (https://spa-canary.poli.digital/assets/index-Ck5WY6p2.js:41:42704)
    at WL (https://spa-canary.poli.digital/assets/index-Ck5WY6p2.js:41:42221)
    at Og (https://spa-canary.poli.digital/assets/index-Ck5WY6p2.js:41:41243)
    at A7 (https://spa-canary.poli.digital/assets/index-Ck5WY6p2.js:41:37739)
    at Hl (https://spa-canary.poli.digital/assets/index-Ck5WY6p2.js:39:3273)
    at https://spa-canary.poli.digital/assets/index-Ck5WY6p2.js:41:35083
    at E2.request (https://spa-canary.poli.digital/assets/index-Ck5WY6p2.js:1118:2243)
    at async Vfn (https://spa-canary.poli.digital/assets/index-Ck5WY6p2.js:2255:30556)
    at async C (https://spa-canary.poli.digital/assets/index-Ck5WY6p2.js:54:37980)
    at async Object.u [as fn] (https://spa-canary.poli.digital/assets/index-Ck5WY6p2.js:54:38287) @ https://spa-canary.poli.digital/assets/index-Ck5WY6p2.js:69
