[     942ms] [LOG] i18next: languageChanged pt @ https://spa-canary.poli.digital/assets/index-DAh54-o_.js:101
[     942ms] [LOG] i18next: initialized {debug: true, initAsync: true, ns: Array(1), defaultNS: Array(1), fallbackLng: Array(1)} @ https://spa-canary.poli.digital/assets/index-DAh54-o_.js:101
[    1065ms] [WARNING] Replay is disabled because neither `replaysSessionSampleRate` nor `replaysOnErrorSampleRate` are set. @ https://spa-canary.poli.digital/assets/index-DAh54-o_.js:76
[    1292ms] TypeError: Cannot read properties of undefined (reading 'plugin')
    at <anonymous>:1:101
    at <anonymous>:1:126
    at https://www.googletagmanager.com/gtm.js?id=GTM-M2LRLQN:892:429
    at VR (https://www.googletagmanager.com/gtm.js?id=GTM-M2LRLQN:894:31)
    at Nd.UR (https://www.googletagmanager.com/gtm.js?id=GTM-M2LRLQN:891:92)
    at Nd.<anonymous> (https://www.googletagmanager.com/gtm.js?id=GTM-M2LRLQN:304:187)
    at k.apply (https://www.googletagmanager.com/gtm.js?id=GTM-M2LRLQN:230:466)
    at hb (https://www.googletagmanager.com/gtm.js?id=GTM-M2LRLQN:193:719)
    at gb (https://www.googletagmanager.com/gtm.js?id=GTM-M2LRLQN:193:470)
    at Nd.<anonymous> (https://www.googletagmanager.com/gtm.js?id=GTM-M2LRLQN:254:473)
    at k.apply (https://www.googletagmanager.com/gtm.js?id=GTM-M2LRLQN:230:466)
    at hb (https://www.googletagmanager.com/gtm.js?id=GTM-M2LRLQN:193:719)
    at k.zq (https://www.googletagmanager.com/gtm.js?id=GTM-M2LRLQN:193:1286)
    at tf (https://www.googletagmanager.com/gtm.js?id=GTM-M2LRLQN:265:960)
    at https://www.googletagmanager.com/gtm.js?id=GTM-M2LRLQN:717:315
    at Az (https://www.googletagmanager.com/gtm.js?id=GTM-M2LRLQN:622:1)
    at Fz.evaluate (https://www.googletagmanager.com/gtm.js?id=GTM-M2LRLQN:626:722)
    at e (https://www.googletagmanager.com/gtm.js?id=GTM-M2LRLQN:646:218)
    at https://www.googletagmanager.com/gtm.js?id=GTM-M2LRLQN:198:125
    at Array.<anonymous> (https://www.googletagmanager.com/gtm.js?id=GTM-M2LRLQN:647:391)
    at Object.execute (https://www.googletagmanager.com/gtm.js?id=GTM-M2LRLQN:647:131)
    at cB (https://www.googletagmanager.com/gtm.js?id=GTM-M2LRLQN:647:773)
    at fB (https://www.googletagmanager.com/gtm.js?id=GTM-M2LRLQN:652:29)
    at pD (https://www.googletagmanager.com/gtm.js?id=GTM-M2LRLQN:694:252)
    at c.push (https://www.googletagmanager.com/gtm.js?id=GTM-M2LRLQN:698:209)
    at c.push (https://www.googletagmanager.com/gtag/js?id=AW-806600684:853:69)
    at c.push (https://www.googletagmanager.com/gtag/js?id=G-EPZWL6H9X8&cx=c&gtm=4e65k1:684:69)
    at c.push (https://www.googletagmanager.com/gtag/js?id=UA-118273772-1&cx=c&gtm=4e65k1:547:69)
    at https://www.googletagmanager.com/gtm.js?id=GTM-M2LRLQN:699:6
    at r (https://spa-canary.poli.digital/assets/index-DAh54-o_.js:70:9812)
[    1796ms] [ERROR] `DialogContent` requires a `DialogTitle` for the component to be accessible for screen reader users.

If you want to hide the `DialogTitle`, you can wrap it with our VisuallyHidden component.

For more information, see https://radix-ui.com/primitives/docs/components/dialog @ https://spa-canary.poli.digital/assets/index-DAh54-o_.js:69
[    1796ms] [WARNING] Warning: Missing `Description` or `aria-describedby={undefined}` for {DialogContent}. @ https://spa-canary.poli.digital/assets/index-DAh54-o_.js:69
[    1934ms] [ERROR] Failed to load resource: the server responded with a status of 403 () @ https://pps.whatsapp.net/v/t61.24694-24/437184832_898610138517247_1283479863683724595_n.jpg?ccb=11-4&oh=01_Q5Aa4gGX2ma97syCUx2rsuB7d4avSxodCswO68toDPKKOhnlOQ&oe=6A0F4E99&_nc_sid=5e03e0&_nc_cat=107:0
[    1996ms] [INFO] WebSocket: Conexão estabelecida @ https://spa-canary.poli.digital/assets/index-DAh54-o_.js:69
[    2121ms] [ERROR] Failed to load resource: the server responded with a status of 422 () @ https://foundation-api-canary.poli.digital/v3/accounts/9b8af98e-0407-49a2-bce9-3620f29c513a/templates?include=key,version,status,message,variables,team,metadata&page=1&per_page=9999&order=tag&keyboard_shortcut=NOT_EMPTY:0
[    2496ms] [ERROR] Failed to load resource: the server responded with a status of 403 () @ https://pps.whatsapp.net/v/t61.24694-24/437184832_898610138517247_1283479863683724595_n.jpg?ccb=11-4&oh=01_Q5Aa4gGX2ma97syCUx2rsuB7d4avSxodCswO68toDPKKOhnlOQ&oe=6A0F4E99&_nc_sid=5e03e0&_nc_cat=107:0
[    3913ms] [ERROR] Failed to load resource: the server responded with a status of 422 () @ https://foundation-api-canary.poli.digital/v3/accounts/9b8af98e-0407-49a2-bce9-3620f29c513a/templates?include=key,version,status,message,variables,team,metadata&page=1&per_page=9999&order=tag&keyboard_shortcut=NOT_EMPTY:0
[    6150ms] [ERROR] Failed to load resource: the server responded with a status of 422 () @ https://foundation-api-canary.poli.digital/v3/accounts/9b8af98e-0407-49a2-bce9-3620f29c513a/templates?include=key,version,status,message,variables,team,metadata&page=1&per_page=9999&order=tag&keyboard_shortcut=NOT_EMPTY:0
[   10875ms] [ERROR] Failed to load resource: the server responded with a status of 422 () @ https://foundation-api-canary.poli.digital/v3/accounts/9b8af98e-0407-49a2-bce9-3620f29c513a/templates?include=key,version,status,message,variables,team,metadata&page=1&per_page=9999&order=tag&keyboard_shortcut=NOT_EMPTY:0
[   14299ms] [ERROR] Failed to load resource: the server responded with a status of 403 () @ https://pps.whatsapp.net/v/t61.24694-24/56806735_2329835637230022_248755885784956928_n.jpg?ccb=11-4&oh=01_Q5Aa4QF49Wp5wCHfcSqHxbDn3B7t0XKtkrhWSjt9SjMtnDLErw&oe=69F39D05&_nc_sid=5e03e0&_nc_cat=104:0
[   34438ms] [ERROR] Failed to load resource: the server responded with a status of 403 () @ https://pps.whatsapp.net/v/t61.24694-24/56806735_2329835637230022_248755885784956928_n.jpg?ccb=11-4&oh=01_Q5Aa4QF49Wp5wCHfcSqHxbDn3B7t0XKtkrhWSjt9SjMtnDLErw&oe=69F39D05&_nc_sid=5e03e0&_nc_cat=104:0
[   68424ms] [ERROR] Failed to load resource: the server responded with a status of 403 () @ https://pps.whatsapp.net/v/t61.24694-24/56806735_2329835637230022_248755885784956928_n.jpg?ccb=11-4&oh=01_Q5Aa4QF49Wp5wCHfcSqHxbDn3B7t0XKtkrhWSjt9SjMtnDLErw&oe=69F39D05&_nc_sid=5e03e0&_nc_cat=104:0
[  163780ms] [ERROR] Failed to load resource: the server responded with a status of 403 () @ https://pps.whatsapp.net/v/t61.24694-24/56806735_2329835637230022_248755885784956928_n.jpg?ccb=11-4&oh=01_Q5Aa4QF49Wp5wCHfcSqHxbDn3B7t0XKtkrhWSjt9SjMtnDLErw&oe=69F39D05&_nc_sid=5e03e0&_nc_cat=104:0
[  181954ms] [ERROR] Failed to load resource: the server responded with a status of 403 () @ https://pps.whatsapp.net/v/t61.24694-24/554555513_1428952801505655_4766487318624206627_n.jpg?ccb=11-4&oh=01_Q5Aa4AEOIvhqCMQN82eyYdpTR-FV6LB1KMAdht9lrolK7szI3Q&oe=69D8A4C8&_nc_sid=5e03e0&_nc_cat=104:0
[  183785ms] [ERROR] Failed to load resource: the server responded with a status of 403 () @ https://pps.whatsapp.net/v/t61.24694-24/554555513_1428952801505655_4766487318624206627_n.jpg?ccb=11-4&oh=01_Q5Aa4AEOIvhqCMQN82eyYdpTR-FV6LB1KMAdht9lrolK7szI3Q&oe=69D8A4C8&_nc_sid=5e03e0&_nc_cat=104:0
[  197111ms] [ERROR] Failed to load resource: the server responded with a status of 403 () @ https://pps.whatsapp.net/v/t61.24694-24/516273162_1845383653051775_4740062992718730640_n.jpg?ccb=11-4&oh=01_Q5Aa4QGj8078Rk0vPWIYUeo6c_2JV6iLeCCLFrgW9KY0QMA45g&oe=69E7670B&_nc_sid=5e03e0&_nc_cat=100:0
[  199929ms] [ERROR] Failed to load resource: the server responded with a status of 403 () @ https://pps.whatsapp.net/v/t61.24694-24/56806735_2329835637230022_248755885784956928_n.jpg?ccb=11-4&oh=01_Q5Aa4QF49Wp5wCHfcSqHxbDn3B7t0XKtkrhWSjt9SjMtnDLErw&oe=69F39D05&_nc_sid=5e03e0&_nc_cat=104:0
[  200373ms] [ERROR] Failed to load resource: the server responded with a status of 403 () @ https://pps.whatsapp.net/v/t61.24694-24/516273162_1845383653051775_4740062992718730640_n.jpg?ccb=11-4&oh=01_Q5Aa4QGj8078Rk0vPWIYUeo6c_2JV6iLeCCLFrgW9KY0QMA45g&oe=69E7670B&_nc_sid=5e03e0&_nc_cat=100:0
[  203632ms] [ERROR] Failed to load resource: the server responded with a status of 403 () @ https://pps.whatsapp.net/v/t61.24694-24/516273162_1845383653051775_4740062992718730640_n.jpg?ccb=11-4&oh=01_Q5Aa4QGj8078Rk0vPWIYUeo6c_2JV6iLeCCLFrgW9KY0QMA45g&oe=69E7670B&_nc_sid=5e03e0&_nc_cat=100:0
[  209825ms] [ERROR] Failed to load resource: the server responded with a status of 403 () @ https://pps.whatsapp.net/v/t61.24694-24/56806735_2329835637230022_248755885784956928_n.jpg?ccb=11-4&oh=01_Q5Aa4QF49Wp5wCHfcSqHxbDn3B7t0XKtkrhWSjt9SjMtnDLErw&oe=69F39D05&_nc_sid=5e03e0&_nc_cat=104:0
[  247712ms] [ERROR] Failed to load resource: the server responded with a status of 403 () @ https://pps.whatsapp.net/v/t61.24694-24/554555513_1428952801505655_4766487318624206627_n.jpg?ccb=11-4&oh=01_Q5Aa4AEOIvhqCMQN82eyYdpTR-FV6LB1KMAdht9lrolK7szI3Q&oe=69D8A4C8&_nc_sid=5e03e0&_nc_cat=104:0
