[     668ms] [LOG] i18next: languageChanged pt @ https://spa-canary.poli.digital/assets/index-hnKoqB83.js:101
[     668ms] [LOG] i18next: initialized {debug: true, initAsync: true, ns: Array(1), defaultNS: Array(1), fallbackLng: Array(1)} @ https://spa-canary.poli.digital/assets/index-hnKoqB83.js:101
[     732ms] [WARNING] Replay is disabled because neither `replaysSessionSampleRate` nor `replaysOnErrorSampleRate` are set. @ https://spa-canary.poli.digital/assets/index-hnKoqB83.js:76
[     980ms] [LOG] i18next: languageChanged pt @ https://spa-canary.poli.digital/assets/index-hnKoqB83.js:69
[     988ms] [ERROR] error ao buscar chats TypeError: Cannot read properties of undefined (reading 'data')
    at QMt (https://spa-canary.poli.digital/assets/index-hnKoqB83.js:1107:26176)
    at async C (https://spa-canary.poli.digital/assets/index-hnKoqB83.js:54:37980)
    at async Object.u [as fn] (https://spa-canary.poli.digital/assets/index-hnKoqB83.js:54:38287) @ https://spa-canary.poli.digital/assets/index-hnKoqB83.js:69
[    1053ms] [ERROR] Failed to load resource: the server responded with a status of 401 () @ https://foundation-api-canary.poli.digital/v3/users/settings/summary:0
[    1057ms] [ERROR] [UserPreferencesService] Failed to get summary: TypeError: Cannot read properties of undefined (reading 'data')
    at Rme.getSummary (https://spa-canary.poli.digital/assets/index-hnKoqB83.js:2211:64688)
    at async https://spa-canary.poli.digital/assets/index-hnKoqB83.js:2211:65348 @ https://spa-canary.poli.digital/assets/index-hnKoqB83.js:69
[    1058ms] [ERROR] [useUserPreferences] Error: TypeError: Cannot read properties of undefined (reading 'data')
    at Rme.getSummary (https://spa-canary.poli.digital/assets/index-hnKoqB83.js:2211:64688)
    at async https://spa-canary.poli.digital/assets/index-hnKoqB83.js:2211:65348 @ https://spa-canary.poli.digital/assets/index-hnKoqB83.js:69
[    1226ms] [INFO] WebSocket: Conexão estabelecida @ https://spa-canary.poli.digital/assets/index-hnKoqB83.js:69
[   10076ms] [LOG] i18next: languageChanged pt @ https://spa-canary.poli.digital/assets/index-C0TY_Jbv.js:101
[   10077ms] [LOG] i18next: initialized {debug: true, initAsync: true, ns: Array(1), defaultNS: Array(1), fallbackLng: Array(1)} @ https://spa-canary.poli.digital/assets/index-C0TY_Jbv.js:101
[   10167ms] [WARNING] Replay is disabled because neither `replaysSessionSampleRate` nor `replaysOnErrorSampleRate` are set. @ https://spa-canary.poli.digital/assets/index-C0TY_Jbv.js:76
[   10224ms] [LOG] i18next: languageChanged pt @ https://spa-canary.poli.digital/assets/index-C0TY_Jbv.js:69
[   10714ms] [INFO] WebSocket: Conexão estabelecida @ https://spa-canary.poli.digital/assets/index-C0TY_Jbv.js:69
[   26080ms] [LOG] i18next: languageChanged pt @ https://spa-canary.poli.digital/assets/index-C0TY_Jbv.js:69
[   26648ms] [ERROR] error ao buscar chats CanceledError: canceled
    at OM (https://spa-canary.poli.digital/assets/index-C0TY_Jbv.js:1078:280)
    at f2.aZ (https://spa-canary.poli.digital/assets/index-C0TY_Jbv.js:1078:317)
    at async f2.request (https://spa-canary.poli.digital/assets/index-C0TY_Jbv.js:1078:2138)
    at async evt (https://spa-canary.poli.digital/assets/index-C0TY_Jbv.js:1112:26108)
    at async k (https://spa-canary.poli.digital/assets/index-C0TY_Jbv.js:54:37954)
    at async Object.d [as fn] (https://spa-canary.poli.digital/assets/index-C0TY_Jbv.js:54:38261) @ https://spa-canary.poli.digital/assets/index-C0TY_Jbv.js:69
[   63985ms] [ERROR] Failed to load resource: the server responded with a status of 403 () @ https://foundation-api-canary.poli.digital/v3/contacts/9bb49c4f-2c88-4a7f-84bb-38074c239b4b?include=chat_status:0
