[   12671ms] [LOG] i18next: languageChanged pt @ https://spa-canary.poli.digital/assets/index-CXHWts-2.js:101
[   12672ms] [LOG] i18next: initialized {debug: true, initAsync: true, ns: Array(1), defaultNS: Array(1), fallbackLng: Array(1)} @ https://spa-canary.poli.digital/assets/index-CXHWts-2.js:101
[   12843ms] [WARNING] Replay is disabled because neither `replaysSessionSampleRate` nor `replaysOnErrorSampleRate` are set. @ https://spa-canary.poli.digital/assets/index-CXHWts-2.js:76
[   13163ms] TypeError: Cannot read properties of undefined (reading 'plugin')
    at <anonymous>:1:101
    at <anonymous>:1:126
    at https://www.googletagmanager.com/gtm.js?id=GTM-M2LRLQN:888:429
    at bS (https://www.googletagmanager.com/gtm.js?id=GTM-M2LRLQN:890:31)
    at Nd.aS (https://www.googletagmanager.com/gtm.js?id=GTM-M2LRLQN:887:92)
    at Nd.<anonymous> (https://www.googletagmanager.com/gtm.js?id=GTM-M2LRLQN:304:187)
    at k.apply (https://www.googletagmanager.com/gtm.js?id=GTM-M2LRLQN:230:466)
    at hb (https://www.googletagmanager.com/gtm.js?id=GTM-M2LRLQN:193:719)
    at gb (https://www.googletagmanager.com/gtm.js?id=GTM-M2LRLQN:193:470)
    at Nd.<anonymous> (https://www.googletagmanager.com/gtm.js?id=GTM-M2LRLQN:254:473)
    at k.apply (https://www.googletagmanager.com/gtm.js?id=GTM-M2LRLQN:230:466)
    at hb (https://www.googletagmanager.com/gtm.js?id=GTM-M2LRLQN:193:719)
    at k.zq (https://www.googletagmanager.com/gtm.js?id=GTM-M2LRLQN:193:1286)
    at tf (https://www.googletagmanager.com/gtm.js?id=GTM-M2LRLQN:265:960)
    at https://www.googletagmanager.com/gtm.js?id=GTM-M2LRLQN:714:315
    at Ez (https://www.googletagmanager.com/gtm.js?id=GTM-M2LRLQN:619:1)
    at Jz.evaluate (https://www.googletagmanager.com/gtm.js?id=GTM-M2LRLQN:623:722)
    at e (https://www.googletagmanager.com/gtm.js?id=GTM-M2LRLQN:643:218)
    at https://www.googletagmanager.com/gtm.js?id=GTM-M2LRLQN:198:125
    at Array.<anonymous> (https://www.googletagmanager.com/gtm.js?id=GTM-M2LRLQN:644:391)
    at Object.execute (https://www.googletagmanager.com/gtm.js?id=GTM-M2LRLQN:644:131)
    at gB (https://www.googletagmanager.com/gtm.js?id=GTM-M2LRLQN:644:773)
    at jB (https://www.googletagmanager.com/gtm.js?id=GTM-M2LRLQN:649:29)
    at tD (https://www.googletagmanager.com/gtm.js?id=GTM-M2LRLQN:691:252)
    at c.push (https://www.googletagmanager.com/gtm.js?id=GTM-M2LRLQN:695:209)
    at c.push (https://www.googletagmanager.com/gtag/js?id=AW-806600684:850:69)
    at c.push (https://www.googletagmanager.com/gtag/js?id=G-EPZWL6H9X8&cx=c&gtm=4e65q0:681:69)
    at c.push (https://www.googletagmanager.com/gtag/js?id=UA-118273772-1&cx=c&gtm=4e65q0h1:546:69)
    at https://www.googletagmanager.com/gtm.js?id=GTM-M2LRLQN:696:6
    at r (https://spa-canary.poli.digital/assets/index-CXHWts-2.js:70:9812)
[   13448ms] [INFO] WebSocket: Conexão estabelecida @ https://spa-canary.poli.digital/assets/index-CXHWts-2.js:69
[   31206ms] [ERROR] Failed to load resource: net::ERR_CONNECTION_CLOSED @ https://googleads.g.doubleclick.net/pagead/viewthroughconversion/806600684/?random=1779904354768&cv=11&fst=1779904354768&bg=ffffff&guid=ON&async=1&en=form_start&gtm=45be65q0h1v884247286za200zd884247286xec&gcd=13l3l3l3l1l1&dma=0&tag_exp=0~115938465~115938469~116701382~119034492&u_w=1366&u_h=768&url=https%3A%2F%2Fspa-canary.poli.digital%2Ftemplates%2Fnew&rcb=13&frm=0&tiba=Poli%20%7C%20Criar%20template&ae=a&hn=www.googleadservices.com&npa=0&pscdl=noapi&auid=1787102591.1779901927&uaa=x86&uab=64&uafvl=Chromium%3B149.0.7827.3%7CNot)A%253BBrand%3B24.0.0.0&uamb=0&uam=&uap=Windows&uapv=10.0.0&uaw=0&data=event%3Dform_start&rfmt=3&fmt=4:0
[   31208ms] [ERROR] Failed to load resource: net::ERR_CONNECTION_CLOSED @ https://googleads.g.doubleclick.net/pagead/viewthroughconversion/806600684/?random=1779904354838&cv=11&fst=1779904354838&bg=ffffff&guid=ON&async=1&en=form_submit&gtm=45be65q0h1v884247286za200zd884247286xec&gcd=13l3l3l3l1l1&dma=0&tag_exp=0~115938465~115938469~116701382~119034492&u_w=1366&u_h=768&url=https%3A%2F%2Fspa-canary.poli.digital%2Ftemplates%2Fnew&rcb=13&frm=0&tiba=Poli%20%7C%20Criar%20template&ae=a&hn=www.googleadservices.com&npa=0&pscdl=noapi&auid=1787102591.1779901927&uaa=x86&uab=64&uafvl=Chromium%3B149.0.7827.3%7CNot)A%253BBrand%3B24.0.0.0&uamb=0&uam=&uap=Windows&uapv=10.0.0&uaw=0&data=event%3Dform_submit&rfmt=3&fmt=4:0
[  539361ms] [ERROR] Failed to load resource: the server responded with a status of 500 (Internal Server Error) @ https://foundation-api-canary.poli.digital/v3/accounts/9b8af98e-0407-49a2-bce9-3620f29c513a/jarvis/suggest-template:0
[  539405ms] AxiosError: Request failed with status code 500
    at Mke (https://spa-canary.poli.digital/assets/index-CXHWts-2.js:1006:10177)
    at XMLHttpRequest.w (https://spa-canary.poli.digital/assets/index-CXHWts-2.js:1006:15705)
[  584687ms] [ERROR] Failed to load resource: the server responded with a status of 422 (Unprocessable Entity) @ https://foundation-api-canary.poli.digital/v3/accounts/9b8af98e-0407-49a2-bce9-3620f29c513a/jarvis/suggest-template:0
[  584713ms] AxiosError: Request failed with status code 422
    at Mke (https://spa-canary.poli.digital/assets/index-CXHWts-2.js:1006:10177)
    at XMLHttpRequest.w (https://spa-canary.poli.digital/assets/index-CXHWts-2.js:1006:15705)
[  690229ms] [ERROR] Failed to load resource: the server responded with a status of 400 (Bad Request) @ https://foundation-api-canary.poli.digital/v3/accounts/9b8af98e-0407-49a2-bce9-3620f29c513a/jarvis/suggest-template:0
[  690270ms] AxiosError: Request failed with status code 400
    at Mke (https://spa-canary.poli.digital/assets/index-CXHWts-2.js:1006:10177)
    at XMLHttpRequest.w (https://spa-canary.poli.digital/assets/index-CXHWts-2.js:1006:15705)
[  736845ms] [ERROR] Failed to load resource: the server responded with a status of 500 () @ https://foundation-api-canary.poli.digital/v3/accounts/9b8af98e-0407-49a2-bce9-3620f29c513a/jarvis/suggest-template:0
[  736864ms] AxiosError: Request failed with status code 500
    at Mke (https://spa-canary.poli.digital/assets/index-CXHWts-2.js:1006:10177)
    at XMLHttpRequest.w (https://spa-canary.poli.digital/assets/index-CXHWts-2.js:1006:15705)
[ 1779380ms] [ERROR] Failed to load resource: the server responded with a status of 500 () @ https://foundation-api-canary.poli.digital/v3/accounts/9b8af98e-0407-49a2-bce9-3620f29c513a/jarvis/suggest-template:0
[ 1779447ms] AxiosError: Request failed with status code 500
    at Mke (https://spa-canary.poli.digital/assets/index-CXHWts-2.js:1006:10177)
    at XMLHttpRequest.w (https://spa-canary.poli.digital/assets/index-CXHWts-2.js:1006:15705)
[ 1894507ms] [ERROR] Failed to load resource: the server responded with a status of 401 () @ https://foundation-api-canary.poli.digital/v3/accounts/9b8af98e-0407-49a2-bce9-3620f29c513a/jarvis/suggest-template:0
[ 1895328ms] [ERROR] Failed to load resource: the server responded with a status of 500 () @ https://foundation-api-canary.poli.digital/v3/accounts/9b8af98e-0407-49a2-bce9-3620f29c513a/jarvis/suggest-template:0
[ 1895350ms] AxiosError: Request failed with status code 500
    at Mke (https://spa-canary.poli.digital/assets/index-CXHWts-2.js:1006:10177)
    at XMLHttpRequest.w (https://spa-canary.poli.digital/assets/index-CXHWts-2.js:1006:15705)
    at rx.request (https://spa-canary.poli.digital/assets/index-CXHWts-2.js:1008:2234)
    at async rx.request (https://spa-canary.poli.digital/assets/index-CXHWts-2.js:1008:2138)
    at async AQt.generate (https://spa-canary.poli.digital/assets/index-CXHWts-2.js:2160:398597)
