[     348ms] [LOG] i18next: languageChanged pt @ https://spa-canary.poli.digital/assets/index-BB7gOYo1.js:101
[     349ms] [LOG] i18next: initialized {debug: true, initAsync: true, ns: Array(1), defaultNS: Array(1), fallbackLng: Array(1)} @ https://spa-canary.poli.digital/assets/index-BB7gOYo1.js:101
[     416ms] [WARNING] Replay is disabled because neither `replaysSessionSampleRate` nor `replaysOnErrorSampleRate` are set. @ https://spa-canary.poli.digital/assets/index-BB7gOYo1.js:76
[     847ms] [LOG] i18next: languageChanged pt @ https://spa-canary.poli.digital/assets/index-BB7gOYo1.js:69
[     964ms] [INFO] WebSocket: Conexão estabelecida @ https://spa-canary.poli.digital/assets/index-BB7gOYo1.js:69
[   82628ms] [ERROR] Failed to load resource: the server responded with a status of 401 () @ https://heimdall.poli.digital/auth/token:0
[   82630ms] [ERROR] Error login AuthService:  AxiosError: Request failed with status code 401
    at yBe (https://spa-canary.poli.digital/assets/index-BB7gOYo1.js:1101:10207)
    at XMLHttpRequest.x (https://spa-canary.poli.digital/assets/index-BB7gOYo1.js:1101:15780)
    at _2.request (https://spa-canary.poli.digital/assets/index-BB7gOYo1.js:1103:2243)
    at async Mm.login (https://spa-canary.poli.digital/assets/index-BB7gOYo1.js:1111:6187)
    at async https://spa-canary.poli.digital/assets/index-BB7gOYo1.js:2241:63553
    at async C (https://spa-canary.poli.digital/assets/index-BB7gOYo1.js:2248:1483)
    at async https://spa-canary.poli.digital/assets/index-BB7gOYo1.js:2176:56624 @ https://spa-canary.poli.digital/assets/index-BB7gOYo1.js:69
[   82632ms] [ERROR] Error during authentication: AxiosError: Request failed with status code 401
    at yBe (https://spa-canary.poli.digital/assets/index-BB7gOYo1.js:1101:10207)
    at XMLHttpRequest.x (https://spa-canary.poli.digital/assets/index-BB7gOYo1.js:1101:15780)
    at _2.request (https://spa-canary.poli.digital/assets/index-BB7gOYo1.js:1103:2243)
    at async Mm.login (https://spa-canary.poli.digital/assets/index-BB7gOYo1.js:1111:6187)
    at async https://spa-canary.poli.digital/assets/index-BB7gOYo1.js:2241:63553
    at async C (https://spa-canary.poli.digital/assets/index-BB7gOYo1.js:2248:1483)
    at async https://spa-canary.poli.digital/assets/index-BB7gOYo1.js:2176:56624 @ https://spa-canary.poli.digital/assets/index-BB7gOYo1.js:69
[   82632ms] [ERROR] AxiosError: Request failed with status code 401
    at yBe (https://spa-canary.poli.digital/assets/index-BB7gOYo1.js:1101:10207)
    at XMLHttpRequest.x (https://spa-canary.poli.digital/assets/index-BB7gOYo1.js:1101:15780)
    at _2.request (https://spa-canary.poli.digital/assets/index-BB7gOYo1.js:1103:2243)
    at async Mm.login (https://spa-canary.poli.digital/assets/index-BB7gOYo1.js:1111:6187)
    at async https://spa-canary.poli.digital/assets/index-BB7gOYo1.js:2241:63553
    at async C (https://spa-canary.poli.digital/assets/index-BB7gOYo1.js:2248:1483)
    at async https://spa-canary.poli.digital/assets/index-BB7gOYo1.js:2176:56624 @ https://spa-canary.poli.digital/assets/index-BB7gOYo1.js:69
[   82636ms] [ERROR] Login failed: AxiosError: Request failed with status code 401
    at yBe (https://spa-canary.poli.digital/assets/index-BB7gOYo1.js:1101:10207)
    at XMLHttpRequest.x (https://spa-canary.poli.digital/assets/index-BB7gOYo1.js:1101:15780)
    at _2.request (https://spa-canary.poli.digital/assets/index-BB7gOYo1.js:1103:2243)
    at async Mm.login (https://spa-canary.poli.digital/assets/index-BB7gOYo1.js:1111:6187)
    at async https://spa-canary.poli.digital/assets/index-BB7gOYo1.js:2241:63553
    at async C (https://spa-canary.poli.digital/assets/index-BB7gOYo1.js:2248:1483)
    at async https://spa-canary.poli.digital/assets/index-BB7gOYo1.js:2176:56624 @ https://spa-canary.poli.digital/assets/index-BB7gOYo1.js:69
[  137712ms] [LOG] i18next: languageChanged pt @ https://spa-canary.poli.digital/assets/index-BB7gOYo1.js:69
[  140659ms] [ERROR] Failed to load resource: the server responded with a status of 403 () @ https://pps.whatsapp.net/v/t61.24694-24/487819011_1122001249681380_2285523550704014782_n.jpg?ccb=11-4&oh=01_Q5Aa3wFD5nULwxdj04TYsTsvFYrjZuTYlaY98Jkkr6fTO556jA&oe=69ADB528&_nc_sid=5e03e0&_nc_cat=102:0
[  140660ms] [ERROR] Failed to load resource: the server responded with a status of 403 () @ https://pps.whatsapp.net/v/t61.24694-24/559966980_1326502272399700_167251233029216118_n.jpg?ccb=11-4&oh=01_Q5Aa4gGsUMLpeY9ewPY-pHvuuDwE6Def07XJUBbSFvHnTIFZoQ&oe=6A22C3C6&_nc_sid=5e03e0&_nc_cat=104:0
[  152514ms] [ERROR] Failed to load resource: the server responded with a status of 401 () @ https://foundation-api-canary.poli.digital/v3/accounts/9b8af98e-0407-49a2-bce9-3620f29c513a/chats?include=type,chat_status,read_status,attributes,last_message&status=OPEN&order=-date_last_message&per_page=10:0
[  197744ms] [ERROR] Failed to load resource: the server responded with a status of 400 () @ https://api2.amplitude.com/2/httpapi:0
[  197749ms] [WARNING] Amplitude Logger [Warn]: {
  "error": "Request missing required field",
  "missingField": "",
  "eventsWithInvalidFields": {},
  "eventsWithMissingFields": {
    "event_type": [
      1
    ]
  },
  "eventsWithInvalidIdLengths": {},
  "epsThreshold": 0,
  "exceededDailyQuotaDevices": {},
  "silencedDevices": [],
  "silencedEvents": [],
  "throttledDevices": {},
  "throttledEvents": []
} @ https://spa-canary.poli.digital/assets/index-BB7gOYo1.js:69
[  197750ms] [ERROR] Amplitude Logger [Error]: Request missing required field @ https://spa-canary.poli.digital/assets/index-BB7gOYo1.js:69
[  197978ms] [ERROR] Failed to load resource: the server responded with a status of 403 () @ https://pps.whatsapp.net/v/t61.24694-24/487819011_1122001249681380_2285523550704014782_n.jpg?ccb=11-4&oh=01_Q5Aa3wFD5nULwxdj04TYsTsvFYrjZuTYlaY98Jkkr6fTO556jA&oe=69ADB528&_nc_sid=5e03e0&_nc_cat=102:0
