[    1447ms] [LOG] Defining triggerGuiding @ :0
[    4245ms] [LOG] User Guiding identify running @ https://app-spa.poli.digital/static/js/main.b10d375c.js:1
[    4963ms] [VERBOSE] [DOM] Input elements should have autocomplete attributes (suggested: "current-password"): (More info: https://goo.gl/9p2vKq) %o @ https://app-spa.poli.digital/login?force_login=true:0
[    5448ms] [LOG] User Guiding identify running @ https://app-spa.poli.digital/static/js/main.b10d375c.js:1
[    6214ms] [LOG] open connection with server @ https://ms.poli.digital/webchat?_gl=1*r43qxs*_gcl_au*MTQ5MDM0MTk4OS4xNzgxMDk1NDA0LjMzNDg5MzQ5OC4xNzgxMTExNzQ3LjE3ODExMTE3NDk.*_ga*NjAzMjk3OTA1LjE3ODEwOTU0MDQ.*_ga_GDG103ZG81*czE3ODExMTE3MzkkbzMkZzEkdDE3ODExMTE4NzYkajYwJGwwJGgxNDA0ODk4MDY.:680
[    6591ms] [WARNING] <meta name="apple-mobile-web-app-capable" content="yes"> is deprecated. Please include <meta name="mobile-web-app-capable" content="yes"> @ https://app-spa.poli.digital/login?force_login=true:0
[    7463ms] [LOG] User Guiding identify running @ https://app-spa.poli.digital/static/js/main.b10d375c.js:1
[    8764ms] [WARNING] The resource https://fonts.googleapis.com/css2?family=Rubik:wght@400;500;600 was preloaded using link preload but not used within a few seconds from the window's load event. Please make sure it has an appropriate `as` value and it is preloaded intentionally. @ https://app-spa.poli.digital/login?force_login=true:0
[    8764ms] [WARNING] The resource https://fonts.googleapis.com/css2?family=Raleway:wght@400;500;600 was preloaded using link preload but not used within a few seconds from the window's load event. Please make sure it has an appropriate `as` value and it is preloaded intentionally. @ https://app-spa.poli.digital/login?force_login=true:0
[    9454ms] [LOG] User Guiding identify running @ https://app-spa.poli.digital/static/js/main.b10d375c.js:1
[   11451ms] [LOG] User Guiding identify running @ https://app-spa.poli.digital/static/js/main.b10d375c.js:1
[   13458ms] [LOG] User Guiding identify running @ https://app-spa.poli.digital/static/js/main.b10d375c.js:1
[   15454ms] [LOG] User Guiding identify running @ https://app-spa.poli.digital/static/js/main.b10d375c.js:1
[   17457ms] [LOG] User Guiding identify running @ https://app-spa.poli.digital/static/js/main.b10d375c.js:1
[   17886ms] [LOG] openSocketRequest @ https://app-spa.poli.digital/static/js/main.b10d375c.js:1
[   19451ms] [LOG] User Guiding identify running @ https://app-spa.poli.digital/static/js/main.b10d375c.js:1
[   19451ms] [LOG] User Guiding identify cleared @ https://app-spa.poli.digital/static/js/main.b10d375c.js:1
[   20257ms] [LOG] Defining triggerGuiding @ :0
[   22271ms] [LOG] User Guiding identify running @ :1
[   22271ms] [LOG] User Guiding identify cleared @ :1
[   22636ms] TypeError: Cannot read properties of undefined (reading 'plugin')
    at <anonymous>:1:101
    at <anonymous>:1:126
    at https://www.googletagmanager.com/gtm.js?id=GTM-M2LRLQN:898:429
    at qS (https://www.googletagmanager.com/gtm.js?id=GTM-M2LRLQN:900:31)
    at Od.pS (https://www.googletagmanager.com/gtm.js?id=GTM-M2LRLQN:897:92)
    at Od.<anonymous> (https://www.googletagmanager.com/gtm.js?id=GTM-M2LRLQN:309:187)
    at k.apply (https://www.googletagmanager.com/gtm.js?id=GTM-M2LRLQN:231:466)
    at hb (https://www.googletagmanager.com/gtm.js?id=GTM-M2LRLQN:193:719)
    at gb (https://www.googletagmanager.com/gtm.js?id=GTM-M2LRLQN:193:470)
    at Od.<anonymous> (https://www.googletagmanager.com/gtm.js?id=GTM-M2LRLQN:255:473)
[   25169ms] [WARNING] The resource https://fonts.googleapis.com/css2?family=Raleway:wght@400;500;600 was preloaded using link preload but not used within a few seconds from the window's load event. Please make sure it has an appropriate `as` value and it is preloaded intentionally. @ https://app.poli.digital/home:0
[   25170ms] [WARNING] The resource https://fonts.googleapis.com/css2?family=Rubik:wght@400;500;600 was preloaded using link preload but not used within a few seconds from the window's load event. Please make sure it has an appropriate `as` value and it is preloaded intentionally. @ https://app.poli.digital/home:0
[   27466ms] [WARNING] The resource https://fonts.googleapis.com/css2?family=Raleway:wght@400;500;600 was preloaded using link preload but not used within a few seconds from the window's load event. Please make sure it has an appropriate `as` value and it is preloaded intentionally. @ https://app.poli.digital/home:0
[   27467ms] [WARNING] The resource https://fonts.googleapis.com/css2?family=Raleway:wght@400;500;600 was preloaded using link preload but not used within a few seconds from the window's load event. Please make sure it has an appropriate `as` value and it is preloaded intentionally. @ https://app.poli.digital/home:0
[   31835ms] [WARNING] The resource https://fonts.googleapis.com/css2?family=Rubik:wght@400;500;600 was preloaded using link preload but not used within a few seconds from the window's load event. Please make sure it has an appropriate `as` value and it is preloaded intentionally. @ https://app.poli.digital/home:0
