[     558ms] [LOG] i18next: languageChanged pt @ https://spa-canary.poli.digital/assets/index-V-TTZ3xr.js:101
[     558ms] [LOG] i18next: initialized {debug: true, initAsync: true, ns: Array(1), defaultNS: Array(1), fallbackLng: Array(1)} @ https://spa-canary.poli.digital/assets/index-V-TTZ3xr.js:101
[     671ms] [WARNING] Replay is disabled because neither `replaysSessionSampleRate` nor `replaysOnErrorSampleRate` are set. @ https://spa-canary.poli.digital/assets/index-V-TTZ3xr.js:76
[    1293ms] TypeError: Cannot read properties of undefined (reading 'plugin')
    at <anonymous>:1:101
    at <anonymous>:1:126
    at https://www.googletagmanager.com/gtm.js?id=GTM-M2LRLQN:900:429
    at cS (https://www.googletagmanager.com/gtm.js?id=GTM-M2LRLQN:902:31)
    at Md.bS (https://www.googletagmanager.com/gtm.js?id=GTM-M2LRLQN:899:92)
    at Md.<anonymous> (https://www.googletagmanager.com/gtm.js?id=GTM-M2LRLQN:304:187)
    at k.apply (https://www.googletagmanager.com/gtm.js?id=GTM-M2LRLQN:230:466)
    at hb (https://www.googletagmanager.com/gtm.js?id=GTM-M2LRLQN:193:719)
    at fb (https://www.googletagmanager.com/gtm.js?id=GTM-M2LRLQN:193:470)
    at Md.<anonymous> (https://www.googletagmanager.com/gtm.js?id=GTM-M2LRLQN:254:473)
    at k.apply (https://www.googletagmanager.com/gtm.js?id=GTM-M2LRLQN:230:466)
    at hb (https://www.googletagmanager.com/gtm.js?id=GTM-M2LRLQN:193:719)
    at k.Rq (https://www.googletagmanager.com/gtm.js?id=GTM-M2LRLQN:193:1286)
    at sf (https://www.googletagmanager.com/gtm.js?id=GTM-M2LRLQN:265:960)
    at https://www.googletagmanager.com/gtm.js?id=GTM-M2LRLQN:726:315
    at UA (https://www.googletagmanager.com/gtm.js?id=GTM-M2LRLQN:651:1)
    at ZA.evaluate (https://www.googletagmanager.com/gtm.js?id=GTM-M2LRLQN:655:722)
    at e (https://www.googletagmanager.com/gtm.js?id=GTM-M2LRLQN:673:218)
    at https://www.googletagmanager.com/gtm.js?id=GTM-M2LRLQN:198:125
    at Array.<anonymous> (https://www.googletagmanager.com/gtm.js?id=GTM-M2LRLQN:674:391)
    at Object.execute (https://www.googletagmanager.com/gtm.js?id=GTM-M2LRLQN:674:131)
    at oC (https://www.googletagmanager.com/gtm.js?id=GTM-M2LRLQN:674:773)
    at rC (https://www.googletagmanager.com/gtm.js?id=GTM-M2LRLQN:679:29)
    at vD (https://www.googletagmanager.com/gtm.js?id=GTM-M2LRLQN:703:252)
    at c.push (https://www.googletagmanager.com/gtm.js?id=GTM-M2LRLQN:707:209)
    at c.push (https://www.googletagmanager.com/gtag/js?id=G-EPZWL6H9X8&cx=c&gtm=4e65i2:687:69)
    at c.push (https://www.googletagmanager.com/gtag/js?id=AW-806600684:862:69)
    at c.push (https://www.googletagmanager.com/gtag/js?id=UA-118273772-1&cx=c&gtm=4e65i2h1:546:69)
    at https://www.googletagmanager.com/gtm.js?id=GTM-M2LRLQN:708:6
    at r (https://spa-canary.poli.digital/assets/index-V-TTZ3xr.js:70:9812)
[    1396ms] [INFO] WebSocket: Conexão estabelecida @ https://spa-canary.poli.digital/assets/index-V-TTZ3xr.js:69
[    2098ms] Identifier 'TCRMEmbed' has already been declared
[    2101ms] Identifier 'TCRMEmbed' has already been declared
[    3037ms] [ERROR] Failed to load resource: the server responded with a status of 404 () @ https://foundation-api-canary.poli.digital/v3/logs/behavior:0
[   56152ms] [ERROR] Failed to load resource: the server responded with a status of 403 () @ https://pps.whatsapp.net/v/t61.24694-24/516273162_1845383653051775_4740062992718730640_n.jpg?ccb=11-4&oh=01_Q5Aa4QGj8078Rk0vPWIYUeo6c_2JV6iLeCCLFrgW9KY0QMA45g&oe=69E7670B&_nc_sid=5e03e0&_nc_cat=100:0
[   65816ms] [ERROR] Failed to load resource: the server responded with a status of 403 () @ https://pps.whatsapp.net/v/t61.24694-24/516273162_1845383653051775_4740062992718730640_n.jpg?ccb=11-4&oh=01_Q5Aa4QGj8078Rk0vPWIYUeo6c_2JV6iLeCCLFrgW9KY0QMA45g&oe=69E7670B&_nc_sid=5e03e0&_nc_cat=100:0
[  267894ms] [ERROR] Failed to load resource: the server responded with a status of 403 () @ https://pps.whatsapp.net/v/t61.24694-24/389521425_964939741837092_2242383312396983181_n.jpg?ccb=11-4&oh=01_Q5Aa3gH0Ns4woclJg0wnkzSD4D0FXGxfux73VFrdwcent-oVOA&oe=698740FB&_nc_sid=5e03e0&_nc_cat=108:0
[  304190ms] [ERROR] Failed to load resource: the server responded with a status of 403 () @ https://pps.whatsapp.net/v/t61.24694-24/161414233_202348668821832_7586824682129057822_n.jpg?ccb=11-4&oh=01_Q5Aa3QGyB9Q3QPq29XO3sgUTZdsJGYqrfNGxplYIPMxhh2ZLPg&oe=69469E9F&_nc_sid=5e03e0&_nc_cat=100:0
[  319101ms] [WARNING] Warning: Missing `Description` or `aria-describedby={undefined}` for {DialogContent}. @ https://spa-canary.poli.digital/assets/index-V-TTZ3xr.js:69
[  324890ms] [ERROR] Failed to load resource: the server responded with a status of 403 () @ https://pps.whatsapp.net/v/t61.24694-24/389521425_964939741837092_2242383312396983181_n.jpg?ccb=11-4&oh=01_Q5Aa3gH0Ns4woclJg0wnkzSD4D0FXGxfux73VFrdwcent-oVOA&oe=698740FB&_nc_sid=5e03e0&_nc_cat=108:0
[  339365ms] [ERROR] error ao buscar chats CanceledError: canceled
    at AbortSignal.u (https://spa-canary.poli.digital/assets/index-V-TTZ3xr.js:966:16854)
    at AbortSignal.r (https://spa-canary.poli.digital/assets/index-V-TTZ3xr.js:70:9812)
    at Object.onCancel (https://spa-canary.poli.digital/assets/index-V-TTZ3xr.js:54:42902)
    at Object.o [as cancel] (https://spa-canary.poli.digital/assets/index-V-TTZ3xr.js:54:35518)
    at Xte.cancel (https://spa-canary.poli.digital/assets/index-V-TTZ3xr.js:54:39782)
    at Xte.fetch (https://spa-canary.poli.digital/assets/index-V-TTZ3xr.js:54:41730)
    at https://spa-canary.poli.digital/assets/index-V-TTZ3xr.js:54:66743
    at Array.map (<anonymous>)
    at https://spa-canary.poli.digital/assets/index-V-TTZ3xr.js:54:66727
    at Object.batch (https://spa-canary.poli.digital/assets/index-V-TTZ3xr.js:54:34131)
    at ane.refetchQueries (https://spa-canary.poli.digital/assets/index-V-TTZ3xr.js:54:66652)
    at https://spa-canary.poli.digital/assets/index-V-TTZ3xr.js:54:66477
    at Object.batch (https://spa-canary.poli.digital/assets/index-V-TTZ3xr.js:54:34131)
    at ane.invalidateQueries (https://spa-canary.poli.digital/assets/index-V-TTZ3xr.js:54:66351)
    at d (https://spa-canary.poli.digital/assets/index-V-TTZ3xr.js:2065:4852)
    at ze.emit (https://spa-canary.poli.digital/assets/index-V-TTZ3xr.js:963:17241)
    at ze.handleEvent (https://spa-canary.poli.digital/assets/index-V-TTZ3xr.js:963:26128)
    at https://spa-canary.poli.digital/assets/index-V-TTZ3xr.js:964:16006
    at Kn.emit (https://spa-canary.poli.digital/assets/index-V-TTZ3xr.js:963:17241)
    at message (https://spa-canary.poli.digital/assets/index-V-TTZ3xr.js:963:34607)
    at ii.emit (https://spa-canary.poli.digital/assets/index-V-TTZ3xr.js:963:17241)
    at message (https://spa-canary.poli.digital/assets/index-V-TTZ3xr.js:963:23782)
    at ei.emit (https://spa-canary.poli.digital/assets/index-V-TTZ3xr.js:963:17241)
    at ei.onMessage (https://spa-canary.poli.digital/assets/index-V-TTZ3xr.js:963:18792)
    at socket.onmessage (https://spa-canary.poli.digital/assets/index-V-TTZ3xr.js:963:19013)
    at Fy.request (https://spa-canary.poli.digital/assets/index-V-TTZ3xr.js:968:2234)
    at async Sct (https://spa-canary.poli.digital/assets/index-V-TTZ3xr.js:1002:26251)
    at async C (https://spa-canary.poli.digital/assets/index-V-TTZ3xr.js:54:37549)
    at async Object.d [as fn] (https://spa-canary.poli.digital/assets/index-V-TTZ3xr.js:54:37856) @ https://spa-canary.poli.digital/assets/index-V-TTZ3xr.js:69
[  382935ms] [ERROR] Failed to load resource: the server responded with a status of 403 () @ https://pps.whatsapp.net/v/t61.24694-24/389521425_964939741837092_2242383312396983181_n.jpg?ccb=11-4&oh=01_Q5Aa3gH0Ns4woclJg0wnkzSD4D0FXGxfux73VFrdwcent-oVOA&oe=698740FB&_nc_sid=5e03e0&_nc_cat=108:0
[  700492ms] [ERROR] Failed to load resource: the server responded with a status of 403 () @ https://pps.whatsapp.net/v/t61.24694-24/161414233_202348668821832_7586824682129057822_n.jpg?ccb=11-4&oh=01_Q5Aa3QGyB9Q3QPq29XO3sgUTZdsJGYqrfNGxplYIPMxhh2ZLPg&oe=69469E9F&_nc_sid=5e03e0&_nc_cat=100:0
[  937533ms] [ERROR] Failed to load resource: the server responded with a status of 403 () @ https://pps.whatsapp.net/v/t61.24694-24/389521425_964939741837092_2242383312396983181_n.jpg?ccb=11-4&oh=01_Q5Aa3gH0Ns4woclJg0wnkzSD4D0FXGxfux73VFrdwcent-oVOA&oe=698740FB&_nc_sid=5e03e0&_nc_cat=108:0
[ 1471869ms] [ERROR] Failed to load resource: the server responded with a status of 403 () @ https://pps.whatsapp.net/v/t61.24694-24/454684559_997258298548983_2397318870296424831_n.jpg?ccb=11-4&oh=01_Q5Aa3gGd7xmn2oZJyoiWq_HGLPCZ5bRX24gPp5iC-DSMfLU7bA&oe=698629B2&_nc_sid=5e03e0&_nc_cat=103:0
[ 1478041ms] [ERROR] Failed to load resource: the server responded with a status of 403 () @ https://pps.whatsapp.net/v/t61.24694-24/454684559_997258298548983_2397318870296424831_n.jpg?ccb=11-4&oh=01_Q5Aa3gGd7xmn2oZJyoiWq_HGLPCZ5bRX24gPp5iC-DSMfLU7bA&oe=698629B2&_nc_sid=5e03e0&_nc_cat=103:0
[ 1552801ms] [ERROR] Failed to load resource: the server responded with a status of 403 () @ https://pps.whatsapp.net/v/t61.24694-24/454684559_997258298548983_2397318870296424831_n.jpg?ccb=11-4&oh=01_Q5Aa3gGd7xmn2oZJyoiWq_HGLPCZ5bRX24gPp5iC-DSMfLU7bA&oe=698629B2&_nc_sid=5e03e0&_nc_cat=103:0
[ 1750979ms] [ERROR] Failed to load resource: the server responded with a status of 401 () @ https://foundation-api-canary.poli.digital/v3/contacts/d1c0267b-537a-11f1-9d75-06799772b1cd/read:0
[ 1816229ms] [LOG] i18next: languageChanged pt @ https://spa-canary.poli.digital/assets/index-V-TTZ3xr.js:101
[ 1816229ms] [LOG] i18next: initialized {debug: true, initAsync: true, ns: Array(1), defaultNS: Array(1), fallbackLng: Array(1)} @ https://spa-canary.poli.digital/assets/index-V-TTZ3xr.js:101
[ 1816321ms] [WARNING] Replay is disabled because neither `replaysSessionSampleRate` nor `replaysOnErrorSampleRate` are set. @ https://spa-canary.poli.digital/assets/index-V-TTZ3xr.js:76
[ 1816811ms] [INFO] WebSocket: Conexão estabelecida @ https://spa-canary.poli.digital/assets/index-V-TTZ3xr.js:69
[ 1817299ms] TypeError: Cannot read properties of undefined (reading 'plugin')
    at <anonymous>:1:101
    at <anonymous>:1:126
    at https://www.googletagmanager.com/gtm.js?id=GTM-M2LRLQN:900:429
    at cS (https://www.googletagmanager.com/gtm.js?id=GTM-M2LRLQN:902:31)
    at Md.bS (https://www.googletagmanager.com/gtm.js?id=GTM-M2LRLQN:899:92)
    at Md.<anonymous> (https://www.googletagmanager.com/gtm.js?id=GTM-M2LRLQN:304:187)
    at k.apply (https://www.googletagmanager.com/gtm.js?id=GTM-M2LRLQN:230:466)
    at hb (https://www.googletagmanager.com/gtm.js?id=GTM-M2LRLQN:193:719)
    at fb (https://www.googletagmanager.com/gtm.js?id=GTM-M2LRLQN:193:470)
    at Md.<anonymous> (https://www.googletagmanager.com/gtm.js?id=GTM-M2LRLQN:254:473)
    at k.apply (https://www.googletagmanager.com/gtm.js?id=GTM-M2LRLQN:230:466)
    at hb (https://www.googletagmanager.com/gtm.js?id=GTM-M2LRLQN:193:719)
    at k.Rq (https://www.googletagmanager.com/gtm.js?id=GTM-M2LRLQN:193:1286)
    at sf (https://www.googletagmanager.com/gtm.js?id=GTM-M2LRLQN:265:960)
    at https://www.googletagmanager.com/gtm.js?id=GTM-M2LRLQN:726:315
    at UA (https://www.googletagmanager.com/gtm.js?id=GTM-M2LRLQN:651:1)
    at ZA.evaluate (https://www.googletagmanager.com/gtm.js?id=GTM-M2LRLQN:655:722)
    at e (https://www.googletagmanager.com/gtm.js?id=GTM-M2LRLQN:673:218)
    at https://www.googletagmanager.com/gtm.js?id=GTM-M2LRLQN:198:125
    at Array.<anonymous> (https://www.googletagmanager.com/gtm.js?id=GTM-M2LRLQN:674:391)
    at Object.execute (https://www.googletagmanager.com/gtm.js?id=GTM-M2LRLQN:674:131)
    at oC (https://www.googletagmanager.com/gtm.js?id=GTM-M2LRLQN:674:773)
    at rC (https://www.googletagmanager.com/gtm.js?id=GTM-M2LRLQN:679:29)
    at vD (https://www.googletagmanager.com/gtm.js?id=GTM-M2LRLQN:703:252)
    at c.push (https://www.googletagmanager.com/gtm.js?id=GTM-M2LRLQN:707:209)
    at c.push (https://www.googletagmanager.com/gtag/js?id=G-EPZWL6H9X8&cx=c&gtm=4e65i2:687:69)
    at c.push (https://www.googletagmanager.com/gtag/js?id=AW-806600684:862:69)
    at c.push (https://www.googletagmanager.com/gtag/js?id=UA-118273772-1&cx=c&gtm=4e65i2:546:69)
    at https://www.googletagmanager.com/gtm.js?id=GTM-M2LRLQN:708:6
    at r (https://spa-canary.poli.digital/assets/index-V-TTZ3xr.js:70:9812)
[ 1819565ms] Identifier 'TCRMEmbed' has already been declared
