[    3468ms] [LOG] i18next: languageChanged pt @ https://spa-canary.poli.digital/assets/index-hnKoqB83.js:101
[    3470ms] [LOG] i18next: initialized {debug: true, initAsync: true, ns: Array(1), defaultNS: Array(1), fallbackLng: Array(1)} @ https://spa-canary.poli.digital/assets/index-hnKoqB83.js:101
[    3653ms] [WARNING] Replay is disabled because neither `replaysSessionSampleRate` nor `replaysOnErrorSampleRate` are set. @ https://spa-canary.poli.digital/assets/index-hnKoqB83.js:76
[    5880ms] TypeError: Cannot read properties of undefined (reading 'plugin')
    at <anonymous>:1:101
    at <anonymous>:1:126
    at https://www.googletagmanager.com/gtm.js?id=GTM-M2LRLQN:895:429
    at qS (https://www.googletagmanager.com/gtm.js?id=GTM-M2LRLQN:897:31)
    at Od.pS (https://www.googletagmanager.com/gtm.js?id=GTM-M2LRLQN:894:92)
    at Od.<anonymous> (https://www.googletagmanager.com/gtm.js?id=GTM-M2LRLQN:309:187)
    at k.apply (https://www.googletagmanager.com/gtm.js?id=GTM-M2LRLQN:231:466)
    at hb (https://www.googletagmanager.com/gtm.js?id=GTM-M2LRLQN:193:719)
    at gb (https://www.googletagmanager.com/gtm.js?id=GTM-M2LRLQN:193:470)
    at Od.<anonymous> (https://www.googletagmanager.com/gtm.js?id=GTM-M2LRLQN:255:473)
    at k.apply (https://www.googletagmanager.com/gtm.js?id=GTM-M2LRLQN:231:466)
    at hb (https://www.googletagmanager.com/gtm.js?id=GTM-M2LRLQN:193:719)
    at k.Lq (https://www.googletagmanager.com/gtm.js?id=GTM-M2LRLQN:193:1286)
    at uf (https://www.googletagmanager.com/gtm.js?id=GTM-M2LRLQN:266:960)
    at https://www.googletagmanager.com/gtm.js?id=GTM-M2LRLQN:719:315
    at Kz (https://www.googletagmanager.com/gtm.js?id=GTM-M2LRLQN:622:1)
    at Pz.evaluate (https://www.googletagmanager.com/gtm.js?id=GTM-M2LRLQN:626:722)
    at e (https://www.googletagmanager.com/gtm.js?id=GTM-M2LRLQN:646:170)
    at https://www.googletagmanager.com/gtm.js?id=GTM-M2LRLQN:198:125
    at Array.<anonymous> (https://www.googletagmanager.com/gtm.js?id=GTM-M2LRLQN:647:360)
    at Object.execute (https://www.googletagmanager.com/gtm.js?id=GTM-M2LRLQN:647:100)
    at mB (https://www.googletagmanager.com/gtm.js?id=GTM-M2LRLQN:647:742)
    at pB (https://www.googletagmanager.com/gtm.js?id=GTM-M2LRLQN:651:183)
    at BD (https://www.googletagmanager.com/gtm.js?id=GTM-M2LRLQN:696:252)
    at c.push (https://www.googletagmanager.com/gtm.js?id=GTM-M2LRLQN:700:209)
    at c.push (https://www.googletagmanager.com/gtag/js?id=AW-806600684:863:69)
    at c.push (https://www.googletagmanager.com/gtag/js?id=G-EPZWL6H9X8&cx=c&gtm=4e6631:687:69)
    at c.push (https://www.googletagmanager.com/gtag/js?id=UA-118273772-1&cx=c&gtm=4e6631:551:69)
    at https://www.googletagmanager.com/gtm.js?id=GTM-M2LRLQN:700:495
    at r (https://spa-canary.poli.digital/assets/index-hnKoqB83.js:70:9827)
[    6155ms] [INFO] WebSocket: Conexão estabelecida @ https://spa-canary.poli.digital/assets/index-hnKoqB83.js:69
[    9935ms] [ERROR] Failed to load resource: the server responded with a status of 403 () @ https://pps.whatsapp.net/v/t61.24694-24/623415935_894703426524425_8709447887334574641_n.jpg?ccb=11-4&oh=01_Q5Aa3wFoaEQRIYTfGyWBik5ubbwPAdfwuZBLKEeg_NOEKKY-mg&oe=69B5A830&_nc_sid=5e03e0&_nc_cat=101:0
[   10763ms] Identifier 'TCRMEmbed' has already been declared
[   42625ms] [ERROR] Failed to load resource: the server responded with a status of 403 () @ https://pps.whatsapp.net/v/t61.24694-24/533104101_1273496750896849_7121037392936692900_n.jpg?ccb=11-4&oh=01_Q5Aa4gHB_0LV-fCqetjZpJKJ3TmAJZ_EZL46yWdCfykkzCI0-g&oe=6A1307C1&_nc_sid=5e03e0&_nc_cat=106:0
[   60402ms] [ERROR] Failed to load resource: the server responded with a status of 403 () @ https://pps.whatsapp.net/v/t61.24694-24/533104101_1273496750896849_7121037392936692900_n.jpg?ccb=11-4&oh=01_Q5Aa4gHB_0LV-fCqetjZpJKJ3TmAJZ_EZL46yWdCfykkzCI0-g&oe=6A1307C1&_nc_sid=5e03e0&_nc_cat=106:0
[   71339ms] [ERROR] error ao buscar chats CanceledError: canceled
    at AbortSignal.d (https://spa-canary.poli.digital/assets/index-hnKoqB83.js:1071:16926)
    at AbortSignal.r (https://spa-canary.poli.digital/assets/index-hnKoqB83.js:70:9827)
    at Object.onCancel (https://spa-canary.poli.digital/assets/index-hnKoqB83.js:54:43336)
    at Object.o [as cancel] (https://spa-canary.poli.digital/assets/index-hnKoqB83.js:54:35949)
    at Z2e.cancel (https://spa-canary.poli.digital/assets/index-hnKoqB83.js:54:40216)
    at Z2e.fetch (https://spa-canary.poli.digital/assets/index-hnKoqB83.js:54:42164)
    at https://spa-canary.poli.digital/assets/index-hnKoqB83.js:54:67190
    at Array.map (<anonymous>)
    at https://spa-canary.poli.digital/assets/index-hnKoqB83.js:54:67174
    at Object.batch (https://spa-canary.poli.digital/assets/index-hnKoqB83.js:54:34562)
    at rAe.refetchQueries (https://spa-canary.poli.digital/assets/index-hnKoqB83.js:54:67099)
    at https://spa-canary.poli.digital/assets/index-hnKoqB83.js:54:66924
    at Object.batch (https://spa-canary.poli.digital/assets/index-hnKoqB83.js:54:34562)
    at rAe.invalidateQueries (https://spa-canary.poli.digital/assets/index-hnKoqB83.js:54:66798)
    at u (https://spa-canary.poli.digital/assets/index-hnKoqB83.js:2171:4831)
    at xt.emit (https://spa-canary.poli.digital/assets/index-hnKoqB83.js:1068:17395)
    at xt.handleEvent (https://spa-canary.poli.digital/assets/index-hnKoqB83.js:1068:26338)
    at https://spa-canary.poli.digital/assets/index-hnKoqB83.js:1069:16138
    at rn.emit (https://spa-canary.poli.digital/assets/index-hnKoqB83.js:1068:17395)
    at message (https://spa-canary.poli.digital/assets/index-hnKoqB83.js:1068:34869)
    at Ir.emit (https://spa-canary.poli.digital/assets/index-hnKoqB83.js:1068:17395)
    at message (https://spa-canary.poli.digital/assets/index-hnKoqB83.js:1068:23959)
    at xa.emit (https://spa-canary.poli.digital/assets/index-hnKoqB83.js:1068:17395)
    at xa.onMessage (https://spa-canary.poli.digital/assets/index-hnKoqB83.js:1068:18951)
    at socket.onmessage (https://spa-canary.poli.digital/assets/index-hnKoqB83.js:1068:19172)
    at j2.request (https://spa-canary.poli.digital/assets/index-hnKoqB83.js:1073:2243)
    at async QMt (https://spa-canary.poli.digital/assets/index-hnKoqB83.js:1107:26139)
    at async C (https://spa-canary.poli.digital/assets/index-hnKoqB83.js:54:37980)
    at async Object.u [as fn] (https://spa-canary.poli.digital/assets/index-hnKoqB83.js:54:38287) @ https://spa-canary.poli.digital/assets/index-hnKoqB83.js:69
