[     790ms] [WARNING] Notifications permission has been blocked as the user has ignored the permission prompt several times. This can be reset in Page Info which can be accessed by clicking the tune icon next to the URL. See https://www.chromestatus.com/feature/6443143280984064 for more information. @ https://app-spa.qa.poli.digital/redirect?sessionId=5886a4fd505999b8c7592d2b64556d44a5b9609d&toPath=https://app-spa.qa.poli.digital/relatorio:0
[     847ms] [LOG] openSocketRequest @ https://app-spa.qa.poli.digital/static/js/main.c3fe8322.js:1
[     971ms] [WARNING] <meta name="apple-mobile-web-app-capable" content="yes"> is deprecated. Please include <meta name="mobile-web-app-capable" content="yes"> @ https://app-spa.qa.poli.digital/redirect?sessionId=5886a4fd505999b8c7592d2b64556d44a5b9609d&toPath=https://app-spa.qa.poli.digital/relatorio:0
[     975ms] [WARNING] Notifications permission has been blocked as the user has ignored the permission prompt several times. This can be reset in Page Info which can be accessed by clicking the tune icon next to the URL. See https://www.chromestatus.com/feature/6443143280984064 for more information. @ https://app-spa.qa.poli.digital/redirect?sessionId=5886a4fd505999b8c7592d2b64556d44a5b9609d&toPath=https://app-spa.qa.poli.digital/relatorio:0
[    3774ms] [WARNING] Notifications permission has been blocked as the user has ignored the permission prompt several times. This can be reset in Page Info which can be accessed by clicking the tune icon next to the URL. See https://www.chromestatus.com/feature/6443143280984064 for more information. @ https://app-spa.qa.poli.digital/relatorio:0
[    3800ms] [LOG] openSocketRequest @ https://app-spa.qa.poli.digital/static/js/main.c3fe8322.js:1
[    4264ms] [WARNING] <meta name="apple-mobile-web-app-capable" content="yes"> is deprecated. Please include <meta name="mobile-web-app-capable" content="yes"> @ https://app-spa.qa.poli.digital/relatorio:0
[    4269ms] [WARNING] Notifications permission has been blocked as the user has ignored the permission prompt several times. This can be reset in Page Info which can be accessed by clicking the tune icon next to the URL. See https://www.chromestatus.com/feature/6443143280984064 for more information. @ https://app-spa.qa.poli.digital/relatorio:0
[    9944ms] [ERROR] Applying inline style violates the following Content Security Policy directive 'style-src 'self' 'nonce-u01QU3UBa4'   https://accounts.google.com'. Either the 'unsafe-inline' keyword, a hash ('sha256-bgUp5tqDCSC1xokY+fdYcHMM/Fap5RX+TCFkA0sXuRk='), or a nonce ('nonce-...') is required to enable inline execution. The action has been blocked. @ https://metabase.prod.cloud.polichat.com.br/app/dist/vendor.21094c4e1f01c7c7.js:5
[   11045ms] [WARNING] Error getting setting graph.tooltip_columns TypeError: Cannot read properties of undefined (reading 'column')
    at https://metabase.prod.cloud.polichat.com.br/app/dist/app-embed.5fef4bcfdd270a9d.js:293:8879
    at Array.forEach (<anonymous>)
    at K (https://metabase.prod.cloud.polichat.com.br/app/dist/app-embed.5fef4bcfdd270a9d.js:293:8849)
    at Object.F [as getValue] (https://metabase.prod.cloud.polichat.com.br/app/dist/app-embed.5fef4bcfdd270a9d.js:293:9102)
    at e (https://metabase.prod.cloud.polichat.com.br/app/dist/app-embed.5fef4bcfdd270a9d.js:301:118035)
    at K (https://metabase.prod.cloud.polichat.com.br/app/dist/app-embed.5fef4bcfdd270a9d.js:301:118283)
    at f (https://metabase.prod.cloud.polichat.com.br/app/dist/app-embed.5fef4bcfdd270a9d.js:301:142345)
    at https://metabase.prod.cloud.polichat.com.br/app/dist/app-embed.5fef4bcfdd270a9d.js:92:21621
    at Object.useMemo (https://metabase.prod.cloud.polichat.com.br/app/dist/vendor.21094c4e1f01c7c7.js:6:2154693)
    at t.useMemo (https://metabase.prod.cloud.polichat.com.br/app/dist/vendor.21094c4e1f01c7c7.js:6:2510369) @ https://metabase.prod.cloud.polichat.com.br/app/dist/app-embed.5fef4bcfdd270a9d.js:300
