[    1184ms] [WARNING] Notifications permission has been blocked as the user has ignored the permission prompt several times. This can be reset in Page Info which can be accessed by clicking the tune icon next to the URL. See https://www.chromestatus.com/feature/6443143280984064 for more information. @ https://app-spa.qa.poli.digital/login:0
[    1415ms] [LOG] openSocketRequest @ https://app-spa.qa.poli.digital/static/js/main.c3fe8322.js:1
[    1434ms] [WARNING] <meta name="apple-mobile-web-app-capable" content="yes"> is deprecated. Please include <meta name="mobile-web-app-capable" content="yes"> @ https://app-spa.qa.poli.digital/login:0
[    1455ms] [WARNING] Notifications permission has been blocked as the user has ignored the permission prompt several times. This can be reset in Page Info which can be accessed by clicking the tune icon next to the URL. See https://www.chromestatus.com/feature/6443143280984064 for more information. @ https://app-spa.qa.poli.digital/login:0
[    2057ms] [ERROR] WebSocket connection to 'wss://ms.qa.poli.digital/spa-websocket-ativo?auth_token=eyJhbGciOiJIUzI1NiIsInR5cCI6IkpXVCJ9.eyJzY29wZSI6InBvbGlfdXNlciIsInVzZXIiOnsiaWQiOjc5MzU2LCJlbWFpbCI6Inl1cmkuY2FzdHJvQHBvbGkuZGlnaXRhbCIsIm5hbWUiOiIiLCJjdXN0b21lcl9pZCI6NDY2NjcsImN1c3RvbWVycyI6WzEsNDY2NjcsNDc3MTVdLCJyb2xlcyI6WzEsMiwzXSwicGVybWlzc2lvbnMiOltdfSwicGVybWlzc2lvbnMiOltdLCJpYXQiOjE3NzkzOTE2NDYsImV4cCI6MTc3OTQ3ODA0Nn0.5jdiLAICE36mr_ekNF4dNj3eGGw_24Ggr5NTmf9_-kc&customer_id=46667' failed: HTTP Authentication failed; no valid credentials available @ https://app-spa.qa.poli.digital/static/js/main.c3fe8322.js:1
[    2057ms] [LOG] websocket on close - ws_unauthorized false @ https://app-spa.qa.poli.digital/static/js/main.c3fe8322.js:1
[    2584ms] [ERROR] Amplitude Logger [Error]: Failed to fetch @ https://app-spa.qa.poli.digital/static/js/main.c3fe8322.js:1
[    2585ms] [WARNING] Amplitude Logger [Warn]: {code: 0, error: "Status 'failed' provided for 1 events"} @ https://app-spa.qa.poli.digital/static/js/main.c3fe8322.js:1
[    2733ms] [WARNING] Notifications permission has been blocked as the user has ignored the permission prompt several times. This can be reset in Page Info which can be accessed by clicking the tune icon next to the URL. See https://www.chromestatus.com/feature/6443143280984064 for more information. @ https://app-spa.qa.poli.digital/login?force_login=true:0
[    3087ms] [VERBOSE] [DOM] Input elements should have autocomplete attributes (suggested: "current-password"): (More info: https://goo.gl/9p2vKq) %o @ https://app-spa.qa.poli.digital/login?force_login=true:0
[    3440ms] [ERROR] Failed to load resource: the server responded with a status of 401 () @ https://foundation-api.qa.poli.digital/v3/users/settings/language:0
[    3441ms] [ERROR] [UserPreferencesService] Failed to get language: Error: Dados de autenticação não encontrados. Faça login novamente.
    at https://app-spa.qa.poli.digital/static/js/main.c3fe8322.js:2:2278571
    at f (https://app-spa.qa.poli.digital/static/js/main.c3fe8322.js:2:1825709)
    at Generator.<anonymous> (https://app-spa.qa.poli.digital/static/js/main.c3fe8322.js:2:1827061)
    at Generator.next (https://app-spa.qa.poli.digital/static/js/main.c3fe8322.js:2:1826138)
    at r (https://app-spa.qa.poli.digital/static/js/main.c3fe8322.js:2:1819801)
    at s (https://app-spa.qa.poli.digital/static/js/main.c3fe8322.js:2:1820012)
    at https://app-spa.qa.poli.digital/static/js/main.c3fe8322.js:2:1820071
    at new Promise (<anonymous>)
    at https://app-spa.qa.poli.digital/static/js/main.c3fe8322.js:2:1819952
    at https://app-spa.qa.poli.digital/static/js/main.c3fe8322.js:2:2281621 @ https://app-spa.qa.poli.digital/static/js/main.c3fe8322.js:1
[    3442ms] [WARNING] Não foi possível carregar idioma salvo, usando padrão: Error: Dados de autenticação não encontrados. Faça login novamente.
    at https://app-spa.qa.poli.digital/static/js/main.c3fe8322.js:2:2278571
    at f (https://app-spa.qa.poli.digital/static/js/main.c3fe8322.js:2:1825709)
    at Generator.<anonymous> (https://app-spa.qa.poli.digital/static/js/main.c3fe8322.js:2:1827061)
    at Generator.next (https://app-spa.qa.poli.digital/static/js/main.c3fe8322.js:2:1826138)
    at r (https://app-spa.qa.poli.digital/static/js/main.c3fe8322.js:2:1819801)
    at s (https://app-spa.qa.poli.digital/static/js/main.c3fe8322.js:2:1820012)
    at https://app-spa.qa.poli.digital/static/js/main.c3fe8322.js:2:1820071
    at new Promise (<anonymous>)
    at https://app-spa.qa.poli.digital/static/js/main.c3fe8322.js:2:1819952
    at https://app-spa.qa.poli.digital/static/js/main.c3fe8322.js:2:2281621 @ https://app-spa.qa.poli.digital/static/js/main.c3fe8322.js:1
[    4247ms] [WARNING] <meta name="apple-mobile-web-app-capable" content="yes"> is deprecated. Please include <meta name="mobile-web-app-capable" content="yes"> @ https://app-spa.qa.poli.digital/login?force_login=true:0
[    4249ms] [WARNING] Notifications permission has been blocked as the user has ignored the permission prompt several times. This can be reset in Page Info which can be accessed by clicking the tune icon next to the URL. See https://www.chromestatus.com/feature/6443143280984064 for more information. @ https://app-spa.qa.poli.digital/login?force_login=true:0
[    8892ms] [ERROR] Failed to load resource: the server responded with a status of 401 () @ https://heimdall.qa.poli.digital/auth/token:0
[    8893ms] [ERROR] Erro ao fazer login com o Heimdall rd @ https://app-spa.qa.poli.digital/static/js/main.c3fe8322.js:1
[    8893ms] [ERROR] login error Error: Token not received!
    at https://app-spa.qa.poli.digital/static/js/main.c3fe8322.js:2:3375139
    at f (https://app-spa.qa.poli.digital/static/js/main.c3fe8322.js:2:1825709)
    at Generator.<anonymous> (https://app-spa.qa.poli.digital/static/js/main.c3fe8322.js:2:1827061)
    at Generator.next (https://app-spa.qa.poli.digital/static/js/main.c3fe8322.js:2:1826138)
    at d (https://app-spa.qa.poli.digital/static/js/main.c3fe8322.js:2:2814259)
    at l (https://app-spa.qa.poli.digital/static/js/main.c3fe8322.js:2:2814593) @ https://app-spa.qa.poli.digital/static/js/main.c3fe8322.js:1
[    9002ms] [VERBOSE] [DOM] Input elements should have autocomplete attributes (suggested: "current-password"): (More info: https://goo.gl/9p2vKq) %o @ https://app-spa.qa.poli.digital/login?force_login=true:0
[   33965ms] [LOG] openSocketRequest @ https://app-spa.qa.poli.digital/static/js/main.c3fe8322.js:1
[   34383ms] [ERROR] Failed to load resource: the server responded with a status of 403 () @ https://heimdall.qa.poli.digital/auth/foundation/allowed:0
[   34385ms] [ERROR] Erro ao verificar permissão de uso da nova tela de chats rd @ https://app-spa.qa.poli.digital/static/js/main.c3fe8322.js:1
[   35972ms] [ERROR] Failed to load resource: the server responded with a status of 401 () @ https://homolog.qa.poli.digital/user/presence:0
[   36305ms] TypeError: Cannot read properties of undefined (reading 'plugin')
    at <anonymous>:1:101
    at <anonymous>:1:126
    at https://www.googletagmanager.com/gtm.js?id=GTM-M2LRLQN:892:429
    at VR (https://www.googletagmanager.com/gtm.js?id=GTM-M2LRLQN:894:31)
    at Nd.UR (https://www.googletagmanager.com/gtm.js?id=GTM-M2LRLQN:891:92)
    at Nd.<anonymous> (https://www.googletagmanager.com/gtm.js?id=GTM-M2LRLQN:304:187)
    at k.apply (https://www.googletagmanager.com/gtm.js?id=GTM-M2LRLQN:230:466)
    at hb (https://www.googletagmanager.com/gtm.js?id=GTM-M2LRLQN:193:719)
    at gb (https://www.googletagmanager.com/gtm.js?id=GTM-M2LRLQN:193:470)
    at Nd.<anonymous> (https://www.googletagmanager.com/gtm.js?id=GTM-M2LRLQN:254:473)
