[     866ms] [LOG] i18next: languageChanged pt @ https://spa.qa.poli.digital/assets/index-C7Uxcqvc.js:101
[     866ms] [LOG] i18next: initialized {debug: true, initAsync: true, ns: Array(1), defaultNS: Array(1), fallbackLng: Array(1)} @ https://spa.qa.poli.digital/assets/index-C7Uxcqvc.js:101
[     941ms] [WARNING] Replay is disabled because neither `replaysSessionSampleRate` nor `replaysOnErrorSampleRate` are set. @ https://spa.qa.poli.digital/assets/index-C7Uxcqvc.js:76
[    1218ms] [LOG] i18next: languageChanged pt @ https://spa.qa.poli.digital/assets/index-C7Uxcqvc.js:69
[    1226ms] [ERROR] error ao buscar chats TypeError: Cannot read properties of undefined (reading 'data')
    at H0t (https://spa.qa.poli.digital/assets/index-C7Uxcqvc.js:1087:26145)
    at async C (https://spa.qa.poli.digital/assets/index-C7Uxcqvc.js:54:37954)
    at async Object.d [as fn] (https://spa.qa.poli.digital/assets/index-C7Uxcqvc.js:54:38261) @ https://spa.qa.poli.digital/assets/index-C7Uxcqvc.js:69
[    1262ms] [ERROR] Failed to load resource: the server responded with a status of 401 () @ https://foundation-api.qa.poli.digital/v3/users/settings/summary:0
[    1264ms] [ERROR] [UserPreferencesService] Failed to get summary: TypeError: Cannot read properties of undefined (reading 'data')
    at vne.getSummary (https://spa.qa.poli.digital/assets/index-C7Uxcqvc.js:2191:64686)
    at async https://spa.qa.poli.digital/assets/index-C7Uxcqvc.js:2191:65346 @ https://spa.qa.poli.digital/assets/index-C7Uxcqvc.js:69
[    1264ms] [ERROR] [useUserPreferences] Error: TypeError: Cannot read properties of undefined (reading 'data')
    at vne.getSummary (https://spa.qa.poli.digital/assets/index-C7Uxcqvc.js:2191:64686)
    at async https://spa.qa.poli.digital/assets/index-C7Uxcqvc.js:2191:65346 @ https://spa.qa.poli.digital/assets/index-C7Uxcqvc.js:69
[    1425ms] [INFO] WebSocket: Conexão estabelecida @ https://spa.qa.poli.digital/assets/index-C7Uxcqvc.js:69
[    1792ms] [ERROR] Amplitude Logger [Error]: Failed to fetch (api2.amplitude.com) @ https://spa.qa.poli.digital/assets/index-C7Uxcqvc.js:69
[    1794ms] [WARNING] Amplitude Logger [Warn]: {code: 0, error: "Status 'failed' provided for 2 events"} @ https://spa.qa.poli.digital/assets/index-C7Uxcqvc.js:69
[    2095ms] [LOG] i18next: languageChanged pt @ https://spa.qa.poli.digital/assets/index-C7Uxcqvc.js:101
[    2095ms] [LOG] i18next: initialized {debug: true, initAsync: true, ns: Array(1), defaultNS: Array(1), fallbackLng: Array(1)} @ https://spa.qa.poli.digital/assets/index-C7Uxcqvc.js:101
[    2144ms] [WARNING] Replay is disabled because neither `replaysSessionSampleRate` nor `replaysOnErrorSampleRate` are set. @ https://spa.qa.poli.digital/assets/index-C7Uxcqvc.js:76
[    2174ms] [LOG] i18next: languageChanged pt @ https://spa.qa.poli.digital/assets/index-C7Uxcqvc.js:69
[    2638ms] [INFO] WebSocket: Conexão estabelecida @ https://spa.qa.poli.digital/assets/index-C7Uxcqvc.js:69
[   12292ms] [LOG] i18next: languageChanged pt @ https://spa.qa.poli.digital/assets/index-C7Uxcqvc.js:69
[   41846ms] [ERROR] Failed to load resource: net::ERR_TIMED_OUT @ https://api2.amplitude.com/2/httpapi:0
[   41848ms] [ERROR] Amplitude Logger [Error]: Failed to fetch (api2.amplitude.com) @ https://spa.qa.poli.digital/assets/index-C7Uxcqvc.js:69
[   41849ms] [WARNING] Amplitude Logger [Warn]: {code: 0, error: "Status 'failed' provided for 3 events"} @ https://spa.qa.poli.digital/assets/index-C7Uxcqvc.js:69
