[     272ms] [LOG] i18next: languageChanged pt @ https://spa-canary.poli.digital/assets/index-DjxF6uES.js:101
[     273ms] [LOG] i18next: initialized {debug: true, initAsync: true, ns: Array(1), defaultNS: Array(1), fallbackLng: Array(1)} @ https://spa-canary.poli.digital/assets/index-DjxF6uES.js:101
[     350ms] [WARNING] Replay is disabled because neither `replaysSessionSampleRate` nor `replaysOnErrorSampleRate` are set. @ https://spa-canary.poli.digital/assets/index-DjxF6uES.js:76
[     670ms] [ERROR] Failed to load resource: the server responded with a status of 404 () @ https://foundation-api-canary.poli.digital/v3/accounts/f4cf01a3-47b6-11f0-a21f-02f29315759f/tags/metrics:0
[     672ms] [ERROR] Failed to load resource: the server responded with a status of 404 () @ https://foundation-api-canary.poli.digital/v3/crm/index:0
[     677ms] [ERROR] getCrmUserToken - Error on get crm user token: AxiosError: Request failed with status code 404
    at kBe (https://spa-canary.poli.digital/assets/index-DjxF6uES.js:1105:10207)
    at XMLHttpRequest.x (https://spa-canary.poli.digital/assets/index-DjxF6uES.js:1105:15780)
    at w2.request (https://spa-canary.poli.digital/assets/index-DjxF6uES.js:1107:2243)
    at async uz.getUserToken (https://spa-canary.poli.digital/assets/index-DjxF6uES.js:2236:44294)
    at async https://spa-canary.poli.digital/assets/index-DjxF6uES.js:2236:44585 @ https://spa-canary.poli.digital/assets/index-DjxF6uES.js:69
[     821ms] [LOG] i18next::translator: missingKey pt tags delete.title delete.title @ https://spa-canary.poli.digital/assets/index-DjxF6uES.js:69
[     821ms] [LOG] i18next::translator: missingKey pt tags delete.confirm delete.confirm @ https://spa-canary.poli.digital/assets/index-DjxF6uES.js:69
[     822ms] [LOG] i18next::translator: missingKey pt tags delete.cancel delete.cancel @ https://spa-canary.poli.digital/assets/index-DjxF6uES.js:69
[     833ms] [LOG] i18next::translator: missingKey pt tags delete.title delete.title @ https://spa-canary.poli.digital/assets/index-DjxF6uES.js:69
[     834ms] [LOG] i18next::translator: missingKey pt tags delete.confirm delete.confirm @ https://spa-canary.poli.digital/assets/index-DjxF6uES.js:69
[     835ms] [LOG] i18next::translator: missingKey pt tags delete.cancel delete.cancel @ https://spa-canary.poli.digital/assets/index-DjxF6uES.js:69
[     842ms] [LOG] i18next::translator: missingKey pt tags delete.title delete.title @ https://spa-canary.poli.digital/assets/index-DjxF6uES.js:69
[     844ms] [LOG] i18next::translator: missingKey pt tags delete.confirm delete.confirm @ https://spa-canary.poli.digital/assets/index-DjxF6uES.js:69
[     845ms] [LOG] i18next::translator: missingKey pt tags delete.cancel delete.cancel @ https://spa-canary.poli.digital/assets/index-DjxF6uES.js:69
[     854ms] [LOG] i18next::translator: missingKey pt tags delete.title delete.title @ https://spa-canary.poli.digital/assets/index-DjxF6uES.js:69
[     854ms] [LOG] i18next::translator: missingKey pt tags delete.confirm delete.confirm @ https://spa-canary.poli.digital/assets/index-DjxF6uES.js:69
[     856ms] [LOG] i18next::translator: missingKey pt tags delete.cancel delete.cancel @ https://spa-canary.poli.digital/assets/index-DjxF6uES.js:69
[     864ms] [LOG] i18next::translator: missingKey pt tags delete.title delete.title @ https://spa-canary.poli.digital/assets/index-DjxF6uES.js:69
[     864ms] [LOG] i18next::translator: missingKey pt tags delete.confirm delete.confirm @ https://spa-canary.poli.digital/assets/index-DjxF6uES.js:69
[     865ms] [LOG] i18next::translator: missingKey pt tags delete.cancel delete.cancel @ https://spa-canary.poli.digital/assets/index-DjxF6uES.js:69
[     869ms] [LOG] i18next::translator: missingKey pt tags delete.title delete.title @ https://spa-canary.poli.digital/assets/index-DjxF6uES.js:69
[     869ms] [LOG] i18next::translator: missingKey pt tags delete.confirm delete.confirm @ https://spa-canary.poli.digital/assets/index-DjxF6uES.js:69
[     870ms] [LOG] i18next::translator: missingKey pt tags delete.cancel delete.cancel @ https://spa-canary.poli.digital/assets/index-DjxF6uES.js:69
[     876ms] [LOG] i18next::translator: missingKey pt tags delete.title delete.title @ https://spa-canary.poli.digital/assets/index-DjxF6uES.js:69
[     879ms] [LOG] i18next::translator: missingKey pt tags delete.confirm delete.confirm @ https://spa-canary.poli.digital/assets/index-DjxF6uES.js:69
[     880ms] [LOG] i18next::translator: missingKey pt tags delete.cancel delete.cancel @ https://spa-canary.poli.digital/assets/index-DjxF6uES.js:69
[     886ms] [LOG] i18next::translator: missingKey pt tags delete.title delete.title @ https://spa-canary.poli.digital/assets/index-DjxF6uES.js:69
[     887ms] [LOG] i18next::translator: missingKey pt tags delete.confirm delete.confirm @ https://spa-canary.poli.digital/assets/index-DjxF6uES.js:69
[     887ms] [LOG] i18next::translator: missingKey pt tags delete.cancel delete.cancel @ https://spa-canary.poli.digital/assets/index-DjxF6uES.js:69
[     896ms] [LOG] i18next::translator: missingKey pt tags delete.title delete.title @ https://spa-canary.poli.digital/assets/index-DjxF6uES.js:69
[     898ms] [LOG] i18next::translator: missingKey pt tags delete.confirm delete.confirm @ https://spa-canary.poli.digital/assets/index-DjxF6uES.js:69
[     899ms] [LOG] i18next::translator: missingKey pt tags delete.cancel delete.cancel @ https://spa-canary.poli.digital/assets/index-DjxF6uES.js:69
[     947ms] [INFO] WebSocket: Conexão estabelecida @ https://spa-canary.poli.digital/assets/index-DjxF6uES.js:69
