[     926ms] [LOG] i18next: languageChanged pt @ https://spa-canary.poli.digital/assets/index-C2MjhjBp.js:101
[     926ms] [LOG] i18next: initialized {debug: true, initAsync: true, ns: Array(1), defaultNS: Array(1), fallbackLng: Array(1)} @ https://spa-canary.poli.digital/assets/index-C2MjhjBp.js:101
[    1006ms] [WARNING] Replay is disabled because neither `replaysSessionSampleRate` nor `replaysOnErrorSampleRate` are set. @ https://spa-canary.poli.digital/assets/index-C2MjhjBp.js:76
[    1496ms] TypeError: Cannot read properties of undefined (reading 'plugin')
    at <anonymous>:1:101
    at <anonymous>:1:126
    at https://www.googletagmanager.com/gtm.js?id=GTM-M2LRLQN:895:429
    at qS (https://www.googletagmanager.com/gtm.js?id=GTM-M2LRLQN:897:31)
    at Od.pS (https://www.googletagmanager.com/gtm.js?id=GTM-M2LRLQN:894:92)
    at Od.<anonymous> (https://www.googletagmanager.com/gtm.js?id=GTM-M2LRLQN:309:187)
    at k.apply (https://www.googletagmanager.com/gtm.js?id=GTM-M2LRLQN:231:466)
    at hb (https://www.googletagmanager.com/gtm.js?id=GTM-M2LRLQN:193:719)
    at gb (https://www.googletagmanager.com/gtm.js?id=GTM-M2LRLQN:193:470)
    at Od.<anonymous> (https://www.googletagmanager.com/gtm.js?id=GTM-M2LRLQN:255:473)
    at k.apply (https://www.googletagmanager.com/gtm.js?id=GTM-M2LRLQN:231:466)
    at hb (https://www.googletagmanager.com/gtm.js?id=GTM-M2LRLQN:193:719)
    at k.Lq (https://www.googletagmanager.com/gtm.js?id=GTM-M2LRLQN:193:1286)
    at uf (https://www.googletagmanager.com/gtm.js?id=GTM-M2LRLQN:266:960)
    at https://www.googletagmanager.com/gtm.js?id=GTM-M2LRLQN:719:315
    at Kz (https://www.googletagmanager.com/gtm.js?id=GTM-M2LRLQN:622:1)
    at Pz.evaluate (https://www.googletagmanager.com/gtm.js?id=GTM-M2LRLQN:626:722)
    at e (https://www.googletagmanager.com/gtm.js?id=GTM-M2LRLQN:646:170)
    at https://www.googletagmanager.com/gtm.js?id=GTM-M2LRLQN:198:125
    at Array.<anonymous> (https://www.googletagmanager.com/gtm.js?id=GTM-M2LRLQN:647:360)
    at Object.execute (https://www.googletagmanager.com/gtm.js?id=GTM-M2LRLQN:647:100)
    at mB (https://www.googletagmanager.com/gtm.js?id=GTM-M2LRLQN:647:742)
    at pB (https://www.googletagmanager.com/gtm.js?id=GTM-M2LRLQN:651:183)
    at BD (https://www.googletagmanager.com/gtm.js?id=GTM-M2LRLQN:696:252)
    at c.push (https://www.googletagmanager.com/gtm.js?id=GTM-M2LRLQN:700:209)
    at c.push (https://www.googletagmanager.com/gtag/js?id=G-EPZWL6H9X8&cx=c&gtm=4e6631:687:69)
    at c.push (https://www.googletagmanager.com/gtag/js?id=AW-806600684:863:69)
    at c.push (https://www.googletagmanager.com/gtag/js?id=UA-118273772-1&cx=c&gtm=4e6631:551:69)
    at https://www.googletagmanager.com/gtm.js?id=GTM-M2LRLQN:700:495
    at r (https://spa-canary.poli.digital/assets/index-C2MjhjBp.js:70:9812)
[    1590ms] [INFO] WebSocket: Conexão estabelecida @ https://spa-canary.poli.digital/assets/index-C2MjhjBp.js:69
[    2738ms] [ERROR] Failed to load resource: the server responded with a status of 403 () @ https://pps.whatsapp.net/v/t61.24694-24/437184832_898610138517247_1283479863683724595_n.jpg?ccb=11-4&oh=01_Q5Aa4gGX2ma97syCUx2rsuB7d4avSxodCswO68toDPKKOhnlOQ&oe=6A0F4E99&_nc_sid=5e03e0&_nc_cat=107:0
[    3320ms] [ERROR] Failed to load resource: the server responded with a status of 403 () @ https://pps.whatsapp.net/v/t61.24694-24/437184832_898610138517247_1283479863683724595_n.jpg?ccb=11-4&oh=01_Q5Aa4gGX2ma97syCUx2rsuB7d4avSxodCswO68toDPKKOhnlOQ&oe=6A0F4E99&_nc_sid=5e03e0&_nc_cat=107:0
[    5412ms] Identifier 'TCRMEmbed' has already been declared
[    5412ms] Identifier 'TCRMEmbed' has already been declared
[   33138ms] [ERROR] Failed to load resource: the server responded with a status of 403 () @ https://pps.whatsapp.net/v/t61.24694-24/625666365_759977250490832_6684608387390343637_n.jpg?ccb=11-4&oh=01_Q5Aa4gF74nXX1IFuDVpsCXbeGYBUpnZIIG_52ic0LhoUXDZbhQ&oe=6A1335DC&_nc_sid=5e03e0&_nc_cat=101:0
[   39727ms] [ERROR] Failed to load resource: the server responded with a status of 403 () @ https://pps.whatsapp.net/v/t61.24694-24/625666365_759977250490832_6684608387390343637_n.jpg?ccb=11-4&oh=01_Q5Aa4gF74nXX1IFuDVpsCXbeGYBUpnZIIG_52ic0LhoUXDZbhQ&oe=6A1335DC&_nc_sid=5e03e0&_nc_cat=101:0
[   71419ms] [ERROR] Failed to load resource: the server responded with a status of 403 () @ https://pps.whatsapp.net/v/t61.24694-24/625666365_759977250490832_6684608387390343637_n.jpg?ccb=11-4&oh=01_Q5Aa4gF74nXX1IFuDVpsCXbeGYBUpnZIIG_52ic0LhoUXDZbhQ&oe=6A1335DC&_nc_sid=5e03e0&_nc_cat=101:0
[   79451ms] [ERROR] Failed to load resource: the server responded with a status of 403 () @ https://pps.whatsapp.net/v/t61.24694-24/625666365_759977250490832_6684608387390343637_n.jpg?ccb=11-4&oh=01_Q5Aa4gF74nXX1IFuDVpsCXbeGYBUpnZIIG_52ic0LhoUXDZbhQ&oe=6A1335DC&_nc_sid=5e03e0&_nc_cat=101:0
[   83978ms] [ERROR] Failed to load resource: the server responded with a status of 403 () @ https://pps.whatsapp.net/v/t61.24694-24/625666365_759977250490832_6684608387390343637_n.jpg?ccb=11-4&oh=01_Q5Aa4gF74nXX1IFuDVpsCXbeGYBUpnZIIG_52ic0LhoUXDZbhQ&oe=6A1335DC&_nc_sid=5e03e0&_nc_cat=101:0
[  314456ms] [ERROR] Failed to load resource: the server responded with a status of 403 () @ https://pps.whatsapp.net/v/t61.24694-24/625666365_759977250490832_6684608387390343637_n.jpg?ccb=11-4&oh=01_Q5Aa4gF74nXX1IFuDVpsCXbeGYBUpnZIIG_52ic0LhoUXDZbhQ&oe=6A1335DC&_nc_sid=5e03e0&_nc_cat=101:0
[  387188ms] [ERROR] Failed to load resource: the server responded with a status of 403 () @ https://pps.whatsapp.net/v/t61.24694-24/625666365_759977250490832_6684608387390343637_n.jpg?ccb=11-4&oh=01_Q5Aa4gF74nXX1IFuDVpsCXbeGYBUpnZIIG_52ic0LhoUXDZbhQ&oe=6A1335DC&_nc_sid=5e03e0&_nc_cat=101:0
[  938093ms] [ERROR] Failed to load resource: the server responded with a status of 403 () @ https://pps.whatsapp.net/v/t61.24694-24/625666365_759977250490832_6684608387390343637_n.jpg?ccb=11-4&oh=01_Q5Aa4gF74nXX1IFuDVpsCXbeGYBUpnZIIG_52ic0LhoUXDZbhQ&oe=6A1335DC&_nc_sid=5e03e0&_nc_cat=101:0
[  943842ms] [ERROR] Failed to load resource: the server responded with a status of 403 () @ https://pps.whatsapp.net/v/t61.24694-24/625666365_759977250490832_6684608387390343637_n.jpg?ccb=11-4&oh=01_Q5Aa4gF74nXX1IFuDVpsCXbeGYBUpnZIIG_52ic0LhoUXDZbhQ&oe=6A1335DC&_nc_sid=5e03e0&_nc_cat=101:0
[  952004ms] [ERROR] Failed to load resource: the server responded with a status of 403 () @ https://pps.whatsapp.net/v/t61.24694-24/625666365_759977250490832_6684608387390343637_n.jpg?ccb=11-4&oh=01_Q5Aa4gF74nXX1IFuDVpsCXbeGYBUpnZIIG_52ic0LhoUXDZbhQ&oe=6A1335DC&_nc_sid=5e03e0&_nc_cat=101:0
[  972734ms] [LOG] i18next: languageChanged pt @ https://spa-canary.poli.digital/assets/index-C2MjhjBp.js:69
[  977595ms] [LOG] i18next: languageChanged pt @ https://spa-canary.poli.digital/assets/index-C2MjhjBp.js:101
[  977595ms] [LOG] i18next: initialized {debug: true, initAsync: true, ns: Array(1), defaultNS: Array(1), fallbackLng: Array(1)} @ https://spa-canary.poli.digital/assets/index-C2MjhjBp.js:101
[  977754ms] [WARNING] Replay is disabled because neither `replaysSessionSampleRate` nor `replaysOnErrorSampleRate` are set. @ https://spa-canary.poli.digital/assets/index-C2MjhjBp.js:76
[  978328ms] [INFO] WebSocket: Conexão estabelecida @ https://spa-canary.poli.digital/assets/index-C2MjhjBp.js:69
[  978397ms] [ERROR] Failed to load resource: the server responded with a status of 403 () @ https://foundation-api-canary.poli.digital/v3/accounts/payment-due-alert:0
[  979662ms] [ERROR] Failed to load resource: the server responded with a status of 403 () @ https://foundation-api-canary.poli.digital/v3/accounts/payment-due-alert:0
[  980970ms] Identifier 'TCRMEmbed' has already been declared
[  981872ms] [ERROR] Failed to load resource: the server responded with a status of 403 () @ https://foundation-api-canary.poli.digital/v3/accounts/payment-due-alert:0
[  986092ms] [ERROR] Failed to load resource: the server responded with a status of 403 () @ https://foundation-api-canary.poli.digital/v3/accounts/payment-due-alert:0
