[    1719ms] TypeError: Cannot read properties of undefined (reading 'plugin')
    at <anonymous>:1:101
    at <anonymous>:1:126
    at https://www.googletagmanager.com/gtm.js?id=GTM-M2LRLQN:892:429
    at VR (https://www.googletagmanager.com/gtm.js?id=GTM-M2LRLQN:894:31)
    at Nd.UR (https://www.googletagmanager.com/gtm.js?id=GTM-M2LRLQN:891:92)
    at Nd.<anonymous> (https://www.googletagmanager.com/gtm.js?id=GTM-M2LRLQN:304:187)
    at k.apply (https://www.googletagmanager.com/gtm.js?id=GTM-M2LRLQN:230:466)
    at hb (https://www.googletagmanager.com/gtm.js?id=GTM-M2LRLQN:193:719)
    at gb (https://www.googletagmanager.com/gtm.js?id=GTM-M2LRLQN:193:470)
    at Nd.<anonymous> (https://www.googletagmanager.com/gtm.js?id=GTM-M2LRLQN:254:473)
[   45408ms] [ERROR] Failed to load resource: the server responded with a status of 404 () @ https://homolog.qa.poli.digital/api/v1/customers/1/whatsapp/send_flow_template/channels/1522/phone/556299210609:0
[   45416ms] [ERROR] Failed to load resource: the server responded with a status of 404 () @ https://homolog.qa.poli.digital/api/v1/customers/1/whatsapp/send_flow_template/channels/1522/phone/556299210609:0
[   45417ms] [ERROR] Failed to load resource: the server responded with a status of 404 () @ https://homolog.qa.poli.digital/api/v1/customers/1/whatsapp/send_flow_template/channels/1522/phone/556299210609:0
[   45418ms] [ERROR] Failed to load resource: the server responded with a status of 404 () @ https://homolog.qa.poli.digital/api/v1/customers/1/whatsapp/send_flow_template/channels/1522/phone/556299210609:0
[   45418ms] [ERROR] Failed to load resource: the server responded with a status of 404 () @ https://homolog.qa.poli.digital/api/v1/customers/1/whatsapp/send_flow_template/channels/1522/phone/556299210609:0
[   45419ms] [ERROR] Failed to load resource: the server responded with a status of 404 () @ https://homolog.qa.poli.digital/api/v1/customers/1/whatsapp/send_flow_template/channels/1522/phone/556299210609:0
[   45420ms] [ERROR] Failed to load resource: the server responded with a status of 404 () @ https://homolog.qa.poli.digital/api/v1/customers/1/whatsapp/send_flow_template/channels/1522/phone/556299210609:0
[   45672ms] [ERROR] Failed to load resource: the server responded with a status of 400 () @ https://homolog.qa.poli.digital/api/v1/customers/1/whatsapp/send_flow_template/channels/1522/phone/TELEFONE_INVALIDO:0
[  174123ms] [ERROR] Failed to load resource: the server responded with a status of 404 () @ https://homolog.qa.poli.digital/api/v1/customers/1/whatsapp/send_flow_template/channels/1522/phone/556299210609:0
[  174130ms] [ERROR] Failed to load resource: the server responded with a status of 404 () @ https://homolog.qa.poli.digital/api/v1/customers/1/whatsapp/send_flow_template/channels/1522/phone/556299210609:0
[  174132ms] [ERROR] Failed to load resource: the server responded with a status of 404 () @ https://homolog.qa.poli.digital/api/v1/customers/1/whatsapp/send_flow_template/channels/1522/phone/556299210609:0
[  174133ms] [ERROR] Failed to load resource: the server responded with a status of 404 () @ https://homolog.qa.poli.digital/api/v1/customers/1/whatsapp/send_flow_template/channels/1522/phone/556299210609:0
[  174134ms] [ERROR] Failed to load resource: the server responded with a status of 404 () @ https://homolog.qa.poli.digital/api/v1/customers/1/whatsapp/send_flow_template/channels/1522/phone/556299210609:0
[  174135ms] [ERROR] Failed to load resource: the server responded with a status of 404 () @ https://homolog.qa.poli.digital/api/v1/customers/1/whatsapp/send_flow_template/channels/1522/phone/556299210609:0
[  174137ms] [ERROR] Failed to load resource: the server responded with a status of 404 () @ https://homolog.qa.poli.digital/api/v1/customers/1/whatsapp/send_flow_template/channels/1522/phone/556299210609:0
[  174138ms] [ERROR] Failed to load resource: the server responded with a status of 404 () @ https://homolog.qa.poli.digital/api/v1/customers/1/whatsapp/send_flow_template/channels/1522/phone/556299210609:0
[  174141ms] [ERROR] Failed to load resource: the server responded with a status of 404 () @ https://homolog.qa.poli.digital/api/v1/customers/1/whatsapp/send_flow_template/channels/1522/phone/556299210609:0
[  174142ms] [ERROR] Failed to load resource: the server responded with a status of 404 () @ https://homolog.qa.poli.digital/api/v1/customers/1/whatsapp/send_flow_template/channels/1522/phone/556299210609:0
[  174144ms] [ERROR] Failed to load resource: the server responded with a status of 404 () @ https://homolog.qa.poli.digital/api/v1/customers/1/whatsapp/send_flow_template/channels/1522/phone/556299210609:0
[  174145ms] [ERROR] Failed to load resource: the server responded with a status of 404 () @ https://homolog.qa.poli.digital/api/v1/customers/1/whatsapp/send_flow_template/channels/1522/phone/556299210609:0
