[    1784ms] [LOG] i18next: languageChanged pt @ https://spa-canary.poli.digital/assets/index-D8Tbkmad.js:101
[    1785ms] [LOG] i18next: initialized {debug: true, initAsync: true, ns: Array(1), defaultNS: Array(1), fallbackLng: Array(1)} @ https://spa-canary.poli.digital/assets/index-D8Tbkmad.js:101
[    1966ms] [WARNING] Replay is disabled because neither `replaysSessionSampleRate` nor `replaysOnErrorSampleRate` are set. @ https://spa-canary.poli.digital/assets/index-D8Tbkmad.js:76
[    2267ms] [ERROR] error ao buscar chats CanceledError: canceled
    at yB (https://spa-canary.poli.digital/assets/index-D8Tbkmad.js:1103:282)
    at _2.Rue (https://spa-canary.poli.digital/assets/index-D8Tbkmad.js:1103:320)
    at async _2.request (https://spa-canary.poli.digital/assets/index-D8Tbkmad.js:1103:2147)
    at async gDt (https://spa-canary.poli.digital/assets/index-D8Tbkmad.js:1137:36156)
    at async C (https://spa-canary.poli.digital/assets/index-D8Tbkmad.js:54:37980)
    at async Object.u [as fn] (https://spa-canary.poli.digital/assets/index-D8Tbkmad.js:54:38287) @ https://spa-canary.poli.digital/assets/index-D8Tbkmad.js:69
[    2585ms] [INFO] WebSocket: Conexão estabelecida @ https://spa-canary.poli.digital/assets/index-D8Tbkmad.js:69
[    3038ms] [ERROR] Failed to load resource: the server responded with a status of 401 () @ https://foundation-api-canary.poli.digital/v3/accounts/9b8af98e-73f4-4fe9-b33b-7aa47b0369bf/chats?include=type,chat_status,read_status,attributes,attendant,team,last_message,tags,unread_messages&status=OPEN&assigned=myself&assigned_status=ASSIGNED&order=-date_last_message&contact_type=WITHOUT_CAMPAIGN:0
[    3042ms] [ERROR] Failed to load resource: the server responded with a status of 401 () @ https://foundation-api-canary.poli.digital/v3/accounts/non-payment/9b8af98e-73f4-4fe9-b33b-7aa47b0369bf:0
[    3047ms] [ERROR] Failed to load resource: the server responded with a status of 401 () @ https://foundation-api-canary.poli.digital/v3/accounts/9b8af98e-73f4-4fe9-b33b-7aa47b0369bf/chats/pinned:0
[    3051ms] [ERROR] Failed to load resource: the server responded with a status of 401 () @ https://foundation-api-canary.poli.digital/v3/users/settings/summary:0
[    3052ms] [ERROR] Failed to load resource: the server responded with a status of 401 () @ https://foundation-api-canary.poli.digital/v3/accounts/9b8af98e-73f4-4fe9-b33b-7aa47b0369bf/account-channels?include=uuid,uid,name,status,provider,integrator,metadata&page=1:0
[    3053ms] [ERROR] Failed to load resource: the server responded with a status of 401 () @ https://foundation-api-canary.poli.digital/v3/crm/index:0
[    3057ms] [ERROR] Failed to load resource: the server responded with a status of 401 () @ https://foundation-api-canary.poli.digital/v3/settings:0
[    3148ms] [ERROR] Failed to load resource: the server responded with a status of 401 () @ https://foundation-api-canary.poli.digital/v3/broadcasting/auth:0
[    3156ms] [ERROR] Failed to load resource: the server responded with a status of 401 () @ https://foundation-api-canary.poli.digital/v3/accounts/balance/9b8af98e-73f4-4fe9-b33b-7aa47b0369bf:0
[   19911ms] [ERROR] Failed to load resource: the server responded with a status of 401 () @ https://foundation-api-canary.poli.digital/v3/auth/get-me:0
[   58769ms] [ERROR] Failed to load resource: the server responded with a status of 403 () @ https://foundation-api-canary.poli.digital/v3/contacts/9bb49c4f-2c88-4a7f-84bb-38074c239b4b:0
[  128569ms] [ERROR] Failed to load resource: the server responded with a status of 404 () @ https://foundation-api-canary.poli.digital/v3/accounts/9b8af98e-0407-49a2-bce9-3620f29c513a/contacts/9bb49c4f-2c88-4a7f-84bb-38074c239b4b:0
[  142291ms] [ERROR] Failed to load resource: the server responded with a status of 500 () @ https://foundation-api-canary.poli.digital/v3/contacts/9bb49c4f-2c88-4a7f-84bb-38074c239b4b/messages?per_page=3&sort=-created_at:0
[  218874ms] [ERROR] Failed to load resource: the server responded with a status of 404 () @ https://foundation-api-canary.poli.digital/v3/accounts/9b8af98e-0407-49a2-bce9-3620f29c513a/webhooks:0
[  277765ms] [ERROR] Failed to load resource: the server responded with a status of 500 () @ https://foundation-api-canary.poli.digital/v3/contacts/9bb49c4f-2c88-4a7f-84bb-38074c239b4b/messages?per_page=5&sort=-created_at:0
[  416414ms] [ERROR] Failed to load resource: the server responded with a status of 404 () @ https://foundation-api-canary.poli.digital/v3/webhooks/a209f6e6-6bd6-4f8c-9a71-89763e97353d:0
[  718564ms] [LOG] i18next: languageChanged pt @ https://spa-canary.poli.digital/assets/index-D8Tbkmad.js:101
[  718565ms] [LOG] i18next: initialized {debug: true, initAsync: true, ns: Array(1), defaultNS: Array(1), fallbackLng: Array(1)} @ https://spa-canary.poli.digital/assets/index-D8Tbkmad.js:101
[  718658ms] [WARNING] Replay is disabled because neither `replaysSessionSampleRate` nor `replaysOnErrorSampleRate` are set. @ https://spa-canary.poli.digital/assets/index-D8Tbkmad.js:76
[  719110ms] [ERROR] Failed to load resource: the server responded with a status of 403 () @ https://foundation-api-canary.poli.digital/v3/accounts/9b8af98e-73f4-4fe9-b33b-7aa47b0369bf/applications?include=attributes,status,attachments,settings,resources,metadata&order=name&page=1&per_page=15:0
[  719180ms] [INFO] WebSocket: Conexão estabelecida @ https://spa-canary.poli.digital/assets/index-D8Tbkmad.js:69
[  720917ms] [ERROR] Failed to load resource: the server responded with a status of 403 () @ https://foundation-api-canary.poli.digital/v3/accounts/9b8af98e-73f4-4fe9-b33b-7aa47b0369bf/applications?include=attributes,status,attachments,settings,resources,metadata&order=name&page=1&per_page=15:0
[  723139ms] [ERROR] Failed to load resource: the server responded with a status of 403 () @ https://foundation-api-canary.poli.digital/v3/accounts/9b8af98e-73f4-4fe9-b33b-7aa47b0369bf/applications?include=attributes,status,attachments,settings,resources,metadata&order=name&page=1&per_page=15:0
[  727399ms] [ERROR] Failed to load resource: the server responded with a status of 403 () @ https://foundation-api-canary.poli.digital/v3/accounts/9b8af98e-73f4-4fe9-b33b-7aa47b0369bf/applications?include=attributes,status,attachments,settings,resources,metadata&order=name&page=1&per_page=15:0
[  739898ms] [ERROR] Failed to load resource: the server responded with a status of 400 () @ https://api2.amplitude.com/2/httpapi:0
[  739901ms] [WARNING] Amplitude Logger [Warn]: {
  "error": "Request missing required field",
  "missingField": "",
  "eventsWithInvalidFields": {},
  "eventsWithMissingFields": {
    "event_type": [
      1
    ]
  },
  "eventsWithInvalidIdLengths": {},
  "epsThreshold": 0,
  "exceededDailyQuotaDevices": {},
  "silencedDevices": [],
  "silencedEvents": [],
  "throttledDevices": {},
  "throttledEvents": []
} @ https://spa-canary.poli.digital/assets/index-D8Tbkmad.js:69
[  739902ms] [ERROR] Amplitude Logger [Error]: Request missing required field @ https://spa-canary.poli.digital/assets/index-D8Tbkmad.js:69
[  741188ms] [ERROR] Failed to load resource: the server responded with a status of 400 () @ https://api2.amplitude.com/2/httpapi:0
[  741190ms] [WARNING] Amplitude Logger [Warn]: {
  "error": "Request missing required field",
  "missingField": "",
  "eventsWithInvalidFields": {},
  "eventsWithMissingFields": {
    "event_type": [
      2
    ]
  },
  "eventsWithInvalidIdLengths": {},
  "epsThreshold": 0,
  "exceededDailyQuotaDevices": {},
  "silencedDevices": [],
  "silencedEvents": [],
  "throttledDevices": {},
  "throttledEvents": []
} @ https://spa-canary.poli.digital/assets/index-D8Tbkmad.js:69
[  741191ms] [ERROR] Amplitude Logger [Error]: Request missing required field @ https://spa-canary.poli.digital/assets/index-D8Tbkmad.js:69
[  742455ms] [ERROR] Failed to load resource: the server responded with a status of 400 () @ https://api2.amplitude.com/2/httpapi:0
[  742458ms] [WARNING] Amplitude Logger [Warn]: {
  "error": "Request missing required field",
  "missingField": "",
  "eventsWithInvalidFields": {},
  "eventsWithMissingFields": {
    "event_type": [
      3
    ]
  },
  "eventsWithInvalidIdLengths": {},
  "epsThreshold": 0,
  "exceededDailyQuotaDevices": {},
  "silencedDevices": [],
  "silencedEvents": [],
  "throttledDevices": {},
  "throttledEvents": []
} @ https://spa-canary.poli.digital/assets/index-D8Tbkmad.js:69
[  742459ms] [ERROR] Amplitude Logger [Error]: Request missing required field @ https://spa-canary.poli.digital/assets/index-D8Tbkmad.js:69
[  790859ms] [LOG] i18next: languageChanged pt @ https://spa-canary.poli.digital/assets/index-D8Tbkmad.js:69
[  791965ms] [ERROR] Failed to load resource: the server responded with a status of 400 () @ https://api2.amplitude.com/2/httpapi:0
[  791968ms] [WARNING] Amplitude Logger [Warn]: {
  "error": "Request missing required field",
  "missingField": "",
  "eventsWithInvalidFields": {},
  "eventsWithMissingFields": {
    "event_type": [
      1
    ]
  },
  "eventsWithInvalidIdLengths": {},
  "epsThreshold": 0,
  "exceededDailyQuotaDevices": {},
  "silencedDevices": [],
  "silencedEvents": [],
  "throttledDevices": {},
  "throttledEvents": []
} @ https://spa-canary.poli.digital/assets/index-D8Tbkmad.js:69
[  791969ms] [ERROR] Amplitude Logger [Error]: Request missing required field @ https://spa-canary.poli.digital/assets/index-D8Tbkmad.js:69
[  792949ms] [INFO] WebSocket: Conexão finalizada @ https://spa-canary.poli.digital/assets/index-D8Tbkmad.js:69
[  792984ms] [WARNING] Select is changing from controlled to uncontrolled. Components should not switch from controlled to uncontrolled (or vice versa). Decide between using a controlled or uncontrolled value for the lifetime of the component. @ https://spa-canary.poli.digital/assets/index-D8Tbkmad.js:69
[  792985ms] [WARNING] Select is changing from controlled to uncontrolled. Components should not switch from controlled to uncontrolled (or vice versa). Decide between using a controlled or uncontrolled value for the lifetime of the component. @ https://spa-canary.poli.digital/assets/index-D8Tbkmad.js:69
[  793286ms] [LOG] i18next: languageChanged pt @ https://spa-canary.poli.digital/assets/index-D8Tbkmad.js:101
[  793286ms] [LOG] i18next: initialized {debug: true, initAsync: true, ns: Array(1), defaultNS: Array(1), fallbackLng: Array(1)} @ https://spa-canary.poli.digital/assets/index-D8Tbkmad.js:101
[  793348ms] [WARNING] Replay is disabled because neither `replaysSessionSampleRate` nor `replaysOnErrorSampleRate` are set. @ https://spa-canary.poli.digital/assets/index-D8Tbkmad.js:76
[  793389ms] [LOG] i18next: languageChanged pt @ https://spa-canary.poli.digital/assets/index-D8Tbkmad.js:69
[  793883ms] [INFO] WebSocket: Conexão estabelecida @ https://spa-canary.poli.digital/assets/index-D8Tbkmad.js:69
[  794846ms] [ERROR] Failed to load resource: the server responded with a status of 400 () @ https://api2.amplitude.com/2/httpapi:0
[  794852ms] [WARNING] Amplitude Logger [Warn]: {
  "error": "Request missing required field",
  "missingField": "",
  "eventsWithInvalidFields": {},
  "eventsWithMissingFields": {
    "event_type": [
      2
    ]
  },
  "eventsWithInvalidIdLengths": {},
  "epsThreshold": 0,
  "exceededDailyQuotaDevices": {},
  "silencedDevices": [],
  "silencedEvents": [],
  "throttledDevices": {},
  "throttledEvents": []
} @ https://spa-canary.poli.digital/assets/index-D8Tbkmad.js:69
[  803637ms] [LOG] i18next: languageChanged pt @ https://spa-canary.poli.digital/assets/index-D8Tbkmad.js:69
[  809065ms] Identifier 'TCRMEmbed' has already been declared
[  809945ms] [LOG] i18next: languageChanged pt @ https://spa-canary.poli.digital/assets/index-D8Tbkmad.js:101
[  809946ms] [LOG] i18next: initialized {debug: true, initAsync: true, ns: Array(1), defaultNS: Array(1), fallbackLng: Array(1)} @ https://spa-canary.poli.digital/assets/index-D8Tbkmad.js:101
[  810027ms] [WARNING] Replay is disabled because neither `replaysSessionSampleRate` nor `replaysOnErrorSampleRate` are set. @ https://spa-canary.poli.digital/assets/index-D8Tbkmad.js:76
[  810661ms] [INFO] WebSocket: Conexão estabelecida @ https://spa-canary.poli.digital/assets/index-D8Tbkmad.js:69
[  810684ms] TypeError: Cannot read properties of undefined (reading 'plugin')
    at <anonymous>:1:101
    at <anonymous>:1:126
    at https://www.googletagmanager.com/gtm.js?id=GTM-M2LRLQN:903:429
    at aS (https://www.googletagmanager.com/gtm.js?id=GTM-M2LRLQN:905:31)
    at Od.$R (https://www.googletagmanager.com/gtm.js?id=GTM-M2LRLQN:902:92)
    at Od.<anonymous> (https://www.googletagmanager.com/gtm.js?id=GTM-M2LRLQN:317:187)
    at k.apply (https://www.googletagmanager.com/gtm.js?id=GTM-M2LRLQN:239:466)
    at hb (https://www.googletagmanager.com/gtm.js?id=GTM-M2LRLQN:201:719)
    at gb (https://www.googletagmanager.com/gtm.js?id=GTM-M2LRLQN:201:470)
    at Od.<anonymous> (https://www.googletagmanager.com/gtm.js?id=GTM-M2LRLQN:263:473)
    at k.apply (https://www.googletagmanager.com/gtm.js?id=GTM-M2LRLQN:239:466)
    at hb (https://www.googletagmanager.com/gtm.js?id=GTM-M2LRLQN:201:719)
    at k.Uq (https://www.googletagmanager.com/gtm.js?id=GTM-M2LRLQN:201:1286)
    at uf (https://www.googletagmanager.com/gtm.js?id=GTM-M2LRLQN:274:960)
    at https://www.googletagmanager.com/gtm.js?id=GTM-M2LRLQN:728:315
    at Mz (https://www.googletagmanager.com/gtm.js?id=GTM-M2LRLQN:631:1)
    at Tz.evaluate (https://www.googletagmanager.com/gtm.js?id=GTM-M2LRLQN:636:289)
    at e (https://www.googletagmanager.com/gtm.js?id=GTM-M2LRLQN:656:170)
    at https://www.googletagmanager.com/gtm.js?id=GTM-M2LRLQN:206:125
    at Array.<anonymous> (https://www.googletagmanager.com/gtm.js?id=GTM-M2LRLQN:657:360)
    at Object.execute (https://www.googletagmanager.com/gtm.js?id=GTM-M2LRLQN:657:100)
    at qB (https://www.googletagmanager.com/gtm.js?id=GTM-M2LRLQN:657:742)
    at tB (https://www.googletagmanager.com/gtm.js?id=GTM-M2LRLQN:661:183)
    at DD (https://www.googletagmanager.com/gtm.js?id=GTM-M2LRLQN:705:231)
    at c.push (https://www.googletagmanager.com/gtm.js?id=GTM-M2LRLQN:709:209)
    at c.push (https://www.googletagmanager.com/gtag/js?id=AW-806600684:864:69)
    at c.push (https://www.googletagmanager.com/gtag/js?id=G-EPZWL6H9X8&cx=c&gtm=4e66f0:687:69)
    at c.push (https://www.googletagmanager.com/gtag/js?id=UA-118273772-1&cx=c&gtm=4e66f0:549:69)
    at https://www.googletagmanager.com/gtm.js?id=GTM-M2LRLQN:709:457
    at r (https://spa-canary.poli.digital/assets/index-D8Tbkmad.js:70:9827)
[  813701ms] [ERROR] Failed to load resource: the server responded with a status of 400 () @ https://api2.amplitude.com/2/httpapi:0
[  813704ms] [WARNING] Amplitude Logger [Warn]: {
  "error": "Request missing required field",
  "missingField": "",
  "eventsWithInvalidFields": {},
  "eventsWithMissingFields": {
    "event_type": [
      2
    ]
  },
  "eventsWithInvalidIdLengths": {},
  "epsThreshold": 0,
  "exceededDailyQuotaDevices": {},
  "silencedDevices": [],
  "silencedEvents": [],
  "throttledDevices": {},
  "throttledEvents": []
} @ https://spa-canary.poli.digital/assets/index-D8Tbkmad.js:69
[  813705ms] [ERROR] Amplitude Logger [Error]: Request missing required field @ https://spa-canary.poli.digital/assets/index-D8Tbkmad.js:69
[  817733ms] [ERROR] Failed to load resource: the server responded with a status of 400 () @ https://api2.amplitude.com/2/httpapi:0
[  817736ms] [WARNING] Amplitude Logger [Warn]: {
  "error": "Request missing required field",
  "missingField": "",
  "eventsWithInvalidFields": {},
  "eventsWithMissingFields": {
    "event_type": [
      2
    ]
  },
  "eventsWithInvalidIdLengths": {},
  "epsThreshold": 0,
  "exceededDailyQuotaDevices": {},
  "silencedDevices": [],
  "silencedEvents": [],
  "throttledDevices": {},
  "throttledEvents": []
} @ https://spa-canary.poli.digital/assets/index-D8Tbkmad.js:69
[  817736ms] [ERROR] Amplitude Logger [Error]: Request missing required field @ https://spa-canary.poli.digital/assets/index-D8Tbkmad.js:69
[  818733ms] [WARNING] Warning: Missing `Description` or `aria-describedby={undefined}` for {DialogContent}. @ https://spa-canary.poli.digital/assets/index-D8Tbkmad.js:69
[  820030ms] [ERROR] Failed to load resource: the server responded with a status of 400 () @ https://api2.amplitude.com/2/httpapi:0
[  820032ms] [ERROR] Amplitude Logger [Error]: Request missing required field @ https://spa-canary.poli.digital/assets/index-D8Tbkmad.js:69
[  822667ms] [ERROR] Failed to load resource: the server responded with a status of 400 () @ https://api2.amplitude.com/2/httpapi:0
[  822669ms] [WARNING] Amplitude Logger [Warn]: {
  "error": "Request missing required field",
  "missingField": "",
  "eventsWithInvalidFields": {},
  "eventsWithMissingFields": {
    "event_type": [
      3
    ]
  },
  "eventsWithInvalidIdLengths": {},
  "epsThreshold": 0,
  "exceededDailyQuotaDevices": {},
  "silencedDevices": [],
  "silencedEvents": [],
  "throttledDevices": {},
  "throttledEvents": []
} @ https://spa-canary.poli.digital/assets/index-D8Tbkmad.js:69
[  822670ms] [ERROR] Amplitude Logger [Error]: Request missing required field @ https://spa-canary.poli.digital/assets/index-D8Tbkmad.js:69
[  826150ms] [ERROR] Failed to load resource: the server responded with a status of 400 () @ https://api2.amplitude.com/2/httpapi:0
[  826153ms] [WARNING] Amplitude Logger [Warn]: {
  "error": "Request missing required field",
  "missingField": "",
  "eventsWithInvalidFields": {},
  "eventsWithMissingFields": {
    "event_type": [
      5,
      6,
      7,
      8,
      9
    ]
  },
  "eventsWithInvalidIdLengths": {},
  "epsThreshold": 0,
  "exceededDailyQuotaDevices": {},
  "silencedDevices": [],
  "silencedEvents": [],
  "throttledDevices": {},
  "throttledEvents": []
} @ https://spa-canary.poli.digital/assets/index-D8Tbkmad.js:69
[  826153ms] [ERROR] Amplitude Logger [Error]: Request missing required field @ https://spa-canary.poli.digital/assets/index-D8Tbkmad.js:69
[  826154ms] [ERROR] Amplitude Logger [Error]: Request missing required field @ https://spa-canary.poli.digital/assets/index-D8Tbkmad.js:69
[  826154ms] [ERROR] Amplitude Logger [Error]: Request missing required field @ https://spa-canary.poli.digital/assets/index-D8Tbkmad.js:69
[  826154ms] [ERROR] Amplitude Logger [Error]: Request missing required field @ https://spa-canary.poli.digital/assets/index-D8Tbkmad.js:69
[  826154ms] [ERROR] Amplitude Logger [Error]: Request missing required field @ https://spa-canary.poli.digital/assets/index-D8Tbkmad.js:69
[  828469ms] [ERROR] Failed to load resource: the server responded with a status of 400 () @ https://api2.amplitude.com/2/httpapi:0
[  828472ms] [WARNING] Amplitude Logger [Warn]: {
  "error": "Request missing required field",
  "missingField": "",
  "eventsWithInvalidFields": {},
  "eventsWithMissingFields": {
    "event_type": [
      5,
      6,
      7,
      8,
      9
    ]
  },
  "eventsWithInvalidIdLengths": {},
  "epsThreshold": 0,
  "exceededDailyQuotaDevices": {},
  "silencedDevices": [],
  "silencedEvents": [],
  "throttledDevices": {},
  "throttledEvents": []
} @ https://spa-canary.poli.digital/assets/index-D8Tbkmad.js:69
[  828472ms] [ERROR] Amplitude Logger [Error]: Request missing required field @ https://spa-canary.poli.digital/assets/index-D8Tbkmad.js:69
[  828473ms] [ERROR] Amplitude Logger [Error]: Request missing required field @ https://spa-canary.poli.digital/assets/index-D8Tbkmad.js:69
[  828473ms] [ERROR] Amplitude Logger [Error]: Request missing required field @ https://spa-canary.poli.digital/assets/index-D8Tbkmad.js:69
[  828473ms] [ERROR] Amplitude Logger [Error]: Request missing required field @ https://spa-canary.poli.digital/assets/index-D8Tbkmad.js:69
[  828473ms] [ERROR] Amplitude Logger [Error]: Request missing required field @ https://spa-canary.poli.digital/assets/index-D8Tbkmad.js:69
[  829742ms] [ERROR] Failed to load resource: the server responded with a status of 400 () @ https://api2.amplitude.com/2/httpapi:0
[  829747ms] [WARNING] Amplitude Logger [Warn]: {
  "error": "Request missing required field",
  "missingField": "",
  "eventsWithInvalidFields": {},
  "eventsWithMissingFields": {
    "event_type": [
      8,
      9,
      10
    ]
  },
  "eventsWithInvalidIdLengths": {},
  "epsThreshold": 0,
  "exceededDailyQuotaDevices": {},
  "silencedDevices": [],
  "silencedEvents": [],
  "throttledDevices": {},
  "throttledEvents": []
} @ https://spa-canary.poli.digital/assets/index-D8Tbkmad.js:69
[  829747ms] [ERROR] Amplitude Logger [Error]: Request missing required field @ https://spa-canary.poli.digital/assets/index-D8Tbkmad.js:69
[  829747ms] [ERROR] Amplitude Logger [Error]: Request missing required field @ https://spa-canary.poli.digital/assets/index-D8Tbkmad.js:69
[  829747ms] [ERROR] Amplitude Logger [Error]: Request missing required field @ https://spa-canary.poli.digital/assets/index-D8Tbkmad.js:69
[  831021ms] [ERROR] Failed to load resource: the server responded with a status of 400 () @ https://api2.amplitude.com/2/httpapi:0
[  831022ms] [WARNING] Amplitude Logger [Warn]: {
  "error": "Request missing required field",
  "missingField": "",
  "eventsWithInvalidFields": {},
  "eventsWithMissingFields": {
    "event_type": [
      10,
      11
    ]
  },
  "eventsWithInvalidIdLengths": {},
  "epsThreshold": 0,
  "exceededDailyQuotaDevices": {},
  "silencedDevices": [],
  "silencedEvents": [],
  "throttledDevices": {},
  "throttledEvents": []
} @ https://spa-canary.poli.digital/assets/index-D8Tbkmad.js:69
[  831023ms] [ERROR] Amplitude Logger [Error]: Request missing required field @ https://spa-canary.poli.digital/assets/index-D8Tbkmad.js:69
[  831023ms] [ERROR] Amplitude Logger [Error]: Request missing required field @ https://spa-canary.poli.digital/assets/index-D8Tbkmad.js:69
[  832294ms] [ERROR] Failed to load resource: the server responded with a status of 400 () @ https://api2.amplitude.com/2/httpapi:0
[  832296ms] [WARNING] Amplitude Logger [Warn]: {
  "error": "Request missing required field",
  "missingField": "",
  "eventsWithInvalidFields": {},
  "eventsWithMissingFields": {
    "event_type": [
      11
    ]
  },
  "eventsWithInvalidIdLengths": {},
  "epsThreshold": 0,
  "exceededDailyQuotaDevices": {},
  "silencedDevices": [],
  "silencedEvents": [],
  "throttledDevices": {},
  "throttledEvents": []
} @ https://spa-canary.poli.digital/assets/index-D8Tbkmad.js:69
[  832297ms] [ERROR] Amplitude Logger [Error]: Request missing required field @ https://spa-canary.poli.digital/assets/index-D8Tbkmad.js:69
[  833578ms] [ERROR] Failed to load resource: the server responded with a status of 400 () @ https://api2.amplitude.com/2/httpapi:0
[  833580ms] [WARNING] Amplitude Logger [Warn]: {
  "error": "Request missing required field",
  "missingField": "",
  "eventsWithInvalidFields": {},
  "eventsWithMissingFields": {
    "event_type": [
      12,
      14
    ]
  },
  "eventsWithInvalidIdLengths": {},
  "epsThreshold": 0,
  "exceededDailyQuotaDevices": {},
  "silencedDevices": [],
  "silencedEvents": [],
  "throttledDevices": {},
  "throttledEvents": []
} @ https://spa-canary.poli.digital/assets/index-D8Tbkmad.js:69
[  833583ms] [ERROR] Amplitude Logger [Error]: Request missing required field @ https://spa-canary.poli.digital/assets/index-D8Tbkmad.js:69
[  833583ms] [ERROR] Amplitude Logger [Error]: Request missing required field @ https://spa-canary.poli.digital/assets/index-D8Tbkmad.js:69
[  833583ms] [ERROR] Amplitude Logger [Error]: Event rejected due to exceeded retry count @ https://spa-canary.poli.digital/assets/index-D8Tbkmad.js:69
[  833583ms] [ERROR] Amplitude Logger [Error]: Event rejected due to exceeded retry count @ https://spa-canary.poli.digital/assets/index-D8Tbkmad.js:69
[  833583ms] [ERROR] Amplitude Logger [Error]: Event rejected due to exceeded retry count @ https://spa-canary.poli.digital/assets/index-D8Tbkmad.js:69
[  833583ms] [ERROR] Amplitude Logger [Error]: Event rejected due to exceeded retry count @ https://spa-canary.poli.digital/assets/index-D8Tbkmad.js:69
[  833584ms] [ERROR] Amplitude Logger [Error]: Event rejected due to exceeded retry count @ https://spa-canary.poli.digital/assets/index-D8Tbkmad.js:69
[  836407ms] [ERROR] Failed to load resource: the server responded with a status of 400 () @ https://api2.amplitude.com/2/httpapi:0
[  836410ms] [WARNING] Amplitude Logger [Warn]: {
  "error": "Request missing required field",
  "missingField": "",
  "eventsWithInvalidFields": {},
  "eventsWithMissingFields": {
    "event_type": [
      1,
      5,
      6,
      7
    ]
  },
  "eventsWithInvalidIdLengths": {},
  "epsThreshold": 0,
  "exceededDailyQuotaDevices": {},
  "silencedDevices": [],
  "silencedEvents": [],
  "throttledDevices": {},
  "throttledEvents": []
} @ https://spa-canary.poli.digital/assets/index-D8Tbkmad.js:69
[  836411ms] [ERROR] Amplitude Logger [Error]: Request missing required field @ https://spa-canary.poli.digital/assets/index-D8Tbkmad.js:69
[  836411ms] [ERROR] Amplitude Logger [Error]: Request missing required field @ https://spa-canary.poli.digital/assets/index-D8Tbkmad.js:69
[  836411ms] [ERROR] Amplitude Logger [Error]: Request missing required field @ https://spa-canary.poli.digital/assets/index-D8Tbkmad.js:69
[  836411ms] [ERROR] Amplitude Logger [Error]: Request missing required field @ https://spa-canary.poli.digital/assets/index-D8Tbkmad.js:69
[  837689ms] [ERROR] Failed to load resource: the server responded with a status of 400 () @ https://api2.amplitude.com/2/httpapi:0
[  837692ms] [WARNING] Amplitude Logger [Warn]: {
  "error": "Request missing required field",
  "missingField": "",
  "eventsWithInvalidFields": {},
  "eventsWithMissingFields": {
    "event_type": [
      9,
      10,
      11,
      12,
      13
    ]
  },
  "eventsWithInvalidIdLengths": {},
  "epsThreshold": 0,
  "exceededDailyQuotaDevices": {},
  "silencedDevices": [],
  "silencedEvents": [],
  "throttledDevices": {},
  "throttledEvents": []
} @ https://spa-canary.poli.digital/assets/index-D8Tbkmad.js:69
[  837693ms] [ERROR] Amplitude Logger [Error]: Request missing required field @ https://spa-canary.poli.digital/assets/index-D8Tbkmad.js:69
[  837693ms] [ERROR] Amplitude Logger [Error]: Request missing required field @ https://spa-canary.poli.digital/assets/index-D8Tbkmad.js:69
[  837693ms] [ERROR] Amplitude Logger [Error]: Request missing required field @ https://spa-canary.poli.digital/assets/index-D8Tbkmad.js:69
[  837693ms] [ERROR] Amplitude Logger [Error]: Request missing required field @ https://spa-canary.poli.digital/assets/index-D8Tbkmad.js:69
[  837693ms] [ERROR] Amplitude Logger [Error]: Request missing required field @ https://spa-canary.poli.digital/assets/index-D8Tbkmad.js:69
[  838963ms] [ERROR] Failed to load resource: the server responded with a status of 400 () @ https://api2.amplitude.com/2/httpapi:0
[  838965ms] [WARNING] Amplitude Logger [Warn]: {
  "error": "Request missing required field",
  "missingField": "",
  "eventsWithInvalidFields": {},
  "eventsWithMissingFields": {
    "event_type": [
      10
    ]
  },
  "eventsWithInvalidIdLengths": {},
  "epsThreshold": 0,
  "exceededDailyQuotaDevices": {},
  "silencedDevices": [],
  "silencedEvents": [],
  "throttledDevices": {},
  "throttledEvents": []
} @ https://spa-canary.poli.digital/assets/index-D8Tbkmad.js:69
[  838966ms] [ERROR] Amplitude Logger [Error]: Request missing required field @ https://spa-canary.poli.digital/assets/index-D8Tbkmad.js:69
[  842916ms] [ERROR] Failed to load resource: the server responded with a status of 400 () @ https://api2.amplitude.com/2/httpapi:0
[  842919ms] [WARNING] Amplitude Logger [Warn]: {
  "error": "Request missing required field",
  "missingField": "",
  "eventsWithInvalidFields": {},
  "eventsWithMissingFields": {
    "event_type": [
      1
    ]
  },
  "eventsWithInvalidIdLengths": {},
  "epsThreshold": 0,
  "exceededDailyQuotaDevices": {},
  "silencedDevices": [],
  "silencedEvents": [],
  "throttledDevices": {},
  "throttledEvents": []
} @ https://spa-canary.poli.digital/assets/index-D8Tbkmad.js:69
[  842919ms] [ERROR] Amplitude Logger [Error]: Request missing required field @ https://spa-canary.poli.digital/assets/index-D8Tbkmad.js:69
[  844155ms] [ERROR] Failed to load resource: the server responded with a status of 400 () @ https://api2.amplitude.com/2/httpapi:0
[  844157ms] [WARNING] Amplitude Logger [Warn]: {
  "error": "Request missing required field",
  "missingField": "",
  "eventsWithInvalidFields": {},
  "eventsWithMissingFields": {
    "event_type": [
      2
    ]
  },
  "eventsWithInvalidIdLengths": {},
  "epsThreshold": 0,
  "exceededDailyQuotaDevices": {},
  "silencedDevices": [],
  "silencedEvents": [],
  "throttledDevices": {},
  "throttledEvents": []
} @ https://spa-canary.poli.digital/assets/index-D8Tbkmad.js:69
[  844158ms] [ERROR] Amplitude Logger [Error]: Request missing required field @ https://spa-canary.poli.digital/assets/index-D8Tbkmad.js:69
[  846903ms] [ERROR] Failed to load resource: the server responded with a status of 400 () @ https://api2.amplitude.com/2/httpapi:0
[  846907ms] [WARNING] Amplitude Logger [Warn]: {
  "error": "Request missing required field",
  "missingField": "",
  "eventsWithInvalidFields": {},
  "eventsWithMissingFields": {
    "event_type": [
      1
    ]
  },
  "eventsWithInvalidIdLengths": {},
  "epsThreshold": 0,
  "exceededDailyQuotaDevices": {},
  "silencedDevices": [],
  "silencedEvents": [],
  "throttledDevices": {},
  "throttledEvents": []
} @ https://spa-canary.poli.digital/assets/index-D8Tbkmad.js:69
[  846907ms] [ERROR] Amplitude Logger [Error]: Request missing required field @ https://spa-canary.poli.digital/assets/index-D8Tbkmad.js:69
[  848177ms] [ERROR] Failed to load resource: the server responded with a status of 400 () @ https://api2.amplitude.com/2/httpapi:0
[  848180ms] [WARNING] Amplitude Logger [Warn]: {
  "error": "Request missing required field",
  "missingField": "",
  "eventsWithInvalidFields": {},
  "eventsWithMissingFields": {
    "event_type": [
      8,
      9,
      10,
      11,
      12,
      13,
      14
    ]
  },
  "eventsWithInvalidIdLengths": {},
  "epsThreshold": 0,
  "exceededDailyQuotaDevices": {},
  "silencedDevices": [],
  "silencedEvents": [],
  "throttledDevices": {},
  "throttledEvents": []
} @ https://spa-canary.poli.digital/assets/index-D8Tbkmad.js:69
[  848181ms] [ERROR] Amplitude Logger [Error]: Request missing required field @ https://spa-canary.poli.digital/assets/index-D8Tbkmad.js:69
[  848181ms] [ERROR] Amplitude Logger [Error]: Request missing required field @ https://spa-canary.poli.digital/assets/index-D8Tbkmad.js:69
[  848181ms] [ERROR] Amplitude Logger [Error]: Request missing required field @ https://spa-canary.poli.digital/assets/index-D8Tbkmad.js:69
[  848181ms] [ERROR] Amplitude Logger [Error]: Request missing required field @ https://spa-canary.poli.digital/assets/index-D8Tbkmad.js:69
[  848181ms] [ERROR] Amplitude Logger [Error]: Request missing required field @ https://spa-canary.poli.digital/assets/index-D8Tbkmad.js:69
[  848181ms] [ERROR] Amplitude Logger [Error]: Request missing required field @ https://spa-canary.poli.digital/assets/index-D8Tbkmad.js:69
[  848181ms] [ERROR] Amplitude Logger [Error]: Request missing required field @ https://spa-canary.poli.digital/assets/index-D8Tbkmad.js:69
[  855536ms] [ERROR] Failed to load resource: the server responded with a status of 400 () @ https://api2.amplitude.com/2/httpapi:0
[  855539ms] [WARNING] Amplitude Logger [Warn]: {
  "error": "Request missing required field",
  "missingField": "",
  "eventsWithInvalidFields": {},
  "eventsWithMissingFields": {
    "event_type": [
      2
    ]
  },
  "eventsWithInvalidIdLengths": {},
  "epsThreshold": 0,
  "exceededDailyQuotaDevices": {},
  "silencedDevices": [],
  "silencedEvents": [],
  "throttledDevices": {},
  "throttledEvents": []
} @ https://spa-canary.poli.digital/assets/index-D8Tbkmad.js:69
[  855540ms] [ERROR] Amplitude Logger [Error]: Request missing required field @ https://spa-canary.poli.digital/assets/index-D8Tbkmad.js:69
[  858515ms] [LOG] Text copied to clipboard @ https://spa-canary.poli.digital/assets/index-D8Tbkmad.js:69
[  859762ms] [ERROR] Failed to load resource: the server responded with a status of 400 () @ https://api2.amplitude.com/2/httpapi:0
[  859766ms] [WARNING] Amplitude Logger [Warn]: {
  "error": "Request missing required field",
  "missingField": "",
  "eventsWithInvalidFields": {},
  "eventsWithMissingFields": {
    "event_type": [
      1
    ]
  },
  "eventsWithInvalidIdLengths": {},
  "epsThreshold": 0,
  "exceededDailyQuotaDevices": {},
  "silencedDevices": [],
  "silencedEvents": [],
  "throttledDevices": {},
  "throttledEvents": []
} @ https://spa-canary.poli.digital/assets/index-D8Tbkmad.js:69
[  859767ms] [ERROR] Amplitude Logger [Error]: Request missing required field @ https://spa-canary.poli.digital/assets/index-D8Tbkmad.js:69
[  872523ms] [ERROR] Failed to load resource: the server responded with a status of 400 () @ https://api2.amplitude.com/2/httpapi:0
[  872527ms] [ERROR] Amplitude Logger [Error]: Request missing required field @ https://spa-canary.poli.digital/assets/index-D8Tbkmad.js:69
[  977144ms] [ERROR] Access to fetch at 'https://webhook.site/token/a5f958c8-92d2-4c68-bd92-0787499274fc/requests?sorting=newest&per_page=10' from origin 'https://spa-canary.poli.digital' has been blocked by CORS policy: No 'Access-Control-Allow-Origin' header is present on the requested resource. @ https://spa-canary.poli.digital/applications/a1ffc784-9f80-4258-9e09-84e7e52f7ac8/webhooks:0
[  977144ms] [ERROR] Failed to load resource: net::ERR_FAILED @ https://webhook.site/token/a5f958c8-92d2-4c68-bd92-0787499274fc/requests?sorting=newest&per_page=10:0
[ 1340485ms] [LOG] i18next: languageChanged pt @ https://spa-canary.poli.digital/assets/index-D8Tbkmad.js:69
[ 1341620ms] [ERROR] Failed to load resource: the server responded with a status of 400 () @ https://api2.amplitude.com/2/httpapi:0
[ 1341621ms] [WARNING] Amplitude Logger [Warn]: {
  "error": "Request missing required field",
  "missingField": "",
  "eventsWithInvalidFields": {},
  "eventsWithMissingFields": {
    "event_type": [
      1
    ]
  },
  "eventsWithInvalidIdLengths": {},
  "epsThreshold": 0,
  "exceededDailyQuotaDevices": {},
  "silencedDevices": [],
  "silencedEvents": [],
  "throttledDevices": {},
  "throttledEvents": []
} @ https://spa-canary.poli.digital/assets/index-D8Tbkmad.js:69
[ 1341622ms] [ERROR] Amplitude Logger [Error]: Request missing required field @ https://spa-canary.poli.digital/assets/index-D8Tbkmad.js:69
