[    1157ms] [LOG] i18next: languageChanged pt @ https://spa-canary.poli.digital/assets/index-C0TY_Jbv.js:101
[    1158ms] [LOG] i18next: initialized {debug: true, initAsync: true, ns: Array(1), defaultNS: Array(1), fallbackLng: Array(1)} @ https://spa-canary.poli.digital/assets/index-C0TY_Jbv.js:101
[    1284ms] [WARNING] Replay is disabled because neither `replaysSessionSampleRate` nor `replaysOnErrorSampleRate` are set. @ https://spa-canary.poli.digital/assets/index-C0TY_Jbv.js:76
[    1928ms] TypeError: Cannot read properties of undefined (reading 'plugin')
    at <anonymous>:1:101
    at <anonymous>:1:126
    at https://www.googletagmanager.com/gtm.js?id=GTM-M2LRLQN:895:429
    at qS (https://www.googletagmanager.com/gtm.js?id=GTM-M2LRLQN:897:31)
    at Od.pS (https://www.googletagmanager.com/gtm.js?id=GTM-M2LRLQN:894:92)
    at Od.<anonymous> (https://www.googletagmanager.com/gtm.js?id=GTM-M2LRLQN:309:187)
    at k.apply (https://www.googletagmanager.com/gtm.js?id=GTM-M2LRLQN:231:466)
    at hb (https://www.googletagmanager.com/gtm.js?id=GTM-M2LRLQN:193:719)
    at gb (https://www.googletagmanager.com/gtm.js?id=GTM-M2LRLQN:193:470)
    at Od.<anonymous> (https://www.googletagmanager.com/gtm.js?id=GTM-M2LRLQN:255:473)
    at k.apply (https://www.googletagmanager.com/gtm.js?id=GTM-M2LRLQN:231:466)
    at hb (https://www.googletagmanager.com/gtm.js?id=GTM-M2LRLQN:193:719)
    at k.Lq (https://www.googletagmanager.com/gtm.js?id=GTM-M2LRLQN:193:1286)
    at uf (https://www.googletagmanager.com/gtm.js?id=GTM-M2LRLQN:266:960)
    at https://www.googletagmanager.com/gtm.js?id=GTM-M2LRLQN:719:315
    at Kz (https://www.googletagmanager.com/gtm.js?id=GTM-M2LRLQN:622:1)
    at Pz.evaluate (https://www.googletagmanager.com/gtm.js?id=GTM-M2LRLQN:626:722)
    at e (https://www.googletagmanager.com/gtm.js?id=GTM-M2LRLQN:646:170)
    at https://www.googletagmanager.com/gtm.js?id=GTM-M2LRLQN:198:125
    at Array.<anonymous> (https://www.googletagmanager.com/gtm.js?id=GTM-M2LRLQN:647:360)
    at Object.execute (https://www.googletagmanager.com/gtm.js?id=GTM-M2LRLQN:647:100)
    at mB (https://www.googletagmanager.com/gtm.js?id=GTM-M2LRLQN:647:742)
    at pB (https://www.googletagmanager.com/gtm.js?id=GTM-M2LRLQN:651:183)
    at BD (https://www.googletagmanager.com/gtm.js?id=GTM-M2LRLQN:696:252)
    at c.push (https://www.googletagmanager.com/gtm.js?id=GTM-M2LRLQN:700:209)
    at c.push (https://www.googletagmanager.com/gtag/js?id=AW-806600684:863:69)
    at c.push (https://www.googletagmanager.com/gtag/js?id=G-EPZWL6H9X8&cx=c&gtm=4e6631:687:69)
    at c.push (https://www.googletagmanager.com/gtag/js?id=UA-118273772-1&cx=c&gtm=4e6631:551:69)
    at https://www.googletagmanager.com/gtm.js?id=GTM-M2LRLQN:700:495
    at r (https://spa-canary.poli.digital/assets/index-C0TY_Jbv.js:70:9812)
[    1936ms] [INFO] WebSocket: Conexão estabelecida @ https://spa-canary.poli.digital/assets/index-C0TY_Jbv.js:69
[    2658ms] [ERROR] Failed to load resource: the server responded with a status of 403 () @ https://pps.whatsapp.net/v/t61.24694-24/437184832_898610138517247_1283479863683724595_n.jpg?ccb=11-4&oh=01_Q5Aa4gGX2ma97syCUx2rsuB7d4avSxodCswO68toDPKKOhnlOQ&oe=6A0F4E99&_nc_sid=5e03e0&_nc_cat=107:0
[    3212ms] [ERROR] Failed to load resource: the server responded with a status of 403 () @ https://pps.whatsapp.net/v/t61.24694-24/437184832_898610138517247_1283479863683724595_n.jpg?ccb=11-4&oh=01_Q5Aa4gGX2ma97syCUx2rsuB7d4avSxodCswO68toDPKKOhnlOQ&oe=6A0F4E99&_nc_sid=5e03e0&_nc_cat=107:0
[    4549ms] Identifier 'TCRMEmbed' has already been declared
[   32652ms] [ERROR] Failed to load resource: the server responded with a status of 403 () @ https://pps.whatsapp.net/v/t61.24694-24/455499207_1534352387211386_3430700275417720283_n.jpg?ccb=11-4&oh=01_Q5Aa3gHmDr2abhYfDFzVIBeq7dqUPuPwGyNX0Kl4DPoSNrj1-g&oe=697F169E&_nc_sid=5e03e0&_nc_cat=107:0
[   48969ms] [ERROR] Failed to load resource: the server responded with a status of 403 () @ https://pps.whatsapp.net/v/t61.24694-24/315748245_185497394061007_5395402319121083547_n.jpg?ccb=11-4&oh=01_Q5Aa3gFqJ8b3N4V7vTQL4ZfLicBXEY4Uvm2K3eW4fBcnhYu5tA&oe=698A2596&_nc_sid=5e03e0&_nc_cat=104:0
[   55471ms] [ERROR] Failed to load resource: the server responded with a status of 403 () @ https://pps.whatsapp.net/v/t61.24694-24/315748245_185497394061007_5395402319121083547_n.jpg?ccb=11-4&oh=01_Q5Aa3gFqJ8b3N4V7vTQL4ZfLicBXEY4Uvm2K3eW4fBcnhYu5tA&oe=698A2596&_nc_sid=5e03e0&_nc_cat=104:0
[   55472ms] [ERROR] Failed to load resource: the server responded with a status of 403 () @ https://pps.whatsapp.net/v/t61.24694-24/455499207_1534352387211386_3430700275417720283_n.jpg?ccb=11-4&oh=01_Q5Aa3gHmDr2abhYfDFzVIBeq7dqUPuPwGyNX0Kl4DPoSNrj1-g&oe=697F169E&_nc_sid=5e03e0&_nc_cat=107:0
[  119543ms] [ERROR] Failed to load resource: the server responded with a status of 403 () @ https://pps.whatsapp.net/v/t61.24694-24/360233190_1320356438684638_4102759860464303013_n.jpg?ccb=11-4&oh=01_Q5Aa3QHu-xoU4uoM2tG1El3Ga3AmDvYuqltgir_cSu3V7El2gw&oe=6952A87C&_nc_sid=5e03e0&_nc_cat=101:0
[  122714ms] [ERROR] Failed to load resource: the server responded with a status of 403 () @ https://pps.whatsapp.net/v/t61.24694-24/315748245_185497394061007_5395402319121083547_n.jpg?ccb=11-4&oh=01_Q5Aa3gFqJ8b3N4V7vTQL4ZfLicBXEY4Uvm2K3eW4fBcnhYu5tA&oe=698A2596&_nc_sid=5e03e0&_nc_cat=104:0
[  134771ms] [ERROR] Failed to load resource: the server responded with a status of 403 () @ https://pps.whatsapp.net/v/t61.24694-24/315748245_185497394061007_5395402319121083547_n.jpg?ccb=11-4&oh=01_Q5Aa3gFqJ8b3N4V7vTQL4ZfLicBXEY4Uvm2K3eW4fBcnhYu5tA&oe=698A2596&_nc_sid=5e03e0&_nc_cat=104:0
[  168585ms] [ERROR] Failed to load resource: the server responded with a status of 403 () @ https://pps.whatsapp.net/v/t61.24694-24/315748245_185497394061007_5395402319121083547_n.jpg?ccb=11-4&oh=01_Q5Aa3gFqJ8b3N4V7vTQL4ZfLicBXEY4Uvm2K3eW4fBcnhYu5tA&oe=698A2596&_nc_sid=5e03e0&_nc_cat=104:0
[  203004ms] [ERROR] Failed to load resource: the server responded with a status of 403 () @ https://pps.whatsapp.net/v/t61.24694-24/315748245_185497394061007_5395402319121083547_n.jpg?ccb=11-4&oh=01_Q5Aa3gFqJ8b3N4V7vTQL4ZfLicBXEY4Uvm2K3eW4fBcnhYu5tA&oe=698A2596&_nc_sid=5e03e0&_nc_cat=104:0
[  538728ms] [ERROR] Failed to load resource: the server responded with a status of 403 () @ https://pps.whatsapp.net/v/t61.24694-24/534414910_737863409144327_2609295937699061712_n.jpg?ccb=11-4&oh=01_Q5Aa4QGOAyvS7-wr3SKQq3YCRD1elh1lcEZgcbi0NMLF8mt40g&oe=6A0120FB&_nc_sid=5e03e0&_nc_cat=110:0
[  657815ms] [ERROR] Failed to load resource: the server responded with a status of 403 () @ https://pps.whatsapp.net/v/t61.24694-24/360233190_1320356438684638_4102759860464303013_n.jpg?ccb=11-4&oh=01_Q5Aa3QHu-xoU4uoM2tG1El3Ga3AmDvYuqltgir_cSu3V7El2gw&oe=6952A87C&_nc_sid=5e03e0&_nc_cat=101:0
[  689474ms] [ERROR] Failed to load resource: the server responded with a status of 403 () @ https://pps.whatsapp.net/v/t61.24694-24/360233190_1320356438684638_4102759860464303013_n.jpg?ccb=11-4&oh=01_Q5Aa3QHu-xoU4uoM2tG1El3Ga3AmDvYuqltgir_cSu3V7El2gw&oe=6952A87C&_nc_sid=5e03e0&_nc_cat=101:0
[ 1142211ms] [ERROR] Failed to load resource: the server responded with a status of 403 () @ https://pps.whatsapp.net/v/t61.24694-24/564916186_527574163784138_201180157676256640_n.jpg?ccb=11-4&oh=01_Q5Aa4AHnDMlxshSOh3Pg4_ClNCVgyuaR-6YGo3z-qQbD2UtXsg&oe=69BFEBD9&_nc_sid=5e03e0&_nc_cat=100:0
[ 1162970ms] [ERROR] Failed to load resource: the server responded with a status of 403 () @ https://pps.whatsapp.net/v/t61.24694-24/595305949_1269065788662797_8609307548434085416_n.jpg?ccb=11-4&oh=01_Q5Aa4QEIteV1pbOfXGcUK1_qT45ZeumzhQwQZ8FkRJsCWN0QZw&oe=6A075672&_nc_sid=5e03e0&_nc_cat=106:0
[ 1174960ms] [ERROR] Failed to load resource: the server responded with a status of 403 () @ https://pps.whatsapp.net/v/t61.24694-24/595305949_1269065788662797_8609307548434085416_n.jpg?ccb=11-4&oh=01_Q5Aa4QEIteV1pbOfXGcUK1_qT45ZeumzhQwQZ8FkRJsCWN0QZw&oe=6A075672&_nc_sid=5e03e0&_nc_cat=106:0
[ 1223091ms] [ERROR] Failed to load resource: the server responded with a status of 403 () @ https://pps.whatsapp.net/v/t61.24694-24/645407781_1255924119200175_4177122012380827586_n.jpg?ccb=11-4&oh=01_Q5Aa4AHmUDW4KbujaWprXyRE3mVYfD_y1rSIdlqt2MYn2Zu_GA&oe=69BD3BAB&_nc_sid=5e03e0&_nc_cat=103:0
[ 1225801ms] [ERROR] Failed to load resource: the server responded with a status of 403 () @ https://pps.whatsapp.net/v/t61.24694-24/564916186_527574163784138_201180157676256640_n.jpg?ccb=11-4&oh=01_Q5Aa4AHnDMlxshSOh3Pg4_ClNCVgyuaR-6YGo3z-qQbD2UtXsg&oe=69BFEBD9&_nc_sid=5e03e0&_nc_cat=100:0
[ 1241879ms] [ERROR] Failed to load resource: the server responded with a status of 403 () @ https://pps.whatsapp.net/v/t61.24694-24/645407781_1255924119200175_4177122012380827586_n.jpg?ccb=11-4&oh=01_Q5Aa4AHmUDW4KbujaWprXyRE3mVYfD_y1rSIdlqt2MYn2Zu_GA&oe=69BD3BAB&_nc_sid=5e03e0&_nc_cat=103:0
[ 1254195ms] [ERROR] Failed to load resource: the server responded with a status of 403 () @ https://pps.whatsapp.net/v/t61.24694-24/645407781_1255924119200175_4177122012380827586_n.jpg?ccb=11-4&oh=01_Q5Aa4AHmUDW4KbujaWprXyRE3mVYfD_y1rSIdlqt2MYn2Zu_GA&oe=69BD3BAB&_nc_sid=5e03e0&_nc_cat=103:0
[ 1299806ms] [ERROR] Failed to load resource: the server responded with a status of 403 () @ https://pps.whatsapp.net/v/t61.24694-24/595305949_1269065788662797_8609307548434085416_n.jpg?ccb=11-4&oh=01_Q5Aa4QEIteV1pbOfXGcUK1_qT45ZeumzhQwQZ8FkRJsCWN0QZw&oe=6A075672&_nc_sid=5e03e0&_nc_cat=106:0
[ 1320389ms] [ERROR] Failed to load resource: the server responded with a status of 403 () @ https://pps.whatsapp.net/v/t61.24694-24/595305949_1269065788662797_8609307548434085416_n.jpg?ccb=11-4&oh=01_Q5Aa4QEIteV1pbOfXGcUK1_qT45ZeumzhQwQZ8FkRJsCWN0QZw&oe=6A075672&_nc_sid=5e03e0&_nc_cat=106:0
[ 1364102ms] [ERROR] Failed to load resource: the server responded with a status of 403 () @ https://pps.whatsapp.net/v/t61.24694-24/595305949_1269065788662797_8609307548434085416_n.jpg?ccb=11-4&oh=01_Q5Aa4QEIteV1pbOfXGcUK1_qT45ZeumzhQwQZ8FkRJsCWN0QZw&oe=6A075672&_nc_sid=5e03e0&_nc_cat=106:0
[ 1569611ms] [ERROR] Failed to load resource: the server responded with a status of 403 () @ https://pps.whatsapp.net/v/t61.24694-24/534414910_737863409144327_2609295937699061712_n.jpg?ccb=11-4&oh=01_Q5Aa4QGOAyvS7-wr3SKQq3YCRD1elh1lcEZgcbi0NMLF8mt40g&oe=6A0120FB&_nc_sid=5e03e0&_nc_cat=110:0
[ 1741787ms] [ERROR] Failed to load resource: the server responded with a status of 401 () @ https://foundation-api-canary.poli.digital/v3/contacts/a08db017-4c39-4f5d-bd6b-9813d470e971/unread:0
[ 1741805ms] [ERROR] Failed to load resource: the server responded with a status of 401 () @ https://foundation-api-canary.poli.digital/v3/contacts/0162795c-636d-11f1-9d75-06799772b1cd/unread:0
[ 1741999ms] [ERROR] Failed to load resource: the server responded with a status of 401 () @ https://foundation-api-canary.poli.digital/v3/contacts/9fb452e8-635e-11f1-9d75-06799772b1cd?include=type,chat_status,read_status,attributes,attendant,addresses,contact_channels,tags,metadata,account_channel,team,last_message,unread_messages:0
[ 1742339ms] [ERROR] Failed to load resource: the server responded with a status of 401 () @ https://foundation-api-canary.poli.digital/v3/contacts/0162795c-636d-11f1-9d75-06799772b1cd?include=type,chat_status,read_status,attributes,attendant,addresses,contact_channels,tags,metadata,account_channel,team,last_message,unread_messages:0
[ 1742937ms] [ERROR] Failed to load resource: the server responded with a status of 401 () @ https://foundation-api-canary.poli.digital/v3/contacts/9fb452e8-635e-11f1-9d75-06799772b1cd/read:0
[ 1743325ms] [ERROR] Failed to load resource: the server responded with a status of 401 () @ https://foundation-api-canary.poli.digital/v3/contacts/0162795c-636d-11f1-9d75-06799772b1cd/unread:0
[ 1770949ms] [ERROR] Failed to load resource: the server responded with a status of 403 () @ https://pps.whatsapp.net/v/t61.24694-24/455499207_1534352387211386_3430700275417720283_n.jpg?ccb=11-4&oh=01_Q5Aa3gHmDr2abhYfDFzVIBeq7dqUPuPwGyNX0Kl4DPoSNrj1-g&oe=697F169E&_nc_sid=5e03e0&_nc_cat=107:0
[ 1809091ms] [ERROR] Failed to load resource: the server responded with a status of 403 () @ https://pps.whatsapp.net/v/t61.24694-24/455499207_1534352387211386_3430700275417720283_n.jpg?ccb=11-4&oh=01_Q5Aa3gHmDr2abhYfDFzVIBeq7dqUPuPwGyNX0Kl4DPoSNrj1-g&oe=697F169E&_nc_sid=5e03e0&_nc_cat=107:0
[ 1839838ms] [ERROR] Failed to load resource: the server responded with a status of 403 () @ https://pps.whatsapp.net/v/t61.24694-24/455499207_1534352387211386_3430700275417720283_n.jpg?ccb=11-4&oh=01_Q5Aa3gHmDr2abhYfDFzVIBeq7dqUPuPwGyNX0Kl4DPoSNrj1-g&oe=697F169E&_nc_sid=5e03e0&_nc_cat=107:0
[ 1879581ms] [ERROR] Failed to load resource: the server responded with a status of 403 () @ https://pps.whatsapp.net/v/t61.24694-24/455499207_1534352387211386_3430700275417720283_n.jpg?ccb=11-4&oh=01_Q5Aa3gHmDr2abhYfDFzVIBeq7dqUPuPwGyNX0Kl4DPoSNrj1-g&oe=697F169E&_nc_sid=5e03e0&_nc_cat=107:0
