[     824ms] [LOG] i18next: languageChanged pt @ https://spa-canary.poli.digital/assets/index-Ck5WY6p2.js:101
[     824ms] [LOG] i18next: initialized {debug: true, initAsync: true, ns: Array(1), defaultNS: Array(1), fallbackLng: Array(1)} @ https://spa-canary.poli.digital/assets/index-Ck5WY6p2.js:101
[     899ms] [WARNING] Replay is disabled because neither `replaysSessionSampleRate` nor `replaysOnErrorSampleRate` are set. @ https://spa-canary.poli.digital/assets/index-Ck5WY6p2.js:76
[    1272ms] TypeError: Cannot read properties of undefined (reading 'plugin')
    at <anonymous>:1:101
    at <anonymous>:1:126
    at https://www.googletagmanager.com/gtm.js?id=GTM-M2LRLQN:904:429
    at aS (https://www.googletagmanager.com/gtm.js?id=GTM-M2LRLQN:906:31)
    at Od.$R (https://www.googletagmanager.com/gtm.js?id=GTM-M2LRLQN:903:92)
    at Od.<anonymous> (https://www.googletagmanager.com/gtm.js?id=GTM-M2LRLQN:317:187)
    at k.apply (https://www.googletagmanager.com/gtm.js?id=GTM-M2LRLQN:239:466)
    at hb (https://www.googletagmanager.com/gtm.js?id=GTM-M2LRLQN:201:719)
    at gb (https://www.googletagmanager.com/gtm.js?id=GTM-M2LRLQN:201:470)
    at Od.<anonymous> (https://www.googletagmanager.com/gtm.js?id=GTM-M2LRLQN:263:473)
    at k.apply (https://www.googletagmanager.com/gtm.js?id=GTM-M2LRLQN:239:466)
    at hb (https://www.googletagmanager.com/gtm.js?id=GTM-M2LRLQN:201:719)
    at k.Uq (https://www.googletagmanager.com/gtm.js?id=GTM-M2LRLQN:201:1286)
    at uf (https://www.googletagmanager.com/gtm.js?id=GTM-M2LRLQN:274:960)
    at https://www.googletagmanager.com/gtm.js?id=GTM-M2LRLQN:729:315
    at Mz (https://www.googletagmanager.com/gtm.js?id=GTM-M2LRLQN:632:1)
    at Tz.evaluate (https://www.googletagmanager.com/gtm.js?id=GTM-M2LRLQN:637:289)
    at e (https://www.googletagmanager.com/gtm.js?id=GTM-M2LRLQN:657:170)
    at https://www.googletagmanager.com/gtm.js?id=GTM-M2LRLQN:206:125
    at Array.<anonymous> (https://www.googletagmanager.com/gtm.js?id=GTM-M2LRLQN:658:360)
    at Object.execute (https://www.googletagmanager.com/gtm.js?id=GTM-M2LRLQN:658:100)
    at qB (https://www.googletagmanager.com/gtm.js?id=GTM-M2LRLQN:658:742)
    at tB (https://www.googletagmanager.com/gtm.js?id=GTM-M2LRLQN:662:183)
    at DD (https://www.googletagmanager.com/gtm.js?id=GTM-M2LRLQN:706:231)
    at c.push (https://www.googletagmanager.com/gtm.js?id=GTM-M2LRLQN:710:209)
    at c.push (https://www.googletagmanager.com/gtag/js?id=G-EPZWL6H9X8&cx=c&gtm=4e66g0:688:69)
    at c.push (https://www.googletagmanager.com/gtag/js?id=AW-806600684:865:69)
    at c.push (https://www.googletagmanager.com/gtag/js?id=UA-118273772-1&cx=c&gtm=4e66g0:550:69)
    at https://www.googletagmanager.com/gtm.js?id=GTM-M2LRLQN:710:457
    at r (https://spa-canary.poli.digital/assets/index-Ck5WY6p2.js:70:9827)
[    1807ms] [INFO] WebSocket: Conexão estabelecida @ https://spa-canary.poli.digital/assets/index-Ck5WY6p2.js:69
[    3713ms] Identifier 'TCRMEmbed' has already been declared
[    3713ms] Identifier 'TCRMEmbed' has already been declared
[   32681ms] [ERROR] Failed to load resource: the server responded with a status of 403 () @ https://pps.whatsapp.net/v/t61.24694-24/595305949_1269065788662797_8609307548434085416_n.jpg?ccb=11-4&oh=01_Q5Aa4QEIteV1pbOfXGcUK1_qT45ZeumzhQwQZ8FkRJsCWN0QZw&oe=6A075672&_nc_sid=5e03e0&_nc_cat=106:0
[   68672ms] [ERROR] Failed to load resource: the server responded with a status of 401 () @ https://foundation-api-canary.poli.digital/v3/flow/contacts/48cbe966-4e7b-11f1-9d75-06799772b1cd/tickets:0
[   68679ms] [ERROR] Failed to load resource: the server responded with a status of 401 () @ https://foundation-api-canary.poli.digital/v3/flow/contacts/7194dc66-642e-11f1-9d75-06799772b1cd/tickets:0
[   68683ms] [ERROR] Failed to load resource: the server responded with a status of 401 () @ https://foundation-api-canary.poli.digital/v3/flow/contacts/000f6a3f-6a7f-11f1-9d75-06799772b1cd/tickets:0
[   68684ms] [ERROR] Failed to load resource: the server responded with a status of 401 () @ https://foundation-api-canary.poli.digital/v3/flow/contacts/7194dc66-642e-11f1-9d75-06799772b1cd/opportunities:0
[   68685ms] [ERROR] Failed to load resource: the server responded with a status of 401 () @ https://foundation-api-canary.poli.digital/v3/flow/contacts/701ad30f-4d4e-11f1-9d75-06799772b1cd/tickets:0
[   68686ms] [ERROR] Failed to load resource: the server responded with a status of 401 () @ https://foundation-api-canary.poli.digital/v3/flow/contacts/701ad30f-4d4e-11f1-9d75-06799772b1cd/opportunities:0
[   68687ms] [ERROR] Failed to load resource: the server responded with a status of 401 () @ https://foundation-api-canary.poli.digital/v3/flow/contacts/48cbe966-4e7b-11f1-9d75-06799772b1cd/opportunities:0
[   68688ms] [ERROR] Failed to load resource: the server responded with a status of 401 () @ https://foundation-api-canary.poli.digital/v3/flow/contacts/55ff300e-69a1-11f1-9d75-06799772b1cd/opportunities:0
[   68688ms] [ERROR] Failed to load resource: the server responded with a status of 401 () @ https://foundation-api-canary.poli.digital/v3/flow/contacts/000f6a3f-6a7f-11f1-9d75-06799772b1cd/opportunities:0
[   68689ms] [ERROR] Failed to load resource: the server responded with a status of 401 () @ https://foundation-api-canary.poli.digital/v3/flow/contacts/55ff300e-69a1-11f1-9d75-06799772b1cd/tickets:0
