[     421ms] [LOG] i18next: languageChanged pt @ https://spa-canary.poli.digital/assets/index-DjxF6uES.js:101
[     421ms] [LOG] i18next: initialized {debug: true, initAsync: true, ns: Array(1), defaultNS: Array(1), fallbackLng: Array(1)} @ https://spa-canary.poli.digital/assets/index-DjxF6uES.js:101
[     553ms] [WARNING] Replay is disabled because neither `replaysSessionSampleRate` nor `replaysOnErrorSampleRate` are set. @ https://spa-canary.poli.digital/assets/index-DjxF6uES.js:76
[     856ms] [ERROR] Failed to load resource: the server responded with a status of 404 () @ https://foundation-api-canary.poli.digital/v3/crm/index:0
[     857ms] [ERROR] getCrmUserToken - Error on get crm user token: AxiosError: Request failed with status code 404
    at kBe (https://spa-canary.poli.digital/assets/index-DjxF6uES.js:1105:10207)
    at XMLHttpRequest.x (https://spa-canary.poli.digital/assets/index-DjxF6uES.js:1105:15780)
    at w2.request (https://spa-canary.poli.digital/assets/index-DjxF6uES.js:1107:2243)
    at async uz.getUserToken (https://spa-canary.poli.digital/assets/index-DjxF6uES.js:2236:44294)
    at async https://spa-canary.poli.digital/assets/index-DjxF6uES.js:2236:44585 @ https://spa-canary.poli.digital/assets/index-DjxF6uES.js:69
[     970ms] [INFO] WebSocket: Conexão estabelecida @ https://spa-canary.poli.digital/assets/index-DjxF6uES.js:69
[    1022ms] [ERROR] Failed to load resource: the server responded with a status of 404 () @ https://foundation-api-canary.poli.digital/v3/accounts/f4cf01a3-47b6-11f0-a21f-02f29315759f/tags/metrics:0
[    1351ms] [LOG] i18next::translator: missingKey pt tags delete.title delete.title @ https://spa-canary.poli.digital/assets/index-DjxF6uES.js:69
[    1351ms] [LOG] i18next::translator: missingKey pt tags delete.confirm delete.confirm @ https://spa-canary.poli.digital/assets/index-DjxF6uES.js:69
[    1352ms] [LOG] i18next::translator: missingKey pt tags delete.cancel delete.cancel @ https://spa-canary.poli.digital/assets/index-DjxF6uES.js:69
[    1356ms] [LOG] i18next::translator: missingKey pt tags delete.title delete.title @ https://spa-canary.poli.digital/assets/index-DjxF6uES.js:69
[    1356ms] [LOG] i18next::translator: missingKey pt tags delete.confirm delete.confirm @ https://spa-canary.poli.digital/assets/index-DjxF6uES.js:69
[    1356ms] [LOG] i18next::translator: missingKey pt tags delete.cancel delete.cancel @ https://spa-canary.poli.digital/assets/index-DjxF6uES.js:69
[    1361ms] [LOG] i18next::translator: missingKey pt tags delete.title delete.title @ https://spa-canary.poli.digital/assets/index-DjxF6uES.js:69
[    1362ms] [LOG] i18next::translator: missingKey pt tags delete.confirm delete.confirm @ https://spa-canary.poli.digital/assets/index-DjxF6uES.js:69
[    1364ms] [LOG] i18next::translator: missingKey pt tags delete.cancel delete.cancel @ https://spa-canary.poli.digital/assets/index-DjxF6uES.js:69
[    1368ms] [LOG] i18next::translator: missingKey pt tags delete.title delete.title @ https://spa-canary.poli.digital/assets/index-DjxF6uES.js:69
[    1369ms] [LOG] i18next::translator: missingKey pt tags delete.confirm delete.confirm @ https://spa-canary.poli.digital/assets/index-DjxF6uES.js:69
[    1369ms] [LOG] i18next::translator: missingKey pt tags delete.cancel delete.cancel @ https://spa-canary.poli.digital/assets/index-DjxF6uES.js:69
[    1373ms] [LOG] i18next::translator: missingKey pt tags delete.title delete.title @ https://spa-canary.poli.digital/assets/index-DjxF6uES.js:69
[    1373ms] [LOG] i18next::translator: missingKey pt tags delete.confirm delete.confirm @ https://spa-canary.poli.digital/assets/index-DjxF6uES.js:69
[    1374ms] [LOG] i18next::translator: missingKey pt tags delete.cancel delete.cancel @ https://spa-canary.poli.digital/assets/index-DjxF6uES.js:69
[    1380ms] [LOG] i18next::translator: missingKey pt tags delete.title delete.title @ https://spa-canary.poli.digital/assets/index-DjxF6uES.js:69
[    1381ms] [LOG] i18next::translator: missingKey pt tags delete.confirm delete.confirm @ https://spa-canary.poli.digital/assets/index-DjxF6uES.js:69
[    1381ms] [LOG] i18next::translator: missingKey pt tags delete.cancel delete.cancel @ https://spa-canary.poli.digital/assets/index-DjxF6uES.js:69
[    1387ms] [LOG] i18next::translator: missingKey pt tags delete.title delete.title @ https://spa-canary.poli.digital/assets/index-DjxF6uES.js:69
[    1388ms] [LOG] i18next::translator: missingKey pt tags delete.confirm delete.confirm @ https://spa-canary.poli.digital/assets/index-DjxF6uES.js:69
[    1388ms] [LOG] i18next::translator: missingKey pt tags delete.cancel delete.cancel @ https://spa-canary.poli.digital/assets/index-DjxF6uES.js:69
[    1391ms] [LOG] i18next::translator: missingKey pt tags delete.title delete.title @ https://spa-canary.poli.digital/assets/index-DjxF6uES.js:69
[    1391ms] [LOG] i18next::translator: missingKey pt tags delete.confirm delete.confirm @ https://spa-canary.poli.digital/assets/index-DjxF6uES.js:69
[    1392ms] [LOG] i18next::translator: missingKey pt tags delete.cancel delete.cancel @ https://spa-canary.poli.digital/assets/index-DjxF6uES.js:69
[    1400ms] [LOG] i18next::translator: missingKey pt tags delete.title delete.title @ https://spa-canary.poli.digital/assets/index-DjxF6uES.js:69
[    1400ms] [LOG] i18next::translator: missingKey pt tags delete.confirm delete.confirm @ https://spa-canary.poli.digital/assets/index-DjxF6uES.js:69
[    1400ms] [LOG] i18next::translator: missingKey pt tags delete.cancel delete.cancel @ https://spa-canary.poli.digital/assets/index-DjxF6uES.js:69
