[     662ms] [LOG] i18next: languageChanged pt @ https://spa-canary.poli.digital/assets/index-3ee-NHD7.js:101
[     663ms] [LOG] i18next: initialized {debug: true, initAsync: true, ns: Array(1), defaultNS: Array(1), fallbackLng: Array(1)} @ https://spa-canary.poli.digital/assets/index-3ee-NHD7.js:101
[     749ms] [WARNING] Replay is disabled because neither `replaysSessionSampleRate` nor `replaysOnErrorSampleRate` are set. @ https://spa-canary.poli.digital/assets/index-3ee-NHD7.js:76
[    4467ms] [INFO] WebSocket: Conexão estabelecida @ https://spa-canary.poli.digital/assets/index-3ee-NHD7.js:69
[    5511ms] [ERROR] Failed to load resource: the server responded with a status of 403 () @ https://pps.whatsapp.net/v/t61.24694-24/645407781_1255924119200175_4177122012380827586_n.jpg?ccb=11-4&oh=01_Q5Aa4AHmUDW4KbujaWprXyRE3mVYfD_y1rSIdlqt2MYn2Zu_GA&oe=69BD3BAB&_nc_sid=5e03e0&_nc_cat=103:0
[    5513ms] [ERROR] Failed to load resource: the server responded with a status of 403 () @ https://pps.whatsapp.net/v/t61.24694-24/537113859_795949420003454_872250223868236541_n.jpg?ccb=11-4&oh=01_Q5Aa3AFshUaSO8zGEbZbnSsWc1q6GNa_otdk_h4NeF5fZH80Kw&oe=6936D6BB&_nc_sid=5e03e0&_nc_cat=107:0
[    5678ms] TypeError: Cannot read properties of undefined (reading 'plugin')
    at <anonymous>:1:101
    at <anonymous>:1:126
    at https://www.googletagmanager.com/gtm.js?id=GTM-M2LRLQN:888:429
    at eS (https://www.googletagmanager.com/gtm.js?id=GTM-M2LRLQN:890:31)
    at Nd.dS (https://www.googletagmanager.com/gtm.js?id=GTM-M2LRLQN:887:92)
    at Nd.<anonymous> (https://www.googletagmanager.com/gtm.js?id=GTM-M2LRLQN:304:187)
    at k.apply (https://www.googletagmanager.com/gtm.js?id=GTM-M2LRLQN:230:466)
    at hb (https://www.googletagmanager.com/gtm.js?id=GTM-M2LRLQN:193:719)
    at gb (https://www.googletagmanager.com/gtm.js?id=GTM-M2LRLQN:193:470)
    at Nd.<anonymous> (https://www.googletagmanager.com/gtm.js?id=GTM-M2LRLQN:254:473)
    at k.apply (https://www.googletagmanager.com/gtm.js?id=GTM-M2LRLQN:230:466)
    at hb (https://www.googletagmanager.com/gtm.js?id=GTM-M2LRLQN:193:719)
    at k.Dq (https://www.googletagmanager.com/gtm.js?id=GTM-M2LRLQN:193:1286)
    at tf (https://www.googletagmanager.com/gtm.js?id=GTM-M2LRLQN:265:960)
    at https://www.googletagmanager.com/gtm.js?id=GTM-M2LRLQN:714:315
    at Hz (https://www.googletagmanager.com/gtm.js?id=GTM-M2LRLQN:619:1)
    at Mz.evaluate (https://www.googletagmanager.com/gtm.js?id=GTM-M2LRLQN:623:722)
    at e (https://www.googletagmanager.com/gtm.js?id=GTM-M2LRLQN:643:170)
    at https://www.googletagmanager.com/gtm.js?id=GTM-M2LRLQN:198:125
    at Array.<anonymous> (https://www.googletagmanager.com/gtm.js?id=GTM-M2LRLQN:644:360)
    at Object.execute (https://www.googletagmanager.com/gtm.js?id=GTM-M2LRLQN:644:100)
    at jB (https://www.googletagmanager.com/gtm.js?id=GTM-M2LRLQN:644:742)
    at mB (https://www.googletagmanager.com/gtm.js?id=GTM-M2LRLQN:648:183)
    at wD (https://www.googletagmanager.com/gtm.js?id=GTM-M2LRLQN:691:252)
    at c.push (https://www.googletagmanager.com/gtm.js?id=GTM-M2LRLQN:695:209)
    at c.push (https://www.googletagmanager.com/gtag/js?id=AW-806600684:857:69)
    at c.push (https://www.googletagmanager.com/gtag/js?id=G-EPZWL6H9X8&cx=c&gtm=4e65s0:681:69)
    at c.push (https://www.googletagmanager.com/gtag/js?id=UA-118273772-1&cx=c&gtm=4e65s0:546:69)
    at https://www.googletagmanager.com/gtm.js?id=GTM-M2LRLQN:695:495
    at r (https://spa-canary.poli.digital/assets/index-3ee-NHD7.js:70:9812)
[    9272ms] Identifier 'TCRMEmbed' has already been declared
[   17481ms] [ERROR] Failed to load resource: the server responded with a status of 403 () @ https://pps.whatsapp.net/v/t61.24694-24/537113859_795949420003454_872250223868236541_n.jpg?ccb=11-4&oh=01_Q5Aa3AFshUaSO8zGEbZbnSsWc1q6GNa_otdk_h4NeF5fZH80Kw&oe=6936D6BB&_nc_sid=5e03e0&_nc_cat=107:0
[   38035ms] [LOG] i18next: languageChanged pt @ https://spa-canary.poli.digital/assets/index-3ee-NHD7.js:69
[   60671ms] [VERBOSE] [DOM] Input elements should have autocomplete attributes (suggested: "new-password"): (More info: https://goo.gl/9p2vKq) %o @ https://spa-canary.poli.digital/profile:0
[   60671ms] [VERBOSE] [DOM] Input elements should have autocomplete attributes (suggested: "new-password"): (More info: https://goo.gl/9p2vKq) %o @ https://spa-canary.poli.digital/profile:0
[  113908ms] Identifier 'TCRMEmbed' has already been declared
