[     748ms] [LOG] i18next: languageChanged pt @ https://spa.qa.poli.digital/assets/index-DS8iyN8b.js:101
[     748ms] [LOG] i18next: initialized {debug: true, initAsync: true, ns: Array(1), defaultNS: Array(1), fallbackLng: Array(1)} @ https://spa.qa.poli.digital/assets/index-DS8iyN8b.js:101
[     868ms] [WARNING] Replay is disabled because neither `replaysSessionSampleRate` nor `replaysOnErrorSampleRate` are set. @ https://spa.qa.poli.digital/assets/index-DS8iyN8b.js:76
[    1574ms] [INFO] WebSocket: Conexão estabelecida @ https://spa.qa.poli.digital/assets/index-DS8iyN8b.js:69
[    7934ms] Identifier 'TCRMEmbed' has already been declared
[   82423ms] [ERROR] Failed to load resource: the server responded with a status of 404 () @ https://foundation-api.qa.poli.digital/v3/contacts/5c12ea50-1bdd-11f1-a609-021f6d257969/messages?include=ack,timestamp,account_channel,contact,author,template,context,preview,components,interactive,metadata:0
[  133964ms] [ERROR] Failed to load resource: the server responded with a status of 404 () @ https://foundation-api.qa.poli.digital/v3/contacts/5c12ea50-1bdd-11f1-a609-021f6d257969/messages?include=ack,timestamp,account_channel,contact,author,template,context,preview,components,interactive,metadata:0
[  488196ms] [ERROR] Failed to load resource: the server responded with a status of 404 () @ https://foundation-api.qa.poli.digital/v3/logs/behavior:0
[ 1485592ms] [ERROR] Failed to load resource: the server responded with a status of 404 () @ https://foundation-api.qa.poli.digital/v3/logs/behavior:0
[ 1494735ms] [LOG] i18next: languageChanged pt @ https://spa.qa.poli.digital/assets/index-DS8iyN8b.js:101
[ 1494735ms] [LOG] i18next: initialized {debug: true, initAsync: true, ns: Array(1), defaultNS: Array(1), fallbackLng: Array(1)} @ https://spa.qa.poli.digital/assets/index-DS8iyN8b.js:101
[ 1494859ms] [WARNING] Replay is disabled because neither `replaysSessionSampleRate` nor `replaysOnErrorSampleRate` are set. @ https://spa.qa.poli.digital/assets/index-DS8iyN8b.js:76
[ 1495563ms] [INFO] WebSocket: Conexão estabelecida @ https://spa.qa.poli.digital/assets/index-DS8iyN8b.js:69
[ 1496891ms] Identifier 'TCRMEmbed' has already been declared
[ 1497013ms] Identifier 'TCRMEmbed' has already been declared
[ 1526019ms] [LOG] i18next: languageChanged pt @ https://spa.qa.poli.digital/assets/index-DS8iyN8b.js:101
[ 1526019ms] [LOG] i18next: initialized {debug: true, initAsync: true, ns: Array(1), defaultNS: Array(1), fallbackLng: Array(1)} @ https://spa.qa.poli.digital/assets/index-DS8iyN8b.js:101
[ 1526075ms] [WARNING] Replay is disabled because neither `replaysSessionSampleRate` nor `replaysOnErrorSampleRate` are set. @ https://spa.qa.poli.digital/assets/index-DS8iyN8b.js:76
[ 1526722ms] [INFO] WebSocket: Conexão estabelecida @ https://spa.qa.poli.digital/assets/index-DS8iyN8b.js:69
[ 1530643ms] Identifier 'TCRMEmbed' has already been declared
[ 1534747ms] [ERROR] Failed to load resource: the server responded with a status of 404 () @ https://foundation-api.qa.poli.digital/v3/contacts/5c12ea50-1bdd-11f1-a609-021f6d257969/messages?include=ack,timestamp,account_channel,contact,author,template,context,preview,components,interactive,metadata:0
[ 1536748ms] Identifier 'TCRMEmbed' has already been declared
[ 1545483ms] [LOG] i18next: languageChanged pt @ https://spa.qa.poli.digital/assets/index-DS8iyN8b.js:101
[ 1545483ms] [LOG] i18next: initialized {debug: true, initAsync: true, ns: Array(1), defaultNS: Array(1), fallbackLng: Array(1)} @ https://spa.qa.poli.digital/assets/index-DS8iyN8b.js:101
[ 1545529ms] [WARNING] Replay is disabled because neither `replaysSessionSampleRate` nor `replaysOnErrorSampleRate` are set. @ https://spa.qa.poli.digital/assets/index-DS8iyN8b.js:76
[ 1546067ms] [INFO] WebSocket: Conexão estabelecida @ https://spa.qa.poli.digital/assets/index-DS8iyN8b.js:69
[ 1549028ms] Identifier 'TCRMEmbed' has already been declared
[ 1549118ms] Identifier 'TCRMEmbed' has already been declared
[ 1627195ms] [WARNING] Warning: Missing `Description` or `aria-describedby={undefined}` for {DialogContent}. @ https://spa.qa.poli.digital/assets/index-DS8iyN8b.js:69
[ 1651113ms] [WARNING] Country US is not listed. Considering the phone number as valid. @ https://spa.qa.poli.digital/assets/index-DS8iyN8b.js:69
[ 1651988ms] [WARNING] Country US is not listed. Considering the phone number as valid. @ https://spa.qa.poli.digital/assets/index-DS8iyN8b.js:69
