[     437ms] [LOG] i18next: languageChanged pt @ https://spa-canary.poli.digital/assets/index-iLAVF8WG.js:101
[     437ms] [LOG] i18next: initialized {debug: true, initAsync: true, ns: Array(1), defaultNS: Array(1), fallbackLng: Array(1)} @ https://spa-canary.poli.digital/assets/index-iLAVF8WG.js:101
[     513ms] [WARNING] Replay is disabled because neither `replaysSessionSampleRate` nor `replaysOnErrorSampleRate` are set. @ https://spa-canary.poli.digital/assets/index-iLAVF8WG.js:76
[    1347ms] [INFO] WebSocket: Conexão estabelecida @ https://spa-canary.poli.digital/assets/index-iLAVF8WG.js:69
[    1413ms] TypeError: Cannot read properties of undefined (reading 'plugin')
    at <anonymous>:1:101
    at <anonymous>:1:126
    at https://www.googletagmanager.com/gtm.js?id=GTM-M2LRLQN:907:429
    at qS (https://www.googletagmanager.com/gtm.js?id=GTM-M2LRLQN:909:31)
    at Od.pS (https://www.googletagmanager.com/gtm.js?id=GTM-M2LRLQN:906:92)
    at Od.<anonymous> (https://www.googletagmanager.com/gtm.js?id=GTM-M2LRLQN:317:187)
    at k.apply (https://www.googletagmanager.com/gtm.js?id=GTM-M2LRLQN:239:466)
    at hb (https://www.googletagmanager.com/gtm.js?id=GTM-M2LRLQN:201:719)
    at gb (https://www.googletagmanager.com/gtm.js?id=GTM-M2LRLQN:201:470)
    at Od.<anonymous> (https://www.googletagmanager.com/gtm.js?id=GTM-M2LRLQN:263:473)
    at k.apply (https://www.googletagmanager.com/gtm.js?id=GTM-M2LRLQN:239:466)
    at hb (https://www.googletagmanager.com/gtm.js?id=GTM-M2LRLQN:201:719)
    at k.Sq (https://www.googletagmanager.com/gtm.js?id=GTM-M2LRLQN:201:1286)
    at uf (https://www.googletagmanager.com/gtm.js?id=GTM-M2LRLQN:274:960)
    at https://www.googletagmanager.com/gtm.js?id=GTM-M2LRLQN:728:315
    at Kz (https://www.googletagmanager.com/gtm.js?id=GTM-M2LRLQN:632:1)
    at Pz.evaluate (https://www.googletagmanager.com/gtm.js?id=GTM-M2LRLQN:636:722)
    at e (https://www.googletagmanager.com/gtm.js?id=GTM-M2LRLQN:656:170)
    at https://www.googletagmanager.com/gtm.js?id=GTM-M2LRLQN:206:125
    at Array.<anonymous> (https://www.googletagmanager.com/gtm.js?id=GTM-M2LRLQN:657:360)
    at Object.execute (https://www.googletagmanager.com/gtm.js?id=GTM-M2LRLQN:657:100)
    at mB (https://www.googletagmanager.com/gtm.js?id=GTM-M2LRLQN:657:742)
    at pB (https://www.googletagmanager.com/gtm.js?id=GTM-M2LRLQN:661:183)
    at zD (https://www.googletagmanager.com/gtm.js?id=GTM-M2LRLQN:705:231)
    at c.push (https://www.googletagmanager.com/gtm.js?id=GTM-M2LRLQN:709:209)
    at c.push (https://www.googletagmanager.com/gtag/js?id=AW-806600684:864:69)
    at c.push (https://www.googletagmanager.com/gtag/js?id=G-EPZWL6H9X8&cx=c&gtm=4e66a1:687:69)
    at c.push (https://www.googletagmanager.com/gtag/js?id=UA-118273772-1&cx=c&gtm=4e66a1:550:69)
    at https://www.googletagmanager.com/gtm.js?id=GTM-M2LRLQN:709:457
    at r (https://spa-canary.poli.digital/assets/index-iLAVF8WG.js:70:9827)
[   70770ms] [ERROR] Failed to load resource: the server responded with a status of 422 () @ https://foundation-api-canary.poli.digital/v3/users/b59da428-26e6-11f1-9d75-06799772b1cd?include=status_of_service,roles,teams,account_channels:0
[   71640ms] [ERROR] Failed to load resource: the server responded with a status of 422 () @ https://foundation-api-canary.poli.digital/v3/users/b59da428-26e6-11f1-9d75-06799772b1cd?include=status_of_service:0
[   99694ms] [ERROR] Failed to load resource: the server responded with a status of 422 () @ https://foundation-api-canary.poli.digital/v3/users/b59da428-26e6-11f1-9d75-06799772b1cd?include=status_of_service:0
[  100697ms] [ERROR] Failed to load resource: the server responded with a status of 404 () @ https://heimdall.poli.digital/v3/auth:0
