[     819ms] [LOG] i18next: languageChanged pt @ https://spa-canary.poli.digital/assets/index-BB7gOYo1.js:101
[     819ms] [LOG] i18next: initialized {debug: true, initAsync: true, ns: Array(1), defaultNS: Array(1), fallbackLng: Array(1)} @ https://spa-canary.poli.digital/assets/index-BB7gOYo1.js:101
[     881ms] [WARNING] Replay is disabled because neither `replaysSessionSampleRate` nor `replaysOnErrorSampleRate` are set. @ https://spa-canary.poli.digital/assets/index-BB7gOYo1.js:76
[    1256ms] [ERROR] Failed to load resource: the server responded with a status of 401 () @ https://foundation-api-canary.poli.digital/v3/accounts/undefined/chats?include=type,chat_status,read_status,attributes,attendant,team,last_message,tags,unread_messages&status=OPEN&assigned_status=ASSIGNED&order=-date_last_message&contact_type=WITHOUT_CAMPAIGN:0
[    1270ms] [ERROR] error ao buscar chats TypeError: Cannot read properties of undefined (reading 'data')
    at rDt (https://spa-canary.poli.digital/assets/index-BB7gOYo1.js:1137:26257)
    at async C (https://spa-canary.poli.digital/assets/index-BB7gOYo1.js:54:37980)
    at async Object.u [as fn] (https://spa-canary.poli.digital/assets/index-BB7gOYo1.js:54:38287) @ https://spa-canary.poli.digital/assets/index-BB7gOYo1.js:69
[    1272ms] [ERROR] Failed to load resource: the server responded with a status of 401 () @ https://foundation-api-canary.poli.digital/v3/accounts/undefined/account-channels?include=uuid,uid,name,status,provider,integrator,metadata&page=1:0
[    1397ms] [ERROR] Failed to load resource: the server responded with a status of 401 () @ https://foundation-api-canary.poli.digital/v3/users/settings/summary:0
[    1400ms] [ERROR] [UserPreferencesService] Failed to get summary: TypeError: Cannot read properties of undefined (reading 'data')
    at Bme.getSummary (https://spa-canary.poli.digital/assets/index-BB7gOYo1.js:2241:64417)
    at async https://spa-canary.poli.digital/assets/index-BB7gOYo1.js:2241:65077 @ https://spa-canary.poli.digital/assets/index-BB7gOYo1.js:69
[    1402ms] [ERROR] [useUserPreferences] Error: TypeError: Cannot read properties of undefined (reading 'data')
    at Bme.getSummary (https://spa-canary.poli.digital/assets/index-BB7gOYo1.js:2241:64417)
    at async https://spa-canary.poli.digital/assets/index-BB7gOYo1.js:2241:65077 @ https://spa-canary.poli.digital/assets/index-BB7gOYo1.js:69
[    1414ms] [INFO] WebSocket: Conexão estabelecida @ https://spa-canary.poli.digital/assets/index-BB7gOYo1.js:69
[    1436ms] [LOG] i18next: languageChanged pt @ https://spa-canary.poli.digital/assets/index-BB7gOYo1.js:69
[    1853ms] [ERROR] Amplitude Logger [Error]: Failed to fetch (api2.amplitude.com) @ https://spa-canary.poli.digital/assets/index-BB7gOYo1.js:69
[    1855ms] [WARNING] Amplitude Logger [Warn]: {code: 0, error: "Status 'failed' provided for 3 events"} @ https://spa-canary.poli.digital/assets/index-BB7gOYo1.js:69
[    2050ms] [LOG] i18next: languageChanged pt @ https://spa-canary.poli.digital/assets/index-BB7gOYo1.js:101
[    2050ms] [LOG] i18next: initialized {debug: true, initAsync: true, ns: Array(1), defaultNS: Array(1), fallbackLng: Array(1)} @ https://spa-canary.poli.digital/assets/index-BB7gOYo1.js:101
[    2104ms] [WARNING] Replay is disabled because neither `replaysSessionSampleRate` nor `replaysOnErrorSampleRate` are set. @ https://spa-canary.poli.digital/assets/index-BB7gOYo1.js:76
[    2143ms] [LOG] i18next: languageChanged pt @ https://spa-canary.poli.digital/assets/index-BB7gOYo1.js:69
[    2593ms] [INFO] WebSocket: Conexão estabelecida @ https://spa-canary.poli.digital/assets/index-BB7gOYo1.js:69
[   20190ms] [LOG] i18next: languageChanged pt @ https://spa-canary.poli.digital/assets/index-BB7gOYo1.js:69
[   21097ms] [ERROR] error ao buscar chats CanceledError: canceled
    at mB (https://spa-canary.poli.digital/assets/index-BB7gOYo1.js:1103:282)
    at _2.Tue (https://spa-canary.poli.digital/assets/index-BB7gOYo1.js:1103:320)
    at async _2.request (https://spa-canary.poli.digital/assets/index-BB7gOYo1.js:1103:2147)
    at async rDt (https://spa-canary.poli.digital/assets/index-BB7gOYo1.js:1137:26220)
    at async C (https://spa-canary.poli.digital/assets/index-BB7gOYo1.js:54:37980)
    at async Object.u [as fn] (https://spa-canary.poli.digital/assets/index-BB7gOYo1.js:54:38287) @ https://spa-canary.poli.digital/assets/index-BB7gOYo1.js:69
[   62882ms] [LOG] i18next: languageChanged pt @ https://spa-canary.poli.digital/assets/index-BB7gOYo1.js:101
[   62882ms] [LOG] i18next: initialized {debug: true, initAsync: true, ns: Array(1), defaultNS: Array(1), fallbackLng: Array(1)} @ https://spa-canary.poli.digital/assets/index-BB7gOYo1.js:101
[   62945ms] [WARNING] Replay is disabled because neither `replaysSessionSampleRate` nor `replaysOnErrorSampleRate` are set. @ https://spa-canary.poli.digital/assets/index-BB7gOYo1.js:76
[   63070ms] [ERROR] error ao buscar chats CanceledError: canceled
    at mB (https://spa-canary.poli.digital/assets/index-BB7gOYo1.js:1103:282)
    at _2.Tue (https://spa-canary.poli.digital/assets/index-BB7gOYo1.js:1103:320)
    at async _2.request (https://spa-canary.poli.digital/assets/index-BB7gOYo1.js:1103:2147)
    at async rDt (https://spa-canary.poli.digital/assets/index-BB7gOYo1.js:1137:26220)
    at async C (https://spa-canary.poli.digital/assets/index-BB7gOYo1.js:54:37980)
    at async Object.u [as fn] (https://spa-canary.poli.digital/assets/index-BB7gOYo1.js:54:38287) @ https://spa-canary.poli.digital/assets/index-BB7gOYo1.js:69
[   63463ms] [INFO] WebSocket: Conexão estabelecida @ https://spa-canary.poli.digital/assets/index-BB7gOYo1.js:69
[  135512ms] [ERROR] Failed to load resource: the server responded with a status of 403 () @ https://foundation-api-canary.poli.digital/v3/contacts/9bb49c4f-2c88-4a7f-84bb-38074c239b4b:0
[  150349ms] [ERROR] Failed to load resource: the server responded with a status of 404 () @ https://foundation-api-canary.poli.digital/v3/accounts/9b8af98e-0407-49a2-bce9-3620f29c513a/contacts/9bb49c4f-2c88-4a7f-84bb-38074c239b4b:0
[  200327ms] [ERROR] Failed to load resource: the server responded with a status of 422 () @ https://foundation-api-canary.poli.digital/v3/accounts/9b8af98e-73f4-4fe9-b33b-7aa47b0369bf/contacts:0
[  206762ms] [ERROR] Failed to load resource: the server responded with a status of 422 () @ https://foundation-api-canary.poli.digital/v3/accounts/9b8af98e-73f4-4fe9-b33b-7aa47b0369bf/contacts:0
[  246099ms] [ERROR] Failed to load resource: the server responded with a status of 404 () @ https://foundation-api-canary.poli.digital/v3/accounts/9b8af98e-73f4-4fe9-b33b-7aa47b0369bf/contacts/a1fe0016-1b37-4590-b579-d60ea92ed3d1:0
[  264584ms] [ERROR] Failed to load resource: the server responded with a status of 404 () @ https://foundation-api-canary.poli.digital/v3/accounts/9b8af98e-73f4-4fe9-b33b-7aa47b0369bf/contacts/a1fe0016-1b37-4590-b579-d60ea92ed3d1?include=metadata,attributes:0
