[    2259ms] [LOG] i18next: languageChanged pt @ https://spa-canary.poli.digital/assets/index-BB7gOYo1.js:101
[    2259ms] [LOG] i18next: initialized {debug: true, initAsync: true, ns: Array(1), defaultNS: Array(1), fallbackLng: Array(1)} @ https://spa-canary.poli.digital/assets/index-BB7gOYo1.js:101
[    2349ms] [WARNING] Replay is disabled because neither `replaysSessionSampleRate` nor `replaysOnErrorSampleRate` are set. @ https://spa-canary.poli.digital/assets/index-BB7gOYo1.js:76
[    2396ms] [LOG] i18next: languageChanged pt @ https://spa-canary.poli.digital/assets/index-BB7gOYo1.js:69
[    2919ms] [INFO] WebSocket: Conexão estabelecida @ https://spa-canary.poli.digital/assets/index-BB7gOYo1.js:69
[   17915ms] [LOG] i18next: languageChanged pt @ https://spa-canary.poli.digital/assets/index-BB7gOYo1.js:69
[   18554ms] [ERROR] error ao buscar chats CanceledError: canceled
    at mB (https://spa-canary.poli.digital/assets/index-BB7gOYo1.js:1103:282)
    at _2.Tue (https://spa-canary.poli.digital/assets/index-BB7gOYo1.js:1103:320)
    at async _2.request (https://spa-canary.poli.digital/assets/index-BB7gOYo1.js:1103:2147)
    at async rDt (https://spa-canary.poli.digital/assets/index-BB7gOYo1.js:1137:26220)
    at async C (https://spa-canary.poli.digital/assets/index-BB7gOYo1.js:54:37980)
    at async Object.u [as fn] (https://spa-canary.poli.digital/assets/index-BB7gOYo1.js:54:38287) @ https://spa-canary.poli.digital/assets/index-BB7gOYo1.js:69
[   40519ms] [LOG] i18next: languageChanged pt @ https://spa-canary.poli.digital/assets/index-BB7gOYo1.js:101
[   40520ms] [LOG] i18next: initialized {debug: true, initAsync: true, ns: Array(1), defaultNS: Array(1), fallbackLng: Array(1)} @ https://spa-canary.poli.digital/assets/index-BB7gOYo1.js:101
[   40580ms] [WARNING] Replay is disabled because neither `replaysSessionSampleRate` nor `replaysOnErrorSampleRate` are set. @ https://spa-canary.poli.digital/assets/index-BB7gOYo1.js:76
[   40700ms] [ERROR] error ao buscar chats CanceledError: canceled
    at mB (https://spa-canary.poli.digital/assets/index-BB7gOYo1.js:1103:282)
    at _2.Tue (https://spa-canary.poli.digital/assets/index-BB7gOYo1.js:1103:320)
    at async _2.request (https://spa-canary.poli.digital/assets/index-BB7gOYo1.js:1103:2147)
    at async rDt (https://spa-canary.poli.digital/assets/index-BB7gOYo1.js:1137:26220)
    at async C (https://spa-canary.poli.digital/assets/index-BB7gOYo1.js:54:37980)
    at async Object.u [as fn] (https://spa-canary.poli.digital/assets/index-BB7gOYo1.js:54:38287) @ https://spa-canary.poli.digital/assets/index-BB7gOYo1.js:69
[   41159ms] [INFO] WebSocket: Conexão estabelecida @ https://spa-canary.poli.digital/assets/index-BB7gOYo1.js:69
[  110401ms] [ERROR] Failed to load resource: the server responded with a status of 400 () @ https://api2.amplitude.com/2/httpapi:0
[  110404ms] [WARNING] Amplitude Logger [Warn]: {
  "error": "Request missing required field",
  "missingField": "",
  "eventsWithInvalidFields": {},
  "eventsWithMissingFields": {
    "event_type": [
      1
    ]
  },
  "eventsWithInvalidIdLengths": {},
  "epsThreshold": 0,
  "exceededDailyQuotaDevices": {},
  "silencedDevices": [],
  "silencedEvents": [],
  "throttledDevices": {},
  "throttledEvents": []
} @ https://spa-canary.poli.digital/assets/index-BB7gOYo1.js:69
[  110405ms] [ERROR] Amplitude Logger [Error]: Request missing required field @ https://spa-canary.poli.digital/assets/index-BB7gOYo1.js:69
[  130821ms] [ERROR] Failed to load resource: the server responded with a status of 403 () @ https://foundation-api-canary.poli.digital/v3/contacts/9bb49c4f-2c88-4a7f-84bb-38074c239b4b?include=chat_status:0
