[    3064ms] [LOG] i18next: languageChanged pt @ https://spa.qa.poli.digital/assets/index-DS8iyN8b.js:101
[    3064ms] [LOG] i18next: initialized {debug: true, initAsync: true, ns: Array(1), defaultNS: Array(1), fallbackLng: Array(1)} @ https://spa.qa.poli.digital/assets/index-DS8iyN8b.js:101
[    3192ms] [WARNING] Replay is disabled because neither `replaysSessionSampleRate` nor `replaysOnErrorSampleRate` are set. @ https://spa.qa.poli.digital/assets/index-DS8iyN8b.js:76
[    3834ms] [INFO] WebSocket: Conexão estabelecida @ https://spa.qa.poli.digital/assets/index-DS8iyN8b.js:69
[    3876ms] [LOG] i18next: languageChanged pt @ https://spa.qa.poli.digital/assets/index-DS8iyN8b.js:69
[    3881ms] [ERROR] error ao buscar chats TypeError: Cannot read properties of undefined (reading 'data')
    at Aft (https://spa.qa.poli.digital/assets/index-DS8iyN8b.js:1037:26293)
    at async C (https://spa.qa.poli.digital/assets/index-DS8iyN8b.js:54:37544)
    at async Object.d [as fn] (https://spa.qa.poli.digital/assets/index-DS8iyN8b.js:54:37851) @ https://spa.qa.poli.digital/assets/index-DS8iyN8b.js:69
[    4096ms] [ERROR] Failed to load resource: the server responded with a status of 401 () @ https://foundation-api.qa.poli.digital/v3/users/settings/summary:0
[    4099ms] [ERROR] [UserPreferencesService] Failed to get summary: TypeError: Cannot read properties of undefined (reading 'data')
    at rte.getSummary (https://spa.qa.poli.digital/assets/index-DS8iyN8b.js:2143:64704)
    at async https://spa.qa.poli.digital/assets/index-DS8iyN8b.js:2143:65364 @ https://spa.qa.poli.digital/assets/index-DS8iyN8b.js:69
[    4099ms] [ERROR] [useUserPreferences] Error: TypeError: Cannot read properties of undefined (reading 'data')
    at rte.getSummary (https://spa.qa.poli.digital/assets/index-DS8iyN8b.js:2143:64704)
    at async https://spa.qa.poli.digital/assets/index-DS8iyN8b.js:2143:65364 @ https://spa.qa.poli.digital/assets/index-DS8iyN8b.js:69
[    4484ms] [ERROR] Amplitude Logger [Error]: Failed to fetch (api2.amplitude.com) @ https://spa.qa.poli.digital/assets/index-DS8iyN8b.js:69
[    4487ms] [WARNING] Amplitude Logger [Warn]: {code: 0, error: "Status 'failed' provided for 4 events"} @ https://spa.qa.poli.digital/assets/index-DS8iyN8b.js:69
[    4811ms] [LOG] i18next: languageChanged pt @ https://spa.qa.poli.digital/assets/index-DS8iyN8b.js:101
[    4811ms] [LOG] i18next: initialized {debug: true, initAsync: true, ns: Array(1), defaultNS: Array(1), fallbackLng: Array(1)} @ https://spa.qa.poli.digital/assets/index-DS8iyN8b.js:101
[    4853ms] [WARNING] Replay is disabled because neither `replaysSessionSampleRate` nor `replaysOnErrorSampleRate` are set. @ https://spa.qa.poli.digital/assets/index-DS8iyN8b.js:76
[    4883ms] [LOG] i18next: languageChanged pt @ https://spa.qa.poli.digital/assets/index-DS8iyN8b.js:69
[    5356ms] [INFO] WebSocket: Conexão estabelecida @ https://spa.qa.poli.digital/assets/index-DS8iyN8b.js:69
[   20723ms] [LOG] i18next: languageChanged pt @ https://spa.qa.poli.digital/assets/index-DS8iyN8b.js:69
