[    1687ms] [LOG] Defining triggerGuiding @ https://app-spa.poli.digital/static/js/main.b10d375c.js:1
[    1717ms] [LOG] openSocketRequest @ https://app-spa.poli.digital/static/js/main.b10d375c.js:1
[    3532ms] [ERROR] Failed to load resource: the server responded with a status of 401 () @ https://app.poli.digital/credits/balance:0
[    3534ms] [ERROR] Failed to load resource: the server responded with a status of 401 () @ https://heimdall.poli.digital/auth/foundation/allowed:0
[    3535ms] [ERROR] Erro ao verificar permissão de uso da nova tela de chats rd @ https://app-spa.poli.digital/static/js/main.b10d375c.js:1
[    3539ms] [ERROR] Failed to load resource: the server responded with a status of 401 () @ https://foundation-api.poli.digital/v3/users/settings/language:0
[    4084ms] [LOG] User Guiding identify running @ https://app-spa.poli.digital/static/js/main.b10d375c.js:1
[    4084ms] [LOG] User Guiding identify cleared @ https://app-spa.poli.digital/static/js/main.b10d375c.js:1
[    4251ms] [ERROR] Failed to load resource: the server responded with a status of 401 () @ https://app.poli.digital/admin/customers/non_payment/1:0
[    4383ms] [ERROR] Failed to load resource: the server responded with a status of 401 () @ https://app.poli.digital/shopping/products/search?status=1:0
[    4401ms] [ERROR] Error getting overdue customers rd @ https://app-spa.poli.digital/static/js/main.b10d375c.js:1
[    4683ms] rd
[    5263ms] [ERROR] Failed to load resource: the server responded with a status of 429 () @ https://sentry.poli.digital/api/9/envelope/?sentry_version=7&sentry_key=a49e1da2fd478414151f1b91b373119a&sentry_client=sentry.javascript.browser%2F8.55.0:0
[    5343ms] [ERROR] Failed to load resource: the server responded with a status of 401 () @ https://app.poli.digital/shopping/gateway:0
[    5481ms] TypeError: Cannot read properties of undefined (reading 'plugin')
    at <anonymous>:1:101
    at <anonymous>:1:126
    at https://www.googletagmanager.com/gtm.js?id=GTM-M2LRLQN:898:429
    at qS (https://www.googletagmanager.com/gtm.js?id=GTM-M2LRLQN:900:31)
    at Od.pS (https://www.googletagmanager.com/gtm.js?id=GTM-M2LRLQN:897:92)
    at Od.<anonymous> (https://www.googletagmanager.com/gtm.js?id=GTM-M2LRLQN:309:187)
    at k.apply (https://www.googletagmanager.com/gtm.js?id=GTM-M2LRLQN:231:466)
    at hb (https://www.googletagmanager.com/gtm.js?id=GTM-M2LRLQN:193:719)
    at gb (https://www.googletagmanager.com/gtm.js?id=GTM-M2LRLQN:193:470)
    at Od.<anonymous> (https://www.googletagmanager.com/gtm.js?id=GTM-M2LRLQN:255:473)
    at k.apply (https://www.googletagmanager.com/gtm.js?id=GTM-M2LRLQN:231:466)
    at hb (https://www.googletagmanager.com/gtm.js?id=GTM-M2LRLQN:193:719)
    at k.Qq (https://www.googletagmanager.com/gtm.js?id=GTM-M2LRLQN:193:1286)
    at uf (https://www.googletagmanager.com/gtm.js?id=GTM-M2LRLQN:266:960)
    at https://www.googletagmanager.com/gtm.js?id=GTM-M2LRLQN:722:315
    at Lz (https://www.googletagmanager.com/gtm.js?id=GTM-M2LRLQN:625:1)
    at Qz.evaluate (https://www.googletagmanager.com/gtm.js?id=GTM-M2LRLQN:629:722)
    at e (https://www.googletagmanager.com/gtm.js?id=GTM-M2LRLQN:649:170)
    at https://www.googletagmanager.com/gtm.js?id=GTM-M2LRLQN:198:125
    at Array.<anonymous> (https://www.googletagmanager.com/gtm.js?id=GTM-M2LRLQN:650:360)
    at Object.execute (https://www.googletagmanager.com/gtm.js?id=GTM-M2LRLQN:650:100)
    at nB (https://www.googletagmanager.com/gtm.js?id=GTM-M2LRLQN:650:742)
    at qB (https://www.googletagmanager.com/gtm.js?id=GTM-M2LRLQN:654:183)
    at CD (https://www.googletagmanager.com/gtm.js?id=GTM-M2LRLQN:699:231)
    at c.push (https://www.googletagmanager.com/gtm.js?id=GTM-M2LRLQN:703:209)
    at c.push (https://www.googletagmanager.com/gtag/js?id=AW-806600684:866:69)
    at c.push (https://www.googletagmanager.com/gtag/js?id=G-EPZWL6H9X8&cx=c&gtm=4e6641:688:69)
    at c.push (https://www.googletagmanager.com/gtag/js?id=UA-118273772-1&cx=c&gtm=4e6641:552:69)
    at https://www.googletagmanager.com/gtm.js?id=GTM-M2LRLQN:703:457
    at r (https://app-spa.poli.digital/static/js/main.b10d375c.js:2:1916016)
[    5444ms] [WARNING] <meta name="apple-mobile-web-app-capable" content="yes"> is deprecated. Please include <meta name="mobile-web-app-capable" content="yes"> @ https://app-spa.poli.digital/chat:0
[    6662ms] [ERROR] Failed to load resource: the server responded with a status of 401 () @ https://app.poli.digital/alive:0
[    8216ms] [ERROR] Failed to load resource: the server responded with a status of 403 () @ https://pps.whatsapp.net/v/t61.24694-24/119250336_623200455061122_4970038818099675501_n.jpg?ccb=11-4&oh=01_Q5Aa3gFt7DRjOicAp1Ij7cYxIq2MZcuvGr8_ORe6XMqqI3bshw&oe=6980AF12&_nc_sid=5e03e0&_nc_cat=102:0
[    8233ms] [ERROR] Failed to load resource: the server responded with a status of 403 () @ https://pps.whatsapp.net/v/t61.24694-24/516821226_1034137662043294_8412083315673682112_n.jpg?ccb=11-4&oh=01_Q5Aa3wGV0w2YmnQ6TBMH0x-0rxT9pjZgTvTyDdDyH-6A-5wg7w&oe=69B819C9&_nc_sid=5e03e0&_nc_cat=109:0
[    8244ms] [ERROR] Failed to load resource: the server responded with a status of 403 () @ https://pps.whatsapp.net/v/t61.24694-24/516299784_765127936149524_5928964262199968569_n.jpg?ccb=11-4&oh=01_Q5Aa3AF4no6RdRY23ypyTfYBHds24ZPIQipiE7s8OUUZapJnQQ&oe=69358870&_nc_sid=5e03e0&_nc_cat=103:0
[    8245ms] [ERROR] Failed to load resource: the server responded with a status of 403 () @ https://pps.whatsapp.net/v/t61.24694-24/437184832_898610138517247_1283479863683724595_n.jpg?ccb=11-4&oh=01_Q5Aa4gGX2ma97syCUx2rsuB7d4avSxodCswO68toDPKKOhnlOQ&oe=6A0F4E99&_nc_sid=5e03e0&_nc_cat=107:0
[   10570ms] [WARNING] The resource https://fonts.googleapis.com/css2?family=Raleway:wght@400;500;600 was preloaded using link preload but not used within a few seconds from the window's load event. Please make sure it has an appropriate `as` value and it is preloaded intentionally. @ https://app-spa.poli.digital/chat:0
[   11298ms] [WARNING] The resource https://fonts.googleapis.com/css2?family=Rubik:wght@400;500;600 was preloaded using link preload but not used within a few seconds from the window's load event. Please make sure it has an appropriate `as` value and it is preloaded intentionally. @ https://app-spa.poli.digital/chat:0
[   11413ms] [WARNING] The resource https://fonts.googleapis.com/css2?family=Raleway:wght@400;500;600 was preloaded using link preload but not used within a few seconds from the window's load event. Please make sure it has an appropriate `as` value and it is preloaded intentionally. @ https://app-spa.poli.digital/chat:0
[   11418ms] [WARNING] The resource https://fonts.googleapis.com/css2?family=Raleway:wght@400;500;600 was preloaded using link preload but not used within a few seconds from the window's load event. Please make sure it has an appropriate `as` value and it is preloaded intentionally. @ https://app-spa.poli.digital/chat:0
[   62117ms] [ERROR] Failed to load resource: the server responded with a status of 401 () @ https://app.poli.digital/alive:0
[   62489ms] [LOG] websocket on close - ws_unauthorized true @ https://app-spa.poli.digital/static/js/main.b10d375c.js:1
[   62498ms] [LOG] websocket on close - ws_unauthorized true @ https://app-spa.poli.digital/static/js/main.b10d375c.js:1
[   63260ms] [LOG] openSocketRequest @ https://app-spa.poli.digital/static/js/main.b10d375c.js:1
[   63347ms] [LOG] Defining triggerGuiding @ https://app-spa.poli.digital/static/js/main.b10d375c.js:1
[   64070ms] [ERROR] WebSocket connection to 'wss://dispatch-wss.poli.digital/?auth_token=eyJhbGciOiJIUzI1NiIsInR5cCI6IkpXVCJ9.eyJzY29wZSI6InBvbGlfdXNlciIsInVzZXIiOnsiaWQiOjc5MzU2LCJlbWFpbCI6Inl1cmkuY2FzdHJvQHBvbGkuZGlnaXRhbCIsIm5hbWUiOiIiLCJjdXN0b21lcl9pZCI6MSwiY3VzdG9tZXJzIjpbMSw0NjY2Nyw1MDYyMV0sInJvbGVzIjpbMiwzXSwicGVybWlzc2lvbnMiOltdfSwicGVybWlzc2lvbnMiOltdLCJpYXQiOjE3ODExMTE4OTEsImV4cCI6MTc4MTE5ODI5MX0.kqeUkaAhSG5ujWjpyKjOTcfGaKdQy7LV1PBmSySd41w&customer_id=1' failed: HTTP Authentication failed; no valid credentials available @ https://app-spa.poli.digital/static/js/main.b10d375c.js:1
[   64071ms] [LOG] websocket on close - ws_unauthorized false @ https://app-spa.poli.digital/static/js/main.b10d375c.js:1
[   64486ms] [VERBOSE] [DOM] Input elements should have autocomplete attributes (suggested: "current-password"): (More info: https://goo.gl/9p2vKq) %o @ https://app-spa.poli.digital/login:0
[   64611ms] TypeError: Cannot read properties of undefined (reading 'plugin')
    at <anonymous>:1:101
    at <anonymous>:1:126
    at https://www.googletagmanager.com/gtm.js?id=GTM-M2LRLQN:898:429
    at qS (https://www.googletagmanager.com/gtm.js?id=GTM-M2LRLQN:900:31)
    at Od.pS (https://www.googletagmanager.com/gtm.js?id=GTM-M2LRLQN:897:92)
    at Od.<anonymous> (https://www.googletagmanager.com/gtm.js?id=GTM-M2LRLQN:309:187)
    at k.apply (https://www.googletagmanager.com/gtm.js?id=GTM-M2LRLQN:231:466)
    at hb (https://www.googletagmanager.com/gtm.js?id=GTM-M2LRLQN:193:719)
    at gb (https://www.googletagmanager.com/gtm.js?id=GTM-M2LRLQN:193:470)
    at Od.<anonymous> (https://www.googletagmanager.com/gtm.js?id=GTM-M2LRLQN:255:473)
    at k.apply (https://www.googletagmanager.com/gtm.js?id=GTM-M2LRLQN:231:466)
    at hb (https://www.googletagmanager.com/gtm.js?id=GTM-M2LRLQN:193:719)
    at k.Qq (https://www.googletagmanager.com/gtm.js?id=GTM-M2LRLQN:193:1286)
    at uf (https://www.googletagmanager.com/gtm.js?id=GTM-M2LRLQN:266:960)
    at https://www.googletagmanager.com/gtm.js?id=GTM-M2LRLQN:722:315
    at Lz (https://www.googletagmanager.com/gtm.js?id=GTM-M2LRLQN:625:1)
    at Qz.evaluate (https://www.googletagmanager.com/gtm.js?id=GTM-M2LRLQN:629:722)
    at e (https://www.googletagmanager.com/gtm.js?id=GTM-M2LRLQN:649:170)
    at https://www.googletagmanager.com/gtm.js?id=GTM-M2LRLQN:198:125
    at Array.<anonymous> (https://www.googletagmanager.com/gtm.js?id=GTM-M2LRLQN:650:360)
    at Object.execute (https://www.googletagmanager.com/gtm.js?id=GTM-M2LRLQN:650:100)
    at nB (https://www.googletagmanager.com/gtm.js?id=GTM-M2LRLQN:650:742)
    at qB (https://www.googletagmanager.com/gtm.js?id=GTM-M2LRLQN:654:183)
    at CD (https://www.googletagmanager.com/gtm.js?id=GTM-M2LRLQN:699:231)
    at c.push (https://www.googletagmanager.com/gtm.js?id=GTM-M2LRLQN:703:209)
    at c.push (https://www.googletagmanager.com/gtag/js?id=AW-806600684:866:69)
    at c.push (https://www.googletagmanager.com/gtag/js?id=G-EPZWL6H9X8&cx=c&gtm=4e6641:688:69)
    at c.push (https://www.googletagmanager.com/gtag/js?id=UA-118273772-1&cx=c&gtm=4e6641:552:69)
    at https://www.googletagmanager.com/gtm.js?id=GTM-M2LRLQN:703:457
    at r (https://app-spa.poli.digital/static/js/main.b10d375c.js:2:1916016)
[   64542ms] [WARNING] <meta name="apple-mobile-web-app-capable" content="yes"> is deprecated. Please include <meta name="mobile-web-app-capable" content="yes"> @ https://app-spa.poli.digital/login:0
[   64943ms] [ERROR] Failed to load resource: the server responded with a status of 429 () @ https://sentry.poli.digital/api/9/envelope/?sentry_version=7&sentry_key=a49e1da2fd478414151f1b91b373119a&sentry_client=sentry.javascript.browser%2F8.55.0:0
[   65197ms] [ERROR] WebSocket connection to 'wss://dispatch-wss.poli.digital/?auth_token=eyJhbGciOiJIUzI1NiIsInR5cCI6IkpXVCJ9.eyJzY29wZSI6InBvbGlfdXNlciIsInVzZXIiOnsiaWQiOjc5MzU2LCJlbWFpbCI6Inl1cmkuY2FzdHJvQHBvbGkuZGlnaXRhbCIsIm5hbWUiOiIiLCJjdXN0b21lcl9pZCI6MSwiY3VzdG9tZXJzIjpbMSw0NjY2Nyw1MDYyMV0sInJvbGVzIjpbMiwzXSwicGVybWlzc2lvbnMiOltdfSwicGVybWlzc2lvbnMiOltdLCJpYXQiOjE3ODExMTE4OTEsImV4cCI6MTc4MTE5ODI5MX0.kqeUkaAhSG5ujWjpyKjOTcfGaKdQy7LV1PBmSySd41w&customer_id=1' failed: HTTP Authentication failed; no valid credentials available @ https://app-spa.poli.digital/static/js/main.b10d375c.js:1
[   65197ms] [LOG] websocket on close - ws_unauthorized false @ https://app-spa.poli.digital/static/js/main.b10d375c.js:1
[   65447ms] [LOG] User Guiding identify running @ https://app-spa.poli.digital/static/js/main.b10d375c.js:1
[   65447ms] [LOG] User Guiding identify cleared @ https://app-spa.poli.digital/static/js/main.b10d375c.js:1
[   66768ms] [ERROR] WebSocket connection to 'wss://dispatch-wss.poli.digital/?auth_token=eyJhbGciOiJIUzI1NiIsInR5cCI6IkpXVCJ9.eyJzY29wZSI6InBvbGlfdXNlciIsInVzZXIiOnsiaWQiOjc5MzU2LCJlbWFpbCI6Inl1cmkuY2FzdHJvQHBvbGkuZGlnaXRhbCIsIm5hbWUiOiIiLCJjdXN0b21lcl9pZCI6MSwiY3VzdG9tZXJzIjpbMSw0NjY2Nyw1MDYyMV0sInJvbGVzIjpbMiwzXSwicGVybWlzc2lvbnMiOltdfSwicGVybWlzc2lvbnMiOltdLCJpYXQiOjE3ODExMTE4OTEsImV4cCI6MTc4MTE5ODI5MX0.kqeUkaAhSG5ujWjpyKjOTcfGaKdQy7LV1PBmSySd41w&customer_id=1' failed: HTTP Authentication failed; no valid credentials available @ https://app-spa.poli.digital/static/js/main.b10d375c.js:1
[   66769ms] [LOG] websocket on close - ws_unauthorized false @ https://app-spa.poli.digital/static/js/main.b10d375c.js:1
[   68790ms] [WARNING] The resource https://fonts.googleapis.com/css2?family=Raleway:wght@400;500;600 was preloaded using link preload but not used within a few seconds from the window's load event. Please make sure it has an appropriate `as` value and it is preloaded intentionally. @ https://app-spa.poli.digital/login:0
[   68791ms] [WARNING] The resource https://fonts.googleapis.com/css2?family=Rubik:wght@400;500;600 was preloaded using link preload but not used within a few seconds from the window's load event. Please make sure it has an appropriate `as` value and it is preloaded intentionally. @ https://app-spa.poli.digital/login:0
[   69302ms] [ERROR] WebSocket connection to 'wss://dispatch-wss.poli.digital/?auth_token=eyJhbGciOiJIUzI1NiIsInR5cCI6IkpXVCJ9.eyJzY29wZSI6InBvbGlfdXNlciIsInVzZXIiOnsiaWQiOjc5MzU2LCJlbWFpbCI6Inl1cmkuY2FzdHJvQHBvbGkuZGlnaXRhbCIsIm5hbWUiOiIiLCJjdXN0b21lcl9pZCI6MSwiY3VzdG9tZXJzIjpbMSw0NjY2Nyw1MDYyMV0sInJvbGVzIjpbMiwzXSwicGVybWlzc2lvbnMiOltdfSwicGVybWlzc2lvbnMiOltdLCJpYXQiOjE3ODExMTE4OTEsImV4cCI6MTc4MTE5ODI5MX0.kqeUkaAhSG5ujWjpyKjOTcfGaKdQy7LV1PBmSySd41w&customer_id=1' failed: HTTP Authentication failed; no valid credentials available @ https://app-spa.poli.digital/static/js/main.b10d375c.js:1
[   69302ms] [LOG] websocket on close - ws_unauthorized false @ https://app-spa.poli.digital/static/js/main.b10d375c.js:1
[   69453ms] [WARNING] The resource https://fonts.googleapis.com/css2?family=Raleway:wght@400;500;600 was preloaded using link preload but not used within a few seconds from the window's load event. Please make sure it has an appropriate `as` value and it is preloaded intentionally. @ https://app-spa.poli.digital/login:0
[   69485ms] [WARNING] The resource https://fonts.googleapis.com/css2?family=Raleway:wght@400;500;600 was preloaded using link preload but not used within a few seconds from the window's load event. Please make sure it has an appropriate `as` value and it is preloaded intentionally. @ https://app-spa.poli.digital/login:0
[   73833ms] [ERROR] WebSocket connection to 'wss://dispatch-wss.poli.digital/?auth_token=eyJhbGciOiJIUzI1NiIsInR5cCI6IkpXVCJ9.eyJzY29wZSI6InBvbGlfdXNlciIsInVzZXIiOnsiaWQiOjc5MzU2LCJlbWFpbCI6Inl1cmkuY2FzdHJvQHBvbGkuZGlnaXRhbCIsIm5hbWUiOiIiLCJjdXN0b21lcl9pZCI6MSwiY3VzdG9tZXJzIjpbMSw0NjY2Nyw1MDYyMV0sInJvbGVzIjpbMiwzXSwicGVybWlzc2lvbnMiOltdfSwicGVybWlzc2lvbnMiOltdLCJpYXQiOjE3ODExMTE4OTEsImV4cCI6MTc4MTE5ODI5MX0.kqeUkaAhSG5ujWjpyKjOTcfGaKdQy7LV1PBmSySd41w&customer_id=1' failed: HTTP Authentication failed; no valid credentials available @ https://app-spa.poli.digital/static/js/main.b10d375c.js:1
[   73833ms] [LOG] websocket on close - ws_unauthorized false @ https://app-spa.poli.digital/static/js/main.b10d375c.js:1
[   83098ms] [ERROR] WebSocket connection to 'wss://dispatch-wss.poli.digital/?auth_token=eyJhbGciOiJIUzI1NiIsInR5cCI6IkpXVCJ9.eyJzY29wZSI6InBvbGlfdXNlciIsInVzZXIiOnsiaWQiOjc5MzU2LCJlbWFpbCI6Inl1cmkuY2FzdHJvQHBvbGkuZGlnaXRhbCIsIm5hbWUiOiIiLCJjdXN0b21lcl9pZCI6MSwiY3VzdG9tZXJzIjpbMSw0NjY2Nyw1MDYyMV0sInJvbGVzIjpbMiwzXSwicGVybWlzc2lvbnMiOltdfSwicGVybWlzc2lvbnMiOltdLCJpYXQiOjE3ODExMTE4OTEsImV4cCI6MTc4MTE5ODI5MX0.kqeUkaAhSG5ujWjpyKjOTcfGaKdQy7LV1PBmSySd41w&customer_id=1' failed: HTTP Authentication failed; no valid credentials available @ https://app-spa.poli.digital/static/js/main.b10d375c.js:1
[   83102ms] [LOG] websocket on close - ws_unauthorized false @ https://app-spa.poli.digital/static/js/main.b10d375c.js:1
[   93662ms] [ERROR] WebSocket connection to 'wss://dispatch-wss.poli.digital/?auth_token=eyJhbGciOiJIUzI1NiIsInR5cCI6IkpXVCJ9.eyJzY29wZSI6InBvbGlfdXNlciIsInVzZXIiOnsiaWQiOjc5MzU2LCJlbWFpbCI6Inl1cmkuY2FzdHJvQHBvbGkuZGlnaXRhbCIsIm5hbWUiOiIiLCJjdXN0b21lcl9pZCI6MSwiY3VzdG9tZXJzIjpbMSw0NjY2Nyw1MDYyMV0sInJvbGVzIjpbMiwzXSwicGVybWlzc2lvbnMiOltdfSwicGVybWlzc2lvbnMiOltdLCJpYXQiOjE3ODExMTE4OTEsImV4cCI6MTc4MTE5ODI5MX0.kqeUkaAhSG5ujWjpyKjOTcfGaKdQy7LV1PBmSySd41w&customer_id=1' failed: HTTP Authentication failed; no valid credentials available @ https://app-spa.poli.digital/static/js/main.b10d375c.js:1
[   93663ms] [LOG] websocket on close - ws_unauthorized false @ https://app-spa.poli.digital/static/js/main.b10d375c.js:1
[  104201ms] [ERROR] WebSocket connection to 'wss://dispatch-wss.poli.digital/?auth_token=eyJhbGciOiJIUzI1NiIsInR5cCI6IkpXVCJ9.eyJzY29wZSI6InBvbGlfdXNlciIsInVzZXIiOnsiaWQiOjc5MzU2LCJlbWFpbCI6Inl1cmkuY2FzdHJvQHBvbGkuZGlnaXRhbCIsIm5hbWUiOiIiLCJjdXN0b21lcl9pZCI6MSwiY3VzdG9tZXJzIjpbMSw0NjY2Nyw1MDYyMV0sInJvbGVzIjpbMiwzXSwicGVybWlzc2lvbnMiOltdfSwicGVybWlzc2lvbnMiOltdLCJpYXQiOjE3ODExMTE4OTEsImV4cCI6MTc4MTE5ODI5MX0.kqeUkaAhSG5ujWjpyKjOTcfGaKdQy7LV1PBmSySd41w&customer_id=1' failed: HTTP Authentication failed; no valid credentials available @ https://app-spa.poli.digital/static/js/main.b10d375c.js:1
[  104203ms] [LOG] websocket on close - ws_unauthorized false @ https://app-spa.poli.digital/static/js/main.b10d375c.js:1
[  114739ms] [ERROR] WebSocket connection to 'wss://dispatch-wss.poli.digital/?auth_token=eyJhbGciOiJIUzI1NiIsInR5cCI6IkpXVCJ9.eyJzY29wZSI6InBvbGlfdXNlciIsInVzZXIiOnsiaWQiOjc5MzU2LCJlbWFpbCI6Inl1cmkuY2FzdHJvQHBvbGkuZGlnaXRhbCIsIm5hbWUiOiIiLCJjdXN0b21lcl9pZCI6MSwiY3VzdG9tZXJzIjpbMSw0NjY2Nyw1MDYyMV0sInJvbGVzIjpbMiwzXSwicGVybWlzc2lvbnMiOltdfSwicGVybWlzc2lvbnMiOltdLCJpYXQiOjE3ODExMTE4OTEsImV4cCI6MTc4MTE5ODI5MX0.kqeUkaAhSG5ujWjpyKjOTcfGaKdQy7LV1PBmSySd41w&customer_id=1' failed: HTTP Authentication failed; no valid credentials available @ https://app-spa.poli.digital/static/js/main.b10d375c.js:1
[  114739ms] [LOG] websocket on close - ws_unauthorized false @ https://app-spa.poli.digital/static/js/main.b10d375c.js:1
[  116098ms] [ERROR] Failed to load resource: the server responded with a status of 403 () @ https://heimdall.poli.digital/auth/foundation/allowed:0
[  116102ms] [ERROR] Erro ao verificar permissão de uso da nova tela de chats rd @ https://app-spa.poli.digital/static/js/main.b10d375c.js:1
[  117147ms] [LOG] Defining triggerGuiding @ :0
[  119310ms] [LOG] User Guiding identify running @ :1
[  119310ms] [LOG] User Guiding identify cleared @ :1
[  119453ms] TypeError: Cannot read properties of undefined (reading 'plugin')
    at <anonymous>:1:101
    at <anonymous>:1:126
    at https://www.googletagmanager.com/gtm.js?id=GTM-M2LRLQN:898:429
    at qS (https://www.googletagmanager.com/gtm.js?id=GTM-M2LRLQN:900:31)
    at Od.pS (https://www.googletagmanager.com/gtm.js?id=GTM-M2LRLQN:897:92)
    at Od.<anonymous> (https://www.googletagmanager.com/gtm.js?id=GTM-M2LRLQN:309:187)
    at k.apply (https://www.googletagmanager.com/gtm.js?id=GTM-M2LRLQN:231:466)
    at hb (https://www.googletagmanager.com/gtm.js?id=GTM-M2LRLQN:193:719)
    at gb (https://www.googletagmanager.com/gtm.js?id=GTM-M2LRLQN:193:470)
    at Od.<anonymous> (https://www.googletagmanager.com/gtm.js?id=GTM-M2LRLQN:255:473)
[  123855ms] [WARNING] The resource https://fonts.googleapis.com/css2?family=Rubik:wght@400;500;600 was preloaded using link preload but not used within a few seconds from the window's load event. Please make sure it has an appropriate `as` value and it is preloaded intentionally. @ https://app.poli.digital/home:0
[  123855ms] [WARNING] The resource https://fonts.googleapis.com/css2?family=Raleway:wght@400;500;600 was preloaded using link preload but not used within a few seconds from the window's load event. Please make sure it has an appropriate `as` value and it is preloaded intentionally. @ https://app.poli.digital/home:0
[  124869ms] [WARNING] The resource https://fonts.googleapis.com/css2?family=Raleway:wght@400;500;600 was preloaded using link preload but not used within a few seconds from the window's load event. Please make sure it has an appropriate `as` value and it is preloaded intentionally. @ https://app.poli.digital/home:0
[  124869ms] [WARNING] The resource https://fonts.googleapis.com/css2?family=Raleway:wght@400;500;600 was preloaded using link preload but not used within a few seconds from the window's load event. Please make sure it has an appropriate `as` value and it is preloaded intentionally. @ https://app.poli.digital/home:0
