[    1329ms] [LOG] Defining triggerGuiding @ :0
[    3888ms] [WARNING] [UserGuiding] 
 You are loading UserGuiding SDK multiple times 

*Submit a ticket using the link below if you think this is a bug
https://desk.zoho.com/portal/userguiding/newticket @ https://static.userguiding.com/media/user-guiding-4CU101710BACID-embedded.js:1
[    3905ms] [LOG] User Guiding identify running @ :1
[    5330ms] [LOG] User Guiding identify running @ :1
[    7344ms] [LOG] User Guiding identify running @ :1
[    7746ms] [WARNING] The resource https://fonts.googleapis.com/css2?family=Raleway:wght@400;500;600 was preloaded using link preload but not used within a few seconds from the window's load event. Please make sure it has an appropriate `as` value and it is preloaded intentionally. @ https://spa.poli.digital/chat:0
[    7808ms] [WARNING] The resource https://fonts.googleapis.com/css2?family=Rubik:wght@400;500;600 was preloaded using link preload but not used within a few seconds from the window's load event. Please make sure it has an appropriate `as` value and it is preloaded intentionally. @ https://spa.poli.digital/chat:0
[    9340ms] [LOG] User Guiding identify running @ :1
[    9920ms] [LOG] i18next: languageChanged pt @ https://spa.poli.digital/assets/index-B89peI10.js:101
[    9921ms] [LOG] i18next: initialized {debug: true, initAsync: true, ns: Array(1), defaultNS: Array(1), fallbackLng: Array(1)} @ https://spa.poli.digital/assets/index-B89peI10.js:101
[   10085ms] [WARNING] Replay is disabled because neither `replaysSessionSampleRate` nor `replaysOnErrorSampleRate` are set. @ https://spa.poli.digital/assets/index-B89peI10.js:76
[   10463ms] [ERROR] error ao buscar chats CanceledError: canceled
    at mB (https://spa.poli.digital/assets/index-B89peI10.js:1103:282)
    at C2.Nue (https://spa.poli.digital/assets/index-B89peI10.js:1103:320)
    at async C2.request (https://spa.poli.digital/assets/index-B89peI10.js:1103:2147)
    at async cDt (https://spa.poli.digital/assets/index-B89peI10.js:1137:26220)
    at async C (https://spa.poli.digital/assets/index-B89peI10.js:54:37980)
    at async Object.u [as fn] (https://spa.poli.digital/assets/index-B89peI10.js:54:38287) @ https://spa.poli.digital/assets/index-B89peI10.js:69
[   10635ms] [INFO] WebSocket: ConexĂŁo estabelecida @ https://spa.poli.digital/assets/index-B89peI10.js:69
[   11223ms] [ERROR] Failed to load resource: the server responded with a status of 404 () @ https://heimdall.poli.digital/auth/activity:0
[   11225ms] [WARNING] Erro ao enviar heartbeat: AxiosError: Request failed with status code 404
    at gBe (https://spa.poli.digital/assets/index-B89peI10.js:1101:10207)
    at XMLHttpRequest.x (https://spa.poli.digital/assets/index-B89peI10.js:1101:15780) @ https://spa.poli.digital/assets/index-B89peI10.js:69
[   11234ms] [ERROR] Failed to load resource: the server responded with a status of 401 () @ https://foundation-api.poli.digital/v3/accounts/non-payment/9b8af98e-73f4-4fe9-b33b-7aa47b0369bf:0
[   11236ms] [ERROR] Failed to load resource: the server responded with a status of 401 () @ https://foundation-api.poli.digital/v3/crm/index:0
[   11237ms] [ERROR] Failed to load resource: the server responded with a status of 401 () @ https://foundation-api.poli.digital/v3/accounts/9b8af98e-73f4-4fe9-b33b-7aa47b0369bf/chats/pinned:0
[   11238ms] [ERROR] Failed to load resource: the server responded with a status of 401 () @ https://foundation-api.poli.digital/v3/users/settings/summary:0
[   11239ms] [ERROR] Failed to load resource: the server responded with a status of 401 () @ https://foundation-api.poli.digital/v3/accounts/9b8af98e-73f4-4fe9-b33b-7aa47b0369bf/chats?include=type,chat_status,read_status,attributes,attendant,team,last_message,tags,unread_messages&status=OPEN&assigned=myself&assigned_status=ASSIGNED&order=-date_last_message&contact_type=WITHOUT_CAMPAIGN:0
[   11343ms] [LOG] User Guiding identify running @ https://spa.poli.digital/assets/index-B89peI10.js:69
[   11343ms] [LOG] User Guiding identify cleared @ https://spa.poli.digital/assets/index-B89peI10.js:69
[   11367ms] [ERROR] Failed to load resource: the server responded with a status of 401 () @ https://foundation-api.poli.digital/v3/settings:0
[   11368ms] [ERROR] Failed to load resource: the server responded with a status of 401 () @ https://foundation-api.poli.digital/v3/accounts/9b8af98e-73f4-4fe9-b33b-7aa47b0369bf/account-channels?include=uuid,uid,name,status,provider,integrator,metadata&page=1:0
[   11409ms] [ERROR] Failed to load resource: the server responded with a status of 401 () @ https://foundation-api.poli.digital/v3/accounts/balance/9b8af98e-73f4-4fe9-b33b-7aa47b0369bf:0
[   11412ms] [ERROR] Failed to load resource: the server responded with a status of 401 () @ https://foundation-api.poli.digital/v3/broadcasting/auth:0
[   11592ms] [ERROR] Failed to load resource: the server responded with a status of 401 () @ https://heimdall.poli.digital/auth/refresh-token:0
[   11593ms] [ERROR] Erro na requisiĂ§ĂŁo de refresh token: AxiosError: Request failed with status code 401
    at gBe (https://spa.poli.digital/assets/index-B89peI10.js:1101:10207)
    at XMLHttpRequest.x (https://spa.poli.digital/assets/index-B89peI10.js:1101:15780)
    at C2.request (https://spa.poli.digital/assets/index-B89peI10.js:1103:2243)
    at async EMt (https://spa.poli.digital/assets/index-B89peI10.js:1107:6861)
    at async https://spa.poli.digital/assets/index-B89peI10.js:1107:8208
    at async C2.request (https://spa.poli.digital/assets/index-B89peI10.js:1103:2147)
    at async e0n.getOverdueAccounts (https://spa.poli.digital/assets/index-B89peI10.js:2253:44732)
    at async https://spa.poli.digital/assets/index-B89peI10.js:2579:5310 @ https://spa.poli.digital/assets/index-B89peI10.js:69
[   11594ms] [ERROR] AxiosError: Request failed with status code 401
    at gBe (https://spa.poli.digital/assets/index-B89peI10.js:1101:10207)
    at XMLHttpRequest.x (https://spa.poli.digital/assets/index-B89peI10.js:1101:15780)
    at C2.request (https://spa.poli.digital/assets/index-B89peI10.js:1103:2243)
    at async EMt (https://spa.poli.digital/assets/index-B89peI10.js:1107:6861)
    at async https://spa.poli.digital/assets/index-B89peI10.js:1107:8208
    at async C2.request (https://spa.poli.digital/assets/index-B89peI10.js:1103:2147)
    at async e0n.getOverdueAccounts (https://spa.poli.digital/assets/index-B89peI10.js:2253:44732)
    at async https://spa.poli.digital/assets/index-B89peI10.js:2579:5310 @ https://spa.poli.digital/assets/index-B89peI10.js:69
[   11597ms] [ERROR] AxiosError: Request failed with status code 401
    at gBe (https://spa.poli.digital/assets/index-B89peI10.js:1101:10207)
    at XMLHttpRequest.x (https://spa.poli.digital/assets/index-B89peI10.js:1101:15780)
    at C2.request (https://spa.poli.digital/assets/index-B89peI10.js:1103:2243)
    at async EMt (https://spa.poli.digital/assets/index-B89peI10.js:1107:6861)
    at async https://spa.poli.digital/assets/index-B89peI10.js:1107:8208
    at async C2.request (https://spa.poli.digital/assets/index-B89peI10.js:1103:2147)
    at async e0n.getOverdueAccounts (https://spa.poli.digital/assets/index-B89peI10.js:2253:44732)
    at async https://spa.poli.digital/assets/index-B89peI10.js:2579:5310 @ https://spa.poli.digital/assets/index-B89peI10.js:69
[   11598ms] [ERROR] [UserPreferencesService] Failed to get summary: Error: AxiosError: Request failed with status code 401
    at https://spa.poli.digital/assets/index-B89peI10.js:1107:8175
    at async C2.request (https://spa.poli.digital/assets/index-B89peI10.js:1103:2147)
    at async Ume.getSummary (https://spa.poli.digital/assets/index-B89peI10.js:2241:64348)
    at async https://spa.poli.digital/assets/index-B89peI10.js:2241:65049 @ https://spa.poli.digital/assets/index-B89peI10.js:69
[   11600ms] [ERROR] getCrmUserToken - Error on get crm user token: Error: AxiosError: Request failed with status code 401
    at https://spa.poli.digital/assets/index-B89peI10.js:1107:8175
    at async C2.request (https://spa.poli.digital/assets/index-B89peI10.js:1103:2147)
    at async uz.getUserToken (https://spa.poli.digital/assets/index-B89peI10.js:2240:44294)
    at async https://spa.poli.digital/assets/index-B89peI10.js:2240:44585 @ https://spa.poli.digital/assets/index-B89peI10.js:69
[   11601ms] [ERROR] [useUserPreferences] Error: Error: AxiosError: Request failed with status code 401
    at https://spa.poli.digital/assets/index-B89peI10.js:1107:8175
    at async C2.request (https://spa.poli.digital/assets/index-B89peI10.js:1103:2147)
    at async Ume.getSummary (https://spa.poli.digital/assets/index-B89peI10.js:2241:64348)
    at async https://spa.poli.digital/assets/index-B89peI10.js:2241:65049 @ https://spa.poli.digital/assets/index-B89peI10.js:69
[   11602ms] [ERROR] error ao buscar chats Error: AxiosError: Request failed with status code 401
    at https://spa.poli.digital/assets/index-B89peI10.js:1107:8175
    at async C2.request (https://spa.poli.digital/assets/index-B89peI10.js:1103:2147)
    at async cDt (https://spa.poli.digital/assets/index-B89peI10.js:1137:26220)
    at async C (https://spa.poli.digital/assets/index-B89peI10.js:54:37980)
    at async Object.u [as fn] (https://spa.poli.digital/assets/index-B89peI10.js:54:38287) @ https://spa.poli.digital/assets/index-B89peI10.js:69
[   11805ms] [ERROR] Failed to load resource: the server responded with a status of 401 () @ https://foundation-api.poli.digital/v3/accounts/balance/9b8af98e-73f4-4fe9-b33b-7aa47b0369bf:0
[   11959ms] [INFO] WebSocket: ConexĂŁo finalizada @ https://spa.poli.digital/assets/index-B89peI10.js:69
[   12063ms] [ERROR] Failed to load resource: the server responded with a status of 401 () @ https://heimdall.poli.digital/auth/refresh-token:0
[   12064ms] [ERROR] Erro na requisiĂ§ĂŁo de refresh token: AxiosError: Request failed with status code 401
    at gBe (https://spa.poli.digital/assets/index-B89peI10.js:1101:10207)
    at XMLHttpRequest.x (https://spa.poli.digital/assets/index-B89peI10.js:1101:15780)
    at C2.request (https://spa.poli.digital/assets/index-B89peI10.js:1103:2243)
    at async EMt (https://spa.poli.digital/assets/index-B89peI10.js:1107:6861)
    at async https://spa.poli.digital/assets/index-B89peI10.js:1107:8208
    at async C2.request (https://spa.poli.digital/assets/index-B89peI10.js:1103:2147)
    at async FE.getPanelCredits (https://spa.poli.digital/assets/index-B89peI10.js:1928:552) @ https://spa.poli.digital/assets/index-B89peI10.js:69
[   12065ms] [ERROR] AxiosError: Request failed with status code 401
    at gBe (https://spa.poli.digital/assets/index-B89peI10.js:1101:10207)
    at XMLHttpRequest.x (https://spa.poli.digital/assets/index-B89peI10.js:1101:15780)
    at C2.request (https://spa.poli.digital/assets/index-B89peI10.js:1103:2243)
    at async EMt (https://spa.poli.digital/assets/index-B89peI10.js:1107:6861)
    at async https://spa.poli.digital/assets/index-B89peI10.js:1107:8208
    at async C2.request (https://spa.poli.digital/assets/index-B89peI10.js:1103:2147)
    at async FE.getPanelCredits (https://spa.poli.digital/assets/index-B89peI10.js:1928:552) @ https://spa.poli.digital/assets/index-B89peI10.js:69
[   12322ms] [LOG] Defining triggerGuiding @ :0
[   13039ms] [LOG] i18next: languageChanged pt @ https://spa.poli.digital/assets/index-B89peI10.js:101
[   13040ms] [LOG] i18next: initialized {debug: true, initAsync: true, ns: Array(1), defaultNS: Array(1), fallbackLng: Array(1)} @ https://spa.poli.digital/assets/index-B89peI10.js:101
[   13129ms] [WARNING] Replay is disabled because neither `replaysSessionSampleRate` nor `replaysOnErrorSampleRate` are set. @ https://spa.poli.digital/assets/index-B89peI10.js:76
[   13177ms] [LOG] i18next: languageChanged pt @ https://spa.poli.digital/assets/index-B89peI10.js:69
[   13578ms] [INFO] WebSocket: ConexĂŁo estabelecida @ https://spa.poli.digital/assets/index-B89peI10.js:69
[   13797ms] [WARNING] [UserGuiding] 
 You are loading UserGuiding SDK multiple times 

*Submit a ticket using the link below if you think this is a bug
https://desk.zoho.com/portal/userguiding/newticket @ https://spa.poli.digital/assets/index-B89peI10.js:69
[   14328ms] [LOG] User Guiding identify running @ https://spa.poli.digital/assets/index-B89peI10.js:69
[   16329ms] [LOG] User Guiding identify running @ https://spa.poli.digital/assets/index-B89peI10.js:69
[   17694ms] [WARNING] The resource https://fonts.googleapis.com/css2?family=Rubik:wght@400;500;600 was preloaded using link preload but not used within a few seconds from the window's load event. Please make sure it has an appropriate `as` value and it is preloaded intentionally. @ https://spa.poli.digital/login:0
[   17740ms] [WARNING] The resource https://fonts.googleapis.com/css2?family=Raleway:wght@400;500;600 was preloaded using link preload but not used within a few seconds from the window's load event. Please make sure it has an appropriate `as` value and it is preloaded intentionally. @ https://spa.poli.digital/login:0
[   18334ms] [LOG] User Guiding identify running @ https://spa.poli.digital/assets/index-B89peI10.js:69
[   20329ms] [LOG] User Guiding identify running @ https://spa.poli.digital/assets/index-B89peI10.js:69
[   22334ms] [LOG] User Guiding identify running @ https://spa.poli.digital/assets/index-B89peI10.js:69
[   24330ms] [LOG] User Guiding identify running @ https://spa.poli.digital/assets/index-B89peI10.js:69
[   26338ms] [LOG] User Guiding identify running @ https://spa.poli.digital/assets/index-B89peI10.js:69
[   28338ms] [LOG] User Guiding identify running @ https://spa.poli.digital/assets/index-B89peI10.js:69
[   30324ms] [LOG] User Guiding identify running @ https://spa.poli.digital/assets/index-B89peI10.js:69
[   32335ms] [LOG] User Guiding identify running @ https://spa.poli.digital/assets/index-B89peI10.js:69
[   34333ms] [LOG] User Guiding identify running @ https://spa.poli.digital/assets/index-B89peI10.js:69
[   36339ms] [LOG] User Guiding identify running @ https://spa.poli.digital/assets/index-B89peI10.js:69
[   38338ms] [LOG] User Guiding identify running @ https://spa.poli.digital/assets/index-B89peI10.js:69
[   40324ms] [LOG] User Guiding identify running @ https://spa.poli.digital/assets/index-B89peI10.js:69
[   42331ms] [LOG] User Guiding identify running @ https://spa.poli.digital/assets/index-B89peI10.js:69
[   44326ms] [LOG] User Guiding identify running @ https://spa.poli.digital/assets/index-B89peI10.js:69
[   46330ms] [LOG] User Guiding identify running @ https://spa.poli.digital/assets/index-B89peI10.js:69
[   48415ms] [LOG] User Guiding identify running @ https://spa.poli.digital/assets/index-B89peI10.js:69
[   49022ms] [ERROR] Failed to load resource: the server responded with a status of 401 () @ https://heimdall.poli.digital/auth/token:0
[   49023ms] [ERROR] Error login AuthService:  AxiosError: Request failed with status code 401
    at gBe (https://spa.poli.digital/assets/index-B89peI10.js:1101:10207)
    at XMLHttpRequest.x (https://spa.poli.digital/assets/index-B89peI10.js:1101:15780)
    at C2.request (https://spa.poli.digital/assets/index-B89peI10.js:1103:2243)
    at async Mm.login (https://spa.poli.digital/assets/index-B89peI10.js:1111:6187)
    at async https://spa.poli.digital/assets/index-B89peI10.js:2241:63625
    at async C (https://spa.poli.digital/assets/index-B89peI10.js:2248:1483)
    at async https://spa.poli.digital/assets/index-B89peI10.js:2176:56624 @ https://spa.poli.digital/assets/index-B89peI10.js:69
[   49025ms] [ERROR] Error during authentication: AxiosError: Request failed with status code 401
    at gBe (https://spa.poli.digital/assets/index-B89peI10.js:1101:10207)
    at XMLHttpRequest.x (https://spa.poli.digital/assets/index-B89peI10.js:1101:15780)
    at C2.request (https://spa.poli.digital/assets/index-B89peI10.js:1103:2243)
    at async Mm.login (https://spa.poli.digital/assets/index-B89peI10.js:1111:6187)
    at async https://spa.poli.digital/assets/index-B89peI10.js:2241:63625
    at async C (https://spa.poli.digital/assets/index-B89peI10.js:2248:1483)
    at async https://spa.poli.digital/assets/index-B89peI10.js:2176:56624 @ https://spa.poli.digital/assets/index-B89peI10.js:69
[   49025ms] [ERROR] AxiosError: Request failed with status code 401
    at gBe (https://spa.poli.digital/assets/index-B89peI10.js:1101:10207)
    at XMLHttpRequest.x (https://spa.poli.digital/assets/index-B89peI10.js:1101:15780)
    at C2.request (https://spa.poli.digital/assets/index-B89peI10.js:1103:2243)
    at async Mm.login (https://spa.poli.digital/assets/index-B89peI10.js:1111:6187)
    at async https://spa.poli.digital/assets/index-B89peI10.js:2241:63625
    at async C (https://spa.poli.digital/assets/index-B89peI10.js:2248:1483)
    at async https://spa.poli.digital/assets/index-B89peI10.js:2176:56624 @ https://spa.poli.digital/assets/index-B89peI10.js:69
[   49026ms] [ERROR] Login failed: AxiosError: Request failed with status code 401
    at gBe (https://spa.poli.digital/assets/index-B89peI10.js:1101:10207)
    at XMLHttpRequest.x (https://spa.poli.digital/assets/index-B89peI10.js:1101:15780)
    at C2.request (https://spa.poli.digital/assets/index-B89peI10.js:1103:2243)
    at async Mm.login (https://spa.poli.digital/assets/index-B89peI10.js:1111:6187)
    at async https://spa.poli.digital/assets/index-B89peI10.js:2241:63625
    at async C (https://spa.poli.digital/assets/index-B89peI10.js:2248:1483)
    at async https://spa.poli.digital/assets/index-B89peI10.js:2176:56624 @ https://spa.poli.digital/assets/index-B89peI10.js:69
[   50327ms] [LOG] User Guiding identify running @ https://spa.poli.digital/assets/index-B89peI10.js:69
[   52336ms] [LOG] User Guiding identify running @ https://spa.poli.digital/assets/index-B89peI10.js:69
[   54330ms] [LOG] User Guiding identify running @ https://spa.poli.digital/assets/index-B89peI10.js:69
[   56324ms] [LOG] User Guiding identify running @ https://spa.poli.digital/assets/index-B89peI10.js:69
[   58338ms] [LOG] User Guiding identify running @ https://spa.poli.digital/assets/index-B89peI10.js:69
[   60335ms] [LOG] User Guiding identify running @ https://spa.poli.digital/assets/index-B89peI10.js:69
[   62333ms] [LOG] User Guiding identify running @ https://spa.poli.digital/assets/index-B89peI10.js:69
[   64332ms] [LOG] User Guiding identify running @ https://spa.poli.digital/assets/index-B89peI10.js:69
[   66335ms] [LOG] User Guiding identify running @ https://spa.poli.digital/assets/index-B89peI10.js:69
[   68332ms] [LOG] User Guiding identify running @ https://spa.poli.digital/assets/index-B89peI10.js:69
[   70330ms] [LOG] User Guiding identify running @ https://spa.poli.digital/assets/index-B89peI10.js:69
[   72327ms] [LOG] User Guiding identify running @ https://spa.poli.digital/assets/index-B89peI10.js:69
[   74326ms] [LOG] User Guiding identify running @ https://spa.poli.digital/assets/index-B89peI10.js:69
[   76333ms] [LOG] User Guiding identify running @ https://spa.poli.digital/assets/index-B89peI10.js:69
[   78331ms] [LOG] User Guiding identify running @ https://spa.poli.digital/assets/index-B89peI10.js:69
[   80337ms] [LOG] User Guiding identify running @ https://spa.poli.digital/assets/index-B89peI10.js:69
