[     229ms] [LOG] i18next: languageChanged pt @ https://spa.qa.poli.digital/assets/index-C9cvgU4J.js:101
[     229ms] [LOG] i18next: initialized {debug: true, initAsync: true, ns: Array(1), defaultNS: Array(1), fallbackLng: Array(1)} @ https://spa.qa.poli.digital/assets/index-C9cvgU4J.js:101
[     304ms] [WARNING] Replay is disabled because neither `replaysSessionSampleRate` nor `replaysOnErrorSampleRate` are set. @ https://spa.qa.poli.digital/assets/index-C9cvgU4J.js:76
[     563ms] [LOG] i18next: languageChanged pt @ https://spa.qa.poli.digital/assets/index-C9cvgU4J.js:69
[     572ms] [ERROR] error ao buscar chats TypeError: Cannot read properties of undefined (reading 'data')
    at XRt (https://spa.qa.poli.digital/assets/index-C9cvgU4J.js:1147:26257)
    at async w (https://spa.qa.poli.digital/assets/index-C9cvgU4J.js:54:37980)
    at async Object.u [as fn] (https://spa.qa.poli.digital/assets/index-C9cvgU4J.js:54:38287) @ https://spa.qa.poli.digital/assets/index-C9cvgU4J.js:69
[     720ms] [ERROR] Failed to load resource: the server responded with a status of 401 () @ https://foundation-api.qa.poli.digital/v3/users/settings/summary:0
[     732ms] [ERROR] [UserPreferencesService] Failed to get summary: TypeError: Cannot read properties of undefined (reading 'data')
    at kge.getSummary (https://spa.qa.poli.digital/assets/index-C9cvgU4J.js:2251:64694)
    at async https://spa.qa.poli.digital/assets/index-C9cvgU4J.js:2251:65354 @ https://spa.qa.poli.digital/assets/index-C9cvgU4J.js:69
[     734ms] [ERROR] [useUserPreferences] Error: TypeError: Cannot read properties of undefined (reading 'data')
    at kge.getSummary (https://spa.qa.poli.digital/assets/index-C9cvgU4J.js:2251:64694)
    at async https://spa.qa.poli.digital/assets/index-C9cvgU4J.js:2251:65354 @ https://spa.qa.poli.digital/assets/index-C9cvgU4J.js:69
[     745ms] [INFO] WebSocket: Conexão estabelecida @ https://spa.qa.poli.digital/assets/index-C9cvgU4J.js:69
[    1119ms] [LOG] i18next: languageChanged pt @ https://spa.qa.poli.digital/assets/index-C9cvgU4J.js:101
[    1119ms] [LOG] i18next: initialized {debug: true, initAsync: true, ns: Array(1), defaultNS: Array(1), fallbackLng: Array(1)} @ https://spa.qa.poli.digital/assets/index-C9cvgU4J.js:101
[    1172ms] [WARNING] Replay is disabled because neither `replaysSessionSampleRate` nor `replaysOnErrorSampleRate` are set. @ https://spa.qa.poli.digital/assets/index-C9cvgU4J.js:76
[    1209ms] [LOG] i18next: languageChanged pt @ https://spa.qa.poli.digital/assets/index-C9cvgU4J.js:69
[    2242ms] [INFO] WebSocket: Conexão estabelecida @ https://spa.qa.poli.digital/assets/index-C9cvgU4J.js:69
