[     352ms] [LOG] i18next: languageChanged pt @ https://spa-canary.poli.digital/assets/index-CdvqOcEt.js:101
[     352ms] [LOG] i18next: initialized {debug: true, initAsync: true, ns: Array(1), defaultNS: Array(1), fallbackLng: Array(1)} @ https://spa-canary.poli.digital/assets/index-CdvqOcEt.js:101
[     446ms] [WARNING] Replay is disabled because neither `replaysSessionSampleRate` nor `replaysOnErrorSampleRate` are set. @ https://spa-canary.poli.digital/assets/index-CdvqOcEt.js:76
[     957ms] [INFO] WebSocket: Conexão estabelecida @ https://spa-canary.poli.digital/assets/index-CdvqOcEt.js:69
[    1171ms] [ERROR] `DialogContent` requires a `DialogTitle` for the component to be accessible for screen reader users.

If you want to hide the `DialogTitle`, you can wrap it with our VisuallyHidden component.

For more information, see https://radix-ui.com/primitives/docs/components/dialog @ https://spa-canary.poli.digital/assets/index-CdvqOcEt.js:69
[    1173ms] [WARNING] Warning: Missing `Description` or `aria-describedby={undefined}` for {DialogContent}. @ https://spa-canary.poli.digital/assets/index-CdvqOcEt.js:69
[    1996ms] Identifier 'TCRMEmbed' has already been declared
[    2178ms] [ERROR] Failed to load resource: the server responded with a status of 403 () @ https://pps.whatsapp.net/v/t61.24694-24/513069239_634897472825783_3996963730102399322_n.jpg?ccb=11-4&oh=01_Q5Aa3QFuX0CH0JNED5dX3rn7F5AQ0MGVgrRpCFrN9tX0nZ-djQ&oe=69613FF5&_nc_sid=5e03e0&_nc_cat=108:0
[    2185ms] Identifier 'TCRMEmbed' has already been declared
[    2220ms] TypeError: Cannot read properties of undefined (reading 'plugin')
    at <anonymous>:1:101
    at <anonymous>:1:126
    at https://www.googletagmanager.com/gtm.js?id=GTM-M2LRLQN:900:429
    at cS (https://www.googletagmanager.com/gtm.js?id=GTM-M2LRLQN:902:31)
    at Md.bS (https://www.googletagmanager.com/gtm.js?id=GTM-M2LRLQN:899:92)
    at Md.<anonymous> (https://www.googletagmanager.com/gtm.js?id=GTM-M2LRLQN:304:187)
    at k.apply (https://www.googletagmanager.com/gtm.js?id=GTM-M2LRLQN:230:466)
    at hb (https://www.googletagmanager.com/gtm.js?id=GTM-M2LRLQN:193:719)
    at fb (https://www.googletagmanager.com/gtm.js?id=GTM-M2LRLQN:193:470)
    at Md.<anonymous> (https://www.googletagmanager.com/gtm.js?id=GTM-M2LRLQN:254:473)
    at k.apply (https://www.googletagmanager.com/gtm.js?id=GTM-M2LRLQN:230:466)
    at hb (https://www.googletagmanager.com/gtm.js?id=GTM-M2LRLQN:193:719)
    at k.Rq (https://www.googletagmanager.com/gtm.js?id=GTM-M2LRLQN:193:1286)
    at sf (https://www.googletagmanager.com/gtm.js?id=GTM-M2LRLQN:265:960)
    at https://www.googletagmanager.com/gtm.js?id=GTM-M2LRLQN:726:315
    at UA (https://www.googletagmanager.com/gtm.js?id=GTM-M2LRLQN:651:1)
    at ZA.evaluate (https://www.googletagmanager.com/gtm.js?id=GTM-M2LRLQN:655:722)
    at e (https://www.googletagmanager.com/gtm.js?id=GTM-M2LRLQN:673:218)
    at https://www.googletagmanager.com/gtm.js?id=GTM-M2LRLQN:198:125
    at Array.<anonymous> (https://www.googletagmanager.com/gtm.js?id=GTM-M2LRLQN:674:391)
    at Object.execute (https://www.googletagmanager.com/gtm.js?id=GTM-M2LRLQN:674:131)
    at oC (https://www.googletagmanager.com/gtm.js?id=GTM-M2LRLQN:674:773)
    at rC (https://www.googletagmanager.com/gtm.js?id=GTM-M2LRLQN:679:29)
    at vD (https://www.googletagmanager.com/gtm.js?id=GTM-M2LRLQN:703:252)
    at c.push (https://www.googletagmanager.com/gtm.js?id=GTM-M2LRLQN:707:209)
    at c.push (https://www.googletagmanager.com/gtag/js?id=AW-806600684:862:69)
    at c.push (https://www.googletagmanager.com/gtag/js?id=G-EPZWL6H9X8&cx=c&gtm=4e65i0:687:69)
    at c.push (https://www.googletagmanager.com/gtag/js?id=UA-118273772-1&cx=c&gtm=4e65i0:546:69)
    at https://www.googletagmanager.com/gtm.js?id=GTM-M2LRLQN:708:6
    at r (https://spa-canary.poli.digital/assets/index-CdvqOcEt.js:70:9812)
[   81673ms] [ERROR] Failed to load resource: the server responded with a status of 403 () @ https://pps.whatsapp.net/v/t61.24694-24/513069239_634897472825783_3996963730102399322_n.jpg?ccb=11-4&oh=01_Q5Aa3QFuX0CH0JNED5dX3rn7F5AQ0MGVgrRpCFrN9tX0nZ-djQ&oe=69613FF5&_nc_sid=5e03e0&_nc_cat=108:0
[   84773ms] [ERROR] Failed to load resource: the server responded with a status of 403 () @ https://pps.whatsapp.net/v/t61.24694-24/513069239_634897472825783_3996963730102399322_n.jpg?ccb=11-4&oh=01_Q5Aa3QFuX0CH0JNED5dX3rn7F5AQ0MGVgrRpCFrN9tX0nZ-djQ&oe=69613FF5&_nc_sid=5e03e0&_nc_cat=108:0
[  212598ms] [ERROR] Failed to load resource: the server responded with a status of 403 () @ https://pps.whatsapp.net/v/t61.24694-24/513069239_634897472825783_3996963730102399322_n.jpg?ccb=11-4&oh=01_Q5Aa3QFuX0CH0JNED5dX3rn7F5AQ0MGVgrRpCFrN9tX0nZ-djQ&oe=69613FF5&_nc_sid=5e03e0&_nc_cat=108:0
[  239750ms] [ERROR] Failed to load resource: the server responded with a status of 403 () @ https://pps.whatsapp.net/v/t61.24694-24/582640931_1373373020971828_1856465260089743332_n.jpg?ccb=11-4&oh=01_Q5Aa4AED1tCYWV9t_hm9t-0byON5-FymTFQIxON_bsqYcYvGgA&oe=69CC2715&_nc_sid=5e03e0&_nc_cat=101:0
[  272884ms] [ERROR] Failed to load resource: the server responded with a status of 403 () @ https://pps.whatsapp.net/v/t61.24694-24/513069239_634897472825783_3996963730102399322_n.jpg?ccb=11-4&oh=01_Q5Aa3QFuX0CH0JNED5dX3rn7F5AQ0MGVgrRpCFrN9tX0nZ-djQ&oe=69613FF5&_nc_sid=5e03e0&_nc_cat=108:0
[  338163ms] [ERROR] Failed to load resource: the server responded with a status of 403 () @ https://pps.whatsapp.net/v/t61.24694-24/56800953_641640439609148_6731638513743167488_n.jpg?ccb=11-4&oh=01_Q5Aa4QFylQeQVMKV9x_bQJGO9-GL-2LOrwC8kX0JYxcXqAdDCg&oe=69E7BCA3&_nc_sid=5e03e0&_nc_cat=103:0
[  361463ms] [ERROR] Failed to load resource: the server responded with a status of 403 () @ https://pps.whatsapp.net/v/t61.24694-24/299515172_168693502342982_3946085247964697759_n.jpg?ccb=11-4&oh=01_Q5Aa3gGBgrifWav-kjmDcqLKb3YBQcUqDZJFOqntgw7yh7H5Aw&oe=69909D30&_nc_sid=5e03e0&_nc_cat=103:0
[  374492ms] [ERROR] Failed to load resource: the server responded with a status of 403 () @ https://pps.whatsapp.net/v/t61.24694-24/299515172_168693502342982_3946085247964697759_n.jpg?ccb=11-4&oh=01_Q5Aa3gGBgrifWav-kjmDcqLKb3YBQcUqDZJFOqntgw7yh7H5Aw&oe=69909D30&_nc_sid=5e03e0&_nc_cat=103:0
[  409844ms] [ERROR] Failed to load resource: the server responded with a status of 403 () @ https://pps.whatsapp.net/v/t61.24694-24/513069239_634897472825783_3996963730102399322_n.jpg?ccb=11-4&oh=01_Q5Aa3QFuX0CH0JNED5dX3rn7F5AQ0MGVgrRpCFrN9tX0nZ-djQ&oe=69613FF5&_nc_sid=5e03e0&_nc_cat=108:0
[  425240ms] [ERROR] Failed to load resource: the server responded with a status of 403 () @ https://pps.whatsapp.net/v/t61.24694-24/299515172_168693502342982_3946085247964697759_n.jpg?ccb=11-4&oh=01_Q5Aa3gGBgrifWav-kjmDcqLKb3YBQcUqDZJFOqntgw7yh7H5Aw&oe=69909D30&_nc_sid=5e03e0&_nc_cat=103:0
[  484327ms] [ERROR] Failed to load resource: the server responded with a status of 403 () @ https://pps.whatsapp.net/v/t61.24694-24/513069239_634897472825783_3996963730102399322_n.jpg?ccb=11-4&oh=01_Q5Aa3QFuX0CH0JNED5dX3rn7F5AQ0MGVgrRpCFrN9tX0nZ-djQ&oe=69613FF5&_nc_sid=5e03e0&_nc_cat=108:0
[  490652ms] [ERROR] Failed to load resource: the server responded with a status of 403 () @ https://pps.whatsapp.net/v/t61.24694-24/513069239_634897472825783_3996963730102399322_n.jpg?ccb=11-4&oh=01_Q5Aa3QFuX0CH0JNED5dX3rn7F5AQ0MGVgrRpCFrN9tX0nZ-djQ&oe=69613FF5&_nc_sid=5e03e0&_nc_cat=108:0
[  507641ms] [ERROR] Failed to load resource: the server responded with a status of 403 () @ https://pps.whatsapp.net/v/t61.24694-24/513069239_634897472825783_3996963730102399322_n.jpg?ccb=11-4&oh=01_Q5Aa3QFuX0CH0JNED5dX3rn7F5AQ0MGVgrRpCFrN9tX0nZ-djQ&oe=69613FF5&_nc_sid=5e03e0&_nc_cat=108:0
[  656553ms] [ERROR] Failed to load resource: the server responded with a status of 403 () @ https://pps.whatsapp.net/v/t61.24694-24/513069239_634897472825783_3996963730102399322_n.jpg?ccb=11-4&oh=01_Q5Aa3QFuX0CH0JNED5dX3rn7F5AQ0MGVgrRpCFrN9tX0nZ-djQ&oe=69613FF5&_nc_sid=5e03e0&_nc_cat=108:0
[  656933ms] [ERROR] Failed to load resource: the server responded with a status of 403 () @ https://pps.whatsapp.net/v/t61.24694-24/513069239_634897472825783_3996963730102399322_n.jpg?ccb=11-4&oh=01_Q5Aa3QFuX0CH0JNED5dX3rn7F5AQ0MGVgrRpCFrN9tX0nZ-djQ&oe=69613FF5&_nc_sid=5e03e0&_nc_cat=108:0
[  660163ms] [ERROR] Failed to load resource: the server responded with a status of 403 () @ https://pps.whatsapp.net/v/t61.24694-24/513069239_634897472825783_3996963730102399322_n.jpg?ccb=11-4&oh=01_Q5Aa3QFuX0CH0JNED5dX3rn7F5AQ0MGVgrRpCFrN9tX0nZ-djQ&oe=69613FF5&_nc_sid=5e03e0&_nc_cat=108:0
[  769847ms] [ERROR] Failed to load resource: the server responded with a status of 403 () @ https://pps.whatsapp.net/v/t61.24694-24/56800953_641640439609148_6731638513743167488_n.jpg?ccb=11-4&oh=01_Q5Aa4QFylQeQVMKV9x_bQJGO9-GL-2LOrwC8kX0JYxcXqAdDCg&oe=69E7BCA3&_nc_sid=5e03e0&_nc_cat=103:0
[  919652ms] [ERROR] Failed to load resource: the server responded with a status of 403 () @ https://pps.whatsapp.net/v/t61.24694-24/299515172_168693502342982_3946085247964697759_n.jpg?ccb=11-4&oh=01_Q5Aa3gGBgrifWav-kjmDcqLKb3YBQcUqDZJFOqntgw7yh7H5Aw&oe=69909D30&_nc_sid=5e03e0&_nc_cat=103:0
[ 1108783ms] [ERROR] Failed to load resource: the server responded with a status of 403 () @ https://pps.whatsapp.net/v/t61.24694-24/56800953_641640439609148_6731638513743167488_n.jpg?ccb=11-4&oh=01_Q5Aa4QFylQeQVMKV9x_bQJGO9-GL-2LOrwC8kX0JYxcXqAdDCg&oe=69E7BCA3&_nc_sid=5e03e0&_nc_cat=103:0
[ 1200711ms] [ERROR] Failed to load resource: the server responded with a status of 401 () @ https://foundation-api-canary.poli.digital/v3/contacts/dae2b761-d6a1-11f0-85da-062ccf12487f?include=type,chat_status,read_status,attributes,attendant,addresses,contact_channels,tags,metadata,account_channel,team,last_message,unread_messages:0
[ 1330676ms] [ERROR] Failed to load resource: the server responded with a status of 403 () @ https://pps.whatsapp.net/v/t61.24694-24/516273162_1845383653051775_4740062992718730640_n.jpg?ccb=11-4&oh=01_Q5Aa4QGj8078Rk0vPWIYUeo6c_2JV6iLeCCLFrgW9KY0QMA45g&oe=69E7670B&_nc_sid=5e03e0&_nc_cat=100:0
[ 1336058ms] [ERROR] Failed to load resource: the server responded with a status of 403 () @ https://pps.whatsapp.net/v/t61.24694-24/516273162_1845383653051775_4740062992718730640_n.jpg?ccb=11-4&oh=01_Q5Aa4QGj8078Rk0vPWIYUeo6c_2JV6iLeCCLFrgW9KY0QMA45g&oe=69E7670B&_nc_sid=5e03e0&_nc_cat=100:0
[ 1387037ms] [ERROR] Failed to load resource: the server responded with a status of 403 () @ https://pps.whatsapp.net/v/t61.24694-24/516273162_1845383653051775_4740062992718730640_n.jpg?ccb=11-4&oh=01_Q5Aa4QGj8078Rk0vPWIYUeo6c_2JV6iLeCCLFrgW9KY0QMA45g&oe=69E7670B&_nc_sid=5e03e0&_nc_cat=100:0
[ 1416593ms] [ERROR] Failed to load resource: the server responded with a status of 403 () @ https://pps.whatsapp.net/v/t61.24694-24/56800953_641640439609148_6731638513743167488_n.jpg?ccb=11-4&oh=01_Q5Aa4QFylQeQVMKV9x_bQJGO9-GL-2LOrwC8kX0JYxcXqAdDCg&oe=69E7BCA3&_nc_sid=5e03e0&_nc_cat=103:0
[ 1426653ms] [ERROR] Failed to load resource: the server responded with a status of 403 () @ https://pps.whatsapp.net/v/t61.24694-24/56800953_641640439609148_6731638513743167488_n.jpg?ccb=11-4&oh=01_Q5Aa4QFylQeQVMKV9x_bQJGO9-GL-2LOrwC8kX0JYxcXqAdDCg&oe=69E7BCA3&_nc_sid=5e03e0&_nc_cat=103:0
[ 1495164ms] [ERROR] Failed to load resource: the server responded with a status of 403 () @ https://pps.whatsapp.net/v/t61.24694-24/56800953_641640439609148_6731638513743167488_n.jpg?ccb=11-4&oh=01_Q5Aa4QFylQeQVMKV9x_bQJGO9-GL-2LOrwC8kX0JYxcXqAdDCg&oe=69E7BCA3&_nc_sid=5e03e0&_nc_cat=103:0
[ 1579901ms] [ERROR] Failed to load resource: the server responded with a status of 403 () @ https://pps.whatsapp.net/v/t61.24694-24/516273162_1845383653051775_4740062992718730640_n.jpg?ccb=11-4&oh=01_Q5Aa4QGj8078Rk0vPWIYUeo6c_2JV6iLeCCLFrgW9KY0QMA45g&oe=69E7670B&_nc_sid=5e03e0&_nc_cat=100:0
[ 1755546ms] [ERROR] Failed to load resource: the server responded with a status of 403 () @ https://pps.whatsapp.net/v/t61.24694-24/518549515_3321033674713982_4245291529681280165_n.jpg?ccb=11-4&oh=01_Q5Aa3AG226tNKLCKskCZO_pN6FhWIcRlBSWW6I0_AA1N4fgsyg&oe=693FF9F1&_nc_sid=5e03e0&_nc_cat=105:0
[ 1762668ms] [ERROR] error ao buscar chats CanceledError: canceled
    at AbortSignal.u (https://spa-canary.poli.digital/assets/index-CdvqOcEt.js:966:16854)
    at AbortSignal.r (https://spa-canary.poli.digital/assets/index-CdvqOcEt.js:70:9812)
    at Object.onCancel (https://spa-canary.poli.digital/assets/index-CdvqOcEt.js:54:42902)
    at Object.o [as cancel] (https://spa-canary.poli.digital/assets/index-CdvqOcEt.js:54:35518)
    at dne.cancel (https://spa-canary.poli.digital/assets/index-CdvqOcEt.js:54:39782)
    at dne.fetch (https://spa-canary.poli.digital/assets/index-CdvqOcEt.js:54:41730)
    at https://spa-canary.poli.digital/assets/index-CdvqOcEt.js:54:66743
    at Array.map (<anonymous>)
    at https://spa-canary.poli.digital/assets/index-CdvqOcEt.js:54:66727
    at Object.batch (https://spa-canary.poli.digital/assets/index-CdvqOcEt.js:54:34131)
    at gne.refetchQueries (https://spa-canary.poli.digital/assets/index-CdvqOcEt.js:54:66652)
    at https://spa-canary.poli.digital/assets/index-CdvqOcEt.js:54:66477
    at Object.batch (https://spa-canary.poli.digital/assets/index-CdvqOcEt.js:54:34131)
    at gne.invalidateQueries (https://spa-canary.poli.digital/assets/index-CdvqOcEt.js:54:66351)
    at d (https://spa-canary.poli.digital/assets/index-CdvqOcEt.js:2065:4892)
    at He.emit (https://spa-canary.poli.digital/assets/index-CdvqOcEt.js:963:17241)
    at He.handleEvent (https://spa-canary.poli.digital/assets/index-CdvqOcEt.js:963:26128)
    at https://spa-canary.poli.digital/assets/index-CdvqOcEt.js:964:16006
    at Kn.emit (https://spa-canary.poli.digital/assets/index-CdvqOcEt.js:963:17241)
    at message (https://spa-canary.poli.digital/assets/index-CdvqOcEt.js:963:34607)
    at la.emit (https://spa-canary.poli.digital/assets/index-CdvqOcEt.js:963:17241)
    at message (https://spa-canary.poli.digital/assets/index-CdvqOcEt.js:963:23782)
    at aa.emit (https://spa-canary.poli.digital/assets/index-CdvqOcEt.js:963:17241)
    at aa.onMessage (https://spa-canary.poli.digital/assets/index-CdvqOcEt.js:963:18792)
    at socket.onmessage (https://spa-canary.poli.digital/assets/index-CdvqOcEt.js:963:19013)
    at zy.request (https://spa-canary.poli.digital/assets/index-CdvqOcEt.js:968:2234)
    at async _dt (https://spa-canary.poli.digital/assets/index-CdvqOcEt.js:1002:26251)
    at async C (https://spa-canary.poli.digital/assets/index-CdvqOcEt.js:54:37549)
    at async Object.d [as fn] (https://spa-canary.poli.digital/assets/index-CdvqOcEt.js:54:37856) @ https://spa-canary.poli.digital/assets/index-CdvqOcEt.js:69
[ 1861883ms] [ERROR] Failed to load resource: the server responded with a status of 403 () @ https://pps.whatsapp.net/v/t61.24694-24/518549515_3321033674713982_4245291529681280165_n.jpg?ccb=11-4&oh=01_Q5Aa3AG226tNKLCKskCZO_pN6FhWIcRlBSWW6I0_AA1N4fgsyg&oe=693FF9F1&_nc_sid=5e03e0&_nc_cat=105:0
[ 1913618ms] [ERROR] Failed to load resource: the server responded with a status of 403 () @ https://pps.whatsapp.net/v/t61.24694-24/518549515_3321033674713982_4245291529681280165_n.jpg?ccb=11-4&oh=01_Q5Aa3AG226tNKLCKskCZO_pN6FhWIcRlBSWW6I0_AA1N4fgsyg&oe=693FF9F1&_nc_sid=5e03e0&_nc_cat=105:0
[ 1924027ms] [ERROR] Failed to load resource: the server responded with a status of 403 () @ https://pps.whatsapp.net/v/t61.24694-24/518549515_3321033674713982_4245291529681280165_n.jpg?ccb=11-4&oh=01_Q5Aa3AG226tNKLCKskCZO_pN6FhWIcRlBSWW6I0_AA1N4fgsyg&oe=693FF9F1&_nc_sid=5e03e0&_nc_cat=105:0
[ 2037547ms] [ERROR] Failed to load resource: the server responded with a status of 403 () @ https://pps.whatsapp.net/v/t61.24694-24/56800953_641640439609148_6731638513743167488_n.jpg?ccb=11-4&oh=01_Q5Aa4QFylQeQVMKV9x_bQJGO9-GL-2LOrwC8kX0JYxcXqAdDCg&oe=69E7BCA3&_nc_sid=5e03e0&_nc_cat=103:0
[ 2050564ms] [ERROR] Failed to load resource: the server responded with a status of 403 () @ https://pps.whatsapp.net/v/t61.24694-24/56800953_641640439609148_6731638513743167488_n.jpg?ccb=11-4&oh=01_Q5Aa4QFylQeQVMKV9x_bQJGO9-GL-2LOrwC8kX0JYxcXqAdDCg&oe=69E7BCA3&_nc_sid=5e03e0&_nc_cat=103:0
