[     858ms] [WARNING] Notifications permission has been blocked as the user has ignored the permission prompt several times. This can be reset in Page Info which can be accessed by clicking the tune icon next to the URL. See https://www.chromestatus.com/feature/6443143280984064 for more information. @ https://app-spa.qa.poli.digital/login:0
[     915ms] [LOG] openSocketRequest @ https://app-spa.qa.poli.digital/static/js/main.84b6b384.js:1
[    1124ms] [WARNING] <meta name="apple-mobile-web-app-capable" content="yes"> is deprecated. Please include <meta name="mobile-web-app-capable" content="yes"> @ https://app-spa.qa.poli.digital/login:0
[    1140ms] [WARNING] Notifications permission has been blocked as the user has ignored the permission prompt several times. This can be reset in Page Info which can be accessed by clicking the tune icon next to the URL. See https://www.chromestatus.com/feature/6443143280984064 for more information. @ https://app-spa.qa.poli.digital/login:0
[    2240ms] [ERROR] Amplitude Logger [Error]: Failed to fetch @ https://app-spa.qa.poli.digital/static/js/main.84b6b384.js:1
[    2242ms] [WARNING] Amplitude Logger [Warn]: {code: 0, error: "Status 'failed' provided for 1 events"} @ https://app-spa.qa.poli.digital/static/js/main.84b6b384.js:1
[    2429ms] [WARNING] Notifications permission has been blocked as the user has ignored the permission prompt several times. This can be reset in Page Info which can be accessed by clicking the tune icon next to the URL. See https://www.chromestatus.com/feature/6443143280984064 for more information. @ https://app-spa.qa.poli.digital/login?force_login=true:0
[    2827ms] [VERBOSE] [DOM] Input elements should have autocomplete attributes (suggested: "current-password"): (More info: https://goo.gl/9p2vKq) %o @ https://app-spa.qa.poli.digital/login?force_login=true:0
[    3534ms] [ERROR] Failed to load resource: the server responded with a status of 401 () @ https://foundation-api.qa.poli.digital/v3/users/settings/language:0
[    3651ms] [WARNING] <meta name="apple-mobile-web-app-capable" content="yes"> is deprecated. Please include <meta name="mobile-web-app-capable" content="yes"> @ https://app-spa.qa.poli.digital/login?force_login=true:0
[    3654ms] [WARNING] Notifications permission has been blocked as the user has ignored the permission prompt several times. This can be reset in Page Info which can be accessed by clicking the tune icon next to the URL. See https://www.chromestatus.com/feature/6443143280984064 for more information. @ https://app-spa.qa.poli.digital/login?force_login=true:0
[    3929ms] [ERROR] Failed to load resource: the server responded with a status of 401 () @ https://heimdall.qa.poli.digital/auth/refresh-token:0
[    3930ms] [ERROR] refreshRequestError:  rd @ https://app-spa.qa.poli.digital/static/js/main.84b6b384.js:1
[    3930ms] [ERROR] refreshError:  rd @ https://app-spa.qa.poli.digital/static/js/main.84b6b384.js:1
[    3931ms] [ERROR] [UserPreferencesService] Failed to get language: rd @ https://app-spa.qa.poli.digital/static/js/main.84b6b384.js:1
[   13528ms] [ERROR] Failed to load resource: the server responded with a status of 401 () @ https://heimdall.qa.poli.digital/auth/token:0
[   13530ms] [ERROR] Erro ao fazer login com o Heimdall rd @ https://app-spa.qa.poli.digital/static/js/main.84b6b384.js:1
[   13531ms] [ERROR] login error Error: Token not received!
    at https://app-spa.qa.poli.digital/static/js/main.84b6b384.js:2:3377425
    at f (https://app-spa.qa.poli.digital/static/js/main.84b6b384.js:2:1825709)
    at Generator.<anonymous> (https://app-spa.qa.poli.digital/static/js/main.84b6b384.js:2:1827061)
    at Generator.next (https://app-spa.qa.poli.digital/static/js/main.84b6b384.js:2:1826138)
    at d (https://app-spa.qa.poli.digital/static/js/main.84b6b384.js:2:2816545)
    at l (https://app-spa.qa.poli.digital/static/js/main.84b6b384.js:2:2816879) @ https://app-spa.qa.poli.digital/static/js/main.84b6b384.js:1
[   13646ms] [VERBOSE] [DOM] Input elements should have autocomplete attributes (suggested: "current-password"): (More info: https://goo.gl/9p2vKq) %o @ https://app-spa.qa.poli.digital/login?force_login=true:0
