[     788ms] [LOG] i18next: languageChanged pt @ https://spa-canary.poli.digital/assets/index-DjxF6uES.js:101
[     789ms] [LOG] i18next: initialized {debug: true, initAsync: true, ns: Array(1), defaultNS: Array(1), fallbackLng: Array(1)} @ https://spa-canary.poli.digital/assets/index-DjxF6uES.js:101
[     939ms] [WARNING] Replay is disabled because neither `replaysSessionSampleRate` nor `replaysOnErrorSampleRate` are set. @ https://spa-canary.poli.digital/assets/index-DjxF6uES.js:76
[    1383ms] [INFO] WebSocket: Conexão estabelecida @ https://spa-canary.poli.digital/assets/index-DjxF6uES.js:69
[    1454ms] [ERROR] Failed to load resource: the server responded with a status of 404 () @ https://foundation-api-canary.poli.digital/v3/crm/index:0
[    1456ms] [ERROR] getCrmUserToken - Error on get crm user token: AxiosError: Request failed with status code 404
    at kBe (https://spa-canary.poli.digital/assets/index-DjxF6uES.js:1105:10207)
    at XMLHttpRequest.x (https://spa-canary.poli.digital/assets/index-DjxF6uES.js:1105:15780)
    at w2.request (https://spa-canary.poli.digital/assets/index-DjxF6uES.js:1107:2243)
    at async uz.getUserToken (https://spa-canary.poli.digital/assets/index-DjxF6uES.js:2236:44294)
    at async https://spa-canary.poli.digital/assets/index-DjxF6uES.js:2236:44585 @ https://spa-canary.poli.digital/assets/index-DjxF6uES.js:69
[    1954ms] [ERROR] Failed to load resource: the server responded with a status of 403 () @ https://pps.whatsapp.net/v/t61.24694-24/595272057_1667995137658708_7850599022326744246_n.jpg?ccb=11-4&oh=01_Q5Aa4gElBzxz2thb0XNU5h6P3FJ-TLUrB8f8-Vdg3-OhSUYyEA&oe=6A077C97&_nc_sid=5e03e0&_nc_cat=111:0
[    3019ms] Identifier 'TCRMEmbed' has already been declared
[    3219ms] [ERROR] Failed to load resource: the server responded with a status of 404 () @ https://foundation-api-canary.poli.digital/v3/crm/index:0
[    3220ms] [ERROR] getCrmUserToken - Error on get crm user token: AxiosError: Request failed with status code 404
    at kBe (https://spa-canary.poli.digital/assets/index-DjxF6uES.js:1105:10207)
    at XMLHttpRequest.x (https://spa-canary.poli.digital/assets/index-DjxF6uES.js:1105:15780)
    at w2.request (https://spa-canary.poli.digital/assets/index-DjxF6uES.js:1107:2243)
    at async uz.getUserToken (https://spa-canary.poli.digital/assets/index-DjxF6uES.js:2236:44294)
    at async https://spa-canary.poli.digital/assets/index-DjxF6uES.js:2236:44585 @ https://spa-canary.poli.digital/assets/index-DjxF6uES.js:69
[    5165ms] [ERROR] Failed to load resource: the server responded with a status of 403 () @ https://pps.whatsapp.net/v/t61.24694-24/595272057_1667995137658708_7850599022326744246_n.jpg?ccb=11-4&oh=01_Q5Aa4gElBzxz2thb0XNU5h6P3FJ-TLUrB8f8-Vdg3-OhSUYyEA&oe=6A077C97&_nc_sid=5e03e0&_nc_cat=111:0
[    5758ms] [ERROR] Failed to load resource: the server responded with a status of 400 () @ https://api2.amplitude.com/2/httpapi:0
[    5761ms] [WARNING] Amplitude Logger [Warn]: {
  "error": "Request missing required field",
  "missingField": "",
  "eventsWithInvalidFields": {},
  "eventsWithMissingFields": {
    "event_type": [
      1,
      3
    ]
  },
  "eventsWithInvalidIdLengths": {},
  "epsThreshold": 0,
  "exceededDailyQuotaDevices": {},
  "silencedDevices": [],
  "silencedEvents": [],
  "throttledDevices": {},
  "throttledEvents": []
} @ https://spa-canary.poli.digital/assets/index-DjxF6uES.js:69
[    5761ms] [ERROR] Amplitude Logger [Error]: Request missing required field @ https://spa-canary.poli.digital/assets/index-DjxF6uES.js:69
[    5762ms] [ERROR] Amplitude Logger [Error]: Request missing required field @ https://spa-canary.poli.digital/assets/index-DjxF6uES.js:69
[    9257ms] [ERROR] error ao buscar chats CanceledError: canceled
    at AbortSignal.d (https://spa-canary.poli.digital/assets/index-DjxF6uES.js:1105:16926)
    at AbortSignal.r (https://spa-canary.poli.digital/assets/index-DjxF6uES.js:70:9827)
    at Object.onCancel (https://spa-canary.poli.digital/assets/index-DjxF6uES.js:54:43336)
    at Object.o [as cancel] (https://spa-canary.poli.digital/assets/index-DjxF6uES.js:54:35949)
    at rAe.removeObserver (https://spa-canary.poli.digital/assets/index-DjxF6uES.js:54:41700)
    at ygt.wK (https://spa-canary.poli.digital/assets/index-DjxF6uES.js:54:53507)
    at ygt.setOptions (https://spa-canary.poli.digital/assets/index-DjxF6uES.js:54:47578)
    at ygt.setOptions (https://spa-canary.poli.digital/assets/index-DjxF6uES.js:54:54569)
    at https://spa-canary.poli.digital/assets/index-DjxF6uES.js:54:71153
    at Wp (https://spa-canary.poli.digital/assets/index-DjxF6uES.js:41:24827)
    at W0 (https://spa-canary.poli.digital/assets/index-DjxF6uES.js:41:43507)
    at OL (https://spa-canary.poli.digital/assets/index-DjxF6uES.js:41:42221)
    at Dg (https://spa-canary.poli.digital/assets/index-DjxF6uES.js:41:41243)
    at mj (https://spa-canary.poli.digital/assets/index-DjxF6uES.js:41:37739)
    at Hl (https://spa-canary.poli.digital/assets/index-DjxF6uES.js:39:3273)
    at https://spa-canary.poli.digital/assets/index-DjxF6uES.js:41:35083
    at w2.request (https://spa-canary.poli.digital/assets/index-DjxF6uES.js:1107:2243)
    at async imn (https://spa-canary.poli.digital/assets/index-DjxF6uES.js:2237:80223)
    at async C (https://spa-canary.poli.digital/assets/index-DjxF6uES.js:54:37980)
    at async Object.u [as fn] (https://spa-canary.poli.digital/assets/index-DjxF6uES.js:54:38287) @ https://spa-canary.poli.digital/assets/index-DjxF6uES.js:69
[   25744ms] [ERROR] Failed to load resource: the server responded with a status of 400 () @ https://api2.amplitude.com/2/httpapi:0
[   25746ms] [WARNING] Amplitude Logger [Warn]: {
  "error": "Request missing required field",
  "missingField": "",
  "eventsWithInvalidFields": {},
  "eventsWithMissingFields": {
    "event_type": [
      1
    ]
  },
  "eventsWithInvalidIdLengths": {},
  "epsThreshold": 0,
  "exceededDailyQuotaDevices": {},
  "silencedDevices": [],
  "silencedEvents": [],
  "throttledDevices": {},
  "throttledEvents": []
} @ https://spa-canary.poli.digital/assets/index-DjxF6uES.js:69
[   25747ms] [ERROR] Amplitude Logger [Error]: Request missing required field @ https://spa-canary.poli.digital/assets/index-DjxF6uES.js:69
[   26986ms] [ERROR] Failed to load resource: the server responded with a status of 400 () @ https://api2.amplitude.com/2/httpapi:0
[   26993ms] [WARNING] Amplitude Logger [Warn]: {
  "error": "Request missing required field",
  "missingField": "",
  "eventsWithInvalidFields": {},
  "eventsWithMissingFields": {
    "event_type": [
      2
    ]
  },
  "eventsWithInvalidIdLengths": {},
  "epsThreshold": 0,
  "exceededDailyQuotaDevices": {},
  "silencedDevices": [],
  "silencedEvents": [],
  "throttledDevices": {},
  "throttledEvents": []
} @ https://spa-canary.poli.digital/assets/index-DjxF6uES.js:69
[   26993ms] [ERROR] Amplitude Logger [Error]: Request missing required field @ https://spa-canary.poli.digital/assets/index-DjxF6uES.js:69
[   28251ms] [ERROR] Failed to load resource: the server responded with a status of 400 () @ https://api2.amplitude.com/2/httpapi:0
[   28257ms] [WARNING] Amplitude Logger [Warn]: {
  "error": "Request missing required field",
  "missingField": "",
  "eventsWithInvalidFields": {},
  "eventsWithMissingFields": {
    "event_type": [
      3
    ]
  },
  "eventsWithInvalidIdLengths": {},
  "epsThreshold": 0,
  "exceededDailyQuotaDevices": {},
  "silencedDevices": [],
  "silencedEvents": [],
  "throttledDevices": {},
  "throttledEvents": []
} @ https://spa-canary.poli.digital/assets/index-DjxF6uES.js:69
[   28257ms] [ERROR] Amplitude Logger [Error]: Request missing required field @ https://spa-canary.poli.digital/assets/index-DjxF6uES.js:69
[   51027ms] [ERROR] Failed to load resource: the server responded with a status of 404 () @ https://foundation-api-canary.poli.digital/v3/logs/behavior:0
[   66251ms] [ERROR] Failed to load resource: the server responded with a status of 404 () @ https://foundation-api-canary.poli.digital/v3/logs/behavior:0
[   76640ms] [LOG] i18next: languageChanged pt @ https://spa-canary.poli.digital/assets/index-DjxF6uES.js:101
[   76641ms] [LOG] i18next: initialized {debug: true, initAsync: true, ns: Array(1), defaultNS: Array(1), fallbackLng: Array(1)} @ https://spa-canary.poli.digital/assets/index-DjxF6uES.js:101
[   76830ms] [WARNING] Replay is disabled because neither `replaysSessionSampleRate` nor `replaysOnErrorSampleRate` are set. @ https://spa-canary.poli.digital/assets/index-DjxF6uES.js:76
[   77372ms] [INFO] WebSocket: Conexão estabelecida @ https://spa-canary.poli.digital/assets/index-DjxF6uES.js:69
[   77499ms] [ERROR] Failed to load resource: the server responded with a status of 404 () @ https://foundation-api-canary.poli.digital/v3/crm/index:0
[   77500ms] [ERROR] getCrmUserToken - Error on get crm user token: AxiosError: Request failed with status code 404
    at kBe (https://spa-canary.poli.digital/assets/index-DjxF6uES.js:1105:10207)
    at XMLHttpRequest.x (https://spa-canary.poli.digital/assets/index-DjxF6uES.js:1105:15780)
    at w2.request (https://spa-canary.poli.digital/assets/index-DjxF6uES.js:1107:2243)
    at async uz.getUserToken (https://spa-canary.poli.digital/assets/index-DjxF6uES.js:2236:44294)
    at async https://spa-canary.poli.digital/assets/index-DjxF6uES.js:2236:44585 @ https://spa-canary.poli.digital/assets/index-DjxF6uES.js:69
[   78171ms] [ERROR] Failed to load resource: the server responded with a status of 403 () @ https://pps.whatsapp.net/v/t61.24694-24/595272057_1667995137658708_7850599022326744246_n.jpg?ccb=11-4&oh=01_Q5Aa4gElBzxz2thb0XNU5h6P3FJ-TLUrB8f8-Vdg3-OhSUYyEA&oe=6A077C97&_nc_sid=5e03e0&_nc_cat=111:0
[   79048ms] [ERROR] Failed to load resource: the server responded with a status of 404 () @ https://foundation-api-canary.poli.digital/v3/logs/behavior:0
[   80803ms] Identifier 'TCRMEmbed' has already been declared
[   81013ms] [ERROR] Failed to load resource: the server responded with a status of 404 () @ https://foundation-api-canary.poli.digital/v3/crm/index:0
[   81013ms] [ERROR] getCrmUserToken - Error on get crm user token: AxiosError: Request failed with status code 404
    at kBe (https://spa-canary.poli.digital/assets/index-DjxF6uES.js:1105:10207)
    at XMLHttpRequest.x (https://spa-canary.poli.digital/assets/index-DjxF6uES.js:1105:15780)
    at w2.request (https://spa-canary.poli.digital/assets/index-DjxF6uES.js:1107:2243)
    at async uz.getUserToken (https://spa-canary.poli.digital/assets/index-DjxF6uES.js:2236:44294)
    at async https://spa-canary.poli.digital/assets/index-DjxF6uES.js:2236:44585 @ https://spa-canary.poli.digital/assets/index-DjxF6uES.js:69
[   97345ms] [ERROR] Failed to load resource: the server responded with a status of 403 () @ https://pps.whatsapp.net/v/t61.24694-24/595272057_1667995137658708_7850599022326744246_n.jpg?ccb=11-4&oh=01_Q5Aa4gElBzxz2thb0XNU5h6P3FJ-TLUrB8f8-Vdg3-OhSUYyEA&oe=6A077C97&_nc_sid=5e03e0&_nc_cat=111:0
[   98027ms] [ERROR] Failed to load resource: the server responded with a status of 400 () @ https://api2.amplitude.com/2/httpapi:0
[   98029ms] [WARNING] Amplitude Logger [Warn]: {
  "error": "Request missing required field",
  "missingField": "",
  "eventsWithInvalidFields": {},
  "eventsWithMissingFields": {
    "event_type": [
      1
    ]
  },
  "eventsWithInvalidIdLengths": {},
  "epsThreshold": 0,
  "exceededDailyQuotaDevices": {},
  "silencedDevices": [],
  "silencedEvents": [],
  "throttledDevices": {},
  "throttledEvents": []
} @ https://spa-canary.poli.digital/assets/index-DjxF6uES.js:69
[   98029ms] [ERROR] Amplitude Logger [Error]: Request missing required field @ https://spa-canary.poli.digital/assets/index-DjxF6uES.js:69
[   99524ms] [ERROR] Failed to load resource: the server responded with a status of 404 () @ https://foundation-api-canary.poli.digital/v3/logs/behavior:0
[  100653ms] [ERROR] Failed to load resource: the server responded with a status of 404 () @ https://foundation-api-canary.poli.digital/v3/logs/behavior:0
[  101733ms] [ERROR] Failed to load resource: the server responded with a status of 400 () @ https://api2.amplitude.com/2/httpapi:0
[  101734ms] [WARNING] Amplitude Logger [Warn]: {
  "error": "Request missing required field",
  "missingField": "",
  "eventsWithInvalidFields": {},
  "eventsWithMissingFields": {
    "event_type": [
      1
    ]
  },
  "eventsWithInvalidIdLengths": {},
  "epsThreshold": 0,
  "exceededDailyQuotaDevices": {},
  "silencedDevices": [],
  "silencedEvents": [],
  "throttledDevices": {},
  "throttledEvents": []
} @ https://spa-canary.poli.digital/assets/index-DjxF6uES.js:69
[  101735ms] [ERROR] Amplitude Logger [Error]: Request missing required field @ https://spa-canary.poli.digital/assets/index-DjxF6uES.js:69
[  103003ms] [ERROR] Failed to load resource: the server responded with a status of 400 () @ https://api2.amplitude.com/2/httpapi:0
[  103006ms] [WARNING] Amplitude Logger [Warn]: {
  "error": "Request missing required field",
  "missingField": "",
  "eventsWithInvalidFields": {},
  "eventsWithMissingFields": {
    "event_type": [
      2
    ]
  },
  "eventsWithInvalidIdLengths": {},
  "epsThreshold": 0,
  "exceededDailyQuotaDevices": {},
  "silencedDevices": [],
  "silencedEvents": [],
  "throttledDevices": {},
  "throttledEvents": []
} @ https://spa-canary.poli.digital/assets/index-DjxF6uES.js:69
[  103006ms] [ERROR] Amplitude Logger [Error]: Request missing required field @ https://spa-canary.poli.digital/assets/index-DjxF6uES.js:69
[  117550ms] [ERROR] Failed to load resource: the server responded with a status of 400 () @ https://api2.amplitude.com/2/httpapi:0
[  117552ms] [WARNING] Amplitude Logger [Warn]: {
  "error": "Request missing required field",
  "missingField": "",
  "eventsWithInvalidFields": {},
  "eventsWithMissingFields": {
    "event_type": [
      2
    ]
  },
  "eventsWithInvalidIdLengths": {},
  "epsThreshold": 0,
  "exceededDailyQuotaDevices": {},
  "silencedDevices": [],
  "silencedEvents": [],
  "throttledDevices": {},
  "throttledEvents": []
} @ https://spa-canary.poli.digital/assets/index-DjxF6uES.js:69
[  117553ms] [ERROR] Amplitude Logger [Error]: Request missing required field @ https://spa-canary.poli.digital/assets/index-DjxF6uES.js:69
[  119790ms] [ERROR] Failed to load resource: the server responded with a status of 404 () @ https://foundation-api-canary.poli.digital/v3/contacts/6c2329b0-4eff-11f1-9d75-06799772b1cd/messages?include=ack,timestamp,account_channel,contact,author,template,context,preview,components,interactive,metadata:0
[  183214ms] [LOG] i18next: languageChanged pt @ https://spa-canary.poli.digital/assets/index-DjxF6uES.js:101
[  183215ms] [LOG] i18next: initialized {debug: true, initAsync: true, ns: Array(1), defaultNS: Array(1), fallbackLng: Array(1)} @ https://spa-canary.poli.digital/assets/index-DjxF6uES.js:101
[  183335ms] [WARNING] Replay is disabled because neither `replaysSessionSampleRate` nor `replaysOnErrorSampleRate` are set. @ https://spa-canary.poli.digital/assets/index-DjxF6uES.js:76
[  183693ms] [ERROR] Failed to load resource: the server responded with a status of 404 () @ https://foundation-api-canary.poli.digital/v3/crm/index:0
[  183699ms] [ERROR] getCrmUserToken - Error on get crm user token: AxiosError: Request failed with status code 404
    at kBe (https://spa-canary.poli.digital/assets/index-DjxF6uES.js:1105:10207)
    at XMLHttpRequest.x (https://spa-canary.poli.digital/assets/index-DjxF6uES.js:1105:15780)
    at w2.request (https://spa-canary.poli.digital/assets/index-DjxF6uES.js:1107:2243)
    at async uz.getUserToken (https://spa-canary.poli.digital/assets/index-DjxF6uES.js:2236:44294)
    at async https://spa-canary.poli.digital/assets/index-DjxF6uES.js:2236:44585 @ https://spa-canary.poli.digital/assets/index-DjxF6uES.js:69
[  183840ms] [INFO] WebSocket: Conexão estabelecida @ https://spa-canary.poli.digital/assets/index-DjxF6uES.js:69
[  184710ms] [ERROR] Failed to load resource: the server responded with a status of 403 () @ https://pps.whatsapp.net/v/t61.24694-24/595272057_1667995137658708_7850599022326744246_n.jpg?ccb=11-4&oh=01_Q5Aa4gElBzxz2thb0XNU5h6P3FJ-TLUrB8f8-Vdg3-OhSUYyEA&oe=6A077C97&_nc_sid=5e03e0&_nc_cat=111:0
[  186523ms] Identifier 'TCRMEmbed' has already been declared
[  186714ms] [ERROR] Failed to load resource: the server responded with a status of 404 () @ https://foundation-api-canary.poli.digital/v3/crm/index:0
[  186715ms] [ERROR] getCrmUserToken - Error on get crm user token: AxiosError: Request failed with status code 404
    at kBe (https://spa-canary.poli.digital/assets/index-DjxF6uES.js:1105:10207)
    at XMLHttpRequest.x (https://spa-canary.poli.digital/assets/index-DjxF6uES.js:1105:15780)
    at w2.request (https://spa-canary.poli.digital/assets/index-DjxF6uES.js:1107:2243)
    at async uz.getUserToken (https://spa-canary.poli.digital/assets/index-DjxF6uES.js:2236:44294)
    at async https://spa-canary.poli.digital/assets/index-DjxF6uES.js:2236:44585 @ https://spa-canary.poli.digital/assets/index-DjxF6uES.js:69
